
> Using Truffle library from global node_modules.

> server:            http://127.0.0.1:8555
> truffle:           v5.4.6
> ganache-core:      v2.13.0
> solidity-coverage: v0.7.17

Network Info
============
> id:      *
> port:    8555
> network: soliditycoverage


Instrumenting for coverage...
=============================

> PACT.sol

Compiling your contracts...
===========================
> Compiling ./.coverage_contracts/PACT.sol
> Artifacts written to /app/.coverage_artifacts/contracts
> Compiled successfully using:
   - solc: 0.5.16+commit.9c3226ce.Emscripten.clang


Compiling your contracts...
===========================
> Everything is up to date, there is nothing to compile.


[0m[0m
[0m  Contract: PACT[0m
  [32m  ‚úì[0m[90m test for PACT[0m[31m (1249ms)[0m
  [32m  ‚úì[0m[90m test for PACT[0m[31m (260ms)[0m
  [32m  ‚úì[0m[90m test for PACT[0m[31m (352ms)[0m
  [31m  1) test for PACT[0m
    > No events were emitted
  [32m  ‚úì[0m[90m test for PACT[0m[31m (162ms)[0m
  [31m  2) test for PACT[0m
    > No events were emitted
  [32m  ‚úì[0m[90m test for PACT[0m[31m (160ms)[0m
  [32m  ‚úì[0m[90m test for PACT[0m[31m (199ms)[0m
  [32m  ‚úì[0m[90m test for PACT[0m[31m (133ms)[0m
  [32m  ‚úì[0m[90m test for PACT[0m[31m (224ms)[0m
  [32m  ‚úì[0m[90m test for PACT[0m[31m (226ms)[0m
  [31m  3) test for PACT[0m
    > No events were emitted
  [32m  ‚úì[0m[90m test for PACT[0m[31m (177ms)[0m
  [31m  4) test for PACT[0m
    > No events were emitted


[92m [0m[32m 10 passing[0m[90m (4s)[0m
[31m  4 failing[0m

[0m  1) Contract: PACT
       test for PACT:
[0m[31m     AssertionError: expected promise to be rejected with 'Error' but it was fulfilled with true[0m[90m
  
[0m
[0m  2) Contract: PACT
       test for PACT:
[0m[31m     AssertionError: expected promise to be rejected with 'Error' but it was fulfilled with true[0m[90m
  
[0m
[0m  3) Contract: PACT
       test for PACT:
[0m[31m     AssertionError: expected promise to be rejected with 'Error' but it was fulfilled with true[0m[90m
  
[0m
[0m  4) Contract: PACT
       test for PACT:
[0m[31m     Error: Returned error: sender account not recognized[0m[90m
      at Context.<anonymous> (tests/test-PACT.js:225:37)
      at runMicrotasks (<anonymous>)
      at processTicksAndRejections (internal/process/task_queues.js:95:5)
[0m


------------|----------|----------|----------|----------|----------------|
File        |  % Stmts | % Branch |  % Funcs |  % Lines |Uncovered Lines |
------------|----------|----------|----------|----------|----------------|
 contracts/ |    45.83 |       25 |       90 |    45.83 |                |
  PACT.sol  |    45.83 |       25 |       90 |    45.83 |... 165,166,167 |
------------|----------|----------|----------|----------|----------------|
All files   |    45.83 |       25 |       90 |    45.83 |                |
------------|----------|----------|----------|----------|----------------|

> Istanbul reports written to ./coverage/ and ./coverage.json
> solidity-coverage cleaning up, shutting down ganache server
Error: ‚ùå 4 test(s) failed under coverage.
    at plugin (/app/node_modules/solidity-coverage/plugins/truffle.plugin.js:121:27)
    at runMicrotasks (<anonymous>)
    at processTicksAndRejections (internal/process/task_queues.js:95:5)
Truffle v5.4.6 (core: 5.4.6)
Node v14.17.5
