
> Using Truffle library from global node_modules.

> server:            http://127.0.0.1:8555
> truffle:           v5.4.6
> ganache-core:      v2.13.0
> solidity-coverage: v0.7.17

Network Info
============
> id:      *
> port:    8555
> network: soliditycoverage


Instrumenting for coverage...
=============================

> Dipex.sol

Compiling your contracts...
===========================
> Compiling ./.coverage_contracts/Dipex.sol
> Artifacts written to /app/.coverage_artifacts/contracts
> Compiled successfully using:
   - solc: 0.5.16+commit.9c3226ce.Emscripten.clang


Compiling your contracts...
===========================
> Everything is up to date, there is nothing to compile.


[0m[0m
[0m  Contract: Dipex[0m
  [31m  1) test for Dipex[0m

    Events emitted during test:
    ---------------------------

    Dipex.Transfer(
      _from: <indexed> [33m0x0000000000000000000000000000000000000000[39m (type: address),
      _to: <indexed> [33m0x0c434A8A18A152d4d7D9676C3bCA979e83EB97fF[39m (type: address),
      _value: [33m937000000000000000000[39m (type: uint256)
    )


    ---------------------------
  [32m  ‚úì[0m[90m test for Dipex[0m[31m (1904ms)[0m
  [32m  ‚úì[0m[90m test for Dipex[0m[31m (243ms)[0m
  [32m  ‚úì[0m[90m test for Dipex[0m[31m (163ms)[0m
  [32m  ‚úì[0m[90m test for Dipex[0m[31m (196ms)[0m
  [31m  2) test for Dipex[0m

    Events emitted during test:
    ---------------------------

    Dipex.Transfer(
      _from: <indexed> [33m0x0000000000000000000000000000000000000000[39m (type: address),
      _to: <indexed> [33m0x0339952D62F8396D7D02C961ba5489e4F8520440[39m (type: address),
      _value: [33m1177000000000000000000[39m (type: uint256)
    )


    ---------------------------
  [31m  3) test for Dipex[0m
    > No events were emitted
  [31m  4) test for Dipex[0m

    Events emitted during test:
    ---------------------------

    Dipex.Transfer(
      _from: <indexed> [33m0x0000000000000000000000000000000000000000[39m (type: address),
      _to: <indexed> [33m0x0339952D62F8396D7D02C961ba5489e4F8520440[39m (type: address),
      _value: [33m216000000000000000000[39m (type: uint256)
    )


    ---------------------------
  [31m  5) test for Dipex[0m

    Events emitted during test:
    ---------------------------

    Dipex.Transfer(
      _from: <indexed> [33m0x0000000000000000000000000000000000000000[39m (type: address),
      _to: <indexed> [33m0x970FeA83dA46ae194eDa176BE4cF9E9656879265[39m (type: address),
      _value: [33m588000000000000000000[39m (type: uint256)
    )


    ---------------------------
  [32m  ‚úì[0m[90m test for Dipex[0m[31m (138ms)[0m


[92m [0m[32m 5 passing[0m[90m (5s)[0m
[31m  5 failing[0m

[0m  1) Contract: Dipex
       test for Dipex:
[0m[31m     AssertionError: expected promise to be rejected with 'Error' but it was fulfilled with true[0m[90m
  
[0m
[0m  2) Contract: Dipex
       test for Dipex:
[0m[31m     AssertionError: expected promise to be rejected with 'Error' but it was fulfilled with true[0m[90m
  
[0m
[0m  3) Contract: Dipex
       test for Dipex:
[0m[31m     Error: Returned error: sender account not recognized[0m[90m
      at Context.<anonymous> (tests/test-Dipex.js:146:39)
      at runMicrotasks (<anonymous>)
      at processTicksAndRejections (internal/process/task_queues.js:95:5)
[0m
[0m  4) Contract: Dipex
       test for Dipex:
[0m[31m     Error: Returned error: VM Exception while processing transaction: revert[0m[90m
      at Context.<anonymous> (tests/test-Dipex.js:175:56)
      at runMicrotasks (<anonymous>)
      at processTicksAndRejections (internal/process/task_queues.js:95:5)
[0m
[0m  5) Contract: Dipex
       test for Dipex:
[0m[31m     Error: Returned error: VM Exception while processing transaction: revert[0m[90m
      at Context.<anonymous> (tests/test-Dipex.js:191:56)
      at runMicrotasks (<anonymous>)
      at processTicksAndRejections (internal/process/task_queues.js:95:5)
[0m


------------|----------|----------|----------|----------|----------------|
File        |  % Stmts | % Branch |  % Funcs |  % Lines |Uncovered Lines |
------------|----------|----------|----------|----------|----------------|
 contracts/ |    68.89 |    47.06 |      100 |     72.5 |                |
  Dipex.sol |    68.89 |    47.06 |      100 |     72.5 |... 108,126,127 |
------------|----------|----------|----------|----------|----------------|
All files   |    68.89 |    47.06 |      100 |     72.5 |                |
------------|----------|----------|----------|----------|----------------|

> Istanbul reports written to ./coverage/ and ./coverage.json
> solidity-coverage cleaning up, shutting down ganache server
Error: ‚ùå 5 test(s) failed under coverage.
    at plugin (/app/node_modules/solidity-coverage/plugins/truffle.plugin.js:121:27)
    at runMicrotasks (<anonymous>)
    at processTicksAndRejections (internal/process/task_queues.js:95:5)
Truffle v5.4.6 (core: 5.4.6)
Node v14.17.5
