
> Using Truffle library from global node_modules.

> server:            http://127.0.0.1:8555
> truffle:           v5.4.6
> ganache-core:      v2.13.0
> solidity-coverage: v0.7.17

Network Info
============
> id:      *
> port:    8555
> network: soliditycoverage


Instrumenting for coverage...
=============================

> BlueICE.sol

Compiling your contracts...
===========================
> Compiling ./.coverage_contracts/BlueICE.sol
> Compilation warnings encountered:

    project:/.coverage_contracts/BlueICE.sol:826:47: Warning: Unused function parameter. Remove or comment out the variable name to silence this warning.
 ... n _preValidateData(address _sender,uint256 _amount) internal pure{c_0xff92a1ca(0xb984 ...
                                        ^-------------^

> Artifacts written to /app/.coverage_artifacts/contracts
> Compiled successfully using:
   - solc: 0.5.16+commit.9c3226ce.Emscripten.clang


Compiling your contracts...
===========================
> Everything is up to date, there is nothing to compile.


[0m[0m
[0m  Contract: BlueICE[0m
  [31m  1) test for BlueICE[0m

    Events emitted during test:
    ---------------------------

    Ownable.OwnershipTransferred(
      previousOwner: <indexed> [33m0x0000000000000000000000000000000000000000[39m (type: address),
      newOwner: <indexed> [33m0xA7fe5bBa2f3F5CF0021D75bB7f0E8F31404d83C2[39m (type: address)
    )


    ---------------------------
  [31m  2) test for BlueICE[0m
    > No events were emitted
  [32m  ‚úì[0m[90m test for BlueICE[0m[31m (235ms)[0m
  [31m  3) test for BlueICE[0m

    Events emitted during test:
    ---------------------------

    Ownable.OwnershipTransferred(
      previousOwner: <indexed> [33m0x0000000000000000000000000000000000000000[39m (type: address),
      newOwner: <indexed> [33m0x71D918Be399704A8613E96648A7E6Ea67A5a9bA2[39m (type: address)
    )


    ---------------------------
  [32m  ‚úì[0m[90m test for BlueICE[0m[31m (168ms)[0m
  [31m  4) test for BlueICE[0m

    Events emitted during test:
    ---------------------------

    Ownable.OwnershipTransferred(
      previousOwner: <indexed> [33m0x0000000000000000000000000000000000000000[39m (type: address),
      newOwner: <indexed> [33m0xA7fe5bBa2f3F5CF0021D75bB7f0E8F31404d83C2[39m (type: address)
    )


    ---------------------------
  [32m  ‚úì[0m[90m test for BlueICE[0m[31m (190ms)[0m
  [32m  ‚úì[0m[90m test for BlueICE[0m[31m (215ms)[0m
  [32m  ‚úì[0m[90m test for BlueICE[0m[31m (161ms)[0m
  [32m  ‚úì[0m[90m test for BlueICE[0m[31m (153ms)[0m
  [32m  ‚úì[0m[90m test for BlueICE[0m[31m (140ms)[0m
  [31m  5) test for BlueICE[0m

    Events emitted during test:
    ---------------------------

    Ownable.OwnershipTransferred(
      previousOwner: <indexed> [33m0x0000000000000000000000000000000000000000[39m (type: address),
      newOwner: <indexed> [33m0xA7fe5bBa2f3F5CF0021D75bB7f0E8F31404d83C2[39m (type: address)
    )


    ---------------------------


[92m [0m[32m 7 passing[0m[90m (3s)[0m
[31m  5 failing[0m

[0m  1) Contract: BlueICE
       test for BlueICE:
[0m[31m     AssertionError: expected [] to equal undefined[0m[90m
      at Context.<anonymous> (tests/test-BlueICE.js:14:10)
      at processTicksAndRejections (internal/process/task_queues.js:95:5)
[0m
[0m  2) Contract: BlueICE
       test for BlueICE:
[0m[31m     Error: Returned error: sender account not recognized[0m[90m
      at Context.<anonymous> (tests/test-BlueICE.js:19:43)
      at processTicksAndRejections (internal/process/task_queues.js:95:5)
[0m
[0m  3) Contract: BlueICE
       test for BlueICE:
[0m[31m     TypeError: Cannot read property 'call' of undefined[0m[90m
      at Context.<anonymous> (tests/test-BlueICE.js:44:41)
      at processTicksAndRejections (internal/process/task_queues.js:95:5)
[0m
[0m  4) Contract: BlueICE
       test for BlueICE:
[0m[31m     AssertionError: expected '0xA7fe5bBa2f3F5CF0021D75bB7f0E8F31404d83C2' to equal 7.609782841584804e+47[0m[90m
      at Context.<anonymous> (tests/test-BlueICE.js:63:10)
      at runMicrotasks (<anonymous>)
      at processTicksAndRejections (internal/process/task_queues.js:95:5)
[0m
[0m  5) Contract: BlueICE
       test for BlueICE:
[0m[31m     AssertionError: expected '0xA7fe5bBa2f3F5CF0021D75bB7f0E8F31404d83C2' to equal 7.609782841584804e+47[0m[90m
      at Context.<anonymous> (tests/test-BlueICE.js:127:10)
      at runMicrotasks (<anonymous>)
      at processTicksAndRejections (internal/process/task_queues.js:95:5)
[0m


--------------|----------|----------|----------|----------|----------------|
File          |  % Stmts | % Branch |  % Funcs |  % Lines |Uncovered Lines |
--------------|----------|----------|----------|----------|----------------|
 contracts/   |    58.62 |       38 |    72.09 |     59.5 |                |
  BlueICE.sol |    58.62 |       38 |    72.09 |     59.5 |... 673,674,675 |
--------------|----------|----------|----------|----------|----------------|
All files     |    58.62 |       38 |    72.09 |     59.5 |                |
--------------|----------|----------|----------|----------|----------------|

> Istanbul reports written to ./coverage/ and ./coverage.json
> solidity-coverage cleaning up, shutting down ganache server
Error: ‚ùå 5 test(s) failed under coverage.
    at plugin (/app/node_modules/solidity-coverage/plugins/truffle.plugin.js:121:27)
    at runMicrotasks (<anonymous>)
    at processTicksAndRejections (internal/process/task_queues.js:95:5)
Truffle v5.4.6 (core: 5.4.6)
Node v14.17.5
