
> Using Truffle library from global node_modules.

> server:            http://127.0.0.1:8555
> truffle:           v5.4.6
> ganache-core:      v2.13.0
> solidity-coverage: v0.7.17

Network Info
============
> id:      *
> port:    8555
> network: soliditycoverage


Instrumenting for coverage...
=============================

> BlueICE.sol

Compiling your contracts...
===========================
> Compiling ./.coverage_contracts/BlueICE.sol
> Artifacts written to /app/.coverage_artifacts/contracts
> Compiled successfully using:
   - solc: 0.5.16+commit.9c3226ce.Emscripten.clang


Compiling your contracts...
===========================
> Everything is up to date, there is nothing to compile.


[0m[0m
[0m  Contract: BlueICE[0m
  [32m  ‚úì[0m[90m test for BlueICE[0m[31m (1167ms)[0m
  [32m  ‚úì[0m[90m test for BlueICE[0m[31m (240ms)[0m
  [31m  1) test for BlueICE[0m
    > No events were emitted
  [31m  2) test for BlueICE[0m

    Events emitted during test:
    ---------------------------

    Ownable.OwnershipTransferred(
      previousOwner: <indexed> [33m0x0000000000000000000000000000000000000000[39m (type: address),
      newOwner: <indexed> [33m0x6B0fbC81EC7247c0A687803AeA383CEd943Ff76b[39m (type: address)
    )


    ---------------------------
  [32m  ‚úì[0m[90m test for BlueICE[0m[31m (174ms)[0m
  [32m  ‚úì[0m[90m test for BlueICE[0m[31m (194ms)[0m
  [32m  ‚úì[0m[90m test for BlueICE[0m[31m (187ms)[0m
  [32m  ‚úì[0m[90m test for BlueICE[0m[31m (233ms)[0m
  [31m  3) test for BlueICE[0m

    Events emitted during test:
    ---------------------------

    Ownable.OwnershipTransferred(
      previousOwner: <indexed> [33m0x0000000000000000000000000000000000000000[39m (type: address),
      newOwner: <indexed> [33m0x9bA2cA5C24215F5aE1cF2Db43569d52e1E85005e[39m (type: address)
    )


    ---------------------------
  [32m  ‚úì[0m[90m test for BlueICE[0m[31m (169ms)[0m
  [31m  4) test for BlueICE[0m

    Events emitted during test:
    ---------------------------

    Ownable.OwnershipTransferred(
      previousOwner: <indexed> [33m0x0000000000000000000000000000000000000000[39m (type: address),
      newOwner: <indexed> [33m0x6986DaBcfA0F4a43F88137A4c0e26a4cDD75f375[39m (type: address)
    )


    ---------------------------
  [31m  5) test for BlueICE[0m

    Events emitted during test:
    ---------------------------

    Ownable.OwnershipTransferred(
      previousOwner: <indexed> [33m0x0000000000000000000000000000000000000000[39m (type: address),
      newOwner: <indexed> [33m0x6986DaBcfA0F4a43F88137A4c0e26a4cDD75f375[39m (type: address)
    )


    ---------------------------
  [32m  ‚úì[0m[90m test for BlueICE[0m[31m (177ms)[0m


[92m [0m[32m 8 passing[0m[90m (4s)[0m
[31m  5 failing[0m

[0m  1) Contract: BlueICE
       test for BlueICE:
[0m[31m     Error: Returned error: sender account not recognized[0m[90m
      at Context.<anonymous> (tests/test-BlueICE.js:38:43)
      at processTicksAndRejections (internal/process/task_queues.js:95:5)
[0m
[0m  2) Contract: BlueICE
       test for BlueICE:
[0m[31m     TypeError: Cannot read property 'call' of undefined[0m[90m
      at Context.<anonymous> (tests/test-BlueICE.js:55:41)
      at processTicksAndRejections (internal/process/task_queues.js:95:5)
[0m
[0m  3) Contract: BlueICE
       test for BlueICE:
[0m[31m     AssertionError: expected [] to equal undefined[0m[90m
      at Context.<anonymous> (tests/test-BlueICE.js:118:10)
      at runMicrotasks (<anonymous>)
      at processTicksAndRejections (internal/process/task_queues.js:95:5)
[0m
[0m  4) Contract: BlueICE
       test for BlueICE:
[0m[31m     AssertionError: expected '0x6986DaBcfA0F4a43F88137A4c0e26a4cDD75f375' to equal 4.400233524545585e+47[0m[90m
      at Context.<anonymous> (tests/test-BlueICE.js:149:10)
      at runMicrotasks (<anonymous>)
      at processTicksAndRejections (internal/process/task_queues.js:95:5)
[0m
[0m  5) Contract: BlueICE
       test for BlueICE:
[0m[31m     AssertionError: expected promise to be rejected with 'Error' but it was fulfilled with {}[0m[90m
  
[0m


--------------|----------|----------|----------|----------|----------------|
File          |  % Stmts | % Branch |  % Funcs |  % Lines |Uncovered Lines |
--------------|----------|----------|----------|----------|----------------|
 contracts/   |    58.62 |       42 |    74.42 |     59.5 |                |
  BlueICE.sol |    58.62 |       42 |    74.42 |     59.5 |... 673,674,675 |
--------------|----------|----------|----------|----------|----------------|
All files     |    58.62 |       42 |    74.42 |     59.5 |                |
--------------|----------|----------|----------|----------|----------------|

> Istanbul reports written to ./coverage/ and ./coverage.json
> solidity-coverage cleaning up, shutting down ganache server
Error: ‚ùå 5 test(s) failed under coverage.
    at plugin (/app/node_modules/solidity-coverage/plugins/truffle.plugin.js:121:27)
    at runMicrotasks (<anonymous>)
    at processTicksAndRejections (internal/process/task_queues.js:95:5)
Truffle v5.4.6 (core: 5.4.6)
Node v14.17.5
