
> Using Truffle library from global node_modules.

> server:            http://127.0.0.1:8555
> truffle:           v5.4.6
> ganache-core:      v2.13.0
> solidity-coverage: v0.7.17

Network Info
============
> id:      *
> port:    8555
> network: soliditycoverage


Instrumenting for coverage...
=============================

> KPLAY.sol

Compiling your contracts...
===========================
> Compiling ./.coverage_contracts/KPLAY.sol
> Artifacts written to /app/.coverage_artifacts/contracts
> Compiled successfully using:
   - solc: 0.5.16+commit.9c3226ce.Emscripten.clang


Compiling your contracts...
===========================
> Everything is up to date, there is nothing to compile.


[0m[0m
[0m  Contract: KPLAY[0m
  [32m  ‚úì[0m[90m test for KPLAY[0m[31m (1159ms)[0m
  [31m  1) test for KPLAY[0m

    Events emitted during test:
    ---------------------------

    IERC20.Transfer(
      from: <indexed> [33m0x0000000000000000000000000000000000000000[39m (type: address),
      to: <indexed> [33m0x184eFea0A7517e713B207eAc5bd052eF65626b0D[39m (type: address),
      value: [33m10000000000000000[39m (type: uint256)
    )


    ---------------------------
  [31m  2) test for KPLAY[0m
    > No events were emitted
  [31m  3) test for KPLAY[0m

    Events emitted during test:
    ---------------------------

    IERC20.Transfer(
      from: <indexed> [33m0x0000000000000000000000000000000000000000[39m (type: address),
      to: <indexed> [33m0xAa5F7Cdd4D5a731e6A382396dF55d90ED8C211F1[39m (type: address),
      value: [33m10000000000000000[39m (type: uint256)
    )


    ---------------------------
  [32m  ‚úì[0m[90m test for KPLAY[0m[31m (289ms)[0m
  [32m  ‚úì[0m[90m test for KPLAY[0m[31m (280ms)[0m
  [32m  ‚úì[0m[90m test for KPLAY[0m[31m (212ms)[0m
  [31m  4) test for KPLAY[0m

    Events emitted during test:
    ---------------------------

    IERC20.Transfer(
      from: <indexed> [33m0x0000000000000000000000000000000000000000[39m (type: address),
      to: <indexed> [33m0x184eFea0A7517e713B207eAc5bd052eF65626b0D[39m (type: address),
      value: [33m10000000000000000[39m (type: uint256)
    )


    ---------------------------
  [32m  ‚úì[0m[90m test for KPLAY[0m[31m (258ms)[0m
  [32m  ‚úì[0m[90m test for KPLAY[0m[31m (273ms)[0m
  [32m  ‚úì[0m[90m test for KPLAY[0m[31m (430ms)[0m
  [32m  ‚úì[0m[90m test for KPLAY[0m[31m (289ms)[0m
  [32m  ‚úì[0m[90m test for KPLAY[0m[31m (281ms)[0m
  [32m  ‚úì[0m[90m test for KPLAY[0m[31m (214ms)[0m
  [32m  ‚úì[0m[90m test for KPLAY[0m[31m (216ms)[0m
  [31m  5) test for KPLAY[0m

    Events emitted during test:
    ---------------------------

    IERC20.Transfer(
      from: <indexed> [33m0x0000000000000000000000000000000000000000[39m (type: address),
      to: <indexed> [33m0x35DAB4B40C084dA8D1390f107fEDEE9BE6c2D026[39m (type: address),
      value: [33m10000000000000000[39m (type: uint256)
    )


    ---------------------------
  [32m  ‚úì[0m[90m test for KPLAY[0m[31m (258ms)[0m
  [31m  6) test for KPLAY[0m

    Events emitted during test:
    ---------------------------

    IERC20.Transfer(
      from: <indexed> [33m0x0000000000000000000000000000000000000000[39m (type: address),
      to: <indexed> [33m0x35DAB4B40C084dA8D1390f107fEDEE9BE6c2D026[39m (type: address),
      value: [33m10000000000000000[39m (type: uint256)
    )


    ---------------------------
  [32m  ‚úì[0m[90m test for KPLAY[0m[31m (239ms)[0m
  [32m  ‚úì[0m[90m test for KPLAY[0m[31m (323ms)[0m
  [32m  ‚úì[0m[90m test for KPLAY[0m[31m (280ms)[0m
  [32m  ‚úì[0m[90m test for KPLAY[0m[31m (303ms)[0m
  [32m  ‚úì[0m[90m test for KPLAY[0m[31m (216ms)[0m
  [31m  7) test for KPLAY[0m

    Events emitted during test:
    ---------------------------

    IERC20.Transfer(
      from: <indexed> [33m0x0000000000000000000000000000000000000000[39m (type: address),
      to: <indexed> [33m0x2348b895A374C5943DA96887372cA329983e9329[39m (type: address),
      value: [33m10000000000000000[39m (type: uint256)
    )


    ---------------------------
  [32m  ‚úì[0m[90m test for KPLAY[0m[31m (193ms)[0m
  [32m  ‚úì[0m[90m test for KPLAY[0m[31m (249ms)[0m
  [32m  ‚úì[0m[90m test for KPLAY[0m[31m (262ms)[0m
  [32m  ‚úì[0m[90m test for KPLAY[0m[31m (313ms)[0m


[92m [0m[32m 21 passing[0m[90m (9s)[0m
[31m  7 failing[0m

[0m  1) Contract: KPLAY
       test for KPLAY:
[0m[31m     TypeError: Cannot read property 'call' of undefined[0m[90m
      at Context.<anonymous> (tests/test-KPLAY.js:30:39)
      at processTicksAndRejections (internal/process/task_queues.js:95:5)
[0m
[0m  2) Contract: KPLAY
       test for KPLAY:
[0m[31m     Error: Returned error: sender account not recognized[0m[90m
      at Context.<anonymous> (tests/test-KPLAY.js:34:39)
      at processTicksAndRejections (internal/process/task_queues.js:95:5)
[0m
[0m  3) Contract: KPLAY
       test for KPLAY:
[0m[31m     TypeError: Cannot read property 'call' of undefined[0m[90m
      at Context.<anonymous> (tests/test-KPLAY.js:60:43)
      at processTicksAndRejections (internal/process/task_queues.js:95:5)
[0m
[0m  4) Contract: KPLAY
       test for KPLAY:
[0m[31m     AssertionError: expected <BN: 6131ed45> to equal {}[0m[90m
      at Context.<anonymous> (tests/test-KPLAY.js:111:10)
      at runMicrotasks (<anonymous>)
      at processTicksAndRejections (internal/process/task_queues.js:95:5)
[0m
[0m  5) Contract: KPLAY
       test for KPLAY:
[0m[31m     AssertionError: expected promise to be rejected with 'Error' but it was fulfilled with {}[0m[90m
  
[0m
[0m  6) Contract: KPLAY
       test for KPLAY:
[0m[31m     AssertionError: expected <BN: 6131ee34> to equal {}[0m[90m
      at Context.<anonymous> (tests/test-KPLAY.js:327:10)
      at runMicrotasks (<anonymous>)
      at processTicksAndRejections (internal/process/task_queues.js:95:5)
[0m
[0m  7) Contract: KPLAY
       test for KPLAY:
[0m[31m     AssertionError: expected promise to be rejected with 'Error' but it was fulfilled with {}[0m[90m
  
[0m


------------|----------|----------|----------|----------|----------------|
File        |  % Stmts | % Branch |  % Funcs |  % Lines |Uncovered Lines |
------------|----------|----------|----------|----------|----------------|
 contracts/ |    64.23 |    39.29 |    86.96 |    63.08 |                |
  KPLAY.sol |    64.23 |    39.29 |    86.96 |    63.08 |... 657,658,660 |
------------|----------|----------|----------|----------|----------------|
All files   |    64.23 |    39.29 |    86.96 |    63.08 |                |
------------|----------|----------|----------|----------|----------------|

> Istanbul reports written to ./coverage/ and ./coverage.json
> solidity-coverage cleaning up, shutting down ganache server
Error: ‚ùå 7 test(s) failed under coverage.
    at plugin (/app/node_modules/solidity-coverage/plugins/truffle.plugin.js:121:27)
    at runMicrotasks (<anonymous>)
    at processTicksAndRejections (internal/process/task_queues.js:95:5)
Truffle v5.4.6 (core: 5.4.6)
Node v14.17.5
