
> Using Truffle library from global node_modules.

> server:            http://127.0.0.1:8555
> truffle:           v5.4.6
> ganache-core:      v2.13.0
> solidity-coverage: v0.7.17

Network Info
============
> id:      *
> port:    8555
> network: soliditycoverage


Instrumenting for coverage...
=============================

> SLTDStaking.sol

Compiling your contracts...
===========================
> Compiling ./.coverage_contracts/SLTDStaking.sol
> Artifacts written to /app/.coverage_artifacts/contracts
> Compiled successfully using:
   - solc: 0.5.16+commit.9c3226ce.Emscripten.clang


Compiling your contracts...
===========================
> Everything is up to date, there is nothing to compile.


[0m[0m
[0m  Contract: SLTDStaking[0m
  [31m  1) test for SLTDStaking[0m

    Events emitted during test:
    ---------------------------

    Ownable.OwnershipTransferred(
      previousOwner: <indexed> [33m0x0000000000000000000000000000000000000000[39m (type: address),
      newOwner: <indexed> [33m0x5C8066e06911c2ef2770B1374eC16F413E9eE8f0[39m (type: address)
    )


    ---------------------------
  [32m  ‚úì[0m[90m test for SLTDStaking[0m[31m (1023ms)[0m
  [32m  ‚úì[0m[90m test for SLTDStaking[0m[31m (321ms)[0m
  [32m  ‚úì[0m[90m test for SLTDStaking[0m[31m (203ms)[0m
  [31m  2) test for SLTDStaking[0m

    Events emitted during test:
    ---------------------------

    Ownable.OwnershipTransferred(
      previousOwner: <indexed> [33m0x0000000000000000000000000000000000000000[39m (type: address),
      newOwner: <indexed> [33m0xC343A0F60c1ED0184524d683864c0776c2d159ab[39m (type: address)
    )


    ---------------------------
  [31m  3) test for SLTDStaking[0m

    Events emitted during test:
    ---------------------------

    Ownable.OwnershipTransferred(
      previousOwner: <indexed> [33m0x0000000000000000000000000000000000000000[39m (type: address),
      newOwner: <indexed> [33m0xC343A0F60c1ED0184524d683864c0776c2d159ab[39m (type: address)
    )


    ---------------------------
  [31m  4) test for SLTDStaking[0m

    Events emitted during test:
    ---------------------------

    Ownable.OwnershipTransferred(
      previousOwner: <indexed> [33m0x0000000000000000000000000000000000000000[39m (type: address),
      newOwner: <indexed> [33m0xC343A0F60c1ED0184524d683864c0776c2d159ab[39m (type: address)
    )


    ---------------------------
  [31m  5) test for SLTDStaking[0m

    Events emitted during test:
    ---------------------------

    Ownable.OwnershipTransferred(
      previousOwner: <indexed> [33m0x0000000000000000000000000000000000000000[39m (type: address),
      newOwner: <indexed> [33m0x7f258cEe79A87057364e4f829021BAeaF1D32B88[39m (type: address)
    )


    ---------------------------
  [31m  6) test for SLTDStaking[0m
    > No events were emitted
  [31m  7) test for SLTDStaking[0m

    Events emitted during test:
    ---------------------------

    Ownable.OwnershipTransferred(
      previousOwner: <indexed> [33m0x0000000000000000000000000000000000000000[39m (type: address),
      newOwner: <indexed> [33m0xC343A0F60c1ED0184524d683864c0776c2d159ab[39m (type: address)
    )


    ---------------------------
  [31m  8) test for SLTDStaking[0m

    Events emitted during test:
    ---------------------------

    Ownable.OwnershipTransferred(
      previousOwner: <indexed> [33m0x0000000000000000000000000000000000000000[39m (type: address),
      newOwner: <indexed> [33m0xC343A0F60c1ED0184524d683864c0776c2d159ab[39m (type: address)
    )


    ---------------------------
  [31m  9) test for SLTDStaking[0m

    Events emitted during test:
    ---------------------------

    Ownable.OwnershipTransferred(
      previousOwner: <indexed> [33m0x0000000000000000000000000000000000000000[39m (type: address),
      newOwner: <indexed> [33m0xC343A0F60c1ED0184524d683864c0776c2d159ab[39m (type: address)
    )


    ---------------------------


[92m [0m[32m 3 passing[0m[90m (4s)[0m
[31m  9 failing[0m

[0m  1) Contract: SLTDStaking
       test for SLTDStaking:
[0m[31m     TypeError: Cannot read property 'call' of undefined[0m[90m
      at Context.<anonymous> (tests/test-SLTDStaking.js:18:58)
      at processTicksAndRejections (internal/process/task_queues.js:95:5)
[0m
[0m  2) Contract: SLTDStaking
       test for SLTDStaking:
[0m[31m     AssertionError: expected promise to be rejected with 'Error' but it was fulfilled with {}[0m[90m
  
[0m
[0m  3) Contract: SLTDStaking
       test for SLTDStaking:
[0m[31m     AssertionError: expected promise to be rejected with 'Error' but it was fulfilled with {}[0m[90m
  
[0m
[0m  4) Contract: SLTDStaking
       test for SLTDStaking:
[0m[31m     AssertionError: expected promise to be rejected with 'Error' but it was fulfilled with {}[0m[90m
  
[0m
[0m  5) Contract: SLTDStaking
       test for SLTDStaking:
[0m[31m     AssertionError: expected '0x7f258cEe79A87057364e4f829021BAeaF1D32B88' to equal 3.9587927859843395e+47[0m[90m
      at Context.<anonymous> (tests/test-SLTDStaking.js:105:10)
      at runMicrotasks (<anonymous>)
      at processTicksAndRejections (internal/process/task_queues.js:95:5)
[0m
[0m  6) Contract: SLTDStaking
       test for SLTDStaking:
[0m[31m     Error: Returned error: sender account not recognized[0m[90m
      at Context.<anonymous> (tests/test-SLTDStaking.js:110:51)
      at runMicrotasks (<anonymous>)
      at processTicksAndRejections (internal/process/task_queues.js:95:5)
[0m
[0m  7) Contract: SLTDStaking
       test for SLTDStaking:
[0m[31m     AssertionError: expected promise to be rejected with 'Error' but it was fulfilled with {}[0m[90m
  
[0m
[0m  8) Contract: SLTDStaking
       test for SLTDStaking:
[0m[31m     AssertionError: expected promise to be rejected with 'Error' but it was fulfilled with {}[0m[90m
  
[0m
[0m  9) Contract: SLTDStaking
       test for SLTDStaking:
[0m[31m     AssertionError: expected promise to be rejected with 'Error' but it was fulfilled with {}[0m[90m
  
[0m


------------------|----------|----------|----------|----------|----------------|
File              |  % Stmts | % Branch |  % Funcs |  % Lines |Uncovered Lines |
------------------|----------|----------|----------|----------|----------------|
 contracts/       |    47.47 |    36.36 |    57.45 |    48.08 |                |
  SLTDStaking.sol |    47.47 |    36.36 |    57.45 |    48.08 |... 380,381,382 |
------------------|----------|----------|----------|----------|----------------|
All files         |    47.47 |    36.36 |    57.45 |    48.08 |                |
------------------|----------|----------|----------|----------|----------------|

> Istanbul reports written to ./coverage/ and ./coverage.json
> solidity-coverage cleaning up, shutting down ganache server
Error: ‚ùå 9 test(s) failed under coverage.
    at plugin (/app/node_modules/solidity-coverage/plugins/truffle.plugin.js:121:27)
    at runMicrotasks (<anonymous>)
    at processTicksAndRejections (internal/process/task_queues.js:95:5)
Truffle v5.4.6 (core: 5.4.6)
Node v14.17.5
