
> Using Truffle library from global node_modules.

> server:            http://127.0.0.1:8555
> truffle:           v5.4.6
> ganache-core:      v2.13.0
> solidity-coverage: v0.7.17

Network Info
============
> id:      *
> port:    8555
> network: soliditycoverage


Instrumenting for coverage...
=============================

> Layerx.sol

Compiling your contracts...
===========================
> Compiling ./.coverage_contracts/Layerx.sol
> Artifacts written to /app/.coverage_artifacts/contracts
> Compiled successfully using:
   - solc: 0.5.16+commit.9c3226ce.Emscripten.clang


Compiling your contracts...
===========================
> Everything is up to date, there is nothing to compile.


[0m[0m
[0m  Contract: Layerx[0m
  [32m  ‚úì[0m[90m test for Layerx[0m[31m (1164ms)[0m
  [31m  1) test for Layerx[0m

    Events emitted during test:
    ---------------------------

    IERC20.Transfer(
      from: <indexed> [33m0x0000000000000000000000000000000000000000[39m (type: address),
      to: <indexed> [33m0xc970D60c0989606c1Bc8dDA98B3912A9465826e3[39m (type: address),
      value: [33m40000000000000000000000[39m (type: uint256)
    )


    ---------------------------
  [32m  ‚úì[0m[90m test for Layerx[0m[31m (271ms)[0m
  [32m  ‚úì[0m[90m test for Layerx[0m[31m (206ms)[0m
  [31m  2) test for Layerx[0m
    > No events were emitted
  [32m  ‚úì[0m[90m test for Layerx[0m[31m (283ms)[0m
  [32m  ‚úì[0m[90m test for Layerx[0m[31m (261ms)[0m
  [32m  ‚úì[0m[90m test for Layerx[0m[31m (188ms)[0m
  [32m  ‚úì[0m[90m test for Layerx[0m[31m (199ms)[0m
  [32m  ‚úì[0m[90m test for Layerx[0m[31m (285ms)[0m
  [32m  ‚úì[0m[90m test for Layerx[0m[31m (237ms)[0m
  [31m  3) test for Layerx[0m

    Events emitted during test:
    ---------------------------

    IERC20.Transfer(
      from: <indexed> [33m0x0000000000000000000000000000000000000000[39m (type: address),
      to: <indexed> [33m0xFd5464F659e7D4d9f50D82A0dAb209C72837EaEa[39m (type: address),
      value: [33m40000000000000000000000[39m (type: uint256)
    )


    ---------------------------
  [31m  4) test for Layerx[0m

    Events emitted during test:
    ---------------------------

    IERC20.Transfer(
      from: <indexed> [33m0x0000000000000000000000000000000000000000[39m (type: address),
      to: <indexed> [33m0x03A0Ab9c82Ae36952335012b3A4B0a9AA71Ce248[39m (type: address),
      value: [33m40000000000000000000000[39m (type: uint256)
    )


    ---------------------------
  [32m  ‚úì[0m[90m test for Layerx[0m[31m (254ms)[0m
  [31m  5) test for Layerx[0m

    Events emitted during test:
    ---------------------------

    IERC20.Transfer(
      from: <indexed> [33m0x0000000000000000000000000000000000000000[39m (type: address),
      to: <indexed> [33m0xFd5464F659e7D4d9f50D82A0dAb209C72837EaEa[39m (type: address),
      value: [33m40000000000000000000000[39m (type: uint256)
    )


    ---------------------------
  [31m  6) test for Layerx[0m

    Events emitted during test:
    ---------------------------

    IERC20.Transfer(
      from: <indexed> [33m0x0000000000000000000000000000000000000000[39m (type: address),
      to: <indexed> [33m0x51520C14b03c42782D89A792F0c5C1cCFfd1BdF9[39m (type: address),
      value: [33m40000000000000000000000[39m (type: uint256)
    )


    ---------------------------
  [32m  ‚úì[0m[90m test for Layerx[0m[31m (175ms)[0m
  [31m  7) test for Layerx[0m

    Events emitted during test:
    ---------------------------

    IERC20.Transfer(
      from: <indexed> [33m0x0000000000000000000000000000000000000000[39m (type: address),
      to: <indexed> [33m0x03A0Ab9c82Ae36952335012b3A4B0a9AA71Ce248[39m (type: address),
      value: [33m40000000000000000000000[39m (type: uint256)
    )


    ---------------------------
  [31m  8) test for Layerx[0m

    Events emitted during test:
    ---------------------------

    IERC20.Transfer(
      from: <indexed> [33m0x0000000000000000000000000000000000000000[39m (type: address),
      to: <indexed> [33m0x03A0Ab9c82Ae36952335012b3A4B0a9AA71Ce248[39m (type: address),
      value: [33m40000000000000000000000[39m (type: uint256)
    )


    ---------------------------
  [31m  9) test for Layerx[0m

    Events emitted during test:
    ---------------------------

    IERC20.Transfer(
      from: <indexed> [33m0x0000000000000000000000000000000000000000[39m (type: address),
      to: <indexed> [33m0x03A0Ab9c82Ae36952335012b3A4B0a9AA71Ce248[39m (type: address),
      value: [33m40000000000000000000000[39m (type: uint256)
    )


    ---------------------------
  [32m  ‚úì[0m[90m test for Layerx[0m[31m (184ms)[0m


[92m [0m[32m 12 passing[0m[90m (7s)[0m
[31m  9 failing[0m

[0m  1) Contract: Layerx
       test for Layerx:
[0m[31m     TypeError: Cannot read property 'call' of undefined[0m[90m
      at Context.<anonymous> (tests/test-Layerx.js:31:37)
      at processTicksAndRejections (internal/process/task_queues.js:95:5)
[0m
[0m  2) Contract: Layerx
       test for Layerx:
[0m[31m     Error: Returned error: sender account not recognized[0m[90m
      at Context.<anonymous> (tests/test-Layerx.js:71:41)
      at processTicksAndRejections (internal/process/task_queues.js:95:5)
[0m
[0m  3) Contract: Layerx
       test for Layerx:
[0m[31m     TypeError: Cannot read property 'call' of undefined[0m[90m
      at Context.<anonymous> (tests/test-Layerx.js:183:37)
      at runMicrotasks (<anonymous>)
      at processTicksAndRejections (internal/process/task_queues.js:95:5)
[0m
[0m  4) Contract: Layerx
       test for Layerx:
[0m[31m     AssertionError: expected promise to be rejected with 'Error' but it was fulfilled with {}[0m[90m
  
[0m
[0m  5) Contract: Layerx
       test for Layerx:
[0m[31m     AssertionError: expected promise to be rejected with 'Error' but it was fulfilled with {}[0m[90m
  
[0m
[0m  6) Contract: Layerx
       test for Layerx:
[0m[31m     TypeError: Cannot read property 'call' of undefined[0m[90m
      at Context.<anonymous> (tests/test-Layerx.js:240:35)
      at runMicrotasks (<anonymous>)
      at processTicksAndRejections (internal/process/task_queues.js:95:5)
[0m
[0m  7) Contract: Layerx
       test for Layerx:
[0m[31m     AssertionError: expected promise to be rejected with 'Error' but it was fulfilled with {}[0m[90m
  
[0m
[0m  8) Contract: Layerx
       test for Layerx:
[0m[31m     AssertionError: expected promise to be rejected with 'Error' but it was fulfilled with {}[0m[90m
  
[0m
[0m  9) Contract: Layerx
       test for Layerx:
[0m[31m     AssertionError: expected promise to be rejected with 'Error' but it was fulfilled with {}[0m[90m
  
[0m


-------------|----------|----------|----------|----------|----------------|
File         |  % Stmts | % Branch |  % Funcs |  % Lines |Uncovered Lines |
-------------|----------|----------|----------|----------|----------------|
 contracts/  |    50.38 |    31.25 |    92.31 |    51.85 |                |
  Layerx.sol |    50.38 |    31.25 |    92.31 |    51.85 |... 366,367,370 |
-------------|----------|----------|----------|----------|----------------|
All files    |    50.38 |    31.25 |    92.31 |    51.85 |                |
-------------|----------|----------|----------|----------|----------------|

> Istanbul reports written to ./coverage/ and ./coverage.json
> solidity-coverage cleaning up, shutting down ganache server
Error: ‚ùå 9 test(s) failed under coverage.
    at plugin (/app/node_modules/solidity-coverage/plugins/truffle.plugin.js:121:27)
    at runMicrotasks (<anonymous>)
    at processTicksAndRejections (internal/process/task_queues.js:95:5)
Truffle v5.4.6 (core: 5.4.6)
Node v14.17.5
