
> Using Truffle library from global node_modules.

> server:            http://127.0.0.1:8555
> truffle:           v5.4.6
> ganache-core:      v2.13.0
> solidity-coverage: v0.7.17

Network Info
============
> id:      *
> port:    8555
> network: soliditycoverage


Instrumenting for coverage...
=============================

> Revive.sol

Compiling your contracts...
===========================
> Compiling ./.coverage_contracts/Revive.sol
> Artifacts written to /app/.coverage_artifacts/contracts
> Compiled successfully using:
   - solc: 0.5.16+commit.9c3226ce.Emscripten.clang


Compiling your contracts...
===========================
> Everything is up to date, there is nothing to compile.


[0m[0m
[0m  Contract: Revive[0m
  [32m  ‚úì[0m[90m test for Revive[0m[31m (1156ms)[0m
  [32m  ‚úì[0m[90m test for Revive[0m[31m (234ms)[0m
  [32m  ‚úì[0m[90m test for Revive[0m[31m (170ms)[0m
  [32m  ‚úì[0m[90m test for Revive[0m[31m (159ms)[0m
  [32m  ‚úì[0m[90m test for Revive[0m[31m (166ms)[0m
  [31m  1) test for Revive[0m

    Events emitted during test:
    ---------------------------

    Ownable.OwnershipTransferred(
      previousOwner: <indexed> [33m0x0000000000000000000000000000000000000000[39m (type: address),
      newOwner: <indexed> [33m0x94585092e9B15d69E0C1da14C47EE95591B0f43c[39m (type: address)
    )

    IERC20.Transfer(
      from: <indexed> [33m0x0000000000000000000000000000000000000000[39m (type: address),
      to: <indexed> [33m0x94585092e9B15d69E0C1da14C47EE95591B0f43c[39m (type: address),
      value: [33m3000000000000000000000000000[39m (type: uint256)
    )


    ---------------------------
  [32m  ‚úì[0m[90m test for Revive[0m[31m (191ms)[0m
  [31m  2) test for Revive[0m
    > No events were emitted
  [32m  ‚úì[0m[90m test for Revive[0m[31m (240ms)[0m
  [32m  ‚úì[0m[90m test for Revive[0m[31m (248ms)[0m
  [31m  3) test for Revive[0m

    Events emitted during test:
    ---------------------------

    Ownable.OwnershipTransferred(
      previousOwner: <indexed> [33m0x0000000000000000000000000000000000000000[39m (type: address),
      newOwner: <indexed> [33m0x2BD103FA595395d336bB0f5E09C4Bc0342eE88DD[39m (type: address)
    )

    IERC20.Transfer(
      from: <indexed> [33m0x0000000000000000000000000000000000000000[39m (type: address),
      to: <indexed> [33m0x2BD103FA595395d336bB0f5E09C4Bc0342eE88DD[39m (type: address),
      value: [33m3000000000000000000000000000[39m (type: uint256)
    )


    ---------------------------
  [32m  ‚úì[0m[90m test for Revive[0m[31m (213ms)[0m
  [32m  ‚úì[0m[90m test for Revive[0m[31m (197ms)[0m
  [32m  ‚úì[0m[90m test for Revive[0m[31m (148ms)[0m
  [32m  ‚úì[0m[90m test for Revive[0m[31m (128ms)[0m
  [32m  ‚úì[0m[90m test for Revive[0m[31m (211ms)[0m
  [32m  ‚úì[0m[90m test for Revive[0m[31m (197ms)[0m
  [32m  ‚úì[0m[90m test for Revive[0m[31m (127ms)[0m
  [32m  ‚úì[0m[90m test for Revive[0m[31m (178ms)[0m
  [32m  ‚úì[0m[90m test for Revive[0m[31m (139ms)[0m
  [32m  ‚úì[0m[90m test for Revive[0m[31m (104ms)[0m
  [32m  ‚úì[0m[90m test for Revive[0m[31m (104ms)[0m
  [31m  4) test for Revive[0m

    Events emitted during test:
    ---------------------------

    Ownable.OwnershipTransferred(
      previousOwner: <indexed> [33m0x0000000000000000000000000000000000000000[39m (type: address),
      newOwner: <indexed> [33m0x94585092e9B15d69E0C1da14C47EE95591B0f43c[39m (type: address)
    )

    IERC20.Transfer(
      from: <indexed> [33m0x0000000000000000000000000000000000000000[39m (type: address),
      to: <indexed> [33m0x94585092e9B15d69E0C1da14C47EE95591B0f43c[39m (type: address),
      value: [33m3000000000000000000000000000[39m (type: uint256)
    )


    ---------------------------
  [32m  ‚úì[0m[90m test for Revive[0m[31m (109ms)[0m
  [32m  ‚úì[0m[90m test for Revive[0m[31m (111ms)[0m
  [32m  ‚úì[0m[90m test for Revive[0m[31m (159ms)[0m
  [32m  ‚úì[0m[90m test for Revive[0m[31m (788ms)[0m
  [32m  ‚úì[0m[90m test for Revive[0m[31m (1031ms)[0m
  [32m  ‚úì[0m[90m test for Revive[0m[31m (1123ms)[0m
  [32m  ‚úì[0m[90m test for Revive[0m[31m (327ms)[0m
  [32m  ‚úì[0m[90m test for Revive[0m[31m (732ms)[0m
  [32m  ‚úì[0m[90m test for Revive[0m[31m (939ms)[0m
  [32m  ‚úì[0m[90m test for Revive[0m[31m (508ms)[0m
  [32m  ‚úì[0m[90m test for Revive[0m[31m (181ms)[0m
  [32m  ‚úì[0m[90m test for Revive[0m[31m (110ms)[0m
  [32m  ‚úì[0m[90m test for Revive[0m[31m (165ms)[0m


[92m [0m[32m 32 passing[0m[90m (12s)[0m
[31m  4 failing[0m

[0m  1) Contract: Revive
       test for Revive:
[0m[31m     TypeError: Cannot read property 'call' of undefined[0m[90m
      at Context.<anonymous> (tests/test-Revive.js:95:40)
      at runMicrotasks (<anonymous>)
      at processTicksAndRejections (internal/process/task_queues.js:95:5)
[0m
[0m  2) Contract: Revive
       test for Revive:
[0m[31m     Error: Returned error: sender account not recognized[0m[90m
      at Context.<anonymous> (tests/test-Revive.js:114:41)
      at runMicrotasks (<anonymous>)
      at processTicksAndRejections (internal/process/task_queues.js:95:5)
[0m
[0m  3) Contract: Revive
       test for Revive:
[0m[31m     AssertionError: expected '0x2BD103FA595395d336bB0f5E09C4Bc0342eE88DD' to equal 1.3193801163110047e+48[0m[90m
      at Context.<anonymous> (tests/test-Revive.js:188:10)
      at runMicrotasks (<anonymous>)
      at processTicksAndRejections (internal/process/task_queues.js:95:5)
[0m
[0m  4) Contract: Revive
       test for Revive:
[0m[31m     AssertionError: expected promise to be rejected with 'Error' but it was fulfilled with {}[0m[90m
  
[0m


-------------|----------|----------|----------|----------|----------------|
File         |  % Stmts | % Branch |  % Funcs |  % Lines |Uncovered Lines |
-------------|----------|----------|----------|----------|----------------|
 contracts/  |    60.55 |    42.31 |    81.58 |    60.91 |                |
  Revive.sol |    60.55 |    42.31 |    81.58 |    60.91 |... 700,713,718 |
-------------|----------|----------|----------|----------|----------------|
All files    |    60.55 |    42.31 |    81.58 |    60.91 |                |
-------------|----------|----------|----------|----------|----------------|

> Istanbul reports written to ./coverage/ and ./coverage.json
> solidity-coverage cleaning up, shutting down ganache server
Error: ‚ùå 4 test(s) failed under coverage.
    at plugin (/app/node_modules/solidity-coverage/plugins/truffle.plugin.js:121:27)
    at runMicrotasks (<anonymous>)
    at processTicksAndRejections (internal/process/task_queues.js:95:5)
Truffle v5.4.6 (core: 5.4.6)
Node v14.17.5
