
> Using Truffle library from global node_modules.

> server:            http://127.0.0.1:8555
> truffle:           v5.4.6
> ganache-core:      v2.13.0
> solidity-coverage: v0.7.17

Network Info
============
> id:      *
> port:    8555
> network: soliditycoverage


Instrumenting for coverage...
=============================

> Weedburn.sol

Compiling your contracts...
===========================
> Compiling ./.coverage_contracts/Weedburn.sol
> Artifacts written to /app/.coverage_artifacts/contracts
> Compiled successfully using:
   - solc: 0.5.16+commit.9c3226ce.Emscripten.clang


Compiling your contracts...
===========================
> Everything is up to date, there is nothing to compile.


[0m[0m
[0m  Contract: Weedburn[0m
  [32m  ‚úì[0m[90m test for Weedburn[0m[31m (1422ms)[0m
  [31m  1) test for Weedburn[0m
    > No events were emitted
  [32m  ‚úì[0m[90m test for Weedburn[0m[31m (272ms)[0m
  [32m  ‚úì[0m[90m test for Weedburn[0m[31m (210ms)[0m
  [32m  ‚úì[0m[90m test for Weedburn[0m[31m (150ms)[0m
  [32m  ‚úì[0m[90m test for Weedburn[0m[31m (192ms)[0m
  [32m  ‚úì[0m[90m test for Weedburn[0m[31m (142ms)[0m
  [32m  ‚úì[0m[90m test for Weedburn[0m[31m (154ms)[0m
  [32m  ‚úì[0m[90m test for Weedburn[0m[31m (146ms)[0m
  [32m  ‚úì[0m[90m test for Weedburn[0m[31m (165ms)[0m
  [32m  ‚úì[0m[90m test for Weedburn[0m[31m (151ms)[0m
  [32m  ‚úì[0m[90m test for Weedburn[0m[31m (168ms)[0m
  [31m  2) test for Weedburn[0m

    Events emitted during test:
    ---------------------------

    IERC20.Transfer(
      from: <indexed> [33m0x0000000000000000000000000000000000000000[39m (type: address),
      to: <indexed> [33m0x88bbEB602872f41b5dEcb62e3ed02abF7a01D4d3[39m (type: address),
      value: [33m100000000000000000000000[39m (type: uint256)
    )


    ---------------------------
  [32m  ‚úì[0m[90m test for Weedburn[0m[31m (172ms)[0m
  [31m  3) test for Weedburn[0m

    Events emitted during test:
    ---------------------------

    IERC20.Transfer(
      from: <indexed> [33m0x0000000000000000000000000000000000000000[39m (type: address),
      to: <indexed> [33m0x88bbEB602872f41b5dEcb62e3ed02abF7a01D4d3[39m (type: address),
      value: [33m100000000000000000000000[39m (type: uint256)
    )


    ---------------------------
  [32m  ‚úì[0m[90m test for Weedburn[0m[31m (221ms)[0m
  [32m  ‚úì[0m[90m test for Weedburn[0m[31m (205ms)[0m
  [31m  4) test for Weedburn[0m
    > No events were emitted
  [32m  ‚úì[0m[90m test for Weedburn[0m[31m (174ms)[0m


[92m [0m[32m 15 passing[0m[90m (5s)[0m
[31m  4 failing[0m

[0m  1) Contract: Weedburn
       test for Weedburn:
[0m[31m     Error: Invalid number of parameters for "undefined". Got 4 expected 0![0m[90m
      at Context.<anonymous> (tests/test-Weedburn.js:27:45)
      at processTicksAndRejections (internal/process/task_queues.js:95:5)
[0m
[0m  2) Contract: Weedburn
       test for Weedburn:
[0m[31m     AssertionError: expected promise to be rejected with 'Error' but it was fulfilled with {}[0m[90m
  
[0m
[0m  3) Contract: Weedburn
       test for Weedburn:
[0m[31m     AssertionError: expected promise to be rejected with 'Error' but it was fulfilled with {}[0m[90m
  
[0m
[0m  4) Contract: Weedburn
       test for Weedburn:
[0m[31m     Error: Returned error: sender account not recognized[0m[90m
      at Context.<anonymous> (tests/test-Weedburn.js:267:45)
      at runMicrotasks (<anonymous>)
      at processTicksAndRejections (internal/process/task_queues.js:95:5)
[0m


---------------|----------|----------|----------|----------|----------------|
File           |  % Stmts | % Branch |  % Funcs |  % Lines |Uncovered Lines |
---------------|----------|----------|----------|----------|----------------|
 contracts/    |    65.52 |    45.83 |    88.46 |    65.52 |                |
  Weedburn.sol |    65.52 |    45.83 |    88.46 |    65.52 |... 245,250,260 |
---------------|----------|----------|----------|----------|----------------|
All files      |    65.52 |    45.83 |    88.46 |    65.52 |                |
---------------|----------|----------|----------|----------|----------------|

> Istanbul reports written to ./coverage/ and ./coverage.json
> solidity-coverage cleaning up, shutting down ganache server
Error: ‚ùå 4 test(s) failed under coverage.
    at plugin (/app/node_modules/solidity-coverage/plugins/truffle.plugin.js:121:27)
    at runMicrotasks (<anonymous>)
    at processTicksAndRejections (internal/process/task_queues.js:95:5)
Truffle v5.4.6 (core: 5.4.6)
Node v14.17.5
