
> Using Truffle library from global node_modules.

> server:            http://127.0.0.1:8555
> truffle:           v5.4.6
> ganache-core:      v2.13.0
> solidity-coverage: v0.7.17

Network Info
============
> id:      *
> port:    8555
> network: soliditycoverage


Instrumenting for coverage...
=============================

> LIBERAPAY.sol

Compiling your contracts...
===========================
> Compiling ./.coverage_contracts/LIBERAPAY.sol
> Artifacts written to /app/.coverage_artifacts/contracts
> Compiled successfully using:
   - solc: 0.5.16+commit.9c3226ce.Emscripten.clang


Compiling your contracts...
===========================
> Everything is up to date, there is nothing to compile.


[0m[0m
[0m  Contract: LIBERAPAY[0m
  [32m  ‚úì[0m[90m test for LIBERAPAY[0m[31m (1056ms)[0m
  [32m  ‚úì[0m[90m test for LIBERAPAY[0m[31m (310ms)[0m
  [32m  ‚úì[0m[90m test for LIBERAPAY[0m[31m (248ms)[0m
  [31m  1) test for LIBERAPAY[0m

    Events emitted during test:
    ---------------------------

    ERC20.Transfer(
      from: <indexed> [33m0x0000000000000000000000000000000000000000[39m (type: address),
      to: <indexed> [33m0x12070EdcC6561eF72fdbb2E7AA9C88BD6fA61F49[39m (type: address),
      value: [33m3000000000000000000000000000[39m (type: uint256)
    )


    ---------------------------
  [31m  2) test for LIBERAPAY[0m

    Events emitted during test:
    ---------------------------

    ERC20.Transfer(
      from: <indexed> [33m0x0000000000000000000000000000000000000000[39m (type: address),
      to: <indexed> [33m0x15DABc02E18e41B024Fa09F4a63A80A027c5D878[39m (type: address),
      value: [33m3000000000000000000000000000[39m (type: uint256)
    )


    ---------------------------
  [32m  ‚úì[0m[90m test for LIBERAPAY[0m[31m (776ms)[0m
  [32m  ‚úì[0m[90m test for LIBERAPAY[0m[31m (176ms)[0m
  [32m  ‚úì[0m[90m test for LIBERAPAY[0m[31m (214ms)[0m
  [32m  ‚úì[0m[90m test for LIBERAPAY[0m[31m (178ms)[0m
  [32m  ‚úì[0m[90m test for LIBERAPAY[0m[31m (172ms)[0m
  [32m  ‚úì[0m[90m test for LIBERAPAY[0m[31m (186ms)[0m
  [31m  3) test for LIBERAPAY[0m
    > No events were emitted
  [31m  4) test for LIBERAPAY[0m

    Events emitted during test:
    ---------------------------

    ERC20.Transfer(
      from: <indexed> [33m0x0000000000000000000000000000000000000000[39m (type: address),
      to: <indexed> [33m0x2186D0f889BEd874C8F947A8b74ddC20D3fFbb63[39m (type: address),
      value: [33m3000000000000000000000000000[39m (type: uint256)
    )


    ---------------------------
  [31m  5) test for LIBERAPAY[0m

    Events emitted during test:
    ---------------------------

    ERC20.Transfer(
      from: <indexed> [33m0x0000000000000000000000000000000000000000[39m (type: address),
      to: <indexed> [33m0x2186D0f889BEd874C8F947A8b74ddC20D3fFbb63[39m (type: address),
      value: [33m3000000000000000000000000000[39m (type: uint256)
    )


    ---------------------------
  [32m  ‚úì[0m[90m test for LIBERAPAY[0m[31m (247ms)[0m
  [31m  6) test for LIBERAPAY[0m

    Events emitted during test:
    ---------------------------

    ERC20.Transfer(
      from: <indexed> [33m0x0000000000000000000000000000000000000000[39m (type: address),
      to: <indexed> [33m0x2186D0f889BEd874C8F947A8b74ddC20D3fFbb63[39m (type: address),
      value: [33m3000000000000000000000000000[39m (type: uint256)
    )


    ---------------------------
  [31m  7) test for LIBERAPAY[0m

    Events emitted during test:
    ---------------------------

    ERC20.Transfer(
      from: <indexed> [33m0x0000000000000000000000000000000000000000[39m (type: address),
      to: <indexed> [33m0x2186D0f889BEd874C8F947A8b74ddC20D3fFbb63[39m (type: address),
      value: [33m3000000000000000000000000000[39m (type: uint256)
    )


    ---------------------------
  [31m  8) test for LIBERAPAY[0m

    Events emitted during test:
    ---------------------------

    ERC20.Transfer(
      from: <indexed> [33m0x0000000000000000000000000000000000000000[39m (type: address),
      to: <indexed> [33m0x12070EdcC6561eF72fdbb2E7AA9C88BD6fA61F49[39m (type: address),
      value: [33m3000000000000000000000000000[39m (type: uint256)
    )


    ---------------------------
  [31m  9) test for LIBERAPAY[0m

    Events emitted during test:
    ---------------------------

    ERC20.Transfer(
      from: <indexed> [33m0x0000000000000000000000000000000000000000[39m (type: address),
      to: <indexed> [33m0x2186D0f889BEd874C8F947A8b74ddC20D3fFbb63[39m (type: address),
      value: [33m3000000000000000000000000000[39m (type: uint256)
    )


    ---------------------------
  [32m  ‚úì[0m[90m test for LIBERAPAY[0m[31m (264ms)[0m


[92m [0m[32m 11 passing[0m[90m (8s)[0m
[31m  9 failing[0m

[0m  1) Contract: LIBERAPAY
       test for LIBERAPAY:
[0m[31m     TypeError: Cannot read property 'call' of undefined[0m[90m
      at Context.<anonymous> (tests/test-LIBERAPAY.js:75:44)
      at processTicksAndRejections (internal/process/task_queues.js:95:5)
[0m
[0m  2) Contract: LIBERAPAY
       test for LIBERAPAY:
[0m[31m     AssertionError: expected <BN: 6131f064> to equal {}[0m[90m
      at Context.<anonymous> (tests/test-LIBERAPAY.js:88:10)
      at runMicrotasks (<anonymous>)
      at processTicksAndRejections (internal/process/task_queues.js:95:5)
[0m
[0m  3) Contract: LIBERAPAY
       test for LIBERAPAY:
[0m[31m     Error: Returned error: sender account not recognized[0m[90m
      at Context.<anonymous> (tests/test-LIBERAPAY.js:184:47)
      at runMicrotasks (<anonymous>)
      at processTicksAndRejections (internal/process/task_queues.js:95:5)
[0m
[0m  4) Contract: LIBERAPAY
       test for LIBERAPAY:
[0m[31m     TypeError: Cannot read property 'call' of undefined[0m[90m
      at Context.<anonymous> (tests/test-LIBERAPAY.js:207:46)
      at runMicrotasks (<anonymous>)
      at processTicksAndRejections (internal/process/task_queues.js:95:5)
[0m
[0m  5) Contract: LIBERAPAY
       test for LIBERAPAY:
[0m[31m     AssertionError: expected promise to be rejected with 'Error' but it was fulfilled with { Object (0, 1, ...) }[0m[90m
  
[0m
[0m  6) Contract: LIBERAPAY
       test for LIBERAPAY:
[0m[31m     AssertionError: expected promise to be rejected with 'Error' but it was fulfilled with { Object (0, 1, ...) }[0m[90m
  
[0m
[0m  7) Contract: LIBERAPAY
       test for LIBERAPAY:
[0m[31m     AssertionError: expected promise to be rejected with 'Error' but it was fulfilled with {}[0m[90m
  
[0m
[0m  8) Contract: LIBERAPAY
       test for LIBERAPAY:
[0m[31m     Error: Returned error: VM Exception while processing transaction: revert[0m[90m
      at Context.<anonymous> (tests/test-LIBERAPAY.js:277:60)
      at runMicrotasks (<anonymous>)
      at processTicksAndRejections (internal/process/task_queues.js:95:5)
[0m
[0m  9) Contract: LIBERAPAY
       test for LIBERAPAY:
[0m[31m     AssertionError: expected <BN: 6131f069> to equal {}[0m[90m
      at Context.<anonymous> (tests/test-LIBERAPAY.js:298:10)
      at runMicrotasks (<anonymous>)
      at processTicksAndRejections (internal/process/task_queues.js:95:5)
[0m


----------------|----------|----------|----------|----------|----------------|
File            |  % Stmts | % Branch |  % Funcs |  % Lines |Uncovered Lines |
----------------|----------|----------|----------|----------|----------------|
 contracts/     |    49.65 |    33.33 |    76.92 |    49.32 |                |
  LIBERAPAY.sol |    49.65 |    33.33 |    76.92 |    49.32 |... 404,405,409 |
----------------|----------|----------|----------|----------|----------------|
All files       |    49.65 |    33.33 |    76.92 |    49.32 |                |
----------------|----------|----------|----------|----------|----------------|

> Istanbul reports written to ./coverage/ and ./coverage.json
> solidity-coverage cleaning up, shutting down ganache server
Error: ‚ùå 9 test(s) failed under coverage.
    at plugin (/app/node_modules/solidity-coverage/plugins/truffle.plugin.js:121:27)
    at runMicrotasks (<anonymous>)
    at processTicksAndRejections (internal/process/task_queues.js:95:5)
Truffle v5.4.6 (core: 5.4.6)
Node v14.17.5
