
> Using Truffle library from global node_modules.

> server:            http://127.0.0.1:8555
> truffle:           v5.4.6
> ganache-core:      v2.13.0
> solidity-coverage: v0.7.17

Network Info
============
> id:      *
> port:    8555
> network: soliditycoverage


Instrumenting for coverage...
=============================

> TPA.sol

Compiling your contracts...
===========================
> Compiling ./.coverage_contracts/TPA.sol
> Artifacts written to /app/.coverage_artifacts/contracts
> Compiled successfully using:
   - solc: 0.5.16+commit.9c3226ce.Emscripten.clang


Compiling your contracts...
===========================
> Everything is up to date, there is nothing to compile.


[0m[0m
[0m  Contract: TPA[0m
  [32m  ‚úì[0m[90m test for TPA[0m[31m (1044ms)[0m
  [32m  ‚úì[0m[90m test for TPA[0m[31m (1519ms)[0m
  [31m  1) test for TPA[0m
    > No events were emitted
  [32m  ‚úì[0m[90m test for TPA[0m[31m (493ms)[0m
  [32m  ‚úì[0m[90m test for TPA[0m[31m (250ms)[0m
  [32m  ‚úì[0m[90m test for TPA[0m[31m (182ms)[0m
  [31m  2) test for TPA[0m

    Events emitted during test:
    ---------------------------

    AdminRole.AdminAdded(
      account: <indexed> [33m0xC7257097d2025B8F95f61aE8F8Be99e266b73eAe[39m (type: address)
    )

    IERC20.Transfer(
      from: <indexed> [33m0x0000000000000000000000000000000000000000[39m (type: address),
      to: <indexed> [33m0xC7257097d2025B8F95f61aE8F8Be99e266b73eAe[39m (type: address),
      value: [33m10000000000000000000000000000[39m (type: uint256)
    )


    ---------------------------
  [31m  3) test for TPA[0m

    Events emitted during test:
    ---------------------------

    AdminRole.AdminAdded(
      account: <indexed> [33m0x967b893AC3eEb50a7BDccde3d4606E3EC016f4c1[39m (type: address)
    )

    IERC20.Transfer(
      from: <indexed> [33m0x0000000000000000000000000000000000000000[39m (type: address),
      to: <indexed> [33m0x967b893AC3eEb50a7BDccde3d4606E3EC016f4c1[39m (type: address),
      value: [33m10000000000000000000000000000[39m (type: uint256)
    )


    ---------------------------
  [32m  ‚úì[0m[90m test for TPA[0m[31m (295ms)[0m
  [32m  ‚úì[0m[90m test for TPA[0m[31m (252ms)[0m
  [32m  ‚úì[0m[90m test for TPA[0m[31m (206ms)[0m
  [32m  ‚úì[0m[90m test for TPA[0m[31m (199ms)[0m
  [31m  4) test for TPA[0m
    > No events were emitted
  [31m  5) test for TPA[0m

    Events emitted during test:
    ---------------------------

    AdminRole.AdminAdded(
      account: <indexed> [33m0x967b893AC3eEb50a7BDccde3d4606E3EC016f4c1[39m (type: address)
    )

    IERC20.Transfer(
      from: <indexed> [33m0x0000000000000000000000000000000000000000[39m (type: address),
      to: <indexed> [33m0x967b893AC3eEb50a7BDccde3d4606E3EC016f4c1[39m (type: address),
      value: [33m10000000000000000000000000000[39m (type: uint256)
    )


    ---------------------------
  [32m  ‚úì[0m[90m test for TPA[0m[31m (202ms)[0m
  [32m  ‚úì[0m[90m test for TPA[0m[31m (231ms)[0m
  [32m  ‚úì[0m[90m test for TPA[0m[31m (222ms)[0m
  [32m  ‚úì[0m[90m test for TPA[0m[31m (227ms)[0m
  [32m  ‚úì[0m[90m test for TPA[0m[31m (203ms)[0m
  [32m  ‚úì[0m[90m test for TPA[0m[31m (193ms)[0m
  [32m  ‚úì[0m[90m test for TPA[0m[31m (1052ms)[0m
  [32m  ‚úì[0m[90m test for TPA[0m[31m (209ms)[0m
  [32m  ‚úì[0m[90m test for TPA[0m[31m (189ms)[0m
  [32m  ‚úì[0m[90m test for TPA[0m[31m (182ms)[0m


[92m [0m[32m 19 passing[0m[90m (9s)[0m
[31m  5 failing[0m

[0m  1) Contract: TPA
       test for TPA:
[0m[31m     Error: Invalid number of parameters for "undefined". Got 4 expected 0![0m[90m
      at Context.<anonymous> (tests/test-TPA.js:43:35)
      at processTicksAndRejections (internal/process/task_queues.js:95:5)
[0m
[0m  2) Contract: TPA
       test for TPA:
[0m[31m     TypeError: Cannot read property 'call' of undefined[0m[90m
      at Context.<anonymous> (tests/test-TPA.js:114:37)
      at runMicrotasks (<anonymous>)
      at processTicksAndRejections (internal/process/task_queues.js:95:5)
[0m
[0m  3) Contract: TPA
       test for TPA:
[0m[31m     AssertionError: expected promise to be rejected with 'Error' but it was fulfilled with {}[0m[90m
  
[0m
[0m  4) Contract: TPA
       test for TPA:
[0m[31m     Error: Returned error: sender account not recognized[0m[90m
      at Context.<anonymous> (tests/test-TPA.js:199:34)
      at runMicrotasks (<anonymous>)
      at processTicksAndRejections (internal/process/task_queues.js:95:5)
[0m
[0m  5) Contract: TPA
       test for TPA:
[0m[31m     AssertionError: expected promise to be rejected with 'Error' but it was fulfilled with {}[0m[90m
  
[0m


------------|----------|----------|----------|----------|----------------|
File        |  % Stmts | % Branch |  % Funcs |  % Lines |Uncovered Lines |
------------|----------|----------|----------|----------|----------------|
 contracts/ |    66.67 |    42.86 |    86.15 |    66.24 |                |
  TPA.sol   |    66.67 |    42.86 |    86.15 |    66.24 |... 610,611,612 |
------------|----------|----------|----------|----------|----------------|
All files   |    66.67 |    42.86 |    86.15 |    66.24 |                |
------------|----------|----------|----------|----------|----------------|

> Istanbul reports written to ./coverage/ and ./coverage.json
> solidity-coverage cleaning up, shutting down ganache server
Error: ‚ùå 5 test(s) failed under coverage.
    at plugin (/app/node_modules/solidity-coverage/plugins/truffle.plugin.js:121:27)
    at runMicrotasks (<anonymous>)
    at processTicksAndRejections (internal/process/task_queues.js:95:5)
Truffle v5.4.6 (core: 5.4.6)
Node v14.17.5
