
> Using Truffle library from global node_modules.

> server:            http://127.0.0.1:8555
> truffle:           v5.4.6
> ganache-core:      v2.13.0
> solidity-coverage: v0.7.17

Network Info
============
> id:      *
> port:    8555
> network: soliditycoverage


Instrumenting for coverage...
=============================

> AavePoolReward_utils.sol
> AavePoolReward.sol

Compiling your contracts...
===========================
> Compiling ./.coverage_contracts/AavePoolReward.sol
> Compiling ./.coverage_contracts/AavePoolReward_utils.sol
> Artifacts written to /app/.coverage_artifacts/contracts
> Compiled successfully using:
   - solc: 0.5.16+commit.9c3226ce.Emscripten.clang


Compiling your contracts...
===========================
> Everything is up to date, there is nothing to compile.


[0m[0m
[0m  Contract: AavePoolReward[0m
  [32m  ‚úì[0m[90m test for AavePoolReward[0m[31m (1354ms)[0m
  [32m  ‚úì[0m[90m test for AavePoolReward[0m[31m (316ms)[0m
  [31m  1) test for AavePoolReward[0m
    > No events were emitted
  [31m  2) test for AavePoolReward[0m

    Events emitted during test:
    ---------------------------

    Ownable.OwnershipTransferred(
      previousOwner: <indexed> [33m0x0000000000000000000000000000000000000000[39m (type: address),
      newOwner: <indexed> [33m0xb68f20D17D0037150a58e14b78ac924Cdd90822e[39m (type: address)
    )


    ---------------------------
  [32m  ‚úì[0m[90m test for AavePoolReward[0m[31m (209ms)[0m
  [32m  ‚úì[0m[90m test for AavePoolReward[0m[31m (280ms)[0m
  [31m  3) test for AavePoolReward[0m

    Events emitted during test:
    ---------------------------

    Ownable.OwnershipTransferred(
      previousOwner: <indexed> [33m0x0000000000000000000000000000000000000000[39m (type: address),
      newOwner: <indexed> [33m0x5174559ccf529f7958F86093F6AD4E3246007846[39m (type: address)
    )


    ---------------------------
  [31m  4) test for AavePoolReward[0m

    Events emitted during test:
    ---------------------------

    Ownable.OwnershipTransferred(
      previousOwner: <indexed> [33m0x0000000000000000000000000000000000000000[39m (type: address),
      newOwner: <indexed> [33m0x5174559ccf529f7958F86093F6AD4E3246007846[39m (type: address)
    )


    ---------------------------
  [32m  ‚úì[0m[90m test for AavePoolReward[0m[31m (244ms)[0m
  [31m  5) test for AavePoolReward[0m

    Events emitted during test:
    ---------------------------

    Ownable.OwnershipTransferred(
      previousOwner: <indexed> [33m0x0000000000000000000000000000000000000000[39m (type: address),
      newOwner: <indexed> [33m0x5174559ccf529f7958F86093F6AD4E3246007846[39m (type: address)
    )


    ---------------------------


[92m [0m[32m 5 passing[0m[90m (4s)[0m
[31m  5 failing[0m

[0m  1) Contract: AavePoolReward
       test for AavePoolReward:
[0m[31m     Error: Returned error: sender account not recognized[0m[90m
      at Context.<anonymous> (tests/test-AavePoolReward.js:31:57)
      at processTicksAndRejections (internal/process/task_queues.js:95:5)
[0m
[0m  2) Contract: AavePoolReward
       test for AavePoolReward:
[0m[31m     TypeError: Cannot read property 'call' of undefined[0m[90m
      at Context.<anonymous> (tests/test-AavePoolReward.js:53:51)
      at processTicksAndRejections (internal/process/task_queues.js:95:5)
[0m
[0m  3) Contract: AavePoolReward
       test for AavePoolReward:
[0m[31m     AssertionError: expected promise to be rejected with 'Error' but it was fulfilled with {}[0m[90m
  
[0m
[0m  4) Contract: AavePoolReward
       test for AavePoolReward:
[0m[31m     AssertionError: expected promise to be rejected with 'Error' but it was fulfilled with {}[0m[90m
  
[0m
[0m  5) Contract: AavePoolReward
       test for AavePoolReward:
[0m[31m     AssertionError: expected promise to be rejected with 'Error' but it was fulfilled with {}[0m[90m
  
[0m


---------------------------|----------|----------|----------|----------|----------------|
File                       |  % Stmts | % Branch |  % Funcs |  % Lines |Uncovered Lines |
---------------------------|----------|----------|----------|----------|----------------|
 contracts/                |    40.37 |    32.61 |       50 |    40.35 |                |
  AavePoolReward.sol       |    52.27 |    57.14 |    83.33 |    53.33 |... 129,138,139 |
  AavePoolReward_utils.sol |    32.31 |    21.88 |    38.89 |    31.88 |... 593,598,599 |
---------------------------|----------|----------|----------|----------|----------------|
All files                  |    40.37 |    32.61 |       50 |    40.35 |                |
---------------------------|----------|----------|----------|----------|----------------|

> Istanbul reports written to ./coverage/ and ./coverage.json
> solidity-coverage cleaning up, shutting down ganache server
Error: ‚ùå 5 test(s) failed under coverage.
    at plugin (/app/node_modules/solidity-coverage/plugins/truffle.plugin.js:121:27)
    at runMicrotasks (<anonymous>)
    at processTicksAndRejections (internal/process/task_queues.js:95:5)
Truffle v5.4.6 (core: 5.4.6)
Node v14.17.5
