
> Using Truffle library from global node_modules.

> server:            http://127.0.0.1:8555
> truffle:           v5.4.6
> ganache-core:      v2.13.0
> solidity-coverage: v0.7.17

Network Info
============
> id:      *
> port:    8555
> network: soliditycoverage


Instrumenting for coverage...
=============================

> PRDZstakingV2.sol

Compiling your contracts...
===========================
> Compiling ./.coverage_contracts/PRDZstakingV2.sol
> Artifacts written to /app/.coverage_artifacts/contracts
> Compiled successfully using:
   - solc: 0.5.16+commit.9c3226ce.Emscripten.clang


Compiling your contracts...
===========================
> Everything is up to date, there is nothing to compile.


[0m[0m
[0m  Contract: PRDZstakingV2[0m
  [31m  1) test for PRDZstakingV2[0m
    > No events were emitted
  [32m  ‚úì[0m[90m test for PRDZstakingV2[0m[31m (869ms)[0m
  [32m  ‚úì[0m[90m test for PRDZstakingV2[0m[31m (187ms)[0m
  [31m  2) test for PRDZstakingV2[0m
    > No events were emitted
  [32m  ‚úì[0m[90m test for PRDZstakingV2[0m[31m (175ms)[0m
  [32m  ‚úì[0m[90m test for PRDZstakingV2[0m[31m (229ms)[0m
  [31m  3) test for PRDZstakingV2[0m
    > No events were emitted
  [32m  ‚úì[0m[90m test for PRDZstakingV2[0m[31m (186ms)[0m
  [31m  4) test for PRDZstakingV2[0m
    > No events were emitted
  [31m  5) test for PRDZstakingV2[0m
    > No events were emitted
  [31m  6) test for PRDZstakingV2[0m
    > No events were emitted
  [31m  7) test for PRDZstakingV2[0m
    > No events were emitted
  [31m  8) test for PRDZstakingV2[0m
    > No events were emitted


[92m [0m[32m 5 passing[0m[90m (6s)[0m
[31m  8 failing[0m

[0m  1) Contract: PRDZstakingV2
       test for PRDZstakingV2:
[0m[31m     AssertionError: expected promise to be rejected with 'Error' but it was fulfilled with {}[0m[90m
  
[0m
[0m  2) Contract: PRDZstakingV2
       test for PRDZstakingV2:
[0m[31m     TypeError: Cannot read property 'call' of undefined[0m[90m
      at Context.<anonymous> (tests/test-PRDZstakingV2.js:52:47)
      at processTicksAndRejections (internal/process/task_queues.js:95:5)
[0m
[0m  3) Contract: PRDZstakingV2
       test for PRDZstakingV2:
[0m[31m     AssertionError: expected promise to be rejected with 'Error' but it was fulfilled with {}[0m[90m
  
[0m
[0m  4) Contract: PRDZstakingV2
       test for PRDZstakingV2:
[0m[31m     AssertionError: expected promise to be rejected with 'Error' but it was fulfilled with {}[0m[90m
  
[0m
[0m  5) Contract: PRDZstakingV2
       test for PRDZstakingV2:
[0m[31m     AssertionError: expected promise to be rejected with 'Error' but it was fulfilled with {}[0m[90m
  
[0m
[0m  6) Contract: PRDZstakingV2
       test for PRDZstakingV2:
[0m[31m     Error: Returned error: sender account not recognized[0m[90m
      at Context.<anonymous> (tests/test-PRDZstakingV2.js:136:54)
      at runMicrotasks (<anonymous>)
      at processTicksAndRejections (internal/process/task_queues.js:95:5)
[0m
[0m  7) Contract: PRDZstakingV2
       test for PRDZstakingV2:
[0m[31m     Error: Returned error: VM Exception while processing transaction: revert[0m[90m
      at Context.<anonymous> (tests/test-PRDZstakingV2.js:153:71)
      at runMicrotasks (<anonymous>)
      at processTicksAndRejections (internal/process/task_queues.js:95:5)
[0m
[0m  8) Contract: PRDZstakingV2
       test for PRDZstakingV2:
[0m[31m     Error: Returned error: VM Exception while processing transaction: revert[0m[90m
      at Context.<anonymous> (tests/test-PRDZstakingV2.js:166:65)
      at runMicrotasks (<anonymous>)
      at processTicksAndRejections (internal/process/task_queues.js:95:5)
[0m


--------------------|----------|----------|----------|----------|----------------|
File                |  % Stmts | % Branch |  % Funcs |  % Lines |Uncovered Lines |
--------------------|----------|----------|----------|----------|----------------|
 contracts/         |    28.99 |    18.18 |    56.41 |    28.26 |                |
  PRDZstakingV2.sol |    28.99 |    18.18 |    56.41 |    28.26 |... 654,659,660 |
--------------------|----------|----------|----------|----------|----------------|
All files           |    28.99 |    18.18 |    56.41 |    28.26 |                |
--------------------|----------|----------|----------|----------|----------------|

> Istanbul reports written to ./coverage/ and ./coverage.json
> solidity-coverage cleaning up, shutting down ganache server
Error: ‚ùå 8 test(s) failed under coverage.
    at plugin (/app/node_modules/solidity-coverage/plugins/truffle.plugin.js:121:27)
    at runMicrotasks (<anonymous>)
    at processTicksAndRejections (internal/process/task_queues.js:95:5)
Truffle v5.4.6 (core: 5.4.6)
Node v14.17.5
