
> Using Truffle library from global node_modules.

> server:            http://127.0.0.1:8555
> truffle:           v5.4.6
> ganache-core:      v2.13.0
> solidity-coverage: v0.7.17

Network Info
============
> id:      *
> port:    8555
> network: soliditycoverage


Instrumenting for coverage...
=============================

> ETFXPool.sol

Compiling your contracts...
===========================
> Compiling ./.coverage_contracts/ETFXPool.sol
> Compilation warnings encountered:

    project:/.coverage_contracts/ETFXPool.sol:528:35: Warning: Unused function parameter. Remove or comment out the variable name to silence this warning.
    function _beforeTokenTransfer(address from, address to, uint256 amount) inter ...
                                  ^----------^
,project:/.coverage_contracts/ETFXPool.sol:528:49: Warning: Unused function parameter. Remove or comment out the variable name to silence this warning.
 ... _beforeTokenTransfer(address from, address to, uint256 amount) internal {c_0x6ba ...
                                        ^--------^
,project:/.coverage_contracts/ETFXPool.sol:528:61: Warning: Unused function parameter. Remove or comment out the variable name to silence this warning.
 ... Transfer(address from, address to, uint256 amount) internal {c_0x6ba97a1b(0xd21518b4 ...
                                        ^------------^
,project:/.coverage_contracts/ETFXPool.sol:1078:72: Warning: Unused function parameter. Remove or comment out the variable name to silence this warning.
 ... address target, bytes memory data, uint256 weiValue, string memory errorMessage) priva ...
                                        ^--------------^
,project:/.coverage_contracts/ETFXPool.sol:528:5: Warning: Function state mutability can be restricted to pure
    function _beforeTokenTransfer(addre ... a9f5358e86e332638); /* function */ 
    ^ (Relevant source part starts here and spans across multiple lines).

> Artifacts written to /app/.coverage_artifacts/contracts
> Compiled successfully using:
   - solc: 0.5.16+commit.9c3226ce.Emscripten.clang


Compiling your contracts...
===========================
> Everything is up to date, there is nothing to compile.


[0m[0m
[0m  Contract: ETFXPool[0m
  [32m  ‚úì[0m[90m test for ETFXPool[0m[31m (1257ms)[0m
  [31m  1) test for ETFXPool[0m
    > No events were emitted
  [32m  ‚úì[0m[90m test for ETFXPool[0m[31m (315ms)[0m
  [32m  ‚úì[0m[90m test for ETFXPool[0m[31m (283ms)[0m
  [32m  ‚úì[0m[90m test for ETFXPool[0m[31m (186ms)[0m
  [32m  ‚úì[0m[90m test for ETFXPool[0m[31m (182ms)[0m
  [32m  ‚úì[0m[90m test for ETFXPool[0m[31m (178ms)[0m
  [32m  ‚úì[0m[90m test for ETFXPool[0m[31m (218ms)[0m
  [31m  2) test for ETFXPool[0m
    > No events were emitted
  [32m  ‚úì[0m[90m test for ETFXPool[0m[31m (236ms)[0m
  [32m  ‚úì[0m[90m test for ETFXPool[0m[31m (183ms)[0m
  [31m  3) test for ETFXPool[0m

    Events emitted during test:
    ---------------------------

    Ownable.OwnershipTransferred(
      previousOwner: <indexed> [33m0x0000000000000000000000000000000000000000[39m (type: address),
      newOwner: <indexed> [33m0xb20fC9b9018d8d7E86c26325e9653A71c1D09E20[39m (type: address)
    )


    ---------------------------
  [31m  4) test for ETFXPool[0m

    Events emitted during test:
    ---------------------------

    Ownable.OwnershipTransferred(
      previousOwner: <indexed> [33m0x0000000000000000000000000000000000000000[39m (type: address),
      newOwner: <indexed> [33m0x487F3045bB4aE4e27e6B6ffB453CcFF3F46E7b6c[39m (type: address)
    )


    ---------------------------
  [31m  5) test for ETFXPool[0m

    Events emitted during test:
    ---------------------------

    Ownable.OwnershipTransferred(
      previousOwner: <indexed> [33m0x0000000000000000000000000000000000000000[39m (type: address),
      newOwner: <indexed> [33m0xb20fC9b9018d8d7E86c26325e9653A71c1D09E20[39m (type: address)
    )


    ---------------------------
  [32m  ‚úì[0m[90m test for ETFXPool[0m[31m (228ms)[0m
  [31m  6) test for ETFXPool[0m

    Events emitted during test:
    ---------------------------

    Ownable.OwnershipTransferred(
      previousOwner: <indexed> [33m0x0000000000000000000000000000000000000000[39m (type: address),
      newOwner: <indexed> [33m0xb20fC9b9018d8d7E86c26325e9653A71c1D09E20[39m (type: address)
    )


    ---------------------------
  [31m  7) test for ETFXPool[0m

    Events emitted during test:
    ---------------------------

    Ownable.OwnershipTransferred(
      previousOwner: <indexed> [33m0x0000000000000000000000000000000000000000[39m (type: address),
      newOwner: <indexed> [33m0xb20fC9b9018d8d7E86c26325e9653A71c1D09E20[39m (type: address)
    )


    ---------------------------
  [32m  ‚úì[0m[90m test for ETFXPool[0m[31m (209ms)[0m
  [32m  ‚úì[0m[90m test for ETFXPool[0m[31m (133ms)[0m
  [31m  8) test for ETFXPool[0m

    Events emitted during test:
    ---------------------------

    Ownable.OwnershipTransferred(
      previousOwner: <indexed> [33m0x0000000000000000000000000000000000000000[39m (type: address),
      newOwner: <indexed> [33m0xa0918AAc03fCA8a40D838E8cC3c6942fd41aD8F8[39m (type: address)
    )


    ---------------------------


[92m [0m[32m 12 passing[0m[90m (6s)[0m
[31m  8 failing[0m

[0m  1) Contract: ETFXPool
       test for ETFXPool:
[0m[31m     Error: Invalid number of parameters for "undefined". Got 4 expected 0![0m[90m
      at Context.<anonymous> (tests/test-ETFXPool.js:24:44)
      at processTicksAndRejections (internal/process/task_queues.js:95:5)
[0m
[0m  2) Contract: ETFXPool
       test for ETFXPool:
[0m[31m     Error: Returned error: sender account not recognized[0m[90m
      at Context.<anonymous> (tests/test-ETFXPool.js:111:45)
      at runMicrotasks (<anonymous>)
      at processTicksAndRejections (internal/process/task_queues.js:95:5)
[0m
[0m  3) Contract: ETFXPool
       test for ETFXPool:
[0m[31m     AssertionError: expected '0xb20fC9b9018d8d7E86c26325e9653A71c1D09E20' to equal 9.065801417107747e+47[0m[90m
      at Context.<anonymous> (tests/test-ETFXPool.js:148:10)
      at runMicrotasks (<anonymous>)
      at processTicksAndRejections (internal/process/task_queues.js:95:5)
[0m
[0m  4) Contract: ETFXPool
       test for ETFXPool:
[0m[31m     AssertionError: expected '0x487F3045bB4aE4e27e6B6ffB453CcFF3F46E7b6c' to equal 8.532191195293123e+47[0m[90m
      at Context.<anonymous> (tests/test-ETFXPool.js:160:10)
      at runMicrotasks (<anonymous>)
      at processTicksAndRejections (internal/process/task_queues.js:95:5)
[0m
[0m  5) Contract: ETFXPool
       test for ETFXPool:
[0m[31m     AssertionError: expected '0xb20fC9b9018d8d7E86c26325e9653A71c1D09E20' to equal 9.065801417107747e+47[0m[90m
      at Context.<anonymous> (tests/test-ETFXPool.js:177:10)
      at runMicrotasks (<anonymous>)
      at processTicksAndRejections (internal/process/task_queues.js:95:5)
[0m
[0m  6) Contract: ETFXPool
       test for ETFXPool:
[0m[31m     AssertionError: expected '0xb20fC9b9018d8d7E86c26325e9653A71c1D09E20' to equal 9.065801417107747e+47[0m[90m
      at Context.<anonymous> (tests/test-ETFXPool.js:207:10)
      at runMicrotasks (<anonymous>)
      at processTicksAndRejections (internal/process/task_queues.js:95:5)
[0m
[0m  7) Contract: ETFXPool
       test for ETFXPool:
[0m[31m     AssertionError: expected '0xb20fC9b9018d8d7E86c26325e9653A71c1D09E20' to equal 9.065801417107747e+47[0m[90m
      at Context.<anonymous> (tests/test-ETFXPool.js:225:10)
      at runMicrotasks (<anonymous>)
      at processTicksAndRejections (internal/process/task_queues.js:95:5)
[0m
[0m  8) Contract: ETFXPool
       test for ETFXPool:
[0m[31m     AssertionError: expected promise to be rejected with 'Error' but it was fulfilled with {}[0m[90m
  
[0m


---------------|----------|----------|----------|----------|----------------|
File           |  % Stmts | % Branch |  % Funcs |  % Lines |Uncovered Lines |
---------------|----------|----------|----------|----------|----------------|
 contracts/    |    43.05 |    24.24 |    55.36 |    42.04 |                |
  ETFXPool.sol |    43.05 |    24.24 |    55.36 |    42.04 |... 2,1013,1014 |
---------------|----------|----------|----------|----------|----------------|
All files      |    43.05 |    24.24 |    55.36 |    42.04 |                |
---------------|----------|----------|----------|----------|----------------|

> Istanbul reports written to ./coverage/ and ./coverage.json
> solidity-coverage cleaning up, shutting down ganache server
Error: ‚ùå 8 test(s) failed under coverage.
    at plugin (/app/node_modules/solidity-coverage/plugins/truffle.plugin.js:121:27)
    at runMicrotasks (<anonymous>)
    at processTicksAndRejections (internal/process/task_queues.js:95:5)
Truffle v5.4.6 (core: 5.4.6)
Node v14.17.5
