
> Using Truffle library from global node_modules.

> server:            http://127.0.0.1:8555
> truffle:           v5.4.6
> ganache-core:      v2.13.0
> solidity-coverage: v0.7.17

Network Info
============
> id:      *
> port:    8555
> network: soliditycoverage


Instrumenting for coverage...
=============================

> Fomp.sol

Compiling your contracts...
===========================
> Compiling ./.coverage_contracts/Fomp.sol
> Compilation warnings encountered:

    project:/.coverage_contracts/Fomp.sol:6:1: Warning: Experimental features are turned on. Do not use experimental features on live deployments.
pragma experimental ABIEncoderV2;
^-------------------------------^
,project:/.coverage_contracts/Fomp.sol:533:40: Warning: Unused function parameter. Remove or comment out the variable name to silence this warning.
 ... function sub96(uint96 a, uint96 b, string memory errorMessage) internal pure returns (uint96) {c ...
                                        ^------------------------^

> Artifacts written to /app/.coverage_artifacts/contracts
> Compiled successfully using:
   - solc: 0.5.16+commit.9c3226ce.Emscripten.clang


Compiling your contracts...
===========================
> Everything is up to date, there is nothing to compile.


[0m[0m
[0m  Contract: Fomp[0m
  [31m  1) test for Fomp[0m

    Events emitted during test:
    ---------------------------

    Fomp.Transfer(
      from: <indexed> [33m0x0000000000000000000000000000000000000000[39m (type: address),
      to: <indexed> [33m0xeA1503FC894113B82F03D8d0c46172002E6Bc6FD[39m (type: address),
      amount: [33m1000000000000000000000000[39m (type: uint256)
    )


    ---------------------------
  [32m  ‚úì[0m[90m test for Fomp[0m[31m (784ms)[0m
  [32m  ‚úì[0m[90m test for Fomp[0m[31m (261ms)[0m
  [32m  ‚úì[0m[90m test for Fomp[0m[31m (182ms)[0m
  [31m  2) test for Fomp[0m

    Events emitted during test:
    ---------------------------

    Fomp.Transfer(
      from: <indexed> [33m0x0000000000000000000000000000000000000000[39m (type: address),
      to: <indexed> [33m0xE422CB3b014421Cf63B37D708e7F6F1f4e2e8032[39m (type: address),
      amount: [33m1000000000000000000000000[39m (type: uint256)
    )


    ---------------------------
  [31m  3) test for Fomp[0m

    Events emitted during test:
    ---------------------------

    Fomp.Transfer(
      from: <indexed> [33m0x0000000000000000000000000000000000000000[39m (type: address),
      to: <indexed> [33m0xE422CB3b014421Cf63B37D708e7F6F1f4e2e8032[39m (type: address),
      amount: [33m1000000000000000000000000[39m (type: uint256)
    )


    ---------------------------
  [31m  4) test for Fomp[0m
    > No events were emitted
  [32m  ‚úì[0m[90m test for Fomp[0m[31m (202ms)[0m
  [32m  ‚úì[0m[90m test for Fomp[0m[31m (187ms)[0m
  [32m  ‚úì[0m[90m test for Fomp[0m[31m (155ms)[0m


[92m [0m[32m 6 passing[0m[90m (3s)[0m
[31m  4 failing[0m

[0m  1) Contract: Fomp
       test for Fomp:
[0m[31m     AssertionError: expected promise to be rejected with 'Error' but it was fulfilled with true[0m[90m
  
[0m
[0m  2) Contract: Fomp
       test for Fomp:
[0m[31m     AssertionError: expected promise to be rejected with 'Error' but it was fulfilled with true[0m[90m
  
[0m
[0m  3) Contract: Fomp
       test for Fomp:
[0m[31m     Error: Returned error: VM Exception while processing transaction: revert Comp::getPriorVotes: not yet determined[0m[90m
      at Context.<anonymous> (tests/test-Fomp.js:124:57)
      at runMicrotasks (<anonymous>)
      at processTicksAndRejections (internal/process/task_queues.js:95:5)
[0m
[0m  4) Contract: Fomp
       test for Fomp:
[0m[31m     Error: Returned error: sender account not recognized[0m[90m
      at Context.<anonymous> (tests/test-Fomp.js:134:37)
      at runMicrotasks (<anonymous>)
      at processTicksAndRejections (internal/process/task_queues.js:95:5)
[0m


------------|----------|----------|----------|----------|----------------|
File        |  % Stmts | % Branch |  % Funcs |  % Lines |Uncovered Lines |
------------|----------|----------|----------|----------|----------------|
 contracts/ |    74.73 |     47.5 |      100 |       75 |                |
  Fomp.sol  |    74.73 |     47.5 |      100 |       75 |... 256,257,273 |
------------|----------|----------|----------|----------|----------------|
All files   |    74.73 |     47.5 |      100 |       75 |                |
------------|----------|----------|----------|----------|----------------|

> Istanbul reports written to ./coverage/ and ./coverage.json
> solidity-coverage cleaning up, shutting down ganache server
Error: ‚ùå 4 test(s) failed under coverage.
    at plugin (/app/node_modules/solidity-coverage/plugins/truffle.plugin.js:121:27)
    at runMicrotasks (<anonymous>)
    at processTicksAndRejections (internal/process/task_queues.js:95:5)
Truffle v5.4.6 (core: 5.4.6)
Node v14.17.5
