
> Using Truffle library from global node_modules.

> server:            http://127.0.0.1:8555
> truffle:           v5.4.6
> ganache-core:      v2.13.0
> solidity-coverage: v0.7.17

Network Info
============
> id:      *
> port:    8555
> network: soliditycoverage


Instrumenting for coverage...
=============================

> XenoFelix.sol

Compiling your contracts...
===========================
> Compiling ./.coverage_contracts/XenoFelix.sol
> Artifacts written to /app/.coverage_artifacts/contracts
> Compiled successfully using:
   - solc: 0.5.16+commit.9c3226ce.Emscripten.clang


Compiling your contracts...
===========================
> Everything is up to date, there is nothing to compile.


[0m[0m
[0m  Contract: XenoFelix[0m
  [31m  1) test for XenoFelix[0m
    > No events were emitted
  [32m  ‚úì[0m[90m test for XenoFelix[0m[31m (920ms)[0m
  [31m  2) test for XenoFelix[0m
    > No events were emitted
  [31m  3) test for XenoFelix[0m
    > No events were emitted
  [32m  ‚úì[0m[90m test for XenoFelix[0m[31m (325ms)[0m
  [31m  4) test for XenoFelix[0m
    > No events were emitted
  [32m  ‚úì[0m[90m test for XenoFelix[0m[31m (306ms)[0m
  [31m  5) test for XenoFelix[0m

    Events emitted during test:
    ---------------------------

    PauserRole.PauserAdded(
      account: <indexed> [33m0xd3D3310e37607255717783B1208Fc49e84c633d8[39m (type: address)
    )

    IERC20.Transfer(
      from: <indexed> [33m0x0000000000000000000000000000000000000000[39m (type: address),
      to: <indexed> [33m0xd3D3310e37607255717783B1208Fc49e84c633d8[39m (type: address),
      value: [33m91873382801710838578413140667745633511723150946449774479665844695008175718400[39m (type: uint256)
    )


    ---------------------------
  [32m  ‚úì[0m[90m test for XenoFelix[0m[31m (202ms)[0m
  [32m  ‚úì[0m[90m test for XenoFelix[0m[31m (240ms)[0m
  [32m  ‚úì[0m[90m test for XenoFelix[0m[31m (317ms)[0m
  [32m  ‚úì[0m[90m test for XenoFelix[0m[31m (254ms)[0m
  [32m  ‚úì[0m[90m test for XenoFelix[0m[31m (250ms)[0m
  [32m  ‚úì[0m[90m test for XenoFelix[0m[31m (260ms)[0m
  [31m  6) test for XenoFelix[0m
    > No events were emitted
  [32m  ‚úì[0m[90m test for XenoFelix[0m[31m (230ms)[0m
  [31m  7) test for XenoFelix[0m
    > No events were emitted
  [32m  ‚úì[0m[90m test for XenoFelix[0m[31m (285ms)[0m
  [32m  ‚úì[0m[90m test for XenoFelix[0m[31m (231ms)[0m
  [32m  ‚úì[0m[90m test for XenoFelix[0m[31m (258ms)[0m
  [32m  ‚úì[0m[90m test for XenoFelix[0m[31m (294ms)[0m
  [31m  8) test for XenoFelix[0m
    > No events were emitted
  [32m  ‚úì[0m[90m test for XenoFelix[0m[31m (201ms)[0m
  [31m  9) test for XenoFelix[0m
    > No events were emitted
  [32m  ‚úì[0m[90m test for XenoFelix[0m[31m (199ms)[0m
  [31m  10) test for XenoFelix[0m

    Events emitted during test:
    ---------------------------

    PauserRole.PauserAdded(
      account: <indexed> [33m0x0de978DA918B653C23D4A809047FE8A504aCE3cc[39m (type: address)
    )

    IERC20.Transfer(
      from: <indexed> [33m0x0000000000000000000000000000000000000000[39m (type: address),
      to: <indexed> [33m0x0de978DA918B653C23D4A809047FE8A504aCE3cc[39m (type: address),
      value: [33m42874248513789126833653566207813623271534382240497363811470820015465820061696[39m (type: uint256)
    )


    ---------------------------
  [32m  ‚úì[0m[90m test for XenoFelix[0m[31m (197ms)[0m
  [31m  11) test for XenoFelix[0m

    Events emitted during test:
    ---------------------------

    PauserRole.PauserAdded(
      account: <indexed> [33m0x0de978DA918B653C23D4A809047FE8A504aCE3cc[39m (type: address)
    )

    IERC20.Transfer(
      from: <indexed> [33m0x0000000000000000000000000000000000000000[39m (type: address),
      to: <indexed> [33m0x0de978DA918B653C23D4A809047FE8A504aCE3cc[39m (type: address),
      value: [33m72370055773322622139731865630429942408293740416025352524660990004945706024960[39m (type: uint256)
    )


    ---------------------------
  [31m  12) test for XenoFelix[0m

    Events emitted during test:
    ---------------------------

    PauserRole.PauserAdded(
      account: <indexed> [33m0x0de978DA918B653C23D4A809047FE8A504aCE3cc[39m (type: address)
    )

    IERC20.Transfer(
      from: <indexed> [33m0x0000000000000000000000000000000000000000[39m (type: address),
      to: <indexed> [33m0x0de978DA918B653C23D4A809047FE8A504aCE3cc[39m (type: address),
      value: [33m42874248513789126833653566207813623271534382240497363811470820015465820061696[39m (type: uint256)
    )


    ---------------------------
  [31m  13) test for XenoFelix[0m
    > No events were emitted
  [32m  ‚úì[0m[90m test for XenoFelix[0m[31m (228ms)[0m
  [31m  14) test for XenoFelix[0m

    Events emitted during test:
    ---------------------------

    PauserRole.PauserAdded(
      account: <indexed> [33m0x0de978DA918B653C23D4A809047FE8A504aCE3cc[39m (type: address)
    )

    IERC20.Transfer(
      from: <indexed> [33m0x0000000000000000000000000000000000000000[39m (type: address),
      to: <indexed> [33m0x0de978DA918B653C23D4A809047FE8A504aCE3cc[39m (type: address),
      value: [33m72370055773322622139731865630429942408293740416025352524660990004945706024960[39m (type: uint256)
    )


    ---------------------------
  [32m  ‚úì[0m[90m test for XenoFelix[0m[31m (230ms)[0m
  [32m  ‚úì[0m[90m test for XenoFelix[0m[31m (261ms)[0m
  [31m  15) test for XenoFelix[0m

    Events emitted during test:
    ---------------------------

    PauserRole.PauserAdded(
      account: <indexed> [33m0x0de978DA918B653C23D4A809047FE8A504aCE3cc[39m (type: address)
    )

    IERC20.Transfer(
      from: <indexed> [33m0x0000000000000000000000000000000000000000[39m (type: address),
      to: <indexed> [33m0x0de978DA918B653C23D4A809047FE8A504aCE3cc[39m (type: address),
      value: [33m42874248513789126833653566207813623271534382240497363811470820015465820061696[39m (type: uint256)
    )


    ---------------------------


[92m [0m[32m 20 passing[0m[90m (9s)[0m
[31m  15 failing[0m

[0m  1) Contract: XenoFelix
       test for XenoFelix:
[0m[31m     Error: invalid BigNumber value (argument="value", value={"from":"0x3B8dF6606543A1fbFDEe4233f5668ddF0AB05546"}, code=INVALID_ARGUMENT, version=bignumber/5.0.8)[0m[90m
      at Context.<anonymous> (tests/test-XenoFelix.js:11:47)
      at processTicksAndRejections (internal/process/task_queues.js:95:5)
[0m
[0m  2) Contract: XenoFelix
       test for XenoFelix:
[0m[31m     Error: Invalid number of parameters for "undefined". Got 1 expected 4![0m[90m
      at Context.<anonymous> (tests/test-XenoFelix.js:42:47)
      at processTicksAndRejections (internal/process/task_queues.js:95:5)
[0m
[0m  3) Contract: XenoFelix
       test for XenoFelix:
[0m[31m     Error: invalid BigNumber value (argument="value", value={"from":"0xC9b642fb1A60573582AdC72d301830959cF90f48"}, code=INVALID_ARGUMENT, version=bignumber/5.0.8)[0m[90m
      at Context.<anonymous> (tests/test-XenoFelix.js:55:47)
      at processTicksAndRejections (internal/process/task_queues.js:95:5)
[0m
[0m  4) Contract: XenoFelix
       test for XenoFelix:
[0m[31m     Error: invalid BigNumber value (argument="value", value={"from":"0x0000000000000000000000000000000000000001"}, code=INVALID_ARGUMENT, version=bignumber/5.0.8)[0m[90m
      at Context.<anonymous> (tests/test-XenoFelix.js:96:47)
      at processTicksAndRejections (internal/process/task_queues.js:95:5)
[0m
[0m  5) Contract: XenoFelix
       test for XenoFelix:
[0m[31m     TypeError: Cannot read property 'call' of undefined[0m[90m
      at Context.<anonymous> (tests/test-XenoFelix.js:159:47)
      at runMicrotasks (<anonymous>)
      at processTicksAndRejections (internal/process/task_queues.js:95:5)
[0m
[0m  6) Contract: XenoFelix
       test for XenoFelix:
[0m[31m     Error: invalid BigNumber value (argument="value", value={"from":"0xfa0A4311a25600f82611b9890DB2979B88A7A0a9"}, code=INVALID_ARGUMENT, version=bignumber/5.0.8)[0m[90m
      at Context.<anonymous> (tests/test-XenoFelix.js:308:47)
      at runMicrotasks (<anonymous>)
      at processTicksAndRejections (internal/process/task_queues.js:95:5)
[0m
[0m  7) Contract: XenoFelix
       test for XenoFelix:
[0m[31m     Error: invalid BigNumber value (argument="value", value={"from":"0xa967F0BDbb3d17af97eD3247b621af752e774bFB"}, code=INVALID_ARGUMENT, version=bignumber/5.0.8)[0m[90m
      at Context.<anonymous> (tests/test-XenoFelix.js:338:47)
      at runMicrotasks (<anonymous>)
      at processTicksAndRejections (internal/process/task_queues.js:95:5)
[0m
[0m  8) Contract: XenoFelix
       test for XenoFelix:
[0m[31m     Error: invalid BigNumber value (argument="value", value={"from":"0x0de978DA918B653C23D4A809047FE8A504aCE3cc"}, code=INVALID_ARGUMENT, version=bignumber/5.0.8)[0m[90m
      at Context.<anonymous> (tests/test-XenoFelix.js:437:47)
      at runMicrotasks (<anonymous>)
      at processTicksAndRejections (internal/process/task_queues.js:95:5)
[0m
[0m  9) Contract: XenoFelix
       test for XenoFelix:
[0m[31m     Error: Returned error: sender account not recognized[0m[90m
      at Context.<anonymous> (tests/test-XenoFelix.js:485:46)
      at runMicrotasks (<anonymous>)
      at processTicksAndRejections (internal/process/task_queues.js:95:5)
[0m
[0m  10) Contract: XenoFelix
       test for XenoFelix:
[0m[31m     AssertionError: expected promise to be rejected with 'Error' but it was fulfilled with {}[0m[90m
  
[0m
[0m  11) Contract: XenoFelix
       test for XenoFelix:
[0m[31m     AssertionError: expected promise to be rejected with 'Error' but it was fulfilled with {}[0m[90m
  
[0m
[0m  12) Contract: XenoFelix
       test for XenoFelix:
[0m[31m     AssertionError: expected promise to be rejected with 'Error' but it was fulfilled with {}[0m[90m
  
[0m
[0m  13) Contract: XenoFelix
       test for XenoFelix:
[0m[31m     Error: invalid BigNumber value (argument="value", value={"from":"0xd3D3310e37607255717783B1208Fc49e84c633d8"}, code=INVALID_ARGUMENT, version=bignumber/5.0.8)[0m[90m
      at Context.<anonymous> (tests/test-XenoFelix.js:589:47)
      at runMicrotasks (<anonymous>)
      at processTicksAndRejections (internal/process/task_queues.js:95:5)
[0m
[0m  14) Contract: XenoFelix
       test for XenoFelix:
[0m[31m     TypeError: Cannot read property 'call' of undefined[0m[90m
      at Context.<anonymous> (tests/test-XenoFelix.js:641:57)
      at runMicrotasks (<anonymous>)
      at processTicksAndRejections (internal/process/task_queues.js:95:5)
[0m
[0m  15) Contract: XenoFelix
       test for XenoFelix:
[0m[31m     AssertionError: expected promise to be rejected with 'Error' but it was fulfilled with {}[0m[90m
  
[0m


----------------|----------|----------|----------|----------|----------------|
File            |  % Stmts | % Branch |  % Funcs |  % Lines |Uncovered Lines |
----------------|----------|----------|----------|----------|----------------|
 contracts/     |    65.33 |    40.28 |    76.19 |    64.56 |                |
  XenoFelix.sol |    65.33 |    40.28 |    76.19 |    64.56 |... 617,618,622 |
----------------|----------|----------|----------|----------|----------------|
All files       |    65.33 |    40.28 |    76.19 |    64.56 |                |
----------------|----------|----------|----------|----------|----------------|

> Istanbul reports written to ./coverage/ and ./coverage.json
> solidity-coverage cleaning up, shutting down ganache server
Error: ‚ùå 15 test(s) failed under coverage.
    at plugin (/app/node_modules/solidity-coverage/plugins/truffle.plugin.js:121:27)
    at runMicrotasks (<anonymous>)
    at processTicksAndRejections (internal/process/task_queues.js:95:5)
Truffle v5.4.6 (core: 5.4.6)
Node v14.17.5
