
> Using Truffle library from global node_modules.

> server:            http://127.0.0.1:8555
> truffle:           v5.4.6
> ganache-core:      v2.13.0
> solidity-coverage: v0.7.17

Network Info
============
> id:      *
> port:    8555
> network: soliditycoverage


Instrumenting for coverage...
=============================

> XenoFelix.sol

Compiling your contracts...
===========================
> Compiling ./.coverage_contracts/XenoFelix.sol
> Artifacts written to /app/.coverage_artifacts/contracts
> Compiled successfully using:
   - solc: 0.5.16+commit.9c3226ce.Emscripten.clang


Compiling your contracts...
===========================
> Everything is up to date, there is nothing to compile.


[0m[0m
[0m  Contract: XenoFelix[0m
  [31m  1) test for XenoFelix[0m
    > No events were emitted
  [32m  ‚úì[0m[90m test for XenoFelix[0m[31m (864ms)[0m
  [31m  2) test for XenoFelix[0m
    > No events were emitted
  [31m  3) test for XenoFelix[0m
    > No events were emitted
  [32m  ‚úì[0m[90m test for XenoFelix[0m[31m (396ms)[0m
  [31m  4) test for XenoFelix[0m
    > No events were emitted
  [32m  ‚úì[0m[90m test for XenoFelix[0m[31m (361ms)[0m
  [31m  5) test for XenoFelix[0m

    Events emitted during test:
    ---------------------------

    PauserRole.PauserAdded(
      account: <indexed> [33m0x4f5859326274E9a67f478f684471252E7925D1C6[39m (type: address)
    )

    IERC20.Transfer(
      from: <indexed> [33m0x0000000000000000000000000000000000000000[39m (type: address),
      to: <indexed> [33m0x4f5859326274E9a67f478f684471252E7925D1C6[39m (type: address),
      value: [33m91873382801710838578413140667745633511723150946449774479665844695008175718400[39m (type: uint256)
    )


    ---------------------------
  [32m  ‚úì[0m[90m test for XenoFelix[0m[31m (244ms)[0m
  [32m  ‚úì[0m[90m test for XenoFelix[0m[31m (273ms)[0m
  [32m  ‚úì[0m[90m test for XenoFelix[0m[31m (274ms)[0m
  [32m  ‚úì[0m[90m test for XenoFelix[0m[31m (271ms)[0m
  [32m  ‚úì[0m[90m test for XenoFelix[0m[31m (785ms)[0m
  [32m  ‚úì[0m[90m test for XenoFelix[0m[31m (280ms)[0m
  [31m  6) test for XenoFelix[0m
    > No events were emitted
  [32m  ‚úì[0m[90m test for XenoFelix[0m[31m (234ms)[0m
  [31m  7) test for XenoFelix[0m
    > No events were emitted
  [32m  ‚úì[0m[90m test for XenoFelix[0m[31m (275ms)[0m
  [32m  ‚úì[0m[90m test for XenoFelix[0m[31m (251ms)[0m
  [32m  ‚úì[0m[90m test for XenoFelix[0m[31m (250ms)[0m
  [32m  ‚úì[0m[90m test for XenoFelix[0m[31m (297ms)[0m
  [31m  8) test for XenoFelix[0m
    > No events were emitted
  [32m  ‚úì[0m[90m test for XenoFelix[0m[31m (221ms)[0m
  [31m  9) test for XenoFelix[0m
    > No events were emitted
  [32m  ‚úì[0m[90m test for XenoFelix[0m[31m (189ms)[0m
  [31m  10) test for XenoFelix[0m

    Events emitted during test:
    ---------------------------

    PauserRole.PauserAdded(
      account: <indexed> [33m0x107A64F19BC374d3bB0e539aA2b61Ad9de3b807f[39m (type: address)
    )

    IERC20.Transfer(
      from: <indexed> [33m0x0000000000000000000000000000000000000000[39m (type: address),
      to: <indexed> [33m0x107A64F19BC374d3bB0e539aA2b61Ad9de3b807f[39m (type: address),
      value: [33m42874248513789126833653566207813623271534382240497363811470820015465820061696[39m (type: uint256)
    )


    ---------------------------
  [32m  ‚úì[0m[90m test for XenoFelix[0m[31m (169ms)[0m
  [31m  11) test for XenoFelix[0m

    Events emitted during test:
    ---------------------------

    PauserRole.PauserAdded(
      account: <indexed> [33m0x107A64F19BC374d3bB0e539aA2b61Ad9de3b807f[39m (type: address)
    )

    IERC20.Transfer(
      from: <indexed> [33m0x0000000000000000000000000000000000000000[39m (type: address),
      to: <indexed> [33m0x107A64F19BC374d3bB0e539aA2b61Ad9de3b807f[39m (type: address),
      value: [33m72370055773322622139731865630429942408293740416025352524660990004945706024960[39m (type: uint256)
    )


    ---------------------------
  [31m  12) test for XenoFelix[0m

    Events emitted during test:
    ---------------------------

    PauserRole.PauserAdded(
      account: <indexed> [33m0x107A64F19BC374d3bB0e539aA2b61Ad9de3b807f[39m (type: address)
    )

    IERC20.Transfer(
      from: <indexed> [33m0x0000000000000000000000000000000000000000[39m (type: address),
      to: <indexed> [33m0x107A64F19BC374d3bB0e539aA2b61Ad9de3b807f[39m (type: address),
      value: [33m42874248513789126833653566207813623271534382240497363811470820015465820061696[39m (type: uint256)
    )


    ---------------------------
  [31m  13) test for XenoFelix[0m
    > No events were emitted
  [32m  ‚úì[0m[90m test for XenoFelix[0m[31m (239ms)[0m
  [31m  14) test for XenoFelix[0m

    Events emitted during test:
    ---------------------------

    PauserRole.PauserAdded(
      account: <indexed> [33m0x107A64F19BC374d3bB0e539aA2b61Ad9de3b807f[39m (type: address)
    )

    IERC20.Transfer(
      from: <indexed> [33m0x0000000000000000000000000000000000000000[39m (type: address),
      to: <indexed> [33m0x107A64F19BC374d3bB0e539aA2b61Ad9de3b807f[39m (type: address),
      value: [33m72370055773322622139731865630429942408293740416025352524660990004945706024960[39m (type: uint256)
    )


    ---------------------------
  [32m  ‚úì[0m[90m test for XenoFelix[0m[31m (1424ms)[0m
  [32m  ‚úì[0m[90m test for XenoFelix[0m[31m (1285ms)[0m
  [31m  15) test for XenoFelix[0m

    Events emitted during test:
    ---------------------------

    PauserRole.PauserAdded(
      account: <indexed> [33m0x107A64F19BC374d3bB0e539aA2b61Ad9de3b807f[39m (type: address)
    )

    IERC20.Transfer(
      from: <indexed> [33m0x0000000000000000000000000000000000000000[39m (type: address),
      to: <indexed> [33m0x107A64F19BC374d3bB0e539aA2b61Ad9de3b807f[39m (type: address),
      value: [33m42874248513789126833653566207813623271534382240497363811470820015465820061696[39m (type: uint256)
    )


    ---------------------------


[92m [0m[32m 20 passing[0m[90m (13s)[0m
[31m  15 failing[0m

[0m  1) Contract: XenoFelix
       test for XenoFelix:
[0m[31m     Error: invalid BigNumber value (argument="value", value={"from":"0xcf63fe7CD3EeC9a3682064BCccBf66f16e31Be4D"}, code=INVALID_ARGUMENT, version=bignumber/5.0.8)[0m[90m
      at Context.<anonymous> (tests/test-XenoFelix.js:11:47)
      at processTicksAndRejections (internal/process/task_queues.js:95:5)
[0m
[0m  2) Contract: XenoFelix
       test for XenoFelix:
[0m[31m     Error: Invalid number of parameters for "undefined". Got 1 expected 4![0m[90m
      at Context.<anonymous> (tests/test-XenoFelix.js:42:47)
      at processTicksAndRejections (internal/process/task_queues.js:95:5)
[0m
[0m  3) Contract: XenoFelix
       test for XenoFelix:
[0m[31m     Error: invalid BigNumber value (argument="value", value={"from":"0x753815e6De969D84460EC15a3b2C363e9C881D0F"}, code=INVALID_ARGUMENT, version=bignumber/5.0.8)[0m[90m
      at Context.<anonymous> (tests/test-XenoFelix.js:55:47)
      at processTicksAndRejections (internal/process/task_queues.js:95:5)
[0m
[0m  4) Contract: XenoFelix
       test for XenoFelix:
[0m[31m     Error: invalid BigNumber value (argument="value", value={"from":"0x0000000000000000000000000000000000000001"}, code=INVALID_ARGUMENT, version=bignumber/5.0.8)[0m[90m
      at Context.<anonymous> (tests/test-XenoFelix.js:96:47)
      at processTicksAndRejections (internal/process/task_queues.js:95:5)
[0m
[0m  5) Contract: XenoFelix
       test for XenoFelix:
[0m[31m     TypeError: Cannot read property 'call' of undefined[0m[90m
      at Context.<anonymous> (tests/test-XenoFelix.js:159:47)
      at runMicrotasks (<anonymous>)
      at processTicksAndRejections (internal/process/task_queues.js:95:5)
[0m
[0m  6) Contract: XenoFelix
       test for XenoFelix:
[0m[31m     Error: invalid BigNumber value (argument="value", value={"from":"0xf42135DB83aee1715a6fd9B60C9267C53013f2Da"}, code=INVALID_ARGUMENT, version=bignumber/5.0.8)[0m[90m
      at Context.<anonymous> (tests/test-XenoFelix.js:308:47)
      at runMicrotasks (<anonymous>)
      at processTicksAndRejections (internal/process/task_queues.js:95:5)
[0m
[0m  7) Contract: XenoFelix
       test for XenoFelix:
[0m[31m     Error: invalid BigNumber value (argument="value", value={"from":"0x6464ed819BF8c3E738966A457a1188a640Cd67f7"}, code=INVALID_ARGUMENT, version=bignumber/5.0.8)[0m[90m
      at Context.<anonymous> (tests/test-XenoFelix.js:338:47)
      at runMicrotasks (<anonymous>)
      at processTicksAndRejections (internal/process/task_queues.js:95:5)
[0m
[0m  8) Contract: XenoFelix
       test for XenoFelix:
[0m[31m     Error: invalid BigNumber value (argument="value", value={"from":"0x107A64F19BC374d3bB0e539aA2b61Ad9de3b807f"}, code=INVALID_ARGUMENT, version=bignumber/5.0.8)[0m[90m
      at Context.<anonymous> (tests/test-XenoFelix.js:437:47)
      at runMicrotasks (<anonymous>)
      at processTicksAndRejections (internal/process/task_queues.js:95:5)
[0m
[0m  9) Contract: XenoFelix
       test for XenoFelix:
[0m[31m     Error: Returned error: sender account not recognized[0m[90m
      at Context.<anonymous> (tests/test-XenoFelix.js:485:46)
      at runMicrotasks (<anonymous>)
      at processTicksAndRejections (internal/process/task_queues.js:95:5)
[0m
[0m  10) Contract: XenoFelix
       test for XenoFelix:
[0m[31m     AssertionError: expected promise to be rejected with 'Error' but it was fulfilled with {}[0m[90m
  
[0m
[0m  11) Contract: XenoFelix
       test for XenoFelix:
[0m[31m     AssertionError: expected promise to be rejected with 'Error' but it was fulfilled with {}[0m[90m
  
[0m
[0m  12) Contract: XenoFelix
       test for XenoFelix:
[0m[31m     AssertionError: expected promise to be rejected with 'Error' but it was fulfilled with {}[0m[90m
  
[0m
[0m  13) Contract: XenoFelix
       test for XenoFelix:
[0m[31m     Error: invalid BigNumber value (argument="value", value={"from":"0x4f5859326274E9a67f478f684471252E7925D1C6"}, code=INVALID_ARGUMENT, version=bignumber/5.0.8)[0m[90m
      at Context.<anonymous> (tests/test-XenoFelix.js:589:47)
      at runMicrotasks (<anonymous>)
      at processTicksAndRejections (internal/process/task_queues.js:95:5)
[0m
[0m  14) Contract: XenoFelix
       test for XenoFelix:
[0m[31m     TypeError: Cannot read property 'call' of undefined[0m[90m
      at Context.<anonymous> (tests/test-XenoFelix.js:641:57)
      at runMicrotasks (<anonymous>)
      at processTicksAndRejections (internal/process/task_queues.js:95:5)
[0m
[0m  15) Contract: XenoFelix
       test for XenoFelix:
[0m[31m     AssertionError: expected promise to be rejected with 'Error' but it was fulfilled with {}[0m[90m
  
[0m


----------------|----------|----------|----------|----------|----------------|
File            |  % Stmts | % Branch |  % Funcs |  % Lines |Uncovered Lines |
----------------|----------|----------|----------|----------|----------------|
 contracts/     |    65.56 |    40.54 |    76.19 |    64.78 |                |
  XenoFelix.sol |    65.56 |    40.54 |    76.19 |    64.78 |... 617,618,622 |
----------------|----------|----------|----------|----------|----------------|
All files       |    65.56 |    40.54 |    76.19 |    64.78 |                |
----------------|----------|----------|----------|----------|----------------|

> Istanbul reports written to ./coverage/ and ./coverage.json
> solidity-coverage cleaning up, shutting down ganache server
Error: ‚ùå 15 test(s) failed under coverage.
    at plugin (/app/node_modules/solidity-coverage/plugins/truffle.plugin.js:121:27)
    at runMicrotasks (<anonymous>)
    at processTicksAndRejections (internal/process/task_queues.js:95:5)
    at runNextTicks (internal/process/task_queues.js:64:3)
    at processImmediate (internal/timers.js:437:9)
Truffle v5.4.6 (core: 5.4.6)
Node v14.17.5
