
> Using Truffle library from global node_modules.

> server:            http://127.0.0.1:8555
> truffle:           v5.4.6
> ganache-core:      v2.13.0
> solidity-coverage: v0.7.17

Network Info
============
> id:      *
> port:    8555
> network: soliditycoverage


Instrumenting for coverage...
=============================

> Layerx.sol

Compiling your contracts...
===========================
> Compiling ./.coverage_contracts/Layerx.sol
> Artifacts written to /app/.coverage_artifacts/contracts
> Compiled successfully using:
   - solc: 0.5.16+commit.9c3226ce.Emscripten.clang


Compiling your contracts...
===========================
> Everything is up to date, there is nothing to compile.


[0m[0m
[0m  Contract: Layerx[0m
  [31m  1) test for Layerx[0m

    Events emitted during test:
    ---------------------------

    IERC20.Transfer(
      from: <indexed> [33m0x0000000000000000000000000000000000000000[39m (type: address),
      to: <indexed> [33m0xFC9f4BB50d11af3606196c16D71ac479310B8D26[39m (type: address),
      value: [33m40000000000000000000000[39m (type: uint256)
    )


    ---------------------------
  [32m  ‚úì[0m[90m test for Layerx[0m[31m (960ms)[0m
  [32m  ‚úì[0m[90m test for Layerx[0m[31m (228ms)[0m
  [32m  ‚úì[0m[90m test for Layerx[0m[31m (206ms)[0m
  [31m  2) test for Layerx[0m

    Events emitted during test:
    ---------------------------

    IERC20.Transfer(
      from: <indexed> [33m0x0000000000000000000000000000000000000000[39m (type: address),
      to: <indexed> [33m0xf5EEA668A1a0C36D050d308c943F8A98CCBdCeb7[39m (type: address),
      value: [33m40000000000000000000000[39m (type: uint256)
    )


    ---------------------------
  [32m  ‚úì[0m[90m test for Layerx[0m[31m (216ms)[0m
  [32m  ‚úì[0m[90m test for Layerx[0m[31m (195ms)[0m
  [32m  ‚úì[0m[90m test for Layerx[0m[31m (180ms)[0m
  [32m  ‚úì[0m[90m test for Layerx[0m[31m (221ms)[0m
  [32m  ‚úì[0m[90m test for Layerx[0m[31m (227ms)[0m
  [32m  ‚úì[0m[90m test for Layerx[0m[31m (175ms)[0m
  [32m  ‚úì[0m[90m test for Layerx[0m[31m (238ms)[0m
  [32m  ‚úì[0m[90m test for Layerx[0m[31m (210ms)[0m
  [31m  3) test for Layerx[0m

    Events emitted during test:
    ---------------------------

    IERC20.Transfer(
      from: <indexed> [33m0x0000000000000000000000000000000000000000[39m (type: address),
      to: <indexed> [33m0xc060208908776aC4C1e84F68A08021f8DC3Bc901[39m (type: address),
      value: [33m40000000000000000000000[39m (type: uint256)
    )


    ---------------------------
  [31m  4) test for Layerx[0m
    > No events were emitted


[92m [0m[32m 11 passing[0m[90m (4s)[0m
[31m  4 failing[0m

[0m  1) Contract: Layerx
       test for Layerx:
[0m[31m     TypeError: Cannot read property 'call' of undefined[0m[90m
      at Context.<anonymous> (tests/test-Layerx.js:25:37)
      at processTicksAndRejections (internal/process/task_queues.js:95:5)
[0m
[0m  2) Contract: Layerx
       test for Layerx:
[0m[31m     AssertionError: expected promise to be rejected with 'Error' but it was fulfilled with {}[0m[90m
  
[0m
[0m  3) Contract: Layerx
       test for Layerx:
[0m[31m     AssertionError: expected promise to be rejected with 'Error' but it was fulfilled with {}[0m[90m
  
[0m
[0m  4) Contract: Layerx
       test for Layerx:
[0m[31m     Error: Returned error: sender account not recognized[0m[90m
      at Context.<anonymous> (tests/test-Layerx.js:240:40)
      at runMicrotasks (<anonymous>)
      at processTicksAndRejections (internal/process/task_queues.js:95:5)
[0m


-------------|----------|----------|----------|----------|----------------|
File         |  % Stmts | % Branch |  % Funcs |  % Lines |Uncovered Lines |
-------------|----------|----------|----------|----------|----------------|
 contracts/  |    45.11 |    26.56 |    84.62 |    46.67 |                |
  Layerx.sol |    45.11 |    26.56 |    84.62 |    46.67 |... 366,367,370 |
-------------|----------|----------|----------|----------|----------------|
All files    |    45.11 |    26.56 |    84.62 |    46.67 |                |
-------------|----------|----------|----------|----------|----------------|

> Istanbul reports written to ./coverage/ and ./coverage.json
> solidity-coverage cleaning up, shutting down ganache server
Error: ‚ùå 4 test(s) failed under coverage.
    at plugin (/app/node_modules/solidity-coverage/plugins/truffle.plugin.js:121:27)
    at runMicrotasks (<anonymous>)
    at processTicksAndRejections (internal/process/task_queues.js:95:5)
Truffle v5.4.6 (core: 5.4.6)
Node v14.17.5
