
> Using Truffle library from global node_modules.

> server:            http://127.0.0.1:8555
> truffle:           v5.4.6
> ganache-core:      v2.13.0
> solidity-coverage: v0.7.17

Network Info
============
> id:      *
> port:    8555
> network: soliditycoverage


Instrumenting for coverage...
=============================

> Layerx.sol

Compiling your contracts...
===========================
> Compiling ./.coverage_contracts/Layerx.sol
> Artifacts written to /app/.coverage_artifacts/contracts
> Compiled successfully using:
   - solc: 0.5.16+commit.9c3226ce.Emscripten.clang


Compiling your contracts...
===========================
> Everything is up to date, there is nothing to compile.


[0m[0m
[0m  Contract: Layerx[0m
  [31m  1) test for Layerx[0m

    Events emitted during test:
    ---------------------------

    IERC20.Transfer(
      from: <indexed> [33m0x0000000000000000000000000000000000000000[39m (type: address),
      to: <indexed> [33m0x8ad6A14EB69710c0BB586318A273c2909755dD5B[39m (type: address),
      value: [33m40000000000000000000000[39m (type: uint256)
    )


    ---------------------------
  [32m  ‚úì[0m[90m test for Layerx[0m[31m (1387ms)[0m
  [32m  ‚úì[0m[90m test for Layerx[0m[31m (225ms)[0m
  [32m  ‚úì[0m[90m test for Layerx[0m[31m (194ms)[0m
  [31m  2) test for Layerx[0m

    Events emitted during test:
    ---------------------------

    IERC20.Transfer(
      from: <indexed> [33m0x0000000000000000000000000000000000000000[39m (type: address),
      to: <indexed> [33m0xD3D6c44A86664ffE999da7B1d8a94aF6aD43a858[39m (type: address),
      value: [33m40000000000000000000000[39m (type: uint256)
    )


    ---------------------------
  [32m  ‚úì[0m[90m test for Layerx[0m[31m (208ms)[0m
  [32m  ‚úì[0m[90m test for Layerx[0m[31m (178ms)[0m
  [32m  ‚úì[0m[90m test for Layerx[0m[31m (152ms)[0m
  [32m  ‚úì[0m[90m test for Layerx[0m[31m (218ms)[0m
  [32m  ‚úì[0m[90m test for Layerx[0m[31m (216ms)[0m
  [32m  ‚úì[0m[90m test for Layerx[0m[31m (401ms)[0m
  [32m  ‚úì[0m[90m test for Layerx[0m[31m (234ms)[0m
  [32m  ‚úì[0m[90m test for Layerx[0m[31m (186ms)[0m
  [31m  3) test for Layerx[0m

    Events emitted during test:
    ---------------------------

    IERC20.Transfer(
      from: <indexed> [33m0x0000000000000000000000000000000000000000[39m (type: address),
      to: <indexed> [33m0x6A4e31FA79da7c8E6E3090cA4813ca3820bf10aB[39m (type: address),
      value: [33m40000000000000000000000[39m (type: uint256)
    )


    ---------------------------
  [31m  4) test for Layerx[0m
    > No events were emitted


[92m [0m[32m 11 passing[0m[90m (6s)[0m
[31m  4 failing[0m

[0m  1) Contract: Layerx
       test for Layerx:
[0m[31m     TypeError: Cannot read property 'call' of undefined[0m[90m
      at Context.<anonymous> (tests/test-Layerx.js:25:37)
      at processTicksAndRejections (internal/process/task_queues.js:95:5)
[0m
[0m  2) Contract: Layerx
       test for Layerx:
[0m[31m     AssertionError: expected promise to be rejected with 'Error' but it was fulfilled with {}[0m[90m
  
[0m
[0m  3) Contract: Layerx
       test for Layerx:
[0m[31m     AssertionError: expected promise to be rejected with 'Error' but it was fulfilled with {}[0m[90m
  
[0m
[0m  4) Contract: Layerx
       test for Layerx:
[0m[31m     Error: Returned error: sender account not recognized[0m[90m
      at Context.<anonymous> (tests/test-Layerx.js:240:40)
      at runMicrotasks (<anonymous>)
      at processTicksAndRejections (internal/process/task_queues.js:95:5)
[0m


-------------|----------|----------|----------|----------|----------------|
File         |  % Stmts | % Branch |  % Funcs |  % Lines |Uncovered Lines |
-------------|----------|----------|----------|----------|----------------|
 contracts/  |    45.86 |    28.13 |    84.62 |    47.41 |                |
  Layerx.sol |    45.86 |    28.13 |    84.62 |    47.41 |... 366,367,370 |
-------------|----------|----------|----------|----------|----------------|
All files    |    45.86 |    28.13 |    84.62 |    47.41 |                |
-------------|----------|----------|----------|----------|----------------|

> Istanbul reports written to ./coverage/ and ./coverage.json
> solidity-coverage cleaning up, shutting down ganache server
Error: ‚ùå 4 test(s) failed under coverage.
    at plugin (/app/node_modules/solidity-coverage/plugins/truffle.plugin.js:121:27)
    at runMicrotasks (<anonymous>)
    at processTicksAndRejections (internal/process/task_queues.js:95:5)
Truffle v5.4.6 (core: 5.4.6)
Node v14.17.5
