
> Using Truffle library from global node_modules.

> server:            http://127.0.0.1:8555
> truffle:           v5.4.6
> ganache-core:      v2.13.0
> solidity-coverage: v0.7.17

Network Info
============
> id:      *
> port:    8555
> network: soliditycoverage


Instrumenting for coverage...
=============================

> Layerx.sol

Compiling your contracts...
===========================
> Compiling ./.coverage_contracts/Layerx.sol
> Artifacts written to /app/.coverage_artifacts/contracts
> Compiled successfully using:
   - solc: 0.5.16+commit.9c3226ce.Emscripten.clang


Compiling your contracts...
===========================
> Everything is up to date, there is nothing to compile.


[0m[0m
[0m  Contract: Layerx[0m
  [32m  ‚úì[0m[90m test for Layerx[0m[31m (1002ms)[0m
  [32m  ‚úì[0m[90m test for Layerx[0m[31m (347ms)[0m
  [32m  ‚úì[0m[90m test for Layerx[0m[31m (240ms)[0m
  [31m  1) test for Layerx[0m

    Events emitted during test:
    ---------------------------

    IERC20.Transfer(
      from: <indexed> [33m0x0000000000000000000000000000000000000000[39m (type: address),
      to: <indexed> [33m0x54B84dB8687dFAaAe9528862315ADdA3537400eb[39m (type: address),
      value: [33m40000000000000000000000[39m (type: uint256)
    )


    ---------------------------
  [31m  2) test for Layerx[0m
    > No events were emitted
  [31m  3) test for Layerx[0m

    Events emitted during test:
    ---------------------------

    IERC20.Transfer(
      from: <indexed> [33m0x0000000000000000000000000000000000000000[39m (type: address),
      to: <indexed> [33m0xFd8bA4056F4a2f78E255F5bE5D127A34D0236F1a[39m (type: address),
      value: [33m40000000000000000000000[39m (type: uint256)
    )


    ---------------------------
  [32m  ‚úì[0m[90m test for Layerx[0m[31m (166ms)[0m
  [32m  ‚úì[0m[90m test for Layerx[0m[31m (188ms)[0m
  [32m  ‚úì[0m[90m test for Layerx[0m[31m (190ms)[0m
  [32m  ‚úì[0m[90m test for Layerx[0m[31m (265ms)[0m
  [32m  ‚úì[0m[90m test for Layerx[0m[31m (234ms)[0m
  [32m  ‚úì[0m[90m test for Layerx[0m[31m (212ms)[0m
  [32m  ‚úì[0m[90m test for Layerx[0m[31m (200ms)[0m
  [31m  4) test for Layerx[0m

    Events emitted during test:
    ---------------------------

    IERC20.Transfer(
      from: <indexed> [33m0x0000000000000000000000000000000000000000[39m (type: address),
      to: <indexed> [33m0x54B84dB8687dFAaAe9528862315ADdA3537400eb[39m (type: address),
      value: [33m40000000000000000000000[39m (type: uint256)
    )


    ---------------------------
  [31m  5) test for Layerx[0m

    Events emitted during test:
    ---------------------------

    IERC20.Transfer(
      from: <indexed> [33m0x0000000000000000000000000000000000000000[39m (type: address),
      to: <indexed> [33m0xd5a4f6FBD3A379151cDdb3Dad6f314A530E4c2bc[39m (type: address),
      value: [33m40000000000000000000000[39m (type: uint256)
    )


    ---------------------------
  [32m  ‚úì[0m[90m test for Layerx[0m[31m (179ms)[0m
  [32m  ‚úì[0m[90m test for Layerx[0m[31m (189ms)[0m


[92m [0m[32m 12 passing[0m[90m (5s)[0m
[31m  5 failing[0m

[0m  1) Contract: Layerx
       test for Layerx:
[0m[31m     TypeError: Cannot read property 'call' of undefined[0m[90m
      at Context.<anonymous> (tests/test-Layerx.js:70:40)
      at processTicksAndRejections (internal/process/task_queues.js:95:5)
[0m
[0m  2) Contract: Layerx
       test for Layerx:
[0m[31m     Error: Returned error: sender account not recognized[0m[90m
      at Context.<anonymous> (tests/test-Layerx.js:75:41)
      at runMicrotasks (<anonymous>)
      at processTicksAndRejections (internal/process/task_queues.js:95:5)
[0m
[0m  3) Contract: Layerx
       test for Layerx:
[0m[31m     AssertionError: expected promise to be rejected with 'Error' but it was fulfilled with {}[0m[90m
  
[0m
[0m  4) Contract: Layerx
       test for Layerx:
[0m[31m     AssertionError: expected promise to be rejected with 'Error' but it was fulfilled with {}[0m[90m
  
[0m
[0m  5) Contract: Layerx
       test for Layerx:
[0m[31m     TypeError: Cannot read property 'call' of undefined[0m[90m
      at Context.<anonymous> (tests/test-Layerx.js:215:36)
      at runMicrotasks (<anonymous>)
      at processTicksAndRejections (internal/process/task_queues.js:95:5)
[0m


-------------|----------|----------|----------|----------|----------------|
File         |  % Stmts | % Branch |  % Funcs |  % Lines |Uncovered Lines |
-------------|----------|----------|----------|----------|----------------|
 contracts/  |    48.12 |    29.69 |    88.46 |    49.63 |                |
  Layerx.sol |    48.12 |    29.69 |    88.46 |    49.63 |... 366,367,370 |
-------------|----------|----------|----------|----------|----------------|
All files    |    48.12 |    29.69 |    88.46 |    49.63 |                |
-------------|----------|----------|----------|----------|----------------|

> Istanbul reports written to ./coverage/ and ./coverage.json
> solidity-coverage cleaning up, shutting down ganache server
Error: ‚ùå 5 test(s) failed under coverage.
    at plugin (/app/node_modules/solidity-coverage/plugins/truffle.plugin.js:121:27)
    at runMicrotasks (<anonymous>)
    at processTicksAndRejections (internal/process/task_queues.js:95:5)
Truffle v5.4.6 (core: 5.4.6)
Node v14.17.5
