
> Using Truffle library from global node_modules.

> server:            http://127.0.0.1:8555
> truffle:           v5.4.6
> ganache-core:      v2.13.0
> solidity-coverage: v0.7.17

Network Info
============
> id:      *
> port:    8555
> network: soliditycoverage


Instrumenting for coverage...
=============================

> NAL.sol

Compiling your contracts...
===========================
> Compiling ./.coverage_contracts/NAL.sol
> Artifacts written to /app/.coverage_artifacts/contracts
> Compiled successfully using:
   - solc: 0.5.16+commit.9c3226ce.Emscripten.clang


Compiling your contracts...
===========================
> Everything is up to date, there is nothing to compile.


[0m[0m
[0m  Contract: NAL[0m
  [32m  ‚úì[0m[90m test for NAL[0m[31m (1210ms)[0m
  [31m  1) test for NAL[0m
    > No events were emitted
  [31m  2) test for NAL[0m

    Events emitted during test:
    ---------------------------

    AdminRole.AdminAdded(
      account: <indexed> [33m0xB2415e8714f572c51c8BE6bb124F3df7507DED89[39m (type: address)
    )

    IERC20.Transfer(
      from: <indexed> [33m0x0000000000000000000000000000000000000000[39m (type: address),
      to: <indexed> [33m0xB2415e8714f572c51c8BE6bb124F3df7507DED89[39m (type: address),
      value: [33m2000000000000000000000000000[39m (type: uint256)
    )


    ---------------------------
  [32m  ‚úì[0m[90m test for NAL[0m[31m (228ms)[0m
  [31m  3) test for NAL[0m

    Events emitted during test:
    ---------------------------

    AdminRole.AdminAdded(
      account: <indexed> [33m0x24caf4Bb69170c2DE53Cd5Ee3Fa014BFf39dD5AC[39m (type: address)
    )

    IERC20.Transfer(
      from: <indexed> [33m0x0000000000000000000000000000000000000000[39m (type: address),
      to: <indexed> [33m0x24caf4Bb69170c2DE53Cd5Ee3Fa014BFf39dD5AC[39m (type: address),
      value: [33m2000000000000000000000000000[39m (type: uint256)
    )


    ---------------------------
  [32m  ‚úì[0m[90m test for NAL[0m[31m (201ms)[0m
  [32m  ‚úì[0m[90m test for NAL[0m[31m (283ms)[0m
  [32m  ‚úì[0m[90m test for NAL[0m[31m (179ms)[0m
  [32m  ‚úì[0m[90m test for NAL[0m[31m (221ms)[0m
  [32m  ‚úì[0m[90m test for NAL[0m[31m (226ms)[0m
  [32m  ‚úì[0m[90m test for NAL[0m[31m (295ms)[0m
  [32m  ‚úì[0m[90m test for NAL[0m[31m (210ms)[0m
  [32m  ‚úì[0m[90m test for NAL[0m[31m (195ms)[0m
  [32m  ‚úì[0m[90m test for NAL[0m[31m (221ms)[0m
  [32m  ‚úì[0m[90m test for NAL[0m[31m (244ms)[0m
  [32m  ‚úì[0m[90m test for NAL[0m[31m (204ms)[0m
  [32m  ‚úì[0m[90m test for NAL[0m[31m (230ms)[0m
  [32m  ‚úì[0m[90m test for NAL[0m[31m (215ms)[0m
  [31m  4) test for NAL[0m

    Events emitted during test:
    ---------------------------

    AdminRole.AdminAdded(
      account: <indexed> [33m0xB2415e8714f572c51c8BE6bb124F3df7507DED89[39m (type: address)
    )

    IERC20.Transfer(
      from: <indexed> [33m0x0000000000000000000000000000000000000000[39m (type: address),
      to: <indexed> [33m0xB2415e8714f572c51c8BE6bb124F3df7507DED89[39m (type: address),
      value: [33m2000000000000000000000000000[39m (type: uint256)
    )


    ---------------------------
  [32m  ‚úì[0m[90m test for NAL[0m[31m (239ms)[0m
  [32m  ‚úì[0m[90m test for NAL[0m[31m (264ms)[0m
  [32m  ‚úì[0m[90m test for NAL[0m[31m (235ms)[0m
  [32m  ‚úì[0m[90m test for NAL[0m[31m (249ms)[0m
  [31m  5) test for NAL[0m
    > No events were emitted
  [32m  ‚úì[0m[90m test for NAL[0m[31m (207ms)[0m
  [32m  ‚úì[0m[90m test for NAL[0m[31m (188ms)[0m
  [32m  ‚úì[0m[90m test for NAL[0m[31m (185ms)[0m
  [31m  6) test for NAL[0m

    Events emitted during test:
    ---------------------------

    AdminRole.AdminAdded(
      account: <indexed> [33m0x90C1d4012DFb3BDA0E1441642C63f24E21d83e95[39m (type: address)
    )

    IERC20.Transfer(
      from: <indexed> [33m0x0000000000000000000000000000000000000000[39m (type: address),
      to: <indexed> [33m0x90C1d4012DFb3BDA0E1441642C63f24E21d83e95[39m (type: address),
      value: [33m2000000000000000000000000000[39m (type: uint256)
    )


    ---------------------------


[92m [0m[32m 22 passing[0m[90m (8s)[0m
[31m  6 failing[0m

[0m  1) Contract: NAL
       test for NAL:
[0m[31m     Error: Invalid number of parameters for "undefined". Got 4 expected 0![0m[90m
      at Context.<anonymous> (tests/test-NAL.js:28:35)
      at processTicksAndRejections (internal/process/task_queues.js:95:5)
[0m
[0m  2) Contract: NAL
       test for NAL:
[0m[31m     TypeError: Cannot read property 'call' of undefined[0m[90m
      at Context.<anonymous> (tests/test-NAL.js:55:37)
      at processTicksAndRejections (internal/process/task_queues.js:95:5)
[0m
[0m  3) Contract: NAL
       test for NAL:
[0m[31m     TypeError: Cannot read property 'call' of undefined[0m[90m
      at Context.<anonymous> (tests/test-NAL.js:95:37)
      at processTicksAndRejections (internal/process/task_queues.js:95:5)
[0m
[0m  4) Contract: NAL
       test for NAL:
[0m[31m     AssertionError: expected promise to be rejected with 'Error' but it was fulfilled with {}[0m[90m
  
[0m
[0m  5) Contract: NAL
       test for NAL:
[0m[31m     Error: Returned error: sender account not recognized[0m[90m
      at Context.<anonymous> (tests/test-NAL.js:411:35)
      at runMicrotasks (<anonymous>)
      at processTicksAndRejections (internal/process/task_queues.js:95:5)
[0m
[0m  6) Contract: NAL
       test for NAL:
[0m[31m     AssertionError: expected promise to be rejected with 'Error' but it was fulfilled with {}[0m[90m
  
[0m


------------|----------|----------|----------|----------|----------------|
File        |  % Stmts | % Branch |  % Funcs |  % Lines |Uncovered Lines |
------------|----------|----------|----------|----------|----------------|
 contracts/ |    69.13 |    44.12 |    87.69 |    68.59 |                |
  NAL.sol   |    69.13 |    44.12 |    87.69 |    68.59 |... 610,611,612 |
------------|----------|----------|----------|----------|----------------|
All files   |    69.13 |    44.12 |    87.69 |    68.59 |                |
------------|----------|----------|----------|----------|----------------|

> Istanbul reports written to ./coverage/ and ./coverage.json
> solidity-coverage cleaning up, shutting down ganache server
Error: ‚ùå 6 test(s) failed under coverage.
    at plugin (/app/node_modules/solidity-coverage/plugins/truffle.plugin.js:121:27)
    at runMicrotasks (<anonymous>)
    at processTicksAndRejections (internal/process/task_queues.js:95:5)
Truffle v5.4.6 (core: 5.4.6)
Node v14.17.5
