
> Using Truffle library from global node_modules.

> server:            http://127.0.0.1:8555
> truffle:           v5.4.6
> ganache-core:      v2.13.0
> solidity-coverage: v0.7.17

Network Info
============
> id:      *
> port:    8555
> network: soliditycoverage


Instrumenting for coverage...
=============================

> SLTDStaking.sol

Compiling your contracts...
===========================
> Compiling ./.coverage_contracts/SLTDStaking.sol
> Artifacts written to /app/.coverage_artifacts/contracts
> Compiled successfully using:
   - solc: 0.5.16+commit.9c3226ce.Emscripten.clang


Compiling your contracts...
===========================
> Everything is up to date, there is nothing to compile.


[0m[0m
[0m  Contract: SLTDStaking[0m
  [32m  ‚úì[0m[90m test for SLTDStaking[0m[31m (1169ms)[0m
  [31m  1) test for SLTDStaking[0m

    Events emitted during test:
    ---------------------------

    Ownable.OwnershipTransferred(
      previousOwner: <indexed> [33m0x0000000000000000000000000000000000000000[39m (type: address),
      newOwner: <indexed> [33m0x7c791ef17388cD95d65E8F023fDEd9E5EafD8329[39m (type: address)
    )


    ---------------------------
  [32m  ‚úì[0m[90m test for SLTDStaking[0m[31m (167ms)[0m
  [32m  ‚úì[0m[90m test for SLTDStaking[0m[31m (204ms)[0m
  [31m  2) test for SLTDStaking[0m

    Events emitted during test:
    ---------------------------

    Ownable.OwnershipTransferred(
      previousOwner: <indexed> [33m0x0000000000000000000000000000000000000000[39m (type: address),
      newOwner: <indexed> [33m0xA57A45AD59c6BC6FECac95CBA814077556060D8a[39m (type: address)
    )


    ---------------------------
  [32m  ‚úì[0m[90m test for SLTDStaking[0m[31m (161ms)[0m
  [31m  3) test for SLTDStaking[0m

    Events emitted during test:
    ---------------------------

    Ownable.OwnershipTransferred(
      previousOwner: <indexed> [33m0x0000000000000000000000000000000000000000[39m (type: address),
      newOwner: <indexed> [33m0x7c791ef17388cD95d65E8F023fDEd9E5EafD8329[39m (type: address)
    )


    ---------------------------
  [31m  4) test for SLTDStaking[0m

    Events emitted during test:
    ---------------------------

    Ownable.OwnershipTransferred(
      previousOwner: <indexed> [33m0x0000000000000000000000000000000000000000[39m (type: address),
      newOwner: <indexed> [33m0x709BD190A4bB70B6C8074b9C2e28bB1aF687c7bc[39m (type: address)
    )


    ---------------------------
  [31m  5) test for SLTDStaking[0m

    Events emitted during test:
    ---------------------------

    Ownable.OwnershipTransferred(
      previousOwner: <indexed> [33m0x0000000000000000000000000000000000000000[39m (type: address),
      newOwner: <indexed> [33m0x2c506D39dcde7D948BE23eD08801646080e652BE[39m (type: address)
    )


    ---------------------------
  [31m  6) test for SLTDStaking[0m

    Events emitted during test:
    ---------------------------

    Ownable.OwnershipTransferred(
      previousOwner: <indexed> [33m0x0000000000000000000000000000000000000000[39m (type: address),
      newOwner: <indexed> [33m0x2c506D39dcde7D948BE23eD08801646080e652BE[39m (type: address)
    )


    ---------------------------
  [31m  7) test for SLTDStaking[0m

    Events emitted during test:
    ---------------------------

    Ownable.OwnershipTransferred(
      previousOwner: <indexed> [33m0x0000000000000000000000000000000000000000[39m (type: address),
      newOwner: <indexed> [33m0x2c506D39dcde7D948BE23eD08801646080e652BE[39m (type: address)
    )


    ---------------------------
  [31m  8) test for SLTDStaking[0m
    > No events were emitted


[92m [0m[32m 4 passing[0m[90m (4s)[0m
[31m  8 failing[0m

[0m  1) Contract: SLTDStaking
       test for SLTDStaking:
[0m[31m     AssertionError: expected promise to be rejected with 'Error' but it was fulfilled with {}[0m[90m
  
[0m
[0m  2) Contract: SLTDStaking
       test for SLTDStaking:
[0m[31m     TypeError: Cannot read property 'call' of undefined[0m[90m
      at Context.<anonymous> (tests/test-SLTDStaking.js:74:45)
      at processTicksAndRejections (internal/process/task_queues.js:95:5)
[0m
[0m  3) Contract: SLTDStaking
       test for SLTDStaking:
[0m[31m     AssertionError: expected '0x7c791ef17388cD95d65E8F023fDEd9E5EafD8329' to equal 1.4280282863809072e+48[0m[90m
      at Context.<anonymous> (tests/test-SLTDStaking.js:94:10)
      at runMicrotasks (<anonymous>)
      at processTicksAndRejections (internal/process/task_queues.js:95:5)
[0m
[0m  4) Contract: SLTDStaking
       test for SLTDStaking:
[0m[31m     AssertionError: expected promise to be rejected with 'Error' but it was fulfilled with {}[0m[90m
  
[0m
[0m  5) Contract: SLTDStaking
       test for SLTDStaking:
[0m[31m     AssertionError: expected promise to be rejected with 'Error' but it was fulfilled with {}[0m[90m
  
[0m
[0m  6) Contract: SLTDStaking
       test for SLTDStaking:
[0m[31m     AssertionError: expected promise to be rejected with 'Error' but it was fulfilled with {}[0m[90m
  
[0m
[0m  7) Contract: SLTDStaking
       test for SLTDStaking:
[0m[31m     AssertionError: expected promise to be rejected with 'Error' but it was fulfilled with {}[0m[90m
  
[0m
[0m  8) Contract: SLTDStaking
       test for SLTDStaking:
[0m[31m     Error: Returned error: sender account not recognized[0m[90m
      at Context.<anonymous> (tests/test-SLTDStaking.js:155:51)
      at runMicrotasks (<anonymous>)
      at processTicksAndRejections (internal/process/task_queues.js:95:5)
[0m


------------------|----------|----------|----------|----------|----------------|
File              |  % Stmts | % Branch |  % Funcs |  % Lines |Uncovered Lines |
------------------|----------|----------|----------|----------|----------------|
 contracts/       |    42.42 |    29.55 |    57.45 |    42.31 |                |
  SLTDStaking.sol |    42.42 |    29.55 |    57.45 |    42.31 |... 384,385,386 |
------------------|----------|----------|----------|----------|----------------|
All files         |    42.42 |    29.55 |    57.45 |    42.31 |                |
------------------|----------|----------|----------|----------|----------------|

> Istanbul reports written to ./coverage/ and ./coverage.json
> solidity-coverage cleaning up, shutting down ganache server
Error: ‚ùå 8 test(s) failed under coverage.
    at plugin (/app/node_modules/solidity-coverage/plugins/truffle.plugin.js:121:27)
    at runMicrotasks (<anonymous>)
    at processTicksAndRejections (internal/process/task_queues.js:95:5)
Truffle v5.4.6 (core: 5.4.6)
Node v14.17.5
