
> Using Truffle library from global node_modules.

> server:            http://127.0.0.1:8555
> truffle:           v5.4.6
> ganache-core:      v2.13.0
> solidity-coverage: v0.7.17

Network Info
============
> id:      *
> port:    8555
> network: soliditycoverage


Instrumenting for coverage...
=============================

> Ledgis.sol

Compiling your contracts...
===========================
> Compiling ./.coverage_contracts/Ledgis.sol
> Artifacts written to /app/.coverage_artifacts/contracts
> Compiled successfully using:
   - solc: 0.5.16+commit.9c3226ce.Emscripten.clang


Compiling your contracts...
===========================
> Everything is up to date, there is nothing to compile.


[0m[0m
[0m  Contract: Ledgis[0m
  [32m  ‚úì[0m[90m test for Ledgis[0m[31m (1057ms)[0m
  [31m  1) test for Ledgis[0m
    > No events were emitted
  [32m  ‚úì[0m[90m test for Ledgis[0m[31m (239ms)[0m
  [31m  2) test for Ledgis[0m

    Events emitted during test:
    ---------------------------

    IERC20.Transfer(
      from: <indexed> [33m0x0000000000000000000000000000000000000000[39m (type: address),
      to: <indexed> [33m0x2aF1538B8915d5D8caCC69F6F7FD4C216C08e641[39m (type: address),
      value: [33m10000000000000[39m (type: uint256)
    )


    ---------------------------
  [32m  ‚úì[0m[90m test for Ledgis[0m[31m (186ms)[0m
  [32m  ‚úì[0m[90m test for Ledgis[0m[31m (200ms)[0m
  [32m  ‚úì[0m[90m test for Ledgis[0m[31m (185ms)[0m
  [32m  ‚úì[0m[90m test for Ledgis[0m[31m (185ms)[0m
  [32m  ‚úì[0m[90m test for Ledgis[0m[31m (200ms)[0m
  [32m  ‚úì[0m[90m test for Ledgis[0m[31m (185ms)[0m
  [32m  ‚úì[0m[90m test for Ledgis[0m[31m (229ms)[0m
  [32m  ‚úì[0m[90m test for Ledgis[0m[31m (234ms)[0m
  [31m  3) test for Ledgis[0m

    Events emitted during test:
    ---------------------------

    IERC20.Transfer(
      from: <indexed> [33m0x0000000000000000000000000000000000000000[39m (type: address),
      to: <indexed> [33m0x7c1DA029Ecf2b3b0ad028Fe86a79Bc8E8937408E[39m (type: address),
      value: [33m10000000000000[39m (type: uint256)
    )


    ---------------------------
  [32m  ‚úì[0m[90m test for Ledgis[0m[31m (1105ms)[0m
  [31m  4) test for Ledgis[0m

    Events emitted during test:
    ---------------------------

    IERC20.Transfer(
      from: <indexed> [33m0x0000000000000000000000000000000000000000[39m (type: address),
      to: <indexed> [33m0x292507012389ED904241e2364f1DafEdC4d09958[39m (type: address),
      value: [33m10000000000000[39m (type: uint256)
    )


    ---------------------------
  [32m  ‚úì[0m[90m test for Ledgis[0m[31m (500ms)[0m
  [32m  ‚úì[0m[90m test for Ledgis[0m[31m (702ms)[0m
  [31m  5) test for Ledgis[0m

    Events emitted during test:
    ---------------------------

    IERC20.Transfer(
      from: <indexed> [33m0x0000000000000000000000000000000000000000[39m (type: address),
      to: <indexed> [33m0x7c1DA029Ecf2b3b0ad028Fe86a79Bc8E8937408E[39m (type: address),
      value: [33m10000000000000[39m (type: uint256)
    )


    ---------------------------
  [32m  ‚úì[0m[90m test for Ledgis[0m[31m (263ms)[0m
  [32m  ‚úì[0m[90m test for Ledgis[0m[31m (288ms)[0m
  [32m  ‚úì[0m[90m test for Ledgis[0m[31m (147ms)[0m
  [32m  ‚úì[0m[90m test for Ledgis[0m[31m (188ms)[0m
  [32m  ‚úì[0m[90m test for Ledgis[0m[31m (231ms)[0m
  [32m  ‚úì[0m[90m test for Ledgis[0m[31m (178ms)[0m
  [32m  ‚úì[0m[90m test for Ledgis[0m[31m (233ms)[0m
  [31m  6) test for Ledgis[0m

    Events emitted during test:
    ---------------------------

    IERC20.Transfer(
      from: <indexed> [33m0x0000000000000000000000000000000000000000[39m (type: address),
      to: <indexed> [33m0xA030CAE0aD4E2C0c8CEAceb32146C0c4A48B51ab[39m (type: address),
      value: [33m10000000000000[39m (type: uint256)
    )


    ---------------------------


[92m [0m[32m 20 passing[0m[90m (9s)[0m
[31m  6 failing[0m

[0m  1) Contract: Ledgis
       test for Ledgis:
[0m[31m     Error: Returned error: sender account not recognized[0m[90m
      at Context.<anonymous> (tests/test-Ledgis.js:24:41)
      at processTicksAndRejections (internal/process/task_queues.js:95:5)
[0m
[0m  2) Contract: Ledgis
       test for Ledgis:
[0m[31m     TypeError: Cannot read property 'call' of undefined[0m[90m
      at Context.<anonymous> (tests/test-Ledgis.js:53:34)
      at processTicksAndRejections (internal/process/task_queues.js:95:5)
[0m
[0m  3) Contract: Ledgis
       test for Ledgis:
[0m[31m     AssertionError: expected <BN: 6131ee33> to equal {}[0m[90m
      at Context.<anonymous> (tests/test-Ledgis.js:232:10)
      at runMicrotasks (<anonymous>)
      at processTicksAndRejections (internal/process/task_queues.js:95:5)
[0m
[0m  4) Contract: Ledgis
       test for Ledgis:
[0m[31m     AssertionError: expected <BN: 6131efb4> to equal {}[0m[90m
      at Context.<anonymous> (tests/test-Ledgis.js:260:10)
      at runMicrotasks (<anonymous>)
      at processTicksAndRejections (internal/process/task_queues.js:95:5)
[0m
[0m  5) Contract: Ledgis
       test for Ledgis:
[0m[31m     AssertionError: expected promise to be rejected with 'Error' but it was fulfilled with {}[0m[90m
  
[0m
[0m  6) Contract: Ledgis
       test for Ledgis:
[0m[31m     TypeError: Cannot read property 'call' of undefined[0m[90m
      at Context.<anonymous> (tests/test-Ledgis.js:483:44)
      at runMicrotasks (<anonymous>)
      at processTicksAndRejections (internal/process/task_queues.js:95:5)
[0m


-------------|----------|----------|----------|----------|----------------|
File         |  % Stmts | % Branch |  % Funcs |  % Lines |Uncovered Lines |
-------------|----------|----------|----------|----------|----------------|
 contracts/  |    69.05 |    41.07 |    86.67 |    67.67 |                |
  Ledgis.sol |    69.05 |    41.07 |    86.67 |    67.67 |... 521,522,524 |
-------------|----------|----------|----------|----------|----------------|
All files    |    69.05 |    41.07 |    86.67 |    67.67 |                |
-------------|----------|----------|----------|----------|----------------|

> Istanbul reports written to ./coverage/ and ./coverage.json
> solidity-coverage cleaning up, shutting down ganache server
Error: ‚ùå 6 test(s) failed under coverage.
    at plugin (/app/node_modules/solidity-coverage/plugins/truffle.plugin.js:121:27)
    at runMicrotasks (<anonymous>)
    at processTicksAndRejections (internal/process/task_queues.js:95:5)
    at runNextTicks (internal/process/task_queues.js:64:3)
    at processImmediate (internal/timers.js:437:9)
Truffle v5.4.6 (core: 5.4.6)
Node v14.17.5
