
> Using Truffle library from global node_modules.

> server:            http://127.0.0.1:8555
> truffle:           v5.4.6
> ganache-core:      v2.13.0
> solidity-coverage: v0.7.17

Network Info
============
> id:      *
> port:    8555
> network: soliditycoverage


Instrumenting for coverage...
=============================

> Revive.sol

Compiling your contracts...
===========================
> Compiling ./.coverage_contracts/Revive.sol
> Artifacts written to /app/.coverage_artifacts/contracts
> Compiled successfully using:
   - solc: 0.5.16+commit.9c3226ce.Emscripten.clang


Compiling your contracts...
===========================
> Everything is up to date, there is nothing to compile.


[0m[0m
[0m  Contract: Revive[0m
  [32m  ‚úì[0m[90m test for Revive[0m[31m (1079ms)[0m
  [32m  ‚úì[0m[90m test for Revive[0m[31m (216ms)[0m
  [32m  ‚úì[0m[90m test for Revive[0m[31m (156ms)[0m
  [32m  ‚úì[0m[90m test for Revive[0m[31m (142ms)[0m
  [32m  ‚úì[0m[90m test for Revive[0m[31m (150ms)[0m
  [31m  1) test for Revive[0m

    Events emitted during test:
    ---------------------------

    Ownable.OwnershipTransferred(
      previousOwner: <indexed> [33m0x0000000000000000000000000000000000000000[39m (type: address),
      newOwner: <indexed> [33m0x0441B70D2A64B09a065B3B1bB35A9467a23276eD[39m (type: address)
    )

    IERC20.Transfer(
      from: <indexed> [33m0x0000000000000000000000000000000000000000[39m (type: address),
      to: <indexed> [33m0x0441B70D2A64B09a065B3B1bB35A9467a23276eD[39m (type: address),
      value: [33m3000000000000000000000000000[39m (type: uint256)
    )


    ---------------------------
  [32m  ‚úì[0m[90m test for Revive[0m[31m (169ms)[0m
  [31m  2) test for Revive[0m
    > No events were emitted
  [32m  ‚úì[0m[90m test for Revive[0m[31m (218ms)[0m
  [32m  ‚úì[0m[90m test for Revive[0m[31m (225ms)[0m
  [31m  3) test for Revive[0m

    Events emitted during test:
    ---------------------------

    Ownable.OwnershipTransferred(
      previousOwner: <indexed> [33m0x0000000000000000000000000000000000000000[39m (type: address),
      newOwner: <indexed> [33m0x73748d105C704525EA04802B51b1dF05B67733Ec[39m (type: address)
    )

    IERC20.Transfer(
      from: <indexed> [33m0x0000000000000000000000000000000000000000[39m (type: address),
      to: <indexed> [33m0x73748d105C704525EA04802B51b1dF05B67733Ec[39m (type: address),
      value: [33m3000000000000000000000000000[39m (type: uint256)
    )


    ---------------------------
  [32m  ‚úì[0m[90m test for Revive[0m[31m (173ms)[0m
  [32m  ‚úì[0m[90m test for Revive[0m[31m (153ms)[0m
  [32m  ‚úì[0m[90m test for Revive[0m[31m (137ms)[0m
  [32m  ‚úì[0m[90m test for Revive[0m[31m (115ms)[0m
  [32m  ‚úì[0m[90m test for Revive[0m[31m (209ms)[0m
  [32m  ‚úì[0m[90m test for Revive[0m[31m (211ms)[0m
  [32m  ‚úì[0m[90m test for Revive[0m[31m (117ms)[0m
  [32m  ‚úì[0m[90m test for Revive[0m[31m (156ms)[0m
  [32m  ‚úì[0m[90m test for Revive[0m[31m (135ms)[0m
  [32m  ‚úì[0m[90m test for Revive[0m[31m (103ms)[0m
  [32m  ‚úì[0m[90m test for Revive[0m[31m (99ms)[0m
  [31m  4) test for Revive[0m

    Events emitted during test:
    ---------------------------

    Ownable.OwnershipTransferred(
      previousOwner: <indexed> [33m0x0000000000000000000000000000000000000000[39m (type: address),
      newOwner: <indexed> [33m0x0441B70D2A64B09a065B3B1bB35A9467a23276eD[39m (type: address)
    )

    IERC20.Transfer(
      from: <indexed> [33m0x0000000000000000000000000000000000000000[39m (type: address),
      to: <indexed> [33m0x0441B70D2A64B09a065B3B1bB35A9467a23276eD[39m (type: address),
      value: [33m3000000000000000000000000000[39m (type: uint256)
    )


    ---------------------------
  [32m  ‚úì[0m[90m test for Revive[0m[31m (112ms)[0m
  [32m  ‚úì[0m[90m test for Revive[0m[31m (100ms)[0m
  [32m  ‚úì[0m[90m test for Revive[0m[31m (979ms)[0m
  [32m  ‚úì[0m[90m test for Revive[0m[31m (118ms)[0m
  [32m  ‚úì[0m[90m test for Revive[0m[31m (125ms)[0m
  [32m  ‚úì[0m[90m test for Revive[0m[31m (105ms)[0m
  [32m  ‚úì[0m[90m test for Revive[0m[31m (118ms)[0m
  [32m  ‚úì[0m[90m test for Revive[0m[31m (172ms)[0m
  [32m  ‚úì[0m[90m test for Revive[0m[31m (119ms)[0m
  [32m  ‚úì[0m[90m test for Revive[0m[31m (142ms)[0m
  [32m  ‚úì[0m[90m test for Revive[0m[31m (134ms)[0m
  [32m  ‚úì[0m[90m test for Revive[0m[31m (125ms)[0m
  [32m  ‚úì[0m[90m test for Revive[0m[31m (133ms)[0m


[92m [0m[32m 32 passing[0m[90m (7s)[0m
[31m  4 failing[0m

[0m  1) Contract: Revive
       test for Revive:
[0m[31m     TypeError: Cannot read property 'call' of undefined[0m[90m
      at Context.<anonymous> (tests/test-Revive.js:95:40)
      at runMicrotasks (<anonymous>)
      at processTicksAndRejections (internal/process/task_queues.js:95:5)
[0m
[0m  2) Contract: Revive
       test for Revive:
[0m[31m     Error: Returned error: sender account not recognized[0m[90m
      at Context.<anonymous> (tests/test-Revive.js:114:41)
      at runMicrotasks (<anonymous>)
      at processTicksAndRejections (internal/process/task_queues.js:95:5)
[0m
[0m  3) Contract: Revive
       test for Revive:
[0m[31m     AssertionError: expected '0x73748d105C704525EA04802B51b1dF05B67733Ec' to equal 1.3193801163110047e+48[0m[90m
      at Context.<anonymous> (tests/test-Revive.js:188:10)
      at runMicrotasks (<anonymous>)
      at processTicksAndRejections (internal/process/task_queues.js:95:5)
[0m
[0m  4) Contract: Revive
       test for Revive:
[0m[31m     AssertionError: expected promise to be rejected with 'Error' but it was fulfilled with {}[0m[90m
  
[0m


-------------|----------|----------|----------|----------|----------------|
File         |  % Stmts | % Branch |  % Funcs |  % Lines |Uncovered Lines |
-------------|----------|----------|----------|----------|----------------|
 contracts/  |    60.19 |       42 |    81.58 |    60.55 |                |
  Revive.sol |    60.19 |       42 |    81.58 |    60.55 |... 700,713,718 |
-------------|----------|----------|----------|----------|----------------|
All files    |    60.19 |       42 |    81.58 |    60.55 |                |
-------------|----------|----------|----------|----------|----------------|

> Istanbul reports written to ./coverage/ and ./coverage.json
> solidity-coverage cleaning up, shutting down ganache server
Error: ‚ùå 4 test(s) failed under coverage.
    at plugin (/app/node_modules/solidity-coverage/plugins/truffle.plugin.js:121:27)
    at runMicrotasks (<anonymous>)
    at processTicksAndRejections (internal/process/task_queues.js:95:5)
Truffle v5.4.6 (core: 5.4.6)
Node v14.17.5
