
> Using Truffle library from global node_modules.

> server:            http://127.0.0.1:8555
> truffle:           v5.4.6
> ganache-core:      v2.13.0
> solidity-coverage: v0.7.17

Network Info
============
> id:      *
> port:    8555
> network: soliditycoverage


Instrumenting for coverage...
=============================

> SLTDETHlpReward.sol

Compiling your contracts...
===========================
> Compiling ./.coverage_contracts/SLTDETHlpReward.sol
> Compilation warnings encountered:

    project:/.coverage_contracts/SLTDETHlpReward.sol:351:2: Warning: Unused local variable.
(bool success, bytes memory returndata) = address(token).call(data);
 ^----------^

> Artifacts written to /app/.coverage_artifacts/contracts
> Compiled successfully using:
   - solc: 0.5.16+commit.9c3226ce.Emscripten.clang


Compiling your contracts...
===========================
> Everything is up to date, there is nothing to compile.


[0m[0m
[0m  Contract: SLTDETHlpReward[0m
  [32m  ‚úì[0m[90m test for SLTDETHlpReward[0m[31m (2113ms)[0m
  [32m  ‚úì[0m[90m test for SLTDETHlpReward[0m[31m (1031ms)[0m
  [32m  ‚úì[0m[90m test for SLTDETHlpReward[0m[31m (1007ms)[0m
  [32m  ‚úì[0m[90m test for SLTDETHlpReward[0m[31m (514ms)[0m
  [32m  ‚úì[0m[90m test for SLTDETHlpReward[0m[31m (140ms)[0m
  [31m  1) test for SLTDETHlpReward[0m

    Events emitted during test:
    ---------------------------

    Ownable.OwnershipTransferred(
      previousOwner: <indexed> [33m0x0000000000000000000000000000000000000000[39m (type: address),
      newOwner: <indexed> [33m0x2705c40ad6961A886289D3DaC990680D63844BBb[39m (type: address)
    )


    ---------------------------
  [31m  2) test for SLTDETHlpReward[0m

    Events emitted during test:
    ---------------------------

    Ownable.OwnershipTransferred(
      previousOwner: <indexed> [33m0x0000000000000000000000000000000000000000[39m (type: address),
      newOwner: <indexed> [33m0xA5c0d38b3De84DDf8fCa773711674342EAa52Ff6[39m (type: address)
    )


    ---------------------------
  [31m  3) test for SLTDETHlpReward[0m

    Events emitted during test:
    ---------------------------

    Ownable.OwnershipTransferred(
      previousOwner: <indexed> [33m0x0000000000000000000000000000000000000000[39m (type: address),
      newOwner: <indexed> [33m0xcbB38a1a811e99CBdFa8bBAbF5bE688b778C05Ce[39m (type: address)
    )


    ---------------------------
  [32m  ‚úì[0m[90m test for SLTDETHlpReward[0m[31m (132ms)[0m
  [31m  4) test for SLTDETHlpReward[0m

    Events emitted during test:
    ---------------------------

    Ownable.OwnershipTransferred(
      previousOwner: <indexed> [33m0x0000000000000000000000000000000000000000[39m (type: address),
      newOwner: <indexed> [33m0xcbB38a1a811e99CBdFa8bBAbF5bE688b778C05Ce[39m (type: address)
    )


    ---------------------------
  [32m  ‚úì[0m[90m test for SLTDETHlpReward[0m[31m (181ms)[0m
  [32m  ‚úì[0m[90m test for SLTDETHlpReward[0m[31m (172ms)[0m
  [31m  5) test for SLTDETHlpReward[0m
    > No events were emitted
  [32m  ‚úì[0m[90m test for SLTDETHlpReward[0m[31m (193ms)[0m
  [31m  6) test for SLTDETHlpReward[0m

    Events emitted during test:
    ---------------------------

    Ownable.OwnershipTransferred(
      previousOwner: <indexed> [33m0x0000000000000000000000000000000000000000[39m (type: address),
      newOwner: <indexed> [33m0xcbB38a1a811e99CBdFa8bBAbF5bE688b778C05Ce[39m (type: address)
    )


    ---------------------------
  [31m  7) test for SLTDETHlpReward[0m

    Events emitted during test:
    ---------------------------

    Ownable.OwnershipTransferred(
      previousOwner: <indexed> [33m0x0000000000000000000000000000000000000000[39m (type: address),
      newOwner: <indexed> [33m0xcbB38a1a811e99CBdFa8bBAbF5bE688b778C05Ce[39m (type: address)
    )


    ---------------------------


[92m [0m[32m 9 passing[0m[90m (7s)[0m
[31m  7 failing[0m

[0m  1) Contract: SLTDETHlpReward
       test for SLTDETHlpReward:
[0m[31m     TypeError: Cannot read property 'call' of undefined[0m[90m
      at Context.<anonymous> (tests/test-SLTDETHlpReward.js:82:49)
      at runMicrotasks (<anonymous>)
      at processTicksAndRejections (internal/process/task_queues.js:95:5)
[0m
[0m  2) Contract: SLTDETHlpReward
       test for SLTDETHlpReward:
[0m[31m     AssertionError: expected promise to be rejected with 'Error' but it was fulfilled with {}[0m[90m
  
[0m
[0m  3) Contract: SLTDETHlpReward
       test for SLTDETHlpReward:
[0m[31m     AssertionError: expected promise to be rejected with 'Error' but it was fulfilled with {}[0m[90m
  
[0m
[0m  4) Contract: SLTDETHlpReward
       test for SLTDETHlpReward:
[0m[31m     AssertionError: expected '0xcbB38a1a811e99CBdFa8bBAbF5bE688b778C05Ce' to equal 9.253882120949842e+47[0m[90m
      at Context.<anonymous> (tests/test-SLTDETHlpReward.js:125:10)
      at runMicrotasks (<anonymous>)
      at processTicksAndRejections (internal/process/task_queues.js:95:5)
[0m
[0m  5) Contract: SLTDETHlpReward
       test for SLTDETHlpReward:
[0m[31m     Error: Returned error: sender account not recognized[0m[90m
      at Context.<anonymous> (tests/test-SLTDETHlpReward.js:150:59)
      at runMicrotasks (<anonymous>)
      at processTicksAndRejections (internal/process/task_queues.js:95:5)
[0m
[0m  6) Contract: SLTDETHlpReward
       test for SLTDETHlpReward:
[0m[31m     AssertionError: expected promise to be rejected with 'Error' but it was fulfilled with {}[0m[90m
  
[0m
[0m  7) Contract: SLTDETHlpReward
       test for SLTDETHlpReward:
[0m[31m     AssertionError: expected promise to be rejected with 'Error' but it was fulfilled with {}[0m[90m
  
[0m


----------------------|----------|----------|----------|----------|----------------|
File                  |  % Stmts | % Branch |  % Funcs |  % Lines |Uncovered Lines |
----------------------|----------|----------|----------|----------|----------------|
 contracts/           |    60.58 |    43.48 |    74.47 |    62.39 |                |
  SLTDETHlpReward.sol |    60.58 |    43.48 |    74.47 |    62.39 |... 367,368,369 |
----------------------|----------|----------|----------|----------|----------------|
All files             |    60.58 |    43.48 |    74.47 |    62.39 |                |
----------------------|----------|----------|----------|----------|----------------|

> Istanbul reports written to ./coverage/ and ./coverage.json
> solidity-coverage cleaning up, shutting down ganache server
Error: ‚ùå 7 test(s) failed under coverage.
    at plugin (/app/node_modules/solidity-coverage/plugins/truffle.plugin.js:121:27)
    at runMicrotasks (<anonymous>)
    at processTicksAndRejections (internal/process/task_queues.js:95:5)
Truffle v5.4.6 (core: 5.4.6)
Node v14.17.5
