
> Using Truffle library from global node_modules.

> server:            http://127.0.0.1:8555
> truffle:           v5.4.6
> ganache-core:      v2.13.0
> solidity-coverage: v0.7.17

Network Info
============
> id:      *
> port:    8555
> network: soliditycoverage


Instrumenting for coverage...
=============================

> KPLAY.sol

Compiling your contracts...
===========================
> Compiling ./.coverage_contracts/KPLAY.sol
> Artifacts written to /app/.coverage_artifacts/contracts
> Compiled successfully using:
   - solc: 0.5.16+commit.9c3226ce.Emscripten.clang


Compiling your contracts...
===========================
> Everything is up to date, there is nothing to compile.


[0m[0m
[0m  Contract: KPLAY[0m
  [31m  1) test for KPLAY[0m

    Events emitted during test:
    ---------------------------

    IERC20.Transfer(
      from: <indexed> [33m0x0000000000000000000000000000000000000000[39m (type: address),
      to: <indexed> [33m0xA0DAAc9b89Da80a84a17e11f5382DdD84936C8BA[39m (type: address),
      value: [33m10000000000000000[39m (type: uint256)
    )


    ---------------------------
  [32m  ‚úì[0m[90m test for KPLAY[0m[31m (821ms)[0m
  [31m  2) test for KPLAY[0m
    > No events were emitted
  [32m  ‚úì[0m[90m test for KPLAY[0m[31m (218ms)[0m
  [32m  ‚úì[0m[90m test for KPLAY[0m[31m (170ms)[0m
  [31m  3) test for KPLAY[0m

    Events emitted during test:
    ---------------------------

    IERC20.Transfer(
      from: <indexed> [33m0x0000000000000000000000000000000000000000[39m (type: address),
      to: <indexed> [33m0xA0DAAc9b89Da80a84a17e11f5382DdD84936C8BA[39m (type: address),
      value: [33m10000000000000000[39m (type: uint256)
    )


    ---------------------------
  [31m  4) test for KPLAY[0m

    Events emitted during test:
    ---------------------------

    IERC20.Transfer(
      from: <indexed> [33m0x0000000000000000000000000000000000000000[39m (type: address),
      to: <indexed> [33m0xA0DAAc9b89Da80a84a17e11f5382DdD84936C8BA[39m (type: address),
      value: [33m10000000000000000[39m (type: uint256)
    )


    ---------------------------
  [32m  ‚úì[0m[90m test for KPLAY[0m[31m (509ms)[0m
  [31m  5) test for KPLAY[0m

    Events emitted during test:
    ---------------------------

    IERC20.Transfer(
      from: <indexed> [33m0x0000000000000000000000000000000000000000[39m (type: address),
      to: <indexed> [33m0xA0DAAc9b89Da80a84a17e11f5382DdD84936C8BA[39m (type: address),
      value: [33m10000000000000000[39m (type: uint256)
    )


    ---------------------------
  [32m  ‚úì[0m[90m test for KPLAY[0m[31m (187ms)[0m
  [31m  6) test for KPLAY[0m

    Events emitted during test:
    ---------------------------

    IERC20.Transfer(
      from: <indexed> [33m0x0000000000000000000000000000000000000000[39m (type: address),
      to: <indexed> [33m0xA0DAAc9b89Da80a84a17e11f5382DdD84936C8BA[39m (type: address),
      value: [33m10000000000000000[39m (type: uint256)
    )


    ---------------------------
  [32m  ‚úì[0m[90m test for KPLAY[0m[31m (175ms)[0m
  [32m  ‚úì[0m[90m test for KPLAY[0m[31m (160ms)[0m
  [32m  ‚úì[0m[90m test for KPLAY[0m[31m (147ms)[0m
  [31m  7) test for KPLAY[0m

    Events emitted during test:
    ---------------------------

    IERC20.Transfer(
      from: <indexed> [33m0x0000000000000000000000000000000000000000[39m (type: address),
      to: <indexed> [33m0xA0DAAc9b89Da80a84a17e11f5382DdD84936C8BA[39m (type: address),
      value: [33m10000000000000000[39m (type: uint256)
    )


    ---------------------------
  [31m  8) test for KPLAY[0m

    Events emitted during test:
    ---------------------------

    IERC20.Transfer(
      from: <indexed> [33m0x0000000000000000000000000000000000000000[39m (type: address),
      to: <indexed> [33m0xA0DAAc9b89Da80a84a17e11f5382DdD84936C8BA[39m (type: address),
      value: [33m10000000000000000[39m (type: uint256)
    )


    ---------------------------
  [31m  9) test for KPLAY[0m

    Events emitted during test:
    ---------------------------

    IERC20.Transfer(
      from: <indexed> [33m0x0000000000000000000000000000000000000000[39m (type: address),
      to: <indexed> [33m0xA0DAAc9b89Da80a84a17e11f5382DdD84936C8BA[39m (type: address),
      value: [33m10000000000000000[39m (type: uint256)
    )


    ---------------------------
  [32m  ‚úì[0m[90m test for KPLAY[0m[31m (176ms)[0m
  [32m  ‚úì[0m[90m test for KPLAY[0m[31m (207ms)[0m
  [31m  10) test for KPLAY[0m

    Events emitted during test:
    ---------------------------

    IERC20.Transfer(
      from: <indexed> [33m0x0000000000000000000000000000000000000000[39m (type: address),
      to: <indexed> [33m0xA0DAAc9b89Da80a84a17e11f5382DdD84936C8BA[39m (type: address),
      value: [33m10000000000000000[39m (type: uint256)
    )


    ---------------------------
  [31m  11) test for KPLAY[0m

    Events emitted during test:
    ---------------------------

    IERC20.Transfer(
      from: <indexed> [33m0x0000000000000000000000000000000000000000[39m (type: address),
      to: <indexed> [33m0xA0DAAc9b89Da80a84a17e11f5382DdD84936C8BA[39m (type: address),
      value: [33m10000000000000000[39m (type: uint256)
    )


    ---------------------------
  [32m  ‚úì[0m[90m test for KPLAY[0m[31m (178ms)[0m
  [31m  12) test for KPLAY[0m

    Events emitted during test:
    ---------------------------

    IERC20.Transfer(
      from: <indexed> [33m0x0000000000000000000000000000000000000000[39m (type: address),
      to: <indexed> [33m0xA0DAAc9b89Da80a84a17e11f5382DdD84936C8BA[39m (type: address),
      value: [33m10000000000000000[39m (type: uint256)
    )


    ---------------------------
  [32m  ‚úì[0m[90m test for KPLAY[0m[31m (188ms)[0m
  [32m  ‚úì[0m[90m test for KPLAY[0m[31m (184ms)[0m
  [32m  ‚úì[0m[90m test for KPLAY[0m[31m (155ms)[0m
  [32m  ‚úì[0m[90m test for KPLAY[0m[31m (154ms)[0m
  [32m  ‚úì[0m[90m test for KPLAY[0m[31m (159ms)[0m
  [31m  13) test for KPLAY[0m

    Events emitted during test:
    ---------------------------

    IERC20.Transfer(
      from: <indexed> [33m0x0000000000000000000000000000000000000000[39m (type: address),
      to: <indexed> [33m0xA0DAAc9b89Da80a84a17e11f5382DdD84936C8BA[39m (type: address),
      value: [33m10000000000000000[39m (type: uint256)
    )


    ---------------------------


[92m [0m[32m 16 passing[0m[90m (8s)[0m
[31m  13 failing[0m

[0m  1) Contract: KPLAY
       test for KPLAY:
[0m[31m     AssertionError: expected <BN: 6131f3f7> to equal {}[0m[90m
      at Context.<anonymous> (tests/test-KPLAY.js:17:10)
      at processTicksAndRejections (internal/process/task_queues.js:95:5)
[0m
[0m  2) Contract: KPLAY
       test for KPLAY:
[0m[31m     Error: Returned error: sender account not recognized[0m[90m
      at Context.<anonymous> (tests/test-KPLAY.js:37:39)
      at processTicksAndRejections (internal/process/task_queues.js:95:5)
[0m
[0m  3) Contract: KPLAY
       test for KPLAY:
[0m[31m     AssertionError: expected <BN: 6131f3f9> to equal {}[0m[90m
      at Context.<anonymous> (tests/test-KPLAY.js:89:10)
      at runMicrotasks (<anonymous>)
      at processTicksAndRejections (internal/process/task_queues.js:95:5)
[0m
[0m  4) Contract: KPLAY
       test for KPLAY:
[0m[31m     AssertionError: expected <BN: 6131f3f9> to equal {}[0m[90m
      at Context.<anonymous> (tests/test-KPLAY.js:99:10)
      at runMicrotasks (<anonymous>)
      at processTicksAndRejections (internal/process/task_queues.js:95:5)
[0m
[0m  5) Contract: KPLAY
       test for KPLAY:
[0m[31m     AssertionError: expected <BN: 6131f41f> to equal {}[0m[90m
      at Context.<anonymous> (tests/test-KPLAY.js:130:10)
      at runMicrotasks (<anonymous>)
      at processTicksAndRejections (internal/process/task_queues.js:95:5)
[0m
[0m  6) Contract: KPLAY
       test for KPLAY:
[0m[31m     AssertionError: expected <BN: 6131f3fb> to equal {}[0m[90m
      at Context.<anonymous> (tests/test-KPLAY.js:154:10)
      at runMicrotasks (<anonymous>)
      at processTicksAndRejections (internal/process/task_queues.js:95:5)
[0m
[0m  7) Contract: KPLAY
       test for KPLAY:
[0m[31m     AssertionError: expected <BN: 6131f3ed> to equal {}[0m[90m
      at Context.<anonymous> (tests/test-KPLAY.js:210:10)
      at runMicrotasks (<anonymous>)
      at processTicksAndRejections (internal/process/task_queues.js:95:5)
[0m
[0m  8) Contract: KPLAY
       test for KPLAY:
[0m[31m     AssertionError: expected <BN: 6131f1a3> to equal {}[0m[90m
      at Context.<anonymous> (tests/test-KPLAY.js:219:10)
      at runMicrotasks (<anonymous>)
      at processTicksAndRejections (internal/process/task_queues.js:95:5)
[0m
[0m  9) Contract: KPLAY
       test for KPLAY:
[0m[31m     AssertionError: expected <BN: 6131f3f7> to equal {}[0m[90m
      at Context.<anonymous> (tests/test-KPLAY.js:234:10)
      at runMicrotasks (<anonymous>)
      at processTicksAndRejections (internal/process/task_queues.js:95:5)
[0m
[0m  10) Contract: KPLAY
       test for KPLAY:
[0m[31m     TypeError: Cannot read property 'call' of undefined[0m[90m
      at Context.<anonymous> (tests/test-KPLAY.js:278:39)
      at runMicrotasks (<anonymous>)
      at processTicksAndRejections (internal/process/task_queues.js:95:5)
[0m
[0m  11) Contract: KPLAY
       test for KPLAY:
[0m[31m     AssertionError: expected promise to be rejected with 'Error' but it was fulfilled with {}[0m[90m
  
[0m
[0m  12) Contract: KPLAY
       test for KPLAY:
[0m[31m     AssertionError: expected <BN: 6131f7b9> to equal {}[0m[90m
      at Context.<anonymous> (tests/test-KPLAY.js:323:10)
      at runMicrotasks (<anonymous>)
      at processTicksAndRejections (internal/process/task_queues.js:95:5)
[0m
[0m  13) Contract: KPLAY
       test for KPLAY:
[0m[31m     AssertionError: expected <BN: 6131f91f> to equal {}[0m[90m
      at Context.<anonymous> (tests/test-KPLAY.js:394:10)
      at runMicrotasks (<anonymous>)
      at processTicksAndRejections (internal/process/task_queues.js:95:5)
[0m


------------|----------|----------|----------|----------|----------------|
File        |  % Stmts | % Branch |  % Funcs |  % Lines |Uncovered Lines |
------------|----------|----------|----------|----------|----------------|
 contracts/ |    66.67 |    41.07 |    84.78 |    65.38 |                |
  KPLAY.sol |    66.67 |    41.07 |    84.78 |    65.38 |... 657,658,660 |
------------|----------|----------|----------|----------|----------------|
All files   |    66.67 |    41.07 |    84.78 |    65.38 |                |
------------|----------|----------|----------|----------|----------------|

> Istanbul reports written to ./coverage/ and ./coverage.json
> solidity-coverage cleaning up, shutting down ganache server
Error: ‚ùå 13 test(s) failed under coverage.
    at plugin (/app/node_modules/solidity-coverage/plugins/truffle.plugin.js:121:27)
    at runMicrotasks (<anonymous>)
    at processTicksAndRejections (internal/process/task_queues.js:95:5)
Truffle v5.4.6 (core: 5.4.6)
Node v14.17.5
