
> Using Truffle library from global node_modules.

> server:            http://127.0.0.1:8555
> truffle:           v5.4.6
> ganache-core:      v2.13.0
> solidity-coverage: v0.7.17

Network Info
============
> id:      *
> port:    8555
> network: soliditycoverage


Instrumenting for coverage...
=============================

> KPLAY.sol

Compiling your contracts...
===========================
> Compiling ./.coverage_contracts/KPLAY.sol
> Artifacts written to /app/.coverage_artifacts/contracts
> Compiled successfully using:
   - solc: 0.5.16+commit.9c3226ce.Emscripten.clang


Compiling your contracts...
===========================
> Everything is up to date, there is nothing to compile.


[0m[0m
[0m  Contract: KPLAY[0m
  [32m  ‚úì[0m[90m test for KPLAY[0m[31m (1165ms)[0m
  [31m  1) test for KPLAY[0m

    Events emitted during test:
    ---------------------------

    IERC20.Transfer(
      from: <indexed> [33m0x0000000000000000000000000000000000000000[39m (type: address),
      to: <indexed> [33m0x2681B3582f201349957A11C5b87f30e3A4d98055[39m (type: address),
      value: [33m10000000000000000[39m (type: uint256)
    )


    ---------------------------
  [31m  2) test for KPLAY[0m
    > No events were emitted
  [31m  3) test for KPLAY[0m

    Events emitted during test:
    ---------------------------

    IERC20.Transfer(
      from: <indexed> [33m0x0000000000000000000000000000000000000000[39m (type: address),
      to: <indexed> [33m0x15F4b5430652f06c51C3A7045c91B991037E9C5a[39m (type: address),
      value: [33m10000000000000000[39m (type: uint256)
    )


    ---------------------------
  [32m  ‚úì[0m[90m test for KPLAY[0m[31m (188ms)[0m
  [32m  ‚úì[0m[90m test for KPLAY[0m[31m (204ms)[0m
  [32m  ‚úì[0m[90m test for KPLAY[0m[31m (198ms)[0m
  [31m  4) test for KPLAY[0m

    Events emitted during test:
    ---------------------------

    IERC20.Transfer(
      from: <indexed> [33m0x0000000000000000000000000000000000000000[39m (type: address),
      to: <indexed> [33m0x2681B3582f201349957A11C5b87f30e3A4d98055[39m (type: address),
      value: [33m10000000000000000[39m (type: uint256)
    )


    ---------------------------
  [32m  ‚úì[0m[90m test for KPLAY[0m[31m (229ms)[0m
  [32m  ‚úì[0m[90m test for KPLAY[0m[31m (311ms)[0m
  [32m  ‚úì[0m[90m test for KPLAY[0m[31m (383ms)[0m
  [32m  ‚úì[0m[90m test for KPLAY[0m[31m (220ms)[0m
  [32m  ‚úì[0m[90m test for KPLAY[0m[31m (239ms)[0m
  [32m  ‚úì[0m[90m test for KPLAY[0m[31m (209ms)[0m
  [32m  ‚úì[0m[90m test for KPLAY[0m[31m (210ms)[0m
  [31m  5) test for KPLAY[0m

    Events emitted during test:
    ---------------------------

    IERC20.Transfer(
      from: <indexed> [33m0x0000000000000000000000000000000000000000[39m (type: address),
      to: <indexed> [33m0x715Fe6E7FF86CB837bc2b9243ea821a23d2E853F[39m (type: address),
      value: [33m10000000000000000[39m (type: uint256)
    )


    ---------------------------
  [32m  ‚úì[0m[90m test for KPLAY[0m[31m (224ms)[0m
  [31m  6) test for KPLAY[0m

    Events emitted during test:
    ---------------------------

    IERC20.Transfer(
      from: <indexed> [33m0x0000000000000000000000000000000000000000[39m (type: address),
      to: <indexed> [33m0x715Fe6E7FF86CB837bc2b9243ea821a23d2E853F[39m (type: address),
      value: [33m10000000000000000[39m (type: uint256)
    )


    ---------------------------
  [32m  ‚úì[0m[90m test for KPLAY[0m[31m (201ms)[0m
  [32m  ‚úì[0m[90m test for KPLAY[0m[31m (282ms)[0m
  [32m  ‚úì[0m[90m test for KPLAY[0m[31m (266ms)[0m
  [32m  ‚úì[0m[90m test for KPLAY[0m[31m (275ms)[0m
  [32m  ‚úì[0m[90m test for KPLAY[0m[31m (272ms)[0m
  [31m  7) test for KPLAY[0m

    Events emitted during test:
    ---------------------------

    IERC20.Transfer(
      from: <indexed> [33m0x0000000000000000000000000000000000000000[39m (type: address),
      to: <indexed> [33m0x22c8a4E8D72fC00Ebe524527e2B7AF1D17b1B523[39m (type: address),
      value: [33m10000000000000000[39m (type: uint256)
    )


    ---------------------------
  [32m  ‚úì[0m[90m test for KPLAY[0m[31m (248ms)[0m
  [32m  ‚úì[0m[90m test for KPLAY[0m[31m (231ms)[0m
  [32m  ‚úì[0m[90m test for KPLAY[0m[31m (264ms)[0m
  [32m  ‚úì[0m[90m test for KPLAY[0m[31m (278ms)[0m


[92m [0m[32m 21 passing[0m[90m (8s)[0m
[31m  7 failing[0m

[0m  1) Contract: KPLAY
       test for KPLAY:
[0m[31m     TypeError: Cannot read property 'call' of undefined[0m[90m
      at Context.<anonymous> (tests/test-KPLAY.js:30:39)
      at processTicksAndRejections (internal/process/task_queues.js:95:5)
[0m
[0m  2) Contract: KPLAY
       test for KPLAY:
[0m[31m     Error: Returned error: sender account not recognized[0m[90m
      at Context.<anonymous> (tests/test-KPLAY.js:34:39)
      at processTicksAndRejections (internal/process/task_queues.js:95:5)
[0m
[0m  3) Contract: KPLAY
       test for KPLAY:
[0m[31m     TypeError: Cannot read property 'call' of undefined[0m[90m
      at Context.<anonymous> (tests/test-KPLAY.js:60:43)
      at processTicksAndRejections (internal/process/task_queues.js:95:5)
[0m
[0m  4) Contract: KPLAY
       test for KPLAY:
[0m[31m     AssertionError: expected <BN: 6131ed25> to equal {}[0m[90m
      at Context.<anonymous> (tests/test-KPLAY.js:111:10)
      at runMicrotasks (<anonymous>)
      at processTicksAndRejections (internal/process/task_queues.js:95:5)
[0m
[0m  5) Contract: KPLAY
       test for KPLAY:
[0m[31m     AssertionError: expected promise to be rejected with 'Error' but it was fulfilled with {}[0m[90m
  
[0m
[0m  6) Contract: KPLAY
       test for KPLAY:
[0m[31m     AssertionError: expected <BN: 6131ee15> to equal {}[0m[90m
      at Context.<anonymous> (tests/test-KPLAY.js:327:10)
      at runMicrotasks (<anonymous>)
      at processTicksAndRejections (internal/process/task_queues.js:95:5)
[0m
[0m  7) Contract: KPLAY
       test for KPLAY:
[0m[31m     AssertionError: expected promise to be rejected with 'Error' but it was fulfilled with {}[0m[90m
  
[0m


------------|----------|----------|----------|----------|----------------|
File        |  % Stmts | % Branch |  % Funcs |  % Lines |Uncovered Lines |
------------|----------|----------|----------|----------|----------------|
 contracts/ |    65.04 |    39.29 |    86.96 |    63.85 |                |
  KPLAY.sol |    65.04 |    39.29 |    86.96 |    63.85 |... 657,658,660 |
------------|----------|----------|----------|----------|----------------|
All files   |    65.04 |    39.29 |    86.96 |    63.85 |                |
------------|----------|----------|----------|----------|----------------|

> Istanbul reports written to ./coverage/ and ./coverage.json
> solidity-coverage cleaning up, shutting down ganache server
Error: ‚ùå 7 test(s) failed under coverage.
    at plugin (/app/node_modules/solidity-coverage/plugins/truffle.plugin.js:121:27)
    at runMicrotasks (<anonymous>)
    at processTicksAndRejections (internal/process/task_queues.js:95:5)
Truffle v5.4.6 (core: 5.4.6)
Node v14.17.5
