
> Using Truffle library from global node_modules.

> server:            http://127.0.0.1:8555
> truffle:           v5.4.6
> ganache-core:      v2.13.0
> solidity-coverage: v0.7.17

Network Info
============
> id:      *
> port:    8555
> network: soliditycoverage


Instrumenting for coverage...
=============================

> KPLAY.sol

Compiling your contracts...
===========================
> Compiling ./.coverage_contracts/KPLAY.sol
> Artifacts written to /app/.coverage_artifacts/contracts
> Compiled successfully using:
   - solc: 0.5.16+commit.9c3226ce.Emscripten.clang


Compiling your contracts...
===========================
> Everything is up to date, there is nothing to compile.


[0m[0m
[0m  Contract: KPLAY[0m
  [32m  ‚úì[0m[90m test for KPLAY[0m[31m (1338ms)[0m
  [31m  1) test for KPLAY[0m

    Events emitted during test:
    ---------------------------

    IERC20.Transfer(
      from: <indexed> [33m0x0000000000000000000000000000000000000000[39m (type: address),
      to: <indexed> [33m0x27a979b6cA8cBc77Bf4F763B57555c2b4ccE7Be7[39m (type: address),
      value: [33m10000000000000000[39m (type: uint256)
    )


    ---------------------------
  [31m  2) test for KPLAY[0m
    > No events were emitted
  [31m  3) test for KPLAY[0m

    Events emitted during test:
    ---------------------------

    IERC20.Transfer(
      from: <indexed> [33m0x0000000000000000000000000000000000000000[39m (type: address),
      to: <indexed> [33m0x745EAc1e5A3281c1535647F5A518fE32344c557F[39m (type: address),
      value: [33m10000000000000000[39m (type: uint256)
    )


    ---------------------------
  [32m  ‚úì[0m[90m test for KPLAY[0m[31m (247ms)[0m
  [32m  ‚úì[0m[90m test for KPLAY[0m[31m (281ms)[0m
  [32m  ‚úì[0m[90m test for KPLAY[0m[31m (199ms)[0m
  [31m  4) test for KPLAY[0m

    Events emitted during test:
    ---------------------------

    IERC20.Transfer(
      from: <indexed> [33m0x0000000000000000000000000000000000000000[39m (type: address),
      to: <indexed> [33m0x27a979b6cA8cBc77Bf4F763B57555c2b4ccE7Be7[39m (type: address),
      value: [33m10000000000000000[39m (type: uint256)
    )


    ---------------------------
  [32m  ‚úì[0m[90m test for KPLAY[0m[31m (314ms)[0m
  [32m  ‚úì[0m[90m test for KPLAY[0m[31m (308ms)[0m
  [32m  ‚úì[0m[90m test for KPLAY[0m[31m (425ms)[0m
  [32m  ‚úì[0m[90m test for KPLAY[0m[31m (262ms)[0m
  [32m  ‚úì[0m[90m test for KPLAY[0m[31m (343ms)[0m
  [32m  ‚úì[0m[90m test for KPLAY[0m[31m (256ms)[0m
  [32m  ‚úì[0m[90m test for KPLAY[0m[31m (1072ms)[0m
  [31m  5) test for KPLAY[0m

    Events emitted during test:
    ---------------------------

    IERC20.Transfer(
      from: <indexed> [33m0x0000000000000000000000000000000000000000[39m (type: address),
      to: <indexed> [33m0x3A1b60DB9cFDeaE084Fc091ba8c70219E70005b4[39m (type: address),
      value: [33m10000000000000000[39m (type: uint256)
    )


    ---------------------------
  [32m  ‚úì[0m[90m test for KPLAY[0m[31m (1671ms)[0m
  [31m  6) test for KPLAY[0m

    Events emitted during test:
    ---------------------------

    IERC20.Transfer(
      from: <indexed> [33m0x0000000000000000000000000000000000000000[39m (type: address),
      to: <indexed> [33m0x3A1b60DB9cFDeaE084Fc091ba8c70219E70005b4[39m (type: address),
      value: [33m10000000000000000[39m (type: uint256)
    )


    ---------------------------
  [32m  ‚úì[0m[90m test for KPLAY[0m[31m (1116ms)[0m
  [32m  ‚úì[0m[90m test for KPLAY[0m[31m (1000ms)[0m
  [32m  ‚úì[0m[90m test for KPLAY[0m[31m (321ms)[0m
  [32m  ‚úì[0m[90m test for KPLAY[0m[31m (227ms)[0m
  [32m  ‚úì[0m[90m test for KPLAY[0m[31m (261ms)[0m
  [31m  7) test for KPLAY[0m

    Events emitted during test:
    ---------------------------

    IERC20.Transfer(
      from: <indexed> [33m0x0000000000000000000000000000000000000000[39m (type: address),
      to: <indexed> [33m0x0e3a7E39189dc3DbDF66D69Dde8C34506CD48067[39m (type: address),
      value: [33m10000000000000000[39m (type: uint256)
    )


    ---------------------------
  [32m  ‚úì[0m[90m test for KPLAY[0m[31m (243ms)[0m
  [32m  ‚úì[0m[90m test for KPLAY[0m[31m (205ms)[0m
  [32m  ‚úì[0m[90m test for KPLAY[0m[31m (307ms)[0m
  [32m  ‚úì[0m[90m test for KPLAY[0m[31m (221ms)[0m


[92m [0m[32m 21 passing[0m[90m (14s)[0m
[31m  7 failing[0m

[0m  1) Contract: KPLAY
       test for KPLAY:
[0m[31m     TypeError: Cannot read property 'call' of undefined[0m[90m
      at Context.<anonymous> (tests/test-KPLAY.js:30:39)
      at processTicksAndRejections (internal/process/task_queues.js:95:5)
[0m
[0m  2) Contract: KPLAY
       test for KPLAY:
[0m[31m     Error: Returned error: sender account not recognized[0m[90m
      at Context.<anonymous> (tests/test-KPLAY.js:34:39)
      at processTicksAndRejections (internal/process/task_queues.js:95:5)
[0m
[0m  3) Contract: KPLAY
       test for KPLAY:
[0m[31m     TypeError: Cannot read property 'call' of undefined[0m[90m
      at Context.<anonymous> (tests/test-KPLAY.js:60:43)
      at processTicksAndRejections (internal/process/task_queues.js:95:5)
[0m
[0m  4) Contract: KPLAY
       test for KPLAY:
[0m[31m     AssertionError: expected <BN: 6131edea> to equal {}[0m[90m
      at Context.<anonymous> (tests/test-KPLAY.js:111:10)
      at runMicrotasks (<anonymous>)
      at processTicksAndRejections (internal/process/task_queues.js:95:5)
[0m
[0m  5) Contract: KPLAY
       test for KPLAY:
[0m[31m     AssertionError: expected promise to be rejected with 'Error' but it was fulfilled with {}[0m[90m
  
[0m
[0m  6) Contract: KPLAY
       test for KPLAY:
[0m[31m     AssertionError: expected <BN: 6131eedd> to equal {}[0m[90m
      at Context.<anonymous> (tests/test-KPLAY.js:327:10)
      at runMicrotasks (<anonymous>)
      at processTicksAndRejections (internal/process/task_queues.js:95:5)
[0m
[0m  7) Contract: KPLAY
       test for KPLAY:
[0m[31m     AssertionError: expected promise to be rejected with 'Error' but it was fulfilled with {}[0m[90m
  
[0m


------------|----------|----------|----------|----------|----------------|
File        |  % Stmts | % Branch |  % Funcs |  % Lines |Uncovered Lines |
------------|----------|----------|----------|----------|----------------|
 contracts/ |    65.04 |    41.07 |    86.96 |    63.85 |                |
  KPLAY.sol |    65.04 |    41.07 |    86.96 |    63.85 |... 657,658,660 |
------------|----------|----------|----------|----------|----------------|
All files   |    65.04 |    41.07 |    86.96 |    63.85 |                |
------------|----------|----------|----------|----------|----------------|

> Istanbul reports written to ./coverage/ and ./coverage.json
> solidity-coverage cleaning up, shutting down ganache server
Error: ‚ùå 7 test(s) failed under coverage.
    at plugin (/app/node_modules/solidity-coverage/plugins/truffle.plugin.js:121:27)
    at runMicrotasks (<anonymous>)
    at processTicksAndRejections (internal/process/task_queues.js:95:5)
    at runNextTicks (internal/process/task_queues.js:64:3)
    at processImmediate (internal/timers.js:437:9)
Truffle v5.4.6 (core: 5.4.6)
Node v14.17.5
