
> Using Truffle library from global node_modules.

> server:            http://127.0.0.1:8555
> truffle:           v5.4.6
> ganache-core:      v2.13.0
> solidity-coverage: v0.7.17

Network Info
============
> id:      *
> port:    8555
> network: soliditycoverage


Instrumenting for coverage...
=============================

> Token50X100.sol

Compiling your contracts...
===========================
> Compiling ./.coverage_contracts/Token50X100.sol
> Artifacts written to /app/.coverage_artifacts/contracts
> Compiled successfully using:
   - solc: 0.5.16+commit.9c3226ce.Emscripten.clang


Compiling your contracts...
===========================
> Everything is up to date, there is nothing to compile.


[0m[0m
[0m  Contract: Token50X100[0m
  [32m  ‚úì[0m[90m test for Token50X100[0m[31m (1047ms)[0m
  [31m  1) test for Token50X100[0m
    > No events were emitted
  [31m  2) test for Token50X100[0m
    > No events were emitted
  [32m  ‚úì[0m[90m test for Token50X100[0m[31m (181ms)[0m
  [31m  3) test for Token50X100[0m
    > No events were emitted
  [32m  ‚úì[0m[90m test for Token50X100[0m[31m (145ms)[0m
  [32m  ‚úì[0m[90m test for Token50X100[0m[31m (166ms)[0m
  [32m  ‚úì[0m[90m test for Token50X100[0m[31m (173ms)[0m
  [32m  ‚úì[0m[90m test for Token50X100[0m[31m (766ms)[0m
  [31m  4) test for Token50X100[0m
    > No events were emitted
  [32m  ‚úì[0m[90m test for Token50X100[0m[31m (261ms)[0m
  [32m  ‚úì[0m[90m test for Token50X100[0m[31m (141ms)[0m
  [31m  5) test for Token50X100[0m
    > No events were emitted
  [31m  6) test for Token50X100[0m
    > No events were emitted
  [32m  ‚úì[0m[90m test for Token50X100[0m[31m (165ms)[0m
  [32m  ‚úì[0m[90m test for Token50X100[0m[31m (166ms)[0m
  [31m  7) test for Token50X100[0m
    > No events were emitted
  [31m  8) test for Token50X100[0m
    > No events were emitted
  [32m  ‚úì[0m[90m test for Token50X100[0m[31m (138ms)[0m
  [32m  ‚úì[0m[90m test for Token50X100[0m[31m (145ms)[0m
  [32m  ‚úì[0m[90m test for Token50X100[0m[31m (130ms)[0m
  [32m  ‚úì[0m[90m test for Token50X100[0m[31m (112ms)[0m


[92m [0m[32m 14 passing[0m[90m (6s)[0m
[31m  8 failing[0m

[0m  1) Contract: Token50X100
       test for Token50X100:
[0m[31m     TypeError: Cannot read property 'call' of undefined[0m[90m
      at Context.<anonymous> (tests/test-Token50X100.js:46:47)
      at processTicksAndRejections (internal/process/task_queues.js:95:5)
[0m
[0m  2) Contract: Token50X100
       test for Token50X100:
[0m[31m     AssertionError: expected promise to be rejected with 'Error' but it was fulfilled with {}[0m[90m
  
[0m
[0m  3) Contract: Token50X100
       test for Token50X100:
[0m[31m     TypeError: Cannot read property 'call' of undefined[0m[90m
      at Context.<anonymous> (tests/test-Token50X100.js:97:55)
      at runMicrotasks (<anonymous>)
      at processTicksAndRejections (internal/process/task_queues.js:95:5)
[0m
[0m  4) Contract: Token50X100
       test for Token50X100:
[0m[31m     Error: Returned error: sender account not recognized[0m[90m
      at Context.<anonymous> (tests/test-Token50X100.js:187:51)
      at runMicrotasks (<anonymous>)
      at processTicksAndRejections (internal/process/task_queues.js:95:5)
[0m
[0m  5) Contract: Token50X100
       test for Token50X100:
[0m[31m     AssertionError: expected promise to be rejected with 'Error' but it was fulfilled with {}[0m[90m
  
[0m
[0m  6) Contract: Token50X100
       test for Token50X100:
[0m[31m     AssertionError: expected promise to be rejected with 'Error' but it was fulfilled with {}[0m[90m
  
[0m
[0m  7) Contract: Token50X100
       test for Token50X100:
[0m[31m     AssertionError: expected promise to be rejected with 'Error' but it was fulfilled with {}[0m[90m
  
[0m
[0m  8) Contract: Token50X100
       test for Token50X100:
[0m[31m     AssertionError: expected promise to be rejected with 'Error' but it was fulfilled with {}[0m[90m
  
[0m


------------------|----------|----------|----------|----------|----------------|
File              |  % Stmts | % Branch |  % Funcs |  % Lines |Uncovered Lines |
------------------|----------|----------|----------|----------|----------------|
 contracts/       |    34.19 |    16.28 |       60 |    36.73 |                |
  Token50X100.sol |    34.19 |    16.28 |       60 |    36.73 |... 357,359,360 |
------------------|----------|----------|----------|----------|----------------|
All files         |    34.19 |    16.28 |       60 |    36.73 |                |
------------------|----------|----------|----------|----------|----------------|

> Istanbul reports written to ./coverage/ and ./coverage.json
> solidity-coverage cleaning up, shutting down ganache server
Error: ‚ùå 8 test(s) failed under coverage.
    at plugin (/app/node_modules/solidity-coverage/plugins/truffle.plugin.js:121:27)
    at runMicrotasks (<anonymous>)
    at processTicksAndRejections (internal/process/task_queues.js:95:5)
Truffle v5.4.6 (core: 5.4.6)
Node v14.17.5
