
> Using Truffle library from global node_modules.

> server:            http://127.0.0.1:8555
> truffle:           v5.4.6
> ganache-core:      v2.13.0
> solidity-coverage: v0.7.17

Network Info
============
> id:      *
> port:    8555
> network: soliditycoverage


Instrumenting for coverage...
=============================

> Ledgis.sol

Compiling your contracts...
===========================
> Compiling ./.coverage_contracts/Ledgis.sol
> Artifacts written to /app/.coverage_artifacts/contracts
> Compiled successfully using:
   - solc: 0.5.16+commit.9c3226ce.Emscripten.clang


Compiling your contracts...
===========================
> Everything is up to date, there is nothing to compile.


[0m[0m
[0m  Contract: Ledgis[0m
  [31m  1) test for Ledgis[0m

    Events emitted during test:
    ---------------------------

    IERC20.Transfer(
      from: <indexed> [33m0x0000000000000000000000000000000000000000[39m (type: address),
      to: <indexed> [33m0xBcFc5cECc775Ea50cEe43ADac8D96e0b1449a17a[39m (type: address),
      value: [33m10000000000000[39m (type: uint256)
    )


    ---------------------------
  [31m  2) test for Ledgis[0m
    > No events were emitted
  [32m  ‚úì[0m[90m test for Ledgis[0m[31m (221ms)[0m
  [31m  3) test for Ledgis[0m

    Events emitted during test:
    ---------------------------

    IERC20.Transfer(
      from: <indexed> [33m0x0000000000000000000000000000000000000000[39m (type: address),
      to: <indexed> [33m0x4141f572FFcbcdBeE8FD95e004bEE90695F61447[39m (type: address),
      value: [33m10000000000000[39m (type: uint256)
    )


    ---------------------------
  [32m  ‚úì[0m[90m test for Ledgis[0m[31m (193ms)[0m
  [31m  4) test for Ledgis[0m

    Events emitted during test:
    ---------------------------

    IERC20.Transfer(
      from: <indexed> [33m0x0000000000000000000000000000000000000000[39m (type: address),
      to: <indexed> [33m0xBcFc5cECc775Ea50cEe43ADac8D96e0b1449a17a[39m (type: address),
      value: [33m10000000000000[39m (type: uint256)
    )


    ---------------------------
  [31m  5) test for Ledgis[0m

    Events emitted during test:
    ---------------------------

    IERC20.Transfer(
      from: <indexed> [33m0x0000000000000000000000000000000000000000[39m (type: address),
      to: <indexed> [33m0x4141f572FFcbcdBeE8FD95e004bEE90695F61447[39m (type: address),
      value: [33m10000000000000[39m (type: uint256)
    )


    ---------------------------
  [31m  6) test for Ledgis[0m

    Events emitted during test:
    ---------------------------

    IERC20.Transfer(
      from: <indexed> [33m0x0000000000000000000000000000000000000000[39m (type: address),
      to: <indexed> [33m0xBcFc5cECc775Ea50cEe43ADac8D96e0b1449a17a[39m (type: address),
      value: [33m10000000000000[39m (type: uint256)
    )


    ---------------------------
  [32m  ‚úì[0m[90m test for Ledgis[0m[31m (184ms)[0m
  [31m  7) test for Ledgis[0m

    Events emitted during test:
    ---------------------------

    IERC20.Transfer(
      from: <indexed> [33m0x0000000000000000000000000000000000000000[39m (type: address),
      to: <indexed> [33m0x4141f572FFcbcdBeE8FD95e004bEE90695F61447[39m (type: address),
      value: [33m10000000000000[39m (type: uint256)
    )


    ---------------------------
  [31m  8) test for Ledgis[0m

    Events emitted during test:
    ---------------------------

    IERC20.Transfer(
      from: <indexed> [33m0x0000000000000000000000000000000000000000[39m (type: address),
      to: <indexed> [33m0xAB54219Df3C03AA9928BAEDfF8C1700F7CFA1cB4[39m (type: address),
      value: [33m10000000000000[39m (type: uint256)
    )


    ---------------------------
  [32m  ‚úì[0m[90m test for Ledgis[0m[31m (188ms)[0m
  [32m  ‚úì[0m[90m test for Ledgis[0m[31m (152ms)[0m
  [31m  9) test for Ledgis[0m

    Events emitted during test:
    ---------------------------

    IERC20.Transfer(
      from: <indexed> [33m0x0000000000000000000000000000000000000000[39m (type: address),
      to: <indexed> [33m0x4141f572FFcbcdBeE8FD95e004bEE90695F61447[39m (type: address),
      value: [33m10000000000000[39m (type: uint256)
    )


    ---------------------------
  [32m  ‚úì[0m[90m test for Ledgis[0m[31m (196ms)[0m
  [32m  ‚úì[0m[90m test for Ledgis[0m[31m (173ms)[0m
  [32m  ‚úì[0m[90m test for Ledgis[0m[31m (213ms)[0m
  [31m  10) test for Ledgis[0m

    Events emitted during test:
    ---------------------------

    IERC20.Transfer(
      from: <indexed> [33m0x0000000000000000000000000000000000000000[39m (type: address),
      to: <indexed> [33m0x4141f572FFcbcdBeE8FD95e004bEE90695F61447[39m (type: address),
      value: [33m10000000000000[39m (type: uint256)
    )


    ---------------------------
  [31m  11) test for Ledgis[0m

    Events emitted during test:
    ---------------------------

    IERC20.Transfer(
      from: <indexed> [33m0x0000000000000000000000000000000000000000[39m (type: address),
      to: <indexed> [33m0x4141f572FFcbcdBeE8FD95e004bEE90695F61447[39m (type: address),
      value: [33m10000000000000[39m (type: uint256)
    )


    ---------------------------
  [32m  ‚úì[0m[90m test for Ledgis[0m[31m (147ms)[0m
  [32m  ‚úì[0m[90m test for Ledgis[0m[31m (174ms)[0m
  [31m  12) test for Ledgis[0m

    Events emitted during test:
    ---------------------------

    IERC20.Transfer(
      from: <indexed> [33m0x0000000000000000000000000000000000000000[39m (type: address),
      to: <indexed> [33m0x4141f572FFcbcdBeE8FD95e004bEE90695F61447[39m (type: address),
      value: [33m10000000000000[39m (type: uint256)
    )


    ---------------------------
  [31m  13) test for Ledgis[0m

    Events emitted during test:
    ---------------------------

    IERC20.Transfer(
      from: <indexed> [33m0x0000000000000000000000000000000000000000[39m (type: address),
      to: <indexed> [33m0x4141f572FFcbcdBeE8FD95e004bEE90695F61447[39m (type: address),
      value: [33m10000000000000[39m (type: uint256)
    )


    ---------------------------
  [32m  ‚úì[0m[90m test for Ledgis[0m[31m (193ms)[0m
  [32m  ‚úì[0m[90m test for Ledgis[0m[31m (216ms)[0m
  [31m  14) test for Ledgis[0m

    Events emitted during test:
    ---------------------------

    IERC20.Transfer(
      from: <indexed> [33m0x0000000000000000000000000000000000000000[39m (type: address),
      to: <indexed> [33m0xBcFc5cECc775Ea50cEe43ADac8D96e0b1449a17a[39m (type: address),
      value: [33m10000000000000[39m (type: uint256)
    )


    ---------------------------
  [32m  ‚úì[0m[90m test for Ledgis[0m[31m (219ms)[0m


[92m [0m[32m 13 passing[0m[90m (7s)[0m
[31m  14 failing[0m

[0m  1) Contract: Ledgis
       test for Ledgis:
[0m[31m     AssertionError: expected promise to be rejected with 'Error' but it was fulfilled with true[0m[90m
  
[0m
[0m  2) Contract: Ledgis
       test for Ledgis:
[0m[31m     Error: Returned error: sender account not recognized[0m[90m
      at Context.<anonymous> (tests/test-Ledgis.js:19:41)
      at processTicksAndRejections (internal/process/task_queues.js:95:5)
[0m
[0m  3) Contract: Ledgis
       test for Ledgis:
[0m[31m     AssertionError: expected promise to be rejected with 'Error' but it was fulfilled with true[0m[90m
  
[0m
[0m  4) Contract: Ledgis
       test for Ledgis:
[0m[31m     TypeError: Cannot read property 'call' of undefined[0m[90m
      at Context.<anonymous> (tests/test-Ledgis.js:82:44)
      at runMicrotasks (<anonymous>)
      at processTicksAndRejections (internal/process/task_queues.js:95:5)
[0m
[0m  5) Contract: Ledgis
       test for Ledgis:
[0m[31m     TypeError: Cannot read property 'call' of undefined[0m[90m
      at Context.<anonymous> (tests/test-Ledgis.js:109:44)
      at runMicrotasks (<anonymous>)
      at processTicksAndRejections (internal/process/task_queues.js:95:5)
[0m
[0m  6) Contract: Ledgis
       test for Ledgis:
[0m[31m     AssertionError: expected promise to be rejected with 'Error' but it was fulfilled with true[0m[90m
  
[0m
[0m  7) Contract: Ledgis
       test for Ledgis:
[0m[31m     AssertionError: expected promise to be rejected with 'Error' but it was fulfilled with true[0m[90m
  
[0m
[0m  8) Contract: Ledgis
       test for Ledgis:
[0m[31m     AssertionError: expected promise to be rejected with 'Error' but it was fulfilled with true[0m[90m
  
[0m
[0m  9) Contract: Ledgis
       test for Ledgis:
[0m[31m     AssertionError: expected <BN: 6131efab> to equal {}[0m[90m
      at Context.<anonymous> (tests/test-Ledgis.js:205:10)
      at runMicrotasks (<anonymous>)
      at processTicksAndRejections (internal/process/task_queues.js:95:5)
[0m
[0m  10) Contract: Ledgis
       test for Ledgis:
[0m[31m     AssertionError: expected <BN: 6131f285> to equal {}[0m[90m
      at Context.<anonymous> (tests/test-Ledgis.js:262:10)
      at runMicrotasks (<anonymous>)
      at processTicksAndRejections (internal/process/task_queues.js:95:5)
[0m
[0m  11) Contract: Ledgis
       test for Ledgis:
[0m[31m     AssertionError: expected <BN: 6131f5de> to equal {}[0m[90m
      at Context.<anonymous> (tests/test-Ledgis.js:284:10)
      at runMicrotasks (<anonymous>)
      at processTicksAndRejections (internal/process/task_queues.js:95:5)
[0m
[0m  12) Contract: Ledgis
       test for Ledgis:
[0m[31m     AssertionError: expected promise to be rejected with 'Error' but it was fulfilled with {}[0m[90m
  
[0m
[0m  13) Contract: Ledgis
       test for Ledgis:
[0m[31m     TypeError: Cannot read property 'call' of undefined[0m[90m
      at Context.<anonymous> (tests/test-Ledgis.js:338:44)
      at runMicrotasks (<anonymous>)
      at processTicksAndRejections (internal/process/task_queues.js:95:5)
[0m
[0m  14) Contract: Ledgis
       test for Ledgis:
[0m[31m     AssertionError: expected promise to be rejected with 'Error' but it was fulfilled with {}[0m[90m
  
[0m


-------------|----------|----------|----------|----------|----------------|
File         |  % Stmts | % Branch |  % Funcs |  % Lines |Uncovered Lines |
-------------|----------|----------|----------|----------|----------------|
 contracts/  |    76.19 |    41.07 |    88.89 |    74.44 |                |
  Ledgis.sol |    76.19 |    41.07 |    88.89 |    74.44 |... 521,522,524 |
-------------|----------|----------|----------|----------|----------------|
All files    |    76.19 |    41.07 |    88.89 |    74.44 |                |
-------------|----------|----------|----------|----------|----------------|

> Istanbul reports written to ./coverage/ and ./coverage.json
> solidity-coverage cleaning up, shutting down ganache server
Error: ‚ùå 14 test(s) failed under coverage.
    at plugin (/app/node_modules/solidity-coverage/plugins/truffle.plugin.js:121:27)
    at runMicrotasks (<anonymous>)
    at processTicksAndRejections (internal/process/task_queues.js:95:5)
Truffle v5.4.6 (core: 5.4.6)
Node v14.17.5
