
> Using Truffle library from global node_modules.

> server:            http://127.0.0.1:8555
> truffle:           v5.4.6
> ganache-core:      v2.13.0
> solidity-coverage: v0.7.17

Network Info
============
> id:      *
> port:    8555
> network: soliditycoverage


Instrumenting for coverage...
=============================

> vnxManager.sol

Compiling your contracts...
===========================
> Compiling ./.coverage_contracts/vnxManager.sol
> Artifacts written to /app/.coverage_artifacts/contracts
> Compiled successfully using:
   - solc: 0.5.16+commit.9c3226ce.Emscripten.clang


Compiling your contracts...
===========================
> Everything is up to date, there is nothing to compile.


[0m[0m
[0m  Contract: vnxManager[0m
  [32m  ‚úì[0m[90m test for vnxManager[0m[31m (1129ms)[0m
  [32m  ‚úì[0m[90m test for vnxManager[0m[31m (292ms)[0m
  [32m  ‚úì[0m[90m test for vnxManager[0m[31m (195ms)[0m
  [32m  ‚úì[0m[90m test for vnxManager[0m[31m (157ms)[0m
  [32m  ‚úì[0m[90m test for vnxManager[0m[31m (163ms)[0m
  [32m  ‚úì[0m[90m test for vnxManager[0m[31m (150ms)[0m
  [31m  1) test for vnxManager[0m

    Events emitted during test:
    ---------------------------

    Ownable.OwnershipTransferred(
      previousOwner: <indexed> [33m0x0000000000000000000000000000000000000000[39m (type: address),
      newOwner: <indexed> [33m0x4D818191295C7A02d63ac279Ab6439414f3c1084[39m (type: address)
    )

    IRBAC.RoleCreated(
      role: [33m0[39m (type: uint256)
    )

    IRBAC.BearerAdded(
      account: <indexed> [33m0x4D818191295C7A02d63ac279Ab6439414f3c1084[39m (type: address),
      role: [33m0[39m (type: uint256)
    )


    ---------------------------
  [32m  ‚úì[0m[90m test for vnxManager[0m[31m (216ms)[0m
  [31m  2) test for vnxManager[0m

    Events emitted during test:
    ---------------------------

    Ownable.OwnershipTransferred(
      previousOwner: <indexed> [33m0x0000000000000000000000000000000000000000[39m (type: address),
      newOwner: <indexed> [33m0xf7A415d3EcFD005bB0bcF4768a243aeC91960152[39m (type: address)
    )

    IRBAC.RoleCreated(
      role: [33m0[39m (type: uint256)
    )

    IRBAC.BearerAdded(
      account: <indexed> [33m0xf7A415d3EcFD005bB0bcF4768a243aeC91960152[39m (type: address),
      role: [33m0[39m (type: uint256)
    )


    ---------------------------
  [31m  3) test for vnxManager[0m

    Events emitted during test:
    ---------------------------

    Ownable.OwnershipTransferred(
      previousOwner: <indexed> [33m0x0000000000000000000000000000000000000000[39m (type: address),
      newOwner: <indexed> [33m0xf7A415d3EcFD005bB0bcF4768a243aeC91960152[39m (type: address)
    )

    IRBAC.RoleCreated(
      role: [33m0[39m (type: uint256)
    )

    IRBAC.BearerAdded(
      account: <indexed> [33m0xf7A415d3EcFD005bB0bcF4768a243aeC91960152[39m (type: address),
      role: [33m0[39m (type: uint256)
    )


    ---------------------------
  [31m  4) test for vnxManager[0m

    Events emitted during test:
    ---------------------------

    Ownable.OwnershipTransferred(
      previousOwner: <indexed> [33m0x0000000000000000000000000000000000000000[39m (type: address),
      newOwner: <indexed> [33m0xFE209A0C00107AF096d4AaAb5dEe1DEbaE6D19e5[39m (type: address)
    )

    IRBAC.RoleCreated(
      role: [33m0[39m (type: uint256)
    )

    IRBAC.BearerAdded(
      account: <indexed> [33m0xFE209A0C00107AF096d4AaAb5dEe1DEbaE6D19e5[39m (type: address),
      role: [33m0[39m (type: uint256)
    )


    ---------------------------
  [31m  5) test for vnxManager[0m
    > No events were emitted
  [32m  ‚úì[0m[90m test for vnxManager[0m[31m (166ms)[0m
  [32m  ‚úì[0m[90m test for vnxManager[0m[31m (144ms)[0m
  [32m  ‚úì[0m[90m test for vnxManager[0m[31m (135ms)[0m


[92m [0m[32m 10 passing[0m[90m (4s)[0m
[31m  5 failing[0m

[0m  1) Contract: vnxManager
       test for vnxManager:
[0m[31m     TypeError: Cannot read property 'call' of undefined[0m[90m
      at Context.<anonymous> (tests/test-vnxManager.js:115:44)
      at runMicrotasks (<anonymous>)
      at processTicksAndRejections (internal/process/task_queues.js:95:5)
[0m
[0m  2) Contract: vnxManager
       test for vnxManager:
[0m[31m     AssertionError: expected '0xf7A415d3EcFD005bB0bcF4768a243aeC91960152' to equal 4.254382579543959e+47[0m[90m
      at Context.<anonymous> (tests/test-vnxManager.js:148:10)
      at runMicrotasks (<anonymous>)
      at processTicksAndRejections (internal/process/task_queues.js:95:5)
[0m
[0m  3) Contract: vnxManager
       test for vnxManager:
[0m[31m     Error: Returned error: VM Exception while processing transaction: revert Ownable: new owner is the zero address[0m[90m
      at Context.<anonymous> (tests/test-vnxManager.js:157:68)
      at runMicrotasks (<anonymous>)
      at processTicksAndRejections (internal/process/task_queues.js:95:5)
[0m
[0m  4) Contract: vnxManager
       test for vnxManager:
[0m[31m     AssertionError: expected promise to be rejected with 'Error' but it was fulfilled with {}[0m[90m
  
[0m
[0m  5) Contract: vnxManager
       test for vnxManager:
[0m[31m     Error: Returned error: sender account not recognized[0m[90m
      at Context.<anonymous> (tests/test-vnxManager.js:180:49)
      at runMicrotasks (<anonymous>)
      at processTicksAndRejections (internal/process/task_queues.js:95:5)
[0m


-----------------|----------|----------|----------|----------|----------------|
File             |  % Stmts | % Branch |  % Funcs |  % Lines |Uncovered Lines |
-----------------|----------|----------|----------|----------|----------------|
 contracts/      |    67.44 |    46.43 |       95 |       64 |                |
  vnxManager.sol |    67.44 |    46.43 |       95 |       64 |... 305,306,307 |
-----------------|----------|----------|----------|----------|----------------|
All files        |    67.44 |    46.43 |       95 |       64 |                |
-----------------|----------|----------|----------|----------|----------------|

> Istanbul reports written to ./coverage/ and ./coverage.json
> solidity-coverage cleaning up, shutting down ganache server
Error: ‚ùå 5 test(s) failed under coverage.
    at plugin (/app/node_modules/solidity-coverage/plugins/truffle.plugin.js:121:27)
    at runMicrotasks (<anonymous>)
    at processTicksAndRejections (internal/process/task_queues.js:95:5)
Truffle v5.4.6 (core: 5.4.6)
Node v14.17.5
