
> Using Truffle library from global node_modules.

> server:            http://127.0.0.1:8555
> truffle:           v5.4.6
> ganache-core:      v2.13.0
> solidity-coverage: v0.7.17

Network Info
============
> id:      *
> port:    8555
> network: soliditycoverage


Instrumenting for coverage...
=============================

> WOLF.sol

Compiling your contracts...
===========================
> Compiling ./.coverage_contracts/WOLF.sol
> Artifacts written to /app/.coverage_artifacts/contracts
> Compiled successfully using:
   - solc: 0.5.16+commit.9c3226ce.Emscripten.clang


Compiling your contracts...
===========================
> Everything is up to date, there is nothing to compile.


[0m[0m
[0m  Contract: WOLF[0m
  [32m  ‚úì[0m[90m test for WOLF[0m[31m (1181ms)[0m
  [32m  ‚úì[0m[90m test for WOLF[0m[31m (256ms)[0m
  [31m  1) test for WOLF[0m

    Events emitted during test:
    ---------------------------

    WOLF.Transfer(
      _from: <indexed> [33m0x0000000000000000000000000000000000000000[39m (type: address),
      _to: <indexed> [33m0xe71333744c0c966edEE780A8c88cBEb337bEdD63[39m (type: address),
      _value: [33m433000000000000000000[39m (type: uint256)
    )


    ---------------------------
  [32m  ‚úì[0m[90m test for WOLF[0m[31m (148ms)[0m
  [31m  2) test for WOLF[0m
    > No events were emitted
  [32m  ‚úì[0m[90m test for WOLF[0m[31m (160ms)[0m
  [32m  ‚úì[0m[90m test for WOLF[0m[31m (152ms)[0m
  [32m  ‚úì[0m[90m test for WOLF[0m[31m (235ms)[0m
  [32m  ‚úì[0m[90m test for WOLF[0m[31m (207ms)[0m
  [31m  3) test for WOLF[0m

    Events emitted during test:
    ---------------------------

    WOLF.Transfer(
      _from: <indexed> [33m0x0000000000000000000000000000000000000000[39m (type: address),
      _to: <indexed> [33m0xB052D44fCa6348F7B2f4E6a3C91a09404b94116F[39m (type: address),
      _value: [33m975000000000000000000[39m (type: uint256)
    )


    ---------------------------


[92m [0m[32m 7 passing[0m[90m (3s)[0m
[31m  3 failing[0m

[0m  1) Contract: WOLF
       test for WOLF:
[0m[31m     AssertionError: expected promise to be rejected with 'Error' but it was fulfilled with true[0m[90m
  
[0m
[0m  2) Contract: WOLF
       test for WOLF:
[0m[31m     Error: Returned error: sender account not recognized[0m[90m
      at Context.<anonymous> (tests/test-WOLF.js:103:36)
      at processTicksAndRejections (internal/process/task_queues.js:95:5)
[0m
[0m  3) Contract: WOLF
       test for WOLF:
[0m[31m     AssertionError: expected promise to be rejected with 'Error' but it was fulfilled with true[0m[90m
  
[0m


------------|----------|----------|----------|----------|----------------|
File        |  % Stmts | % Branch |  % Funcs |  % Lines |Uncovered Lines |
------------|----------|----------|----------|----------|----------------|
 contracts/ |    73.33 |       50 |      100 |     77.5 |                |
  WOLF.sol  |    73.33 |       50 |      100 |     77.5 |... 92,94,95,97 |
------------|----------|----------|----------|----------|----------------|
All files   |    73.33 |       50 |      100 |     77.5 |                |
------------|----------|----------|----------|----------|----------------|

> Istanbul reports written to ./coverage/ and ./coverage.json
> solidity-coverage cleaning up, shutting down ganache server
Error: ‚ùå 3 test(s) failed under coverage.
    at plugin (/app/node_modules/solidity-coverage/plugins/truffle.plugin.js:121:27)
    at runMicrotasks (<anonymous>)
    at processTicksAndRejections (internal/process/task_queues.js:95:5)
Truffle v5.4.6 (core: 5.4.6)
Node v14.17.5
