
> Using Truffle library from global node_modules.

> server:            http://127.0.0.1:8555
> truffle:           v5.4.6
> ganache-core:      v2.13.0
> solidity-coverage: v0.7.17

Network Info
============
> id:      *
> port:    8555
> network: soliditycoverage


Instrumenting for coverage...
=============================

> XenoFelix.sol

Compiling your contracts...
===========================
> Compiling ./.coverage_contracts/XenoFelix.sol
> Artifacts written to /app/.coverage_artifacts/contracts
> Compiled successfully using:
   - solc: 0.5.16+commit.9c3226ce.Emscripten.clang


Compiling your contracts...
===========================
> Everything is up to date, there is nothing to compile.


[0m[0m
[0m  Contract: XenoFelix[0m
  [31m  1) test for XenoFelix[0m
    > No events were emitted
  [31m  2) test for XenoFelix[0m
    > No events were emitted
  [31m  3) test for XenoFelix[0m
    > No events were emitted
  [31m  4) test for XenoFelix[0m
    > No events were emitted
  [31m  5) test for XenoFelix[0m
    > No events were emitted
  [32m  ‚úì[0m[90m test for XenoFelix[0m[31m (927ms)[0m
  [32m  ‚úì[0m[90m test for XenoFelix[0m[31m (350ms)[0m
  [32m  ‚úì[0m[90m test for XenoFelix[0m[31m (280ms)[0m
  [31m  6) test for XenoFelix[0m

    Events emitted during test:
    ---------------------------

    PauserRole.PauserAdded(
      account: <indexed> [33m0xc638069a6e26196F0414DA61C288B5Ff3625C737[39m (type: address)
    )

    IERC20.Transfer(
      from: <indexed> [33m0x0000000000000000000000000000000000000000[39m (type: address),
      to: <indexed> [33m0xc638069a6e26196F0414DA61C288B5Ff3625C737[39m (type: address),
      value: [33m67575241477558490311638962950211767661272026515167490503089793463039165464576[39m (type: uint256)
    )


    ---------------------------
  [31m  7) test for XenoFelix[0m
    > No events were emitted
  [32m  ‚úì[0m[90m test for XenoFelix[0m[31m (243ms)[0m
  [31m  8) test for XenoFelix[0m
    > No events were emitted
  [32m  ‚úì[0m[90m test for XenoFelix[0m[31m (271ms)[0m
  [31m  9) test for XenoFelix[0m
    > No events were emitted
  [32m  ‚úì[0m[90m test for XenoFelix[0m[31m (251ms)[0m
  [32m  ‚úì[0m[90m test for XenoFelix[0m[31m (267ms)[0m
  [32m  ‚úì[0m[90m test for XenoFelix[0m[31m (256ms)[0m
  [32m  ‚úì[0m[90m test for XenoFelix[0m[31m (265ms)[0m
  [32m  ‚úì[0m[90m test for XenoFelix[0m[31m (242ms)[0m
  [32m  ‚úì[0m[90m test for XenoFelix[0m[31m (259ms)[0m
  [32m  ‚úì[0m[90m test for XenoFelix[0m[31m (294ms)[0m
  [32m  ‚úì[0m[90m test for XenoFelix[0m[31m (304ms)[0m
  [32m  ‚úì[0m[90m test for XenoFelix[0m[31m (236ms)[0m
  [31m  10) test for XenoFelix[0m

    Events emitted during test:
    ---------------------------

    PauserRole.PauserAdded(
      account: <indexed> [33m0x836e3bC82ee2F8ba5692Efd92e1892e53D1ED6Fc[39m (type: address)
    )

    IERC20.Transfer(
      from: <indexed> [33m0x0000000000000000000000000000000000000000[39m (type: address),
      to: <indexed> [33m0x836e3bC82ee2F8ba5692Efd92e1892e53D1ED6Fc[39m (type: address),
      value: [33m6372758762847200967870043639170992394292312888541056572773394822232969052160[39m (type: uint256)
    )


    ---------------------------
  [31m  11) test for XenoFelix[0m

    Events emitted during test:
    ---------------------------

    PauserRole.PauserAdded(
      account: <indexed> [33m0xc638069a6e26196F0414DA61C288B5Ff3625C737[39m (type: address)
    )

    IERC20.Transfer(
      from: <indexed> [33m0x0000000000000000000000000000000000000000[39m (type: address),
      to: <indexed> [33m0xc638069a6e26196F0414DA61C288B5Ff3625C737[39m (type: address),
      value: [33m67575241477558490311638962950211767661272026515167490503089793463039165464576[39m (type: uint256)
    )


    ---------------------------
  [31m  12) test for XenoFelix[0m

    Events emitted during test:
    ---------------------------

    PauserRole.PauserAdded(
      account: <indexed> [33m0xc638069a6e26196F0414DA61C288B5Ff3625C737[39m (type: address)
    )

    IERC20.Transfer(
      from: <indexed> [33m0x0000000000000000000000000000000000000000[39m (type: address),
      to: <indexed> [33m0xc638069a6e26196F0414DA61C288B5Ff3625C737[39m (type: address),
      value: [33m67575241477558490311638962950211767661272026515167490503089793463039165464576[39m (type: uint256)
    )


    ---------------------------
  [31m  13) test for XenoFelix[0m

    Events emitted during test:
    ---------------------------

    PauserRole.PauserAdded(
      account: <indexed> [33m0x836e3bC82ee2F8ba5692Efd92e1892e53D1ED6Fc[39m (type: address)
    )

    IERC20.Transfer(
      from: <indexed> [33m0x0000000000000000000000000000000000000000[39m (type: address),
      to: <indexed> [33m0x836e3bC82ee2F8ba5692Efd92e1892e53D1ED6Fc[39m (type: address),
      value: [33m6372758762847200967870043639170992394292312888541056572773394822232969052160[39m (type: uint256)
    )


    ---------------------------
  [32m  ‚úì[0m[90m test for XenoFelix[0m[31m (293ms)[0m


[92m [0m[32m 15 passing[0m[90m (7s)[0m
[31m  13 failing[0m

[0m  1) Contract: XenoFelix
       test for XenoFelix:
[0m[31m     Error: invalid BigNumber value (argument="value", value={"from":"0x0000000000000000000000000000000000000001"}, code=INVALID_ARGUMENT, version=bignumber/5.0.8)[0m[90m
      at Context.<anonymous> (tests/test-XenoFelix.js:11:47)
      at processTicksAndRejections (internal/process/task_queues.js:95:5)
[0m
[0m  2) Contract: XenoFelix
       test for XenoFelix:
[0m[31m     Error: invalid BigNumber value (argument="value", value={"from":"0x836e3bC82ee2F8ba5692Efd92e1892e53D1ED6Fc"}, code=INVALID_ARGUMENT, version=bignumber/5.0.8)[0m[90m
      at Context.<anonymous> (tests/test-XenoFelix.js:24:47)
      at processTicksAndRejections (internal/process/task_queues.js:95:5)
[0m
[0m  3) Contract: XenoFelix
       test for XenoFelix:
[0m[31m     Error: invalid BigNumber value (argument="value", value={"from":"0xeb5a202ed119a18917dC830D869cD78119D0ED2C"}, code=INVALID_ARGUMENT, version=bignumber/5.0.8)[0m[90m
      at Context.<anonymous> (tests/test-XenoFelix.js:37:46)
      at processTicksAndRejections (internal/process/task_queues.js:95:5)
[0m
[0m  4) Contract: XenoFelix
       test for XenoFelix:
[0m[31m     Error: Invalid number of parameters for "undefined". Got 1 expected 4![0m[90m
      at Context.<anonymous> (tests/test-XenoFelix.js:51:47)
      at processTicksAndRejections (internal/process/task_queues.js:95:5)
[0m
[0m  5) Contract: XenoFelix
       test for XenoFelix:
[0m[31m     Error: invalid BigNumber value (argument="value", value={"from":"0xFc00353b08c2a87C91cb0b99c55858e95fb5589E"}, code=INVALID_ARGUMENT, version=bignumber/5.0.8)[0m[90m
      at Context.<anonymous> (tests/test-XenoFelix.js:71:47)
      at processTicksAndRejections (internal/process/task_queues.js:95:5)
[0m
[0m  6) Contract: XenoFelix
       test for XenoFelix:
[0m[31m     TypeError: Cannot read property 'call' of undefined[0m[90m
      at Context.<anonymous> (tests/test-XenoFelix.js:169:39)
      at runMicrotasks (<anonymous>)
      at processTicksAndRejections (internal/process/task_queues.js:95:5)
[0m
[0m  7) Contract: XenoFelix
       test for XenoFelix:
[0m[31m     Error: invalid BigNumber value (argument="value", value={"from":"0xc638069a6e26196F0414DA61C288B5Ff3625C737"}, code=INVALID_ARGUMENT, version=bignumber/5.0.8)[0m[90m
      at Context.<anonymous> (tests/test-XenoFelix.js:182:47)
      at runMicrotasks (<anonymous>)
      at processTicksAndRejections (internal/process/task_queues.js:95:5)
[0m
[0m  8) Contract: XenoFelix
       test for XenoFelix:
[0m[31m     Error: invalid BigNumber value (argument="value", value={"from":"0x8cde254030AdBf3d045f956A379D20D819ba8EA1"}, code=INVALID_ARGUMENT, version=bignumber/5.0.8)[0m[90m
      at Context.<anonymous> (tests/test-XenoFelix.js:221:47)
      at runMicrotasks (<anonymous>)
      at processTicksAndRejections (internal/process/task_queues.js:95:5)
[0m
[0m  9) Contract: XenoFelix
       test for XenoFelix:
[0m[31m     Error: invalid BigNumber value (argument="value", value={"from":"0x32B3bFA51264Bf15F2E0e9F066Ff9D6025a21Cca"}, code=INVALID_ARGUMENT, version=bignumber/5.0.8)[0m[90m
      at Context.<anonymous> (tests/test-XenoFelix.js:263:47)
      at runMicrotasks (<anonymous>)
      at processTicksAndRejections (internal/process/task_queues.js:95:5)
[0m
[0m  10) Contract: XenoFelix
       test for XenoFelix:
[0m[31m     AssertionError: expected promise to be rejected with 'Error' but it was fulfilled with {}[0m[90m
  
[0m
[0m  11) Contract: XenoFelix
       test for XenoFelix:
[0m[31m     AssertionError: expected promise to be rejected with 'Error' but it was fulfilled with {}[0m[90m
  
[0m
[0m  12) Contract: XenoFelix
       test for XenoFelix:
[0m[31m     TypeError: Cannot read property 'call' of undefined[0m[90m
      at Context.<anonymous> (tests/test-XenoFelix.js:516:46)
      at runMicrotasks (<anonymous>)
      at processTicksAndRejections (internal/process/task_queues.js:95:5)
[0m
[0m  13) Contract: XenoFelix
       test for XenoFelix:
[0m[31m     AssertionError: expected promise to be rejected with 'Error' but it was fulfilled with {}[0m[90m
  
[0m


----------------|----------|----------|----------|----------|----------------|
File            |  % Stmts | % Branch |  % Funcs |  % Lines |Uncovered Lines |
----------------|----------|----------|----------|----------|----------------|
 contracts/     |    58.67 |    38.89 |     74.6 |    58.23 |                |
  XenoFelix.sol |    58.67 |    38.89 |     74.6 |    58.23 |... 617,618,622 |
----------------|----------|----------|----------|----------|----------------|
All files       |    58.67 |    38.89 |     74.6 |    58.23 |                |
----------------|----------|----------|----------|----------|----------------|

> Istanbul reports written to ./coverage/ and ./coverage.json
> solidity-coverage cleaning up, shutting down ganache server
Error: ‚ùå 13 test(s) failed under coverage.
    at plugin (/app/node_modules/solidity-coverage/plugins/truffle.plugin.js:121:27)
    at runMicrotasks (<anonymous>)
    at processTicksAndRejections (internal/process/task_queues.js:95:5)
Truffle v5.4.6 (core: 5.4.6)
Node v14.17.5
