
> Using Truffle library from global node_modules.

> server:            http://127.0.0.1:8555
> truffle:           v5.4.6
> ganache-core:      v2.13.0
> solidity-coverage: v0.7.17

Network Info
============
> id:      *
> port:    8555
> network: soliditycoverage


Instrumenting for coverage...
=============================

> QuickToken.sol

Compiling your contracts...
===========================
> Compiling ./.coverage_contracts/QuickToken.sol
> Compilation warnings encountered:

    project:/.coverage_contracts/QuickToken.sol:6:1: Warning: Experimental features are turned on. Do not use experimental features on live deployments.
pragma experimental ABIEncoderV2;
^-------------------------------^
,project:/.coverage_contracts/QuickToken.sol:593:40: Warning: Unused function parameter. Remove or comment out the variable name to silence this warning.
 ... function sub96(uint96 a, uint96 b, string memory errorMessage) internal pure returns (uint96) {c ...
                                        ^------------------------^

> Artifacts written to /app/.coverage_artifacts/contracts
> Compiled successfully using:
   - solc: 0.5.16+commit.9c3226ce.Emscripten.clang


Compiling your contracts...
===========================
> Everything is up to date, there is nothing to compile.


[0m[0m
[0m  Contract: QuickToken[0m
  [32m  ‚úì[0m[90m test for QuickToken[0m[31m (1060ms)[0m
  [32m  ‚úì[0m[90m test for QuickToken[0m[31m (325ms)[0m
  [32m  ‚úì[0m[90m test for QuickToken[0m[31m (250ms)[0m
  [31m  1) test for QuickToken[0m

    Events emitted during test:
    ---------------------------

    QuickToken.Transfer(
      from: <indexed> [33m0x0000000000000000000000000000000000000000[39m (type: address),
      to: <indexed> [33m0xCF5551a9DF2e68CeC4CE4e3515F10385aA2B1233[39m (type: address),
      amount: [33m2000000000000[39m (type: uint256)
    )

    QuickToken.MinterChanged(
      minter: [33m0x0000000000000000000000000000000000000000[39m (type: address),
      newMinter: [33m0x6E229E9d70C36cE2030667506BE0543D1AB52C1a[39m (type: address)
    )


    ---------------------------
  [31m  2) test for QuickToken[0m

    Events emitted during test:
    ---------------------------

    QuickToken.Transfer(
      from: <indexed> [33m0x0000000000000000000000000000000000000000[39m (type: address),
      to: <indexed> [33m0x45aA7C3e1a38C4c50AC0FBE6142D2384f0e8FEa4[39m (type: address),
      amount: [33m2000000000000[39m (type: uint256)
    )

    QuickToken.MinterChanged(
      minter: [33m0x0000000000000000000000000000000000000000[39m (type: address),
      newMinter: [33m0x663Cc439096ffbCB631786912c94fD25c4d2b9eC[39m (type: address)
    )


    ---------------------------
  [32m  ‚úì[0m[90m test for QuickToken[0m[31m (199ms)[0m
  [32m  ‚úì[0m[90m test for QuickToken[0m[31m (212ms)[0m
  [31m  3) test for QuickToken[0m
    > No events were emitted


[92m [0m[32m 5 passing[0m[90m (3s)[0m
[31m  3 failing[0m

[0m  1) Contract: QuickToken
       test for QuickToken:
[0m[31m     AssertionError: expected promise to be rejected with 'Error' but it was fulfilled with true[0m[90m
  
[0m
[0m  2) Contract: QuickToken
       test for QuickToken:
[0m[31m     AssertionError: expected promise to be rejected with 'Error' but it was fulfilled with true[0m[90m
  
[0m
[0m  3) Contract: QuickToken
       test for QuickToken:
[0m[31m     Error: Returned error: sender account not recognized[0m[90m
      at Context.<anonymous> (tests/test-QuickToken.js:173:49)
      at runMicrotasks (<anonymous>)
      at processTicksAndRejections (internal/process/task_queues.js:95:5)
[0m


-----------------|----------|----------|----------|----------|----------------|
File             |  % Stmts | % Branch |  % Funcs |  % Lines |Uncovered Lines |
-----------------|----------|----------|----------|----------|----------------|
 contracts/      |       72 |     37.5 |    69.57 |       72 |                |
  QuickToken.sol |       72 |     37.5 |    69.57 |       72 |... 298,364,365 |
-----------------|----------|----------|----------|----------|----------------|
All files        |       72 |     37.5 |    69.57 |       72 |                |
-----------------|----------|----------|----------|----------|----------------|

> Istanbul reports written to ./coverage/ and ./coverage.json
> solidity-coverage cleaning up, shutting down ganache server
Error: ‚ùå 3 test(s) failed under coverage.
    at plugin (/app/node_modules/solidity-coverage/plugins/truffle.plugin.js:121:27)
    at runMicrotasks (<anonymous>)
    at processTicksAndRejections (internal/process/task_queues.js:95:5)
Truffle v5.4.6 (core: 5.4.6)
Node v14.17.5
