
> Using Truffle library from global node_modules.

> server:            http://127.0.0.1:8555
> truffle:           v5.4.6
> ganache-core:      v2.13.0
> solidity-coverage: v0.7.17

Network Info
============
> id:      *
> port:    8555
> network: soliditycoverage


Instrumenting for coverage...
=============================

> vnxManager.sol

Compiling your contracts...
===========================
> Compiling ./.coverage_contracts/vnxManager.sol
> Artifacts written to /app/.coverage_artifacts/contracts
> Compiled successfully using:
   - solc: 0.5.16+commit.9c3226ce.Emscripten.clang


Compiling your contracts...
===========================
> Everything is up to date, there is nothing to compile.


[0m[0m
[0m  Contract: vnxManager[0m
  [32m  ‚úì[0m[90m test for vnxManager[0m[31m (1109ms)[0m
  [32m  ‚úì[0m[90m test for vnxManager[0m[31m (293ms)[0m
  [32m  ‚úì[0m[90m test for vnxManager[0m[31m (169ms)[0m
  [32m  ‚úì[0m[90m test for vnxManager[0m[31m (164ms)[0m
  [32m  ‚úì[0m[90m test for vnxManager[0m[31m (131ms)[0m
  [32m  ‚úì[0m[90m test for vnxManager[0m[31m (127ms)[0m
  [31m  1) test for vnxManager[0m

    Events emitted during test:
    ---------------------------

    Ownable.OwnershipTransferred(
      previousOwner: <indexed> [33m0x0000000000000000000000000000000000000000[39m (type: address),
      newOwner: <indexed> [33m0x0585b45336109F7279f63c5F897e1EdE1fF45F93[39m (type: address)
    )

    IRBAC.RoleCreated(
      role: [33m0[39m (type: uint256)
    )

    IRBAC.BearerAdded(
      account: <indexed> [33m0x0585b45336109F7279f63c5F897e1EdE1fF45F93[39m (type: address),
      role: [33m0[39m (type: uint256)
    )


    ---------------------------
  [32m  ‚úì[0m[90m test for vnxManager[0m[31m (221ms)[0m
  [31m  2) test for vnxManager[0m

    Events emitted during test:
    ---------------------------

    Ownable.OwnershipTransferred(
      previousOwner: <indexed> [33m0x0000000000000000000000000000000000000000[39m (type: address),
      newOwner: <indexed> [33m0x5B66DaD6dD0B7BE6EE882c6a7a3E126020bF49D1[39m (type: address)
    )

    IRBAC.RoleCreated(
      role: [33m0[39m (type: uint256)
    )

    IRBAC.BearerAdded(
      account: <indexed> [33m0x5B66DaD6dD0B7BE6EE882c6a7a3E126020bF49D1[39m (type: address),
      role: [33m0[39m (type: uint256)
    )


    ---------------------------
  [32m  ‚úì[0m[90m test for vnxManager[0m[31m (240ms)[0m
  [31m  3) test for vnxManager[0m

    Events emitted during test:
    ---------------------------

    Ownable.OwnershipTransferred(
      previousOwner: <indexed> [33m0x0000000000000000000000000000000000000000[39m (type: address),
      newOwner: <indexed> [33m0xA71e8e6FC017aD8De2801E3a4181B85C00851e79[39m (type: address)
    )

    IRBAC.RoleCreated(
      role: [33m0[39m (type: uint256)
    )

    IRBAC.BearerAdded(
      account: <indexed> [33m0xA71e8e6FC017aD8De2801E3a4181B85C00851e79[39m (type: address),
      role: [33m0[39m (type: uint256)
    )


    ---------------------------
  [31m  4) test for vnxManager[0m
    > No events were emitted
  [32m  ‚úì[0m[90m test for vnxManager[0m[31m (882ms)[0m
  [32m  ‚úì[0m[90m test for vnxManager[0m[31m (782ms)[0m
  [32m  ‚úì[0m[90m test for vnxManager[0m[31m (575ms)[0m


[92m [0m[32m 11 passing[0m[90m (6s)[0m
[31m  4 failing[0m

[0m  1) Contract: vnxManager
       test for vnxManager:
[0m[31m     TypeError: Cannot read property 'call' of undefined[0m[90m
      at Context.<anonymous> (tests/test-vnxManager.js:115:44)
      at runMicrotasks (<anonymous>)
      at processTicksAndRejections (internal/process/task_queues.js:95:5)
[0m
[0m  2) Contract: vnxManager
       test for vnxManager:
[0m[31m     AssertionError: expected '0x5B66DaD6dD0B7BE6EE882c6a7a3E126020bF49D1' to equal 4.254382579543959e+47[0m[90m
      at Context.<anonymous> (tests/test-vnxManager.js:148:10)
      at runMicrotasks (<anonymous>)
      at processTicksAndRejections (internal/process/task_queues.js:95:5)
[0m
[0m  3) Contract: vnxManager
       test for vnxManager:
[0m[31m     AssertionError: expected promise to be rejected with 'Error' but it was fulfilled with {}[0m[90m
  
[0m
[0m  4) Contract: vnxManager
       test for vnxManager:
[0m[31m     Error: Returned error: sender account not recognized[0m[90m
      at Context.<anonymous> (tests/test-vnxManager.js:180:49)
      at runMicrotasks (<anonymous>)
      at processTicksAndRejections (internal/process/task_queues.js:95:5)
[0m


-----------------|----------|----------|----------|----------|----------------|
File             |  % Stmts | % Branch |  % Funcs |  % Lines |Uncovered Lines |
-----------------|----------|----------|----------|----------|----------------|
 contracts/      |    71.43 |    46.15 |       95 |    67.35 |                |
  vnxManager.sol |    71.43 |    46.15 |       95 |    67.35 |... 305,306,307 |
-----------------|----------|----------|----------|----------|----------------|
All files        |    71.43 |    46.15 |       95 |    67.35 |                |
-----------------|----------|----------|----------|----------|----------------|

> Istanbul reports written to ./coverage/ and ./coverage.json
> solidity-coverage cleaning up, shutting down ganache server
Error: ‚ùå 4 test(s) failed under coverage.
    at plugin (/app/node_modules/solidity-coverage/plugins/truffle.plugin.js:121:27)
    at runMicrotasks (<anonymous>)
    at processTicksAndRejections (internal/process/task_queues.js:95:5)
Truffle v5.4.6 (core: 5.4.6)
Node v14.17.5
