
> Using Truffle library from global node_modules.

> server:            http://127.0.0.1:8555
> truffle:           v5.4.6
> ganache-core:      v2.13.0
> solidity-coverage: v0.7.17

Network Info
============
> id:      *
> port:    8555
> network: soliditycoverage


Instrumenting for coverage...
=============================

> TPA.sol

Compiling your contracts...
===========================
> Compiling ./.coverage_contracts/TPA.sol
> Artifacts written to /app/.coverage_artifacts/contracts
> Compiled successfully using:
   - solc: 0.5.16+commit.9c3226ce.Emscripten.clang


Compiling your contracts...
===========================
> Everything is up to date, there is nothing to compile.


[0m[0m
[0m  Contract: TPA[0m
  [31m  1) test for TPA[0m
    > No events were emitted
  [32m  ‚úì[0m[90m test for TPA[0m[31m (866ms)[0m
  [32m  ‚úì[0m[90m test for TPA[0m[31m (425ms)[0m
  [32m  ‚úì[0m[90m test for TPA[0m[31m (213ms)[0m
  [31m  2) test for TPA[0m

    Events emitted during test:
    ---------------------------

    AdminRole.AdminAdded(
      account: <indexed> [33m0xDfEDD9D3CB31E5e5dcB1991acCA2827E55E95F3F[39m (type: address)
    )

    IERC20.Transfer(
      from: <indexed> [33m0x0000000000000000000000000000000000000000[39m (type: address),
      to: <indexed> [33m0xDfEDD9D3CB31E5e5dcB1991acCA2827E55E95F3F[39m (type: address),
      value: [33m10000000000000000000000000000[39m (type: uint256)
    )


    ---------------------------
  [31m  3) test for TPA[0m

    Events emitted during test:
    ---------------------------

    AdminRole.AdminAdded(
      account: <indexed> [33m0xc7f4770B534b8BAAFf1BD08ebDA060753bFbfcC9[39m (type: address)
    )

    IERC20.Transfer(
      from: <indexed> [33m0x0000000000000000000000000000000000000000[39m (type: address),
      to: <indexed> [33m0xc7f4770B534b8BAAFf1BD08ebDA060753bFbfcC9[39m (type: address),
      value: [33m10000000000000000000000000000[39m (type: uint256)
    )


    ---------------------------
  [31m  4) test for TPA[0m

    Events emitted during test:
    ---------------------------

    AdminRole.AdminAdded(
      account: <indexed> [33m0xB5456e426Ff8131b8b0A53523aE0e0f91dfEBf92[39m (type: address)
    )

    IERC20.Transfer(
      from: <indexed> [33m0x0000000000000000000000000000000000000000[39m (type: address),
      to: <indexed> [33m0xB5456e426Ff8131b8b0A53523aE0e0f91dfEBf92[39m (type: address),
      value: [33m10000000000000000000000000000[39m (type: uint256)
    )


    ---------------------------
  [32m  ‚úì[0m[90m test for TPA[0m[31m (222ms)[0m
  [32m  ‚úì[0m[90m test for TPA[0m[31m (247ms)[0m
  [32m  ‚úì[0m[90m test for TPA[0m[31m (206ms)[0m
  [32m  ‚úì[0m[90m test for TPA[0m[31m (225ms)[0m
  [32m  ‚úì[0m[90m test for TPA[0m[31m (181ms)[0m
  [32m  ‚úì[0m[90m test for TPA[0m[31m (288ms)[0m
  [32m  ‚úì[0m[90m test for TPA[0m[31m (232ms)[0m
  [32m  ‚úì[0m[90m test for TPA[0m[31m (183ms)[0m
  [31m  5) test for TPA[0m
    > No events were emitted
  [32m  ‚úì[0m[90m test for TPA[0m[31m (192ms)[0m
  [32m  ‚úì[0m[90m test for TPA[0m[31m (175ms)[0m
  [32m  ‚úì[0m[90m test for TPA[0m[31m (197ms)[0m
  [32m  ‚úì[0m[90m test for TPA[0m[31m (249ms)[0m


[92m [0m[32m 15 passing[0m[90m (6s)[0m
[31m  5 failing[0m

[0m  1) Contract: TPA
       test for TPA:
[0m[31m     Error: Invalid number of parameters for "undefined". Got 4 expected 0![0m[90m
      at Context.<anonymous> (tests/test-TPA.js:11:35)
      at processTicksAndRejections (internal/process/task_queues.js:95:5)
[0m
[0m  2) Contract: TPA
       test for TPA:
[0m[31m     AssertionError: expected promise to be rejected with 'Error' but it was fulfilled with {}[0m[90m
  
[0m
[0m  3) Contract: TPA
       test for TPA:
[0m[31m     AssertionError: expected promise to be rejected with 'Error' but it was fulfilled with {}[0m[90m
  
[0m
[0m  4) Contract: TPA
       test for TPA:
[0m[31m     TypeError: Cannot read property 'call' of undefined[0m[90m
      at Context.<anonymous> (tests/test-TPA.js:112:37)
      at runMicrotasks (<anonymous>)
      at processTicksAndRejections (internal/process/task_queues.js:95:5)
[0m
[0m  5) Contract: TPA
       test for TPA:
[0m[31m     Error: Returned error: sender account not recognized[0m[90m
      at Context.<anonymous> (tests/test-TPA.js:249:35)
      at runMicrotasks (<anonymous>)
      at processTicksAndRejections (internal/process/task_queues.js:95:5)
[0m


------------|----------|----------|----------|----------|----------------|
File        |  % Stmts | % Branch |  % Funcs |  % Lines |Uncovered Lines |
------------|----------|----------|----------|----------|----------------|
 contracts/ |     65.1 |    39.71 |    84.62 |    64.74 |                |
  TPA.sol   |     65.1 |    39.71 |    84.62 |    64.74 |... 610,611,612 |
------------|----------|----------|----------|----------|----------------|
All files   |     65.1 |    39.71 |    84.62 |    64.74 |                |
------------|----------|----------|----------|----------|----------------|

> Istanbul reports written to ./coverage/ and ./coverage.json
> solidity-coverage cleaning up, shutting down ganache server
Error: ‚ùå 5 test(s) failed under coverage.
    at plugin (/app/node_modules/solidity-coverage/plugins/truffle.plugin.js:121:27)
    at runMicrotasks (<anonymous>)
    at processTicksAndRejections (internal/process/task_queues.js:95:5)
Truffle v5.4.6 (core: 5.4.6)
Node v14.17.5
