
> Using Truffle library from global node_modules.

> server:            http://127.0.0.1:8555
> truffle:           v5.4.6
> ganache-core:      v2.13.0
> solidity-coverage: v0.7.17

Network Info
============
> id:      *
> port:    8555
> network: soliditycoverage


Instrumenting for coverage...
=============================

> FrogDAOGovernanceRewards_utils.sol
> FrogDAOGovernanceRewards.sol

Compiling your contracts...
===========================
> Compiling ./.coverage_contracts/FrogDAOGovernanceRewards.sol
> Compiling ./.coverage_contracts/FrogDAOGovernanceRewards_utils.sol
> Artifacts written to /app/.coverage_artifacts/contracts
> Compiled successfully using:
   - solc: 0.5.16+commit.9c3226ce.Emscripten.clang


Compiling your contracts...
===========================
> Everything is up to date, there is nothing to compile.


[0m[0m
[0m  Contract: FrogDAOGovernanceRewards[0m
  [31m  1) test for FrogDAOGovernanceRewards[0m

    Events emitted during test:
    ---------------------------

    Ownable.OwnershipTransferred(
      previousOwner: <indexed> [33m0x0000000000000000000000000000000000000000[39m (type: address),
      newOwner: <indexed> [33m0xcf03e51Cb1080E090a86D5553c2A44E1caC86Cfd[39m (type: address)
    )


    ---------------------------
  [31m  2) test for FrogDAOGovernanceRewards[0m

    Events emitted during test:
    ---------------------------

    Ownable.OwnershipTransferred(
      previousOwner: <indexed> [33m0x0000000000000000000000000000000000000000[39m (type: address),
      newOwner: <indexed> [33m0x9c6Eac4ad5Dc6D30Df28925a4A216909854204B1[39m (type: address)
    )


    ---------------------------
  [32m  ‚úì[0m[90m test for FrogDAOGovernanceRewards[0m[31m (869ms)[0m
  [32m  ‚úì[0m[90m test for FrogDAOGovernanceRewards[0m[31m (249ms)[0m
  [31m  3) test for FrogDAOGovernanceRewards[0m

    Events emitted during test:
    ---------------------------

    Ownable.OwnershipTransferred(
      previousOwner: <indexed> [33m0x0000000000000000000000000000000000000000[39m (type: address),
      newOwner: <indexed> [33m0x7Cd207D5dBBCBeda42d4B60B5cDc754e58E4C17c[39m (type: address)
    )


    ---------------------------
  [32m  ‚úì[0m[90m test for FrogDAOGovernanceRewards[0m[31m (212ms)[0m
  [32m  ‚úì[0m[90m test for FrogDAOGovernanceRewards[0m[31m (196ms)[0m
  [32m  ‚úì[0m[90m test for FrogDAOGovernanceRewards[0m[31m (197ms)[0m
  [32m  ‚úì[0m[90m test for FrogDAOGovernanceRewards[0m[31m (250ms)[0m
  [31m  4) test for FrogDAOGovernanceRewards[0m
    > No events were emitted
  [32m  ‚úì[0m[90m test for FrogDAOGovernanceRewards[0m[31m (174ms)[0m
  [32m  ‚úì[0m[90m test for FrogDAOGovernanceRewards[0m[31m (183ms)[0m
  [32m  ‚úì[0m[90m test for FrogDAOGovernanceRewards[0m[31m (174ms)[0m


[92m [0m[32m 9 passing[0m[90m (4s)[0m
[31m  4 failing[0m

[0m  1) Contract: FrogDAOGovernanceRewards
       test for FrogDAOGovernanceRewards:
[0m[31m     TypeError: Cannot read property 'call' of undefined[0m[90m
      at Context.<anonymous> (tests/test-FrogDAOGovernanceRewards.js:19:59)
      at processTicksAndRejections (internal/process/task_queues.js:95:5)
[0m
[0m  2) Contract: FrogDAOGovernanceRewards
       test for FrogDAOGovernanceRewards:
[0m[31m     AssertionError: expected promise to be rejected with 'Error' but it was fulfilled with {}[0m[90m
  
[0m
[0m  3) Contract: FrogDAOGovernanceRewards
       test for FrogDAOGovernanceRewards:
[0m[31m     AssertionError: expected promise to be rejected with 'Error' but it was fulfilled with {}[0m[90m
  
[0m
[0m  4) Contract: FrogDAOGovernanceRewards
       test for FrogDAOGovernanceRewards:
[0m[31m     Error: Returned error: sender account not recognized[0m[90m
      at Context.<anonymous> (tests/test-FrogDAOGovernanceRewards.js:135:77)
      at runMicrotasks (<anonymous>)
      at processTicksAndRejections (internal/process/task_queues.js:95:5)
[0m


-------------------------------------|----------|----------|----------|----------|----------------|
File                                 |  % Stmts | % Branch |  % Funcs |  % Lines |Uncovered Lines |
-------------------------------------|----------|----------|----------|----------|----------------|
 contracts/                          |    46.67 |    39.29 |       56 |    46.03 |                |
  FrogDAOGovernanceRewards.sol       |    56.36 |    54.17 |    81.25 |    55.17 |... 181,201,203 |
  FrogDAOGovernanceRewards_utils.sol |    38.46 |    28.13 |    44.12 |    38.24 |... 550,555,556 |
-------------------------------------|----------|----------|----------|----------|----------------|
All files                            |    46.67 |    39.29 |       56 |    46.03 |                |
-------------------------------------|----------|----------|----------|----------|----------------|

> Istanbul reports written to ./coverage/ and ./coverage.json
> solidity-coverage cleaning up, shutting down ganache server
Error: ‚ùå 4 test(s) failed under coverage.
    at plugin (/app/node_modules/solidity-coverage/plugins/truffle.plugin.js:121:27)
    at runMicrotasks (<anonymous>)
    at processTicksAndRejections (internal/process/task_queues.js:95:5)
Truffle v5.4.6 (core: 5.4.6)
Node v14.17.5
