
> Using Truffle library from global node_modules.

> server:            http://127.0.0.1:8555
> truffle:           v5.4.6
> ganache-core:      v2.13.0
> solidity-coverage: v0.7.17

Network Info
============
> id:      *
> port:    8555
> network: soliditycoverage


Instrumenting for coverage...
=============================

> TPA.sol

Compiling your contracts...
===========================
> Compiling ./.coverage_contracts/TPA.sol
> Artifacts written to /app/.coverage_artifacts/contracts
> Compiled successfully using:
   - solc: 0.5.16+commit.9c3226ce.Emscripten.clang


Compiling your contracts...
===========================
> Everything is up to date, there is nothing to compile.


[0m[0m
[0m  Contract: TPA[0m
  [32m  ‚úì[0m[90m test for TPA[0m[31m (1108ms)[0m
  [32m  ‚úì[0m[90m test for TPA[0m[31m (294ms)[0m
  [31m  1) test for TPA[0m
    > No events were emitted
  [32m  ‚úì[0m[90m test for TPA[0m[31m (226ms)[0m
  [32m  ‚úì[0m[90m test for TPA[0m[31m (240ms)[0m
  [32m  ‚úì[0m[90m test for TPA[0m[31m (185ms)[0m
  [31m  2) test for TPA[0m

    Events emitted during test:
    ---------------------------

    AdminRole.AdminAdded(
      account: <indexed> [33m0x5EBDC95F64C73C361B9990E6E5d3C3AC6EdD30BB[39m (type: address)
    )

    IERC20.Transfer(
      from: <indexed> [33m0x0000000000000000000000000000000000000000[39m (type: address),
      to: <indexed> [33m0x5EBDC95F64C73C361B9990E6E5d3C3AC6EdD30BB[39m (type: address),
      value: [33m10000000000000000000000000000[39m (type: uint256)
    )


    ---------------------------
  [31m  3) test for TPA[0m

    Events emitted during test:
    ---------------------------

    AdminRole.AdminAdded(
      account: <indexed> [33m0xDBdA2bdCbcd8D59c0566f61Dab1A5f955a9dCf44[39m (type: address)
    )

    IERC20.Transfer(
      from: <indexed> [33m0x0000000000000000000000000000000000000000[39m (type: address),
      to: <indexed> [33m0xDBdA2bdCbcd8D59c0566f61Dab1A5f955a9dCf44[39m (type: address),
      value: [33m10000000000000000000000000000[39m (type: uint256)
    )


    ---------------------------
  [32m  ‚úì[0m[90m test for TPA[0m[31m (282ms)[0m
  [32m  ‚úì[0m[90m test for TPA[0m[31m (255ms)[0m
  [32m  ‚úì[0m[90m test for TPA[0m[31m (224ms)[0m
  [32m  ‚úì[0m[90m test for TPA[0m[31m (208ms)[0m
  [31m  4) test for TPA[0m
    > No events were emitted
  [31m  5) test for TPA[0m

    Events emitted during test:
    ---------------------------

    AdminRole.AdminAdded(
      account: <indexed> [33m0xDBdA2bdCbcd8D59c0566f61Dab1A5f955a9dCf44[39m (type: address)
    )

    IERC20.Transfer(
      from: <indexed> [33m0x0000000000000000000000000000000000000000[39m (type: address),
      to: <indexed> [33m0xDBdA2bdCbcd8D59c0566f61Dab1A5f955a9dCf44[39m (type: address),
      value: [33m10000000000000000000000000000[39m (type: uint256)
    )


    ---------------------------
  [32m  ‚úì[0m[90m test for TPA[0m[31m (197ms)[0m
  [32m  ‚úì[0m[90m test for TPA[0m[31m (236ms)[0m
  [32m  ‚úì[0m[90m test for TPA[0m[31m (216ms)[0m
  [32m  ‚úì[0m[90m test for TPA[0m[31m (197ms)[0m
  [32m  ‚úì[0m[90m test for TPA[0m[31m (183ms)[0m
  [32m  ‚úì[0m[90m test for TPA[0m[31m (149ms)[0m
  [32m  ‚úì[0m[90m test for TPA[0m[31m (194ms)[0m
  [32m  ‚úì[0m[90m test for TPA[0m[31m (182ms)[0m
  [32m  ‚úì[0m[90m test for TPA[0m[31m (181ms)[0m
  [32m  ‚úì[0m[90m test for TPA[0m[31m (177ms)[0m


[92m [0m[32m 19 passing[0m[90m (6s)[0m
[31m  5 failing[0m

[0m  1) Contract: TPA
       test for TPA:
[0m[31m     Error: Invalid number of parameters for "undefined". Got 4 expected 0![0m[90m
      at Context.<anonymous> (tests/test-TPA.js:43:35)
      at processTicksAndRejections (internal/process/task_queues.js:95:5)
[0m
[0m  2) Contract: TPA
       test for TPA:
[0m[31m     TypeError: Cannot read property 'call' of undefined[0m[90m
      at Context.<anonymous> (tests/test-TPA.js:114:37)
      at runMicrotasks (<anonymous>)
      at processTicksAndRejections (internal/process/task_queues.js:95:5)
[0m
[0m  3) Contract: TPA
       test for TPA:
[0m[31m     AssertionError: expected promise to be rejected with 'Error' but it was fulfilled with {}[0m[90m
  
[0m
[0m  4) Contract: TPA
       test for TPA:
[0m[31m     Error: Returned error: sender account not recognized[0m[90m
      at Context.<anonymous> (tests/test-TPA.js:199:34)
      at runMicrotasks (<anonymous>)
      at processTicksAndRejections (internal/process/task_queues.js:95:5)
[0m
[0m  5) Contract: TPA
       test for TPA:
[0m[31m     AssertionError: expected promise to be rejected with 'Error' but it was fulfilled with {}[0m[90m
  
[0m


------------|----------|----------|----------|----------|----------------|
File        |  % Stmts | % Branch |  % Funcs |  % Lines |Uncovered Lines |
------------|----------|----------|----------|----------|----------------|
 contracts/ |    65.77 |    44.12 |    84.62 |    65.38 |                |
  TPA.sol   |    65.77 |    44.12 |    84.62 |    65.38 |... 610,611,612 |
------------|----------|----------|----------|----------|----------------|
All files   |    65.77 |    44.12 |    84.62 |    65.38 |                |
------------|----------|----------|----------|----------|----------------|

> Istanbul reports written to ./coverage/ and ./coverage.json
> solidity-coverage cleaning up, shutting down ganache server
Error: ‚ùå 5 test(s) failed under coverage.
    at plugin (/app/node_modules/solidity-coverage/plugins/truffle.plugin.js:121:27)
    at runMicrotasks (<anonymous>)
    at processTicksAndRejections (internal/process/task_queues.js:95:5)
Truffle v5.4.6 (core: 5.4.6)
Node v14.17.5
