
> Using Truffle library from global node_modules.

> server:            http://127.0.0.1:8555
> truffle:           v5.4.6
> ganache-core:      v2.13.0
> solidity-coverage: v0.7.17

Network Info
============
> id:      *
> port:    8555
> network: soliditycoverage


Instrumenting for coverage...
=============================

> DSP.sol

Compiling your contracts...
===========================
> Compiling ./.coverage_contracts/DSP.sol
> Artifacts written to /app/.coverage_artifacts/contracts
> Compiled successfully using:
   - solc: 0.5.16+commit.9c3226ce.Emscripten.clang


Compiling your contracts...
===========================
> Everything is up to date, there is nothing to compile.


[0m[0m
[0m  Contract: DSP[0m
  [31m  1) test for DSP[0m
    > No events were emitted
  [32m  ‚úì[0m[90m test for DSP[0m[31m (731ms)[0m
  [32m  ‚úì[0m[90m test for DSP[0m[31m (268ms)[0m
  [31m  2) test for DSP[0m

    Events emitted during test:
    ---------------------------

    PauserRole.PauserAdded(
      account: <indexed> [33m0xB3bE2ECF91418fC5A35cf4551F3AC710Ed39948b[39m (type: address)
    )

    IERC20.Transfer(
      from: <indexed> [33m0x0000000000000000000000000000000000000000[39m (type: address),
      to: <indexed> [33m0xB3bE2ECF91418fC5A35cf4551F3AC710Ed39948b[39m (type: address),
      value: [33m100000000000000000000000000000[39m (type: uint256)
    )


    ---------------------------
  [31m  3) test for DSP[0m

    Events emitted during test:
    ---------------------------

    PauserRole.PauserAdded(
      account: <indexed> [33m0x93F830398Aee4f0E5e583edebC54FedEfFb73aaA[39m (type: address)
    )

    IERC20.Transfer(
      from: <indexed> [33m0x0000000000000000000000000000000000000000[39m (type: address),
      to: <indexed> [33m0x93F830398Aee4f0E5e583edebC54FedEfFb73aaA[39m (type: address),
      value: [33m100000000000000000000000000000[39m (type: uint256)
    )


    ---------------------------
  [32m  ‚úì[0m[90m test for DSP[0m[31m (199ms)[0m
  [32m  ‚úì[0m[90m test for DSP[0m[31m (185ms)[0m
  [31m  4) test for DSP[0m

    Events emitted during test:
    ---------------------------

    PauserRole.PauserAdded(
      account: <indexed> [33m0x93F830398Aee4f0E5e583edebC54FedEfFb73aaA[39m (type: address)
    )

    IERC20.Transfer(
      from: <indexed> [33m0x0000000000000000000000000000000000000000[39m (type: address),
      to: <indexed> [33m0x93F830398Aee4f0E5e583edebC54FedEfFb73aaA[39m (type: address),
      value: [33m100000000000000000000000000000[39m (type: uint256)
    )


    ---------------------------
  [31m  5) test for DSP[0m

    Events emitted during test:
    ---------------------------

    PauserRole.PauserAdded(
      account: <indexed> [33m0xa0d3dc906dB2C9834509ecF4cc4E44e4f4Fd4293[39m (type: address)
    )

    IERC20.Transfer(
      from: <indexed> [33m0x0000000000000000000000000000000000000000[39m (type: address),
      to: <indexed> [33m0xa0d3dc906dB2C9834509ecF4cc4E44e4f4Fd4293[39m (type: address),
      value: [33m100000000000000000000000000000[39m (type: uint256)
    )


    ---------------------------
  [31m  6) test for DSP[0m

    Events emitted during test:
    ---------------------------

    PauserRole.PauserAdded(
      account: <indexed> [33m0x93F830398Aee4f0E5e583edebC54FedEfFb73aaA[39m (type: address)
    )

    IERC20.Transfer(
      from: <indexed> [33m0x0000000000000000000000000000000000000000[39m (type: address),
      to: <indexed> [33m0x93F830398Aee4f0E5e583edebC54FedEfFb73aaA[39m (type: address),
      value: [33m100000000000000000000000000000[39m (type: uint256)
    )


    ---------------------------
  [31m  7) test for DSP[0m

    Events emitted during test:
    ---------------------------

    PauserRole.PauserAdded(
      account: <indexed> [33m0x93F830398Aee4f0E5e583edebC54FedEfFb73aaA[39m (type: address)
    )

    IERC20.Transfer(
      from: <indexed> [33m0x0000000000000000000000000000000000000000[39m (type: address),
      to: <indexed> [33m0x93F830398Aee4f0E5e583edebC54FedEfFb73aaA[39m (type: address),
      value: [33m100000000000000000000000000000[39m (type: uint256)
    )


    ---------------------------
  [31m  8) test for DSP[0m

    Events emitted during test:
    ---------------------------

    PauserRole.PauserAdded(
      account: <indexed> [33m0x93F830398Aee4f0E5e583edebC54FedEfFb73aaA[39m (type: address)
    )

    IERC20.Transfer(
      from: <indexed> [33m0x0000000000000000000000000000000000000000[39m (type: address),
      to: <indexed> [33m0x93F830398Aee4f0E5e583edebC54FedEfFb73aaA[39m (type: address),
      value: [33m100000000000000000000000000000[39m (type: uint256)
    )


    ---------------------------
  [32m  ‚úì[0m[90m test for DSP[0m[31m (219ms)[0m
  [32m  ‚úì[0m[90m test for DSP[0m[31m (288ms)[0m
  [31m  9) test for DSP[0m

    Events emitted during test:
    ---------------------------

    PauserRole.PauserAdded(
      account: <indexed> [33m0xa0d3dc906dB2C9834509ecF4cc4E44e4f4Fd4293[39m (type: address)
    )

    IERC20.Transfer(
      from: <indexed> [33m0x0000000000000000000000000000000000000000[39m (type: address),
      to: <indexed> [33m0xa0d3dc906dB2C9834509ecF4cc4E44e4f4Fd4293[39m (type: address),
      value: [33m100000000000000000000000000000[39m (type: uint256)
    )


    ---------------------------
  [32m  ‚úì[0m[90m test for DSP[0m[31m (228ms)[0m
  [31m  10) test for DSP[0m

    Events emitted during test:
    ---------------------------

    PauserRole.PauserAdded(
      account: <indexed> [33m0x93F830398Aee4f0E5e583edebC54FedEfFb73aaA[39m (type: address)
    )

    IERC20.Transfer(
      from: <indexed> [33m0x0000000000000000000000000000000000000000[39m (type: address),
      to: <indexed> [33m0x93F830398Aee4f0E5e583edebC54FedEfFb73aaA[39m (type: address),
      value: [33m100000000000000000000000000000[39m (type: uint256)
    )


    ---------------------------
  [31m  11) test for DSP[0m

    Events emitted during test:
    ---------------------------

    PauserRole.PauserAdded(
      account: <indexed> [33m0x93F830398Aee4f0E5e583edebC54FedEfFb73aaA[39m (type: address)
    )

    IERC20.Transfer(
      from: <indexed> [33m0x0000000000000000000000000000000000000000[39m (type: address),
      to: <indexed> [33m0x93F830398Aee4f0E5e583edebC54FedEfFb73aaA[39m (type: address),
      value: [33m100000000000000000000000000000[39m (type: uint256)
    )


    ---------------------------
  [32m  ‚úì[0m[90m test for DSP[0m[31m (191ms)[0m
  [31m  12) test for DSP[0m

    Events emitted during test:
    ---------------------------

    PauserRole.PauserAdded(
      account: <indexed> [33m0x93F830398Aee4f0E5e583edebC54FedEfFb73aaA[39m (type: address)
    )

    IERC20.Transfer(
      from: <indexed> [33m0x0000000000000000000000000000000000000000[39m (type: address),
      to: <indexed> [33m0x93F830398Aee4f0E5e583edebC54FedEfFb73aaA[39m (type: address),
      value: [33m100000000000000000000000000000[39m (type: uint256)
    )


    ---------------------------
  [32m  ‚úì[0m[90m test for DSP[0m[31m (199ms)[0m
  [32m  ‚úì[0m[90m test for DSP[0m[31m (267ms)[0m
  [31m  13) test for DSP[0m

    Events emitted during test:
    ---------------------------

    PauserRole.PauserAdded(
      account: <indexed> [33m0x93F830398Aee4f0E5e583edebC54FedEfFb73aaA[39m (type: address)
    )

    IERC20.Transfer(
      from: <indexed> [33m0x0000000000000000000000000000000000000000[39m (type: address),
      to: <indexed> [33m0x93F830398Aee4f0E5e583edebC54FedEfFb73aaA[39m (type: address),
      value: [33m100000000000000000000000000000[39m (type: uint256)
    )


    ---------------------------
  [31m  14) test for DSP[0m
    > No events were emitted
  [32m  ‚úì[0m[90m test for DSP[0m[31m (236ms)[0m
  [32m  ‚úì[0m[90m test for DSP[0m[31m (194ms)[0m


[92m [0m[32m 12 passing[0m[90m (8s)[0m
[31m  14 failing[0m

[0m  1) Contract: DSP
       test for DSP:
[0m[31m     Error: Invalid number of parameters for "undefined". Got 4 expected 0![0m[90m
      at Context.<anonymous> (tests/test-DSP.js:11:34)
      at processTicksAndRejections (internal/process/task_queues.js:95:5)
[0m
[0m  2) Contract: DSP
       test for DSP:
[0m[31m     TypeError: Cannot read property 'call' of undefined[0m[90m
      at Context.<anonymous> (tests/test-DSP.js:69:40)
      at processTicksAndRejections (internal/process/task_queues.js:95:5)
[0m
[0m  3) Contract: DSP
       test for DSP:
[0m[31m     AssertionError: expected promise to be rejected with 'Error' but it was fulfilled with true[0m[90m
  
[0m
[0m  4) Contract: DSP
       test for DSP:
[0m[31m     AssertionError: expected promise to be rejected with 'Error' but it was fulfilled with true[0m[90m
  
[0m
[0m  5) Contract: DSP
       test for DSP:
[0m[31m     AssertionError: expected promise to be rejected with 'Error' but it was fulfilled with true[0m[90m
  
[0m
[0m  6) Contract: DSP
       test for DSP:
[0m[31m     AssertionError: expected promise to be rejected with 'Error' but it was fulfilled with true[0m[90m
  
[0m
[0m  7) Contract: DSP
       test for DSP:
[0m[31m     AssertionError: expected promise to be rejected with 'Error' but it was fulfilled with true[0m[90m
  
[0m
[0m  8) Contract: DSP
       test for DSP:
[0m[31m     AssertionError: expected promise to be rejected with 'Error' but it was fulfilled with true[0m[90m
  
[0m
[0m  9) Contract: DSP
       test for DSP:
[0m[31m     AssertionError: expected promise to be rejected with 'Error' but it was fulfilled with {}[0m[90m
  
[0m
[0m  10) Contract: DSP
       test for DSP:
[0m[31m     AssertionError: expected promise to be rejected with 'Error' but it was fulfilled with true[0m[90m
  
[0m
[0m  11) Contract: DSP
       test for DSP:
[0m[31m     TypeError: Cannot read property 'call' of undefined[0m[90m
      at Context.<anonymous> (tests/test-DSP.js:290:38)
      at runMicrotasks (<anonymous>)
      at processTicksAndRejections (internal/process/task_queues.js:95:5)
[0m
[0m  12) Contract: DSP
       test for DSP:
[0m[31m     AssertionError: expected promise to be rejected with 'Error' but it was fulfilled with true[0m[90m
  
[0m
[0m  13) Contract: DSP
       test for DSP:
[0m[31m     AssertionError: expected promise to be rejected with 'Error' but it was fulfilled with true[0m[90m
  
[0m
[0m  14) Contract: DSP
       test for DSP:
[0m[31m     Error: Returned error: sender account not recognized[0m[90m
      at Context.<anonymous> (tests/test-DSP.js:365:35)
      at runMicrotasks (<anonymous>)
      at processTicksAndRejections (internal/process/task_queues.js:95:5)
[0m


------------|----------|----------|----------|----------|----------------|
File        |  % Stmts | % Branch |  % Funcs |  % Lines |Uncovered Lines |
------------|----------|----------|----------|----------|----------------|
 contracts/ |    67.32 |    40.28 |    76.56 |    66.46 |                |
  DSP.sol   |    67.32 |    40.28 |    76.56 |    66.46 |... 646,647,648 |
------------|----------|----------|----------|----------|----------------|
All files   |    67.32 |    40.28 |    76.56 |    66.46 |                |
------------|----------|----------|----------|----------|----------------|

> Istanbul reports written to ./coverage/ and ./coverage.json
> solidity-coverage cleaning up, shutting down ganache server
Error: ‚ùå 14 test(s) failed under coverage.
    at plugin (/app/node_modules/solidity-coverage/plugins/truffle.plugin.js:121:27)
    at runMicrotasks (<anonymous>)
    at processTicksAndRejections (internal/process/task_queues.js:95:5)
Truffle v5.4.6 (core: 5.4.6)
Node v14.17.5
