
> Using Truffle library from global node_modules.

> server:            http://127.0.0.1:8555
> truffle:           v5.4.6
> ganache-core:      v2.13.0
> solidity-coverage: v0.7.17

Network Info
============
> id:      *
> port:    8555
> network: soliditycoverage


Instrumenting for coverage...
=============================

> LIBERAPAY.sol

Compiling your contracts...
===========================
> Compiling ./.coverage_contracts/LIBERAPAY.sol
> Artifacts written to /app/.coverage_artifacts/contracts
> Compiled successfully using:
   - solc: 0.5.16+commit.9c3226ce.Emscripten.clang


Compiling your contracts...
===========================
> Everything is up to date, there is nothing to compile.


[0m[0m
[0m  Contract: LIBERAPAY[0m
  [31m  1) test for LIBERAPAY[0m

    Events emitted during test:
    ---------------------------

    ERC20.Transfer(
      from: <indexed> [33m0x0000000000000000000000000000000000000000[39m (type: address),
      to: <indexed> [33m0xe46BB67f0439Bd8068D49a5A0A1BaCEF5b132A77[39m (type: address),
      value: [33m3000000000000000000000000000[39m (type: uint256)
    )


    ---------------------------
  [31m  2) test for LIBERAPAY[0m

    Events emitted during test:
    ---------------------------

    ERC20.Transfer(
      from: <indexed> [33m0x0000000000000000000000000000000000000000[39m (type: address),
      to: <indexed> [33m0x85f8b0b6ba626c059344aBdc8D26a65Eb0a4B3c6[39m (type: address),
      value: [33m3000000000000000000000000000[39m (type: uint256)
    )


    ---------------------------
  [32m  ‚úì[0m[90m test for LIBERAPAY[0m[31m (809ms)[0m
  [32m  ‚úì[0m[90m test for LIBERAPAY[0m[31m (203ms)[0m
  [31m  3) test for LIBERAPAY[0m

    Events emitted during test:
    ---------------------------

    ERC20.Transfer(
      from: <indexed> [33m0x0000000000000000000000000000000000000000[39m (type: address),
      to: <indexed> [33m0x7eCb9081d996Fd130Ee0d967D5De918C00AA249f[39m (type: address),
      value: [33m3000000000000000000000000000[39m (type: uint256)
    )


    ---------------------------
  [32m  ‚úì[0m[90m test for LIBERAPAY[0m[31m (161ms)[0m
  [32m  ‚úì[0m[90m test for LIBERAPAY[0m[31m (244ms)[0m
  [31m  4) test for LIBERAPAY[0m

    Events emitted during test:
    ---------------------------

    ERC20.Transfer(
      from: <indexed> [33m0x0000000000000000000000000000000000000000[39m (type: address),
      to: <indexed> [33m0x5dc44d0610C1949F963Bc3b2A89785DaB6B11872[39m (type: address),
      value: [33m3000000000000000000000000000[39m (type: uint256)
    )


    ---------------------------
  [31m  5) test for LIBERAPAY[0m

    Events emitted during test:
    ---------------------------

    ERC20.Transfer(
      from: <indexed> [33m0x0000000000000000000000000000000000000000[39m (type: address),
      to: <indexed> [33m0xe46BB67f0439Bd8068D49a5A0A1BaCEF5b132A77[39m (type: address),
      value: [33m3000000000000000000000000000[39m (type: uint256)
    )


    ---------------------------
  [32m  ‚úì[0m[90m test for LIBERAPAY[0m[31m (185ms)[0m
  [32m  ‚úì[0m[90m test for LIBERAPAY[0m[31m (194ms)[0m
  [32m  ‚úì[0m[90m test for LIBERAPAY[0m[31m (190ms)[0m
  [32m  ‚úì[0m[90m test for LIBERAPAY[0m[31m (211ms)[0m
  [32m  ‚úì[0m[90m test for LIBERAPAY[0m[31m (179ms)[0m
  [31m  6) test for LIBERAPAY[0m

    Events emitted during test:
    ---------------------------

    ERC20.Transfer(
      from: <indexed> [33m0x0000000000000000000000000000000000000000[39m (type: address),
      to: <indexed> [33m0xe46BB67f0439Bd8068D49a5A0A1BaCEF5b132A77[39m (type: address),
      value: [33m3000000000000000000000000000[39m (type: uint256)
    )


    ---------------------------
  [32m  ‚úì[0m[90m test for LIBERAPAY[0m[31m (189ms)[0m
  [31m  7) test for LIBERAPAY[0m

    Events emitted during test:
    ---------------------------

    ERC20.Transfer(
      from: <indexed> [33m0x0000000000000000000000000000000000000000[39m (type: address),
      to: <indexed> [33m0xe46BB67f0439Bd8068D49a5A0A1BaCEF5b132A77[39m (type: address),
      value: [33m3000000000000000000000000000[39m (type: uint256)
    )


    ---------------------------
  [31m  8) test for LIBERAPAY[0m
    > No events were emitted
  [32m  ‚úì[0m[90m test for LIBERAPAY[0m[31m (154ms)[0m
  [31m  9) test for LIBERAPAY[0m

    Events emitted during test:
    ---------------------------

    ERC20.Transfer(
      from: <indexed> [33m0x0000000000000000000000000000000000000000[39m (type: address),
      to: <indexed> [33m0x5dc44d0610C1949F963Bc3b2A89785DaB6B11872[39m (type: address),
      value: [33m3000000000000000000000000000[39m (type: uint256)
    )


    ---------------------------
  [32m  ‚úì[0m[90m test for LIBERAPAY[0m[31m (195ms)[0m
  [32m  ‚úì[0m[90m test for LIBERAPAY[0m[31m (158ms)[0m
  [32m  ‚úì[0m[90m test for LIBERAPAY[0m[31m (180ms)[0m
  [31m  10) test for LIBERAPAY[0m

    Events emitted during test:
    ---------------------------

    ERC20.Transfer(
      from: <indexed> [33m0x0000000000000000000000000000000000000000[39m (type: address),
      to: <indexed> [33m0xe46BB67f0439Bd8068D49a5A0A1BaCEF5b132A77[39m (type: address),
      value: [33m3000000000000000000000000000[39m (type: uint256)
    )


    ---------------------------


[92m [0m[32m 14 passing[0m[90m (7s)[0m
[31m  10 failing[0m

[0m  1) Contract: LIBERAPAY
       test for LIBERAPAY:
[0m[31m     TypeError: Cannot read property 'call' of undefined[0m[90m
      at Context.<anonymous> (tests/test-LIBERAPAY.js:16:43)
      at processTicksAndRejections (internal/process/task_queues.js:95:5)
[0m
[0m  2) Contract: LIBERAPAY
       test for LIBERAPAY:
[0m[31m     AssertionError: expected <BN: 6131f145> to equal {}[0m[90m
      at Context.<anonymous> (tests/test-LIBERAPAY.js:34:10)
      at processTicksAndRejections (internal/process/task_queues.js:95:5)
[0m
[0m  3) Contract: LIBERAPAY
       test for LIBERAPAY:
[0m[31m     TypeError: Cannot read property 'call' of undefined[0m[90m
      at Context.<anonymous> (tests/test-LIBERAPAY.js:69:45)
      at runMicrotasks (<anonymous>)
      at processTicksAndRejections (internal/process/task_queues.js:95:5)
[0m
[0m  4) Contract: LIBERAPAY
       test for LIBERAPAY:
[0m[31m     AssertionError: expected <BN: 6131f147> to equal {}[0m[90m
      at Context.<anonymous> (tests/test-LIBERAPAY.js:118:10)
      at runMicrotasks (<anonymous>)
      at processTicksAndRejections (internal/process/task_queues.js:95:5)
[0m
[0m  5) Contract: LIBERAPAY
       test for LIBERAPAY:
[0m[31m     AssertionError: expected promise to be rejected with 'Error' but it was fulfilled with { Object (0, 1, ...) }[0m[90m
  
[0m
[0m  6) Contract: LIBERAPAY
       test for LIBERAPAY:
[0m[31m     AssertionError: expected promise to be rejected with 'Error' but it was fulfilled with { Object (0, 1, ...) }[0m[90m
  
[0m
[0m  7) Contract: LIBERAPAY
       test for LIBERAPAY:
[0m[31m     TypeError: Cannot read property 'call' of undefined[0m[90m
      at Context.<anonymous> (tests/test-LIBERAPAY.js:258:46)
      at runMicrotasks (<anonymous>)
      at processTicksAndRejections (internal/process/task_queues.js:95:5)
[0m
[0m  8) Contract: LIBERAPAY
       test for LIBERAPAY:
[0m[31m     Error: Returned error: sender account not recognized[0m[90m
      at Context.<anonymous> (tests/test-LIBERAPAY.js:262:46)
      at runMicrotasks (<anonymous>)
      at processTicksAndRejections (internal/process/task_queues.js:95:5)
[0m
[0m  9) Contract: LIBERAPAY
       test for LIBERAPAY:
[0m[31m     AssertionError: expected promise to be rejected with 'Error' but it was fulfilled with {}[0m[90m
  
[0m
[0m  10) Contract: LIBERAPAY
       test for LIBERAPAY:
[0m[31m     AssertionError: expected promise to be rejected with 'Error' but it was fulfilled with { Object (0, 1, ...) }[0m[90m
  
[0m


----------------|----------|----------|----------|----------|----------------|
File            |  % Stmts | % Branch |  % Funcs |  % Lines |Uncovered Lines |
----------------|----------|----------|----------|----------|----------------|
 contracts/     |    54.29 |    38.57 |    74.36 |    53.74 |                |
  LIBERAPAY.sol |    54.29 |    38.57 |    74.36 |    53.74 |... 404,405,409 |
----------------|----------|----------|----------|----------|----------------|
All files       |    54.29 |    38.57 |    74.36 |    53.74 |                |
----------------|----------|----------|----------|----------|----------------|

> Istanbul reports written to ./coverage/ and ./coverage.json
> solidity-coverage cleaning up, shutting down ganache server
Error: ‚ùå 10 test(s) failed under coverage.
    at plugin (/app/node_modules/solidity-coverage/plugins/truffle.plugin.js:121:27)
    at runMicrotasks (<anonymous>)
    at processTicksAndRejections (internal/process/task_queues.js:95:5)
    at runNextTicks (internal/process/task_queues.js:64:3)
    at processImmediate (internal/timers.js:437:9)
Truffle v5.4.6 (core: 5.4.6)
Node v14.17.5
