
> Using Truffle library from global node_modules.

> server:            http://127.0.0.1:8555
> truffle:           v5.4.6
> ganache-core:      v2.13.0
> solidity-coverage: v0.7.17

Network Info
============
> id:      *
> port:    8555
> network: soliditycoverage


Instrumenting for coverage...
=============================

> vnxManager.sol

Compiling your contracts...
===========================
> Compiling ./.coverage_contracts/vnxManager.sol
> Artifacts written to /app/.coverage_artifacts/contracts
> Compiled successfully using:
   - solc: 0.5.16+commit.9c3226ce.Emscripten.clang


Compiling your contracts...
===========================
> Everything is up to date, there is nothing to compile.


[0m[0m
[0m  Contract: vnxManager[0m
  [32m  ‚úì[0m[90m test for vnxManager[0m[31m (1380ms)[0m
  [31m  1) test for vnxManager[0m

    Events emitted during test:
    ---------------------------

    Ownable.OwnershipTransferred(
      previousOwner: <indexed> [33m0x0000000000000000000000000000000000000000[39m (type: address),
      newOwner: <indexed> [33m0xd6A9081Bbc37E8A740b522F12BDffb5f9537Fe83[39m (type: address)
    )

    IRBAC.RoleCreated(
      role: [33m0[39m (type: uint256)
    )

    IRBAC.BearerAdded(
      account: <indexed> [33m0xd6A9081Bbc37E8A740b522F12BDffb5f9537Fe83[39m (type: address),
      role: [33m0[39m (type: uint256)
    )


    ---------------------------
  [31m  2) test for vnxManager[0m

    Events emitted during test:
    ---------------------------

    Ownable.OwnershipTransferred(
      previousOwner: <indexed> [33m0x0000000000000000000000000000000000000000[39m (type: address),
      newOwner: <indexed> [33m0xd6A9081Bbc37E8A740b522F12BDffb5f9537Fe83[39m (type: address)
    )

    IRBAC.RoleCreated(
      role: [33m0[39m (type: uint256)
    )

    IRBAC.BearerAdded(
      account: <indexed> [33m0xd6A9081Bbc37E8A740b522F12BDffb5f9537Fe83[39m (type: address),
      role: [33m0[39m (type: uint256)
    )


    ---------------------------
  [31m  3) test for vnxManager[0m
    > No events were emitted
  [32m  ‚úì[0m[90m test for vnxManager[0m[31m (261ms)[0m
  [32m  ‚úì[0m[90m test for vnxManager[0m[31m (225ms)[0m
  [32m  ‚úì[0m[90m test for vnxManager[0m[31m (168ms)[0m
  [32m  ‚úì[0m[90m test for vnxManager[0m[31m (217ms)[0m
  [31m  4) test for vnxManager[0m

    Events emitted during test:
    ---------------------------

    Ownable.OwnershipTransferred(
      previousOwner: <indexed> [33m0x0000000000000000000000000000000000000000[39m (type: address),
      newOwner: <indexed> [33m0x38ACE5ac1dD51ebB93eecBE1dd2c36a5c06F9172[39m (type: address)
    )

    IRBAC.RoleCreated(
      role: [33m0[39m (type: uint256)
    )

    IRBAC.BearerAdded(
      account: <indexed> [33m0x38ACE5ac1dD51ebB93eecBE1dd2c36a5c06F9172[39m (type: address),
      role: [33m0[39m (type: uint256)
    )


    ---------------------------
  [32m  ‚úì[0m[90m test for vnxManager[0m[31m (371ms)[0m


[92m [0m[32m 6 passing[0m[90m (5s)[0m
[31m  4 failing[0m

[0m  1) Contract: vnxManager
       test for vnxManager:
[0m[31m     AssertionError: expected '0xd6A9081Bbc37E8A740b522F12BDffb5f9537Fe83' to equal 1.3423802859743681e+48[0m[90m
      at Context.<anonymous> (tests/test-vnxManager.js:38:10)
      at processTicksAndRejections (internal/process/task_queues.js:95:5)
[0m
[0m  2) Contract: vnxManager
       test for vnxManager:
[0m[31m     TypeError: Cannot read property 'call' of undefined[0m[90m
      at Context.<anonymous> (tests/test-vnxManager.js:54:44)
      at processTicksAndRejections (internal/process/task_queues.js:95:5)
[0m
[0m  3) Contract: vnxManager
       test for vnxManager:
[0m[31m     Error: Returned error: sender account not recognized[0m[90m
      at Context.<anonymous> (tests/test-vnxManager.js:58:49)
      at processTicksAndRejections (internal/process/task_queues.js:95:5)
[0m
[0m  4) Contract: vnxManager
       test for vnxManager:
[0m[31m     AssertionError: expected promise to be rejected with 'Error' but it was fulfilled with {}[0m[90m
  
[0m


-----------------|----------|----------|----------|----------|----------------|
File             |  % Stmts | % Branch |  % Funcs |  % Lines |Uncovered Lines |
-----------------|----------|----------|----------|----------|----------------|
 contracts/      |    73.81 |    38.46 |       95 |    69.39 |                |
  vnxManager.sol |    73.81 |    38.46 |       95 |    69.39 |... 305,306,307 |
-----------------|----------|----------|----------|----------|----------------|
All files        |    73.81 |    38.46 |       95 |    69.39 |                |
-----------------|----------|----------|----------|----------|----------------|

> Istanbul reports written to ./coverage/ and ./coverage.json
> solidity-coverage cleaning up, shutting down ganache server
Error: ‚ùå 4 test(s) failed under coverage.
    at plugin (/app/node_modules/solidity-coverage/plugins/truffle.plugin.js:121:27)
    at runMicrotasks (<anonymous>)
    at processTicksAndRejections (internal/process/task_queues.js:95:5)
Truffle v5.4.6 (core: 5.4.6)
Node v14.17.5
