
> Using Truffle library from global node_modules.

> server:            http://127.0.0.1:8555
> truffle:           v5.4.6
> ganache-core:      v2.13.0
> solidity-coverage: v0.7.17

Network Info
============
> id:      *
> port:    8555
> network: soliditycoverage


Instrumenting for coverage...
=============================

> RIT.sol

Compiling your contracts...
===========================
> Compiling ./.coverage_contracts/RIT.sol
> Compilation warnings encountered:

    project:/.coverage_contracts/RIT.sol:49:40: Warning: Unused function parameter. Remove or comment out the variable name to silence this warning.
 ... function sub(uint256 a, uint256 b, string memory errorMessage) internal pure returns (uint256) { ...
                                        ^------------------------^
,project:/.coverage_contracts/RIT.sol:343:35: Warning: Unused function parameter. Remove or comment out the variable name to silence this warning.
    function _beforeTokenTransfer(address from, address to, uint256 amount) inter ...
                                  ^----------^
,project:/.coverage_contracts/RIT.sol:343:49: Warning: Unused function parameter. Remove or comment out the variable name to silence this warning.
 ... _beforeTokenTransfer(address from, address to, uint256 amount) internal  {c_0x82 ...
                                        ^--------^
,project:/.coverage_contracts/RIT.sol:343:61: Warning: Unused function parameter. Remove or comment out the variable name to silence this warning.
 ... Transfer(address from, address to, uint256 amount) internal  {c_0x8221433d(0xdf13f24 ...
                                        ^------------^
,project:/.coverage_contracts/RIT.sol:343:5: Warning: Function state mutability can be restricted to pure
    function _beforeTokenTransfer(addre ... 7d83539203af938d0); /* function */ 
    ^ (Relevant source part starts here and spans across multiple lines).

> Artifacts written to /app/.coverage_artifacts/contracts
> Compiled successfully using:
   - solc: 0.5.16+commit.9c3226ce.Emscripten.clang


Compiling your contracts...
===========================
> Everything is up to date, there is nothing to compile.


[0m[0m
[0m  Contract: RIT[0m
  [31m  1) test for RIT[0m
    > No events were emitted
  [31m  2) test for RIT[0m

    Events emitted during test:
    ---------------------------

    IERC20.Transfer(
      from: <indexed> [33m0x0000000000000000000000000000000000000000[39m (type: address),
      to: <indexed> [33m0xAAFcDafb6B00d7d5B801847b6569c16EbBe09496[39m (type: address),
      value: [33m500000000000000000000000000[39m (type: uint256)
    )


    ---------------------------
  [32m  ‚úì[0m[90m test for RIT[0m[31m (1579ms)[0m
  [31m  3) test for RIT[0m

    Events emitted during test:
    ---------------------------

    IERC20.Transfer(
      from: <indexed> [33m0x0000000000000000000000000000000000000000[39m (type: address),
      to: <indexed> [33m0xAAFcDafb6B00d7d5B801847b6569c16EbBe09496[39m (type: address),
      value: [33m500000000000000000000000000[39m (type: uint256)
    )


    ---------------------------
  [31m  4) test for RIT[0m

    Events emitted during test:
    ---------------------------

    IERC20.Transfer(
      from: <indexed> [33m0x0000000000000000000000000000000000000000[39m (type: address),
      to: <indexed> [33m0xAAFcDafb6B00d7d5B801847b6569c16EbBe09496[39m (type: address),
      value: [33m500000000000000000000000000[39m (type: uint256)
    )


    ---------------------------
  [32m  ‚úì[0m[90m test for RIT[0m[31m (193ms)[0m
  [32m  ‚úì[0m[90m test for RIT[0m[31m (126ms)[0m


[92m [0m[32m 3 passing[0m[90m (6s)[0m
[31m  4 failing[0m

[0m  1) Contract: RIT
       test for RIT:
[0m[31m     Error: Returned error: sender account not recognized[0m[90m
      at Context.<anonymous> (tests/test-RIT.js:8:35)
      at processTicksAndRejections (internal/process/task_queues.js:95:5)
[0m
[0m  2) Contract: RIT
       test for RIT:
[0m[31m     AssertionError: expected promise to be rejected with 'Error' but it was fulfilled with true[0m[90m
  
[0m
[0m  3) Contract: RIT
       test for RIT:
[0m[31m     AssertionError: expected promise to be rejected with 'Error' but it was fulfilled with true[0m[90m
  
[0m
[0m  4) Contract: RIT
       test for RIT:
[0m[31m     AssertionError: expected promise to be rejected with 'Error' but it was fulfilled with {}[0m[90m
  
[0m


------------|----------|----------|----------|----------|----------------|
File        |  % Stmts | % Branch |  % Funcs |  % Lines |Uncovered Lines |
------------|----------|----------|----------|----------|----------------|
 contracts/ |    67.69 |    31.82 |    72.41 |    66.67 |                |
  RIT.sol   |    67.69 |    31.82 |    72.41 |    66.67 |... 134,135,151 |
------------|----------|----------|----------|----------|----------------|
All files   |    67.69 |    31.82 |    72.41 |    66.67 |                |
------------|----------|----------|----------|----------|----------------|

> Istanbul reports written to ./coverage/ and ./coverage.json
> solidity-coverage cleaning up, shutting down ganache server
Error: ‚ùå 4 test(s) failed under coverage.
    at plugin (/app/node_modules/solidity-coverage/plugins/truffle.plugin.js:121:27)
    at runMicrotasks (<anonymous>)
    at processTicksAndRejections (internal/process/task_queues.js:95:5)
Truffle v5.4.6 (core: 5.4.6)
Node v14.17.5
