
> Using Truffle library from global node_modules.

> server:            http://127.0.0.1:8555
> truffle:           v5.4.6
> ganache-core:      v2.13.0
> solidity-coverage: v0.7.17

Network Info
============
> id:      *
> port:    8555
> network: soliditycoverage


Instrumenting for coverage...
=============================

> Ledgis.sol

Compiling your contracts...
===========================
> Compiling ./.coverage_contracts/Ledgis.sol
> Artifacts written to /app/.coverage_artifacts/contracts
> Compiled successfully using:
   - solc: 0.5.16+commit.9c3226ce.Emscripten.clang


Compiling your contracts...
===========================
> Everything is up to date, there is nothing to compile.


[0m[0m
[0m  Contract: Ledgis[0m
  [32m  ‚úì[0m[90m test for Ledgis[0m[31m (1158ms)[0m
  [31m  1) test for Ledgis[0m
    > No events were emitted
  [32m  ‚úì[0m[90m test for Ledgis[0m[31m (293ms)[0m
  [31m  2) test for Ledgis[0m

    Events emitted during test:
    ---------------------------

    IERC20.Transfer(
      from: <indexed> [33m0x0000000000000000000000000000000000000000[39m (type: address),
      to: <indexed> [33m0x3Ad99FBf33bD49eafF93abA1359aDFB242E23Ae7[39m (type: address),
      value: [33m10000000000000[39m (type: uint256)
    )


    ---------------------------
  [32m  ‚úì[0m[90m test for Ledgis[0m[31m (223ms)[0m
  [32m  ‚úì[0m[90m test for Ledgis[0m[31m (229ms)[0m
  [32m  ‚úì[0m[90m test for Ledgis[0m[31m (252ms)[0m
  [32m  ‚úì[0m[90m test for Ledgis[0m[31m (247ms)[0m
  [32m  ‚úì[0m[90m test for Ledgis[0m[31m (319ms)[0m
  [32m  ‚úì[0m[90m test for Ledgis[0m[31m (258ms)[0m
  [32m  ‚úì[0m[90m test for Ledgis[0m[31m (238ms)[0m
  [32m  ‚úì[0m[90m test for Ledgis[0m[31m (296ms)[0m
  [31m  3) test for Ledgis[0m

    Events emitted during test:
    ---------------------------

    IERC20.Transfer(
      from: <indexed> [33m0x0000000000000000000000000000000000000000[39m (type: address),
      to: <indexed> [33m0xBF533B07109210511De0489c7ADfA059DB4CA8E1[39m (type: address),
      value: [33m10000000000000[39m (type: uint256)
    )


    ---------------------------
  [32m  ‚úì[0m[90m test for Ledgis[0m[31m (270ms)[0m
  [31m  4) test for Ledgis[0m

    Events emitted during test:
    ---------------------------

    IERC20.Transfer(
      from: <indexed> [33m0x0000000000000000000000000000000000000000[39m (type: address),
      to: <indexed> [33m0xAA39e160fcCA36e95F4a9de4A7b766696a2115fE[39m (type: address),
      value: [33m10000000000000[39m (type: uint256)
    )


    ---------------------------
  [32m  ‚úì[0m[90m test for Ledgis[0m[31m (205ms)[0m
  [32m  ‚úì[0m[90m test for Ledgis[0m[31m (304ms)[0m
  [31m  5) test for Ledgis[0m

    Events emitted during test:
    ---------------------------

    IERC20.Transfer(
      from: <indexed> [33m0x0000000000000000000000000000000000000000[39m (type: address),
      to: <indexed> [33m0xBF533B07109210511De0489c7ADfA059DB4CA8E1[39m (type: address),
      value: [33m10000000000000[39m (type: uint256)
    )


    ---------------------------
  [32m  ‚úì[0m[90m test for Ledgis[0m[31m (254ms)[0m
  [32m  ‚úì[0m[90m test for Ledgis[0m[31m (228ms)[0m
  [32m  ‚úì[0m[90m test for Ledgis[0m[31m (157ms)[0m
  [32m  ‚úì[0m[90m test for Ledgis[0m[31m (203ms)[0m
  [32m  ‚úì[0m[90m test for Ledgis[0m[31m (183ms)[0m
  [32m  ‚úì[0m[90m test for Ledgis[0m[31m (194ms)[0m
  [32m  ‚úì[0m[90m test for Ledgis[0m[31m (227ms)[0m
  [31m  6) test for Ledgis[0m

    Events emitted during test:
    ---------------------------

    IERC20.Transfer(
      from: <indexed> [33m0x0000000000000000000000000000000000000000[39m (type: address),
      to: <indexed> [33m0x97E3302a41f27d8BF0f5a817385A086B99250B26[39m (type: address),
      value: [33m10000000000000[39m (type: uint256)
    )


    ---------------------------


[92m [0m[32m 20 passing[0m[90m (8s)[0m
[31m  6 failing[0m

[0m  1) Contract: Ledgis
       test for Ledgis:
[0m[31m     Error: Returned error: sender account not recognized[0m[90m
      at Context.<anonymous> (tests/test-Ledgis.js:24:41)
      at processTicksAndRejections (internal/process/task_queues.js:95:5)
[0m
[0m  2) Contract: Ledgis
       test for Ledgis:
[0m[31m     TypeError: Cannot read property 'call' of undefined[0m[90m
      at Context.<anonymous> (tests/test-Ledgis.js:53:34)
      at processTicksAndRejections (internal/process/task_queues.js:95:5)
[0m
[0m  3) Contract: Ledgis
       test for Ledgis:
[0m[31m     AssertionError: expected <BN: 6131edcf> to equal {}[0m[90m
      at Context.<anonymous> (tests/test-Ledgis.js:232:10)
      at runMicrotasks (<anonymous>)
      at processTicksAndRejections (internal/process/task_queues.js:95:5)
[0m
[0m  4) Contract: Ledgis
       test for Ledgis:
[0m[31m     AssertionError: expected <BN: 6131ef4f> to equal {}[0m[90m
      at Context.<anonymous> (tests/test-Ledgis.js:260:10)
      at runMicrotasks (<anonymous>)
      at processTicksAndRejections (internal/process/task_queues.js:95:5)
[0m
[0m  5) Contract: Ledgis
       test for Ledgis:
[0m[31m     AssertionError: expected promise to be rejected with 'Error' but it was fulfilled with {}[0m[90m
  
[0m
[0m  6) Contract: Ledgis
       test for Ledgis:
[0m[31m     TypeError: Cannot read property 'call' of undefined[0m[90m
      at Context.<anonymous> (tests/test-Ledgis.js:483:44)
      at runMicrotasks (<anonymous>)
      at processTicksAndRejections (internal/process/task_queues.js:95:5)
[0m


-------------|----------|----------|----------|----------|----------------|
File         |  % Stmts | % Branch |  % Funcs |  % Lines |Uncovered Lines |
-------------|----------|----------|----------|----------|----------------|
 contracts/  |    66.14 |    39.66 |    84.44 |    64.93 |                |
  Ledgis.sol |    66.14 |    39.66 |    84.44 |    64.93 |... 521,522,524 |
-------------|----------|----------|----------|----------|----------------|
All files    |    66.14 |    39.66 |    84.44 |    64.93 |                |
-------------|----------|----------|----------|----------|----------------|

> Istanbul reports written to ./coverage/ and ./coverage.json
> solidity-coverage cleaning up, shutting down ganache server
Error: ‚ùå 6 test(s) failed under coverage.
    at plugin (/app/node_modules/solidity-coverage/plugins/truffle.plugin.js:121:27)
    at runMicrotasks (<anonymous>)
    at processTicksAndRejections (internal/process/task_queues.js:95:5)
Truffle v5.4.6 (core: 5.4.6)
Node v14.17.5
