
> Using Truffle library from global node_modules.

> server:            http://127.0.0.1:8555
> truffle:           v5.4.6
> ganache-core:      v2.13.0
> solidity-coverage: v0.7.17

Network Info
============
> id:      *
> port:    8555
> network: soliditycoverage


Instrumenting for coverage...
=============================

> DMONDETHRewards.sol

Compiling your contracts...
===========================
> Compiling ./.coverage_contracts/DMONDETHRewards.sol
> Artifacts written to /app/.coverage_artifacts/contracts
> Compiled successfully using:
   - solc: 0.5.16+commit.9c3226ce.Emscripten.clang


Compiling your contracts...
===========================
> Everything is up to date, there is nothing to compile.


[0m[0m
[0m  Contract: DMONDETHRewards[0m
  [31m  1) test for DMONDETHRewards[0m

    Events emitted during test:
    ---------------------------

    Ownable.OwnershipTransferred(
      previousOwner: <indexed> [33m0x0000000000000000000000000000000000000000[39m (type: address),
      newOwner: <indexed> [33m0x6f32566f54fCA3D24317e9a62CcF49c85E1d3031[39m (type: address)
    )


    ---------------------------
  [32m  ‚úì[0m[90m test for DMONDETHRewards[0m[31m (819ms)[0m
  [32m  ‚úì[0m[90m test for DMONDETHRewards[0m[31m (218ms)[0m
  [31m  2) test for DMONDETHRewards[0m

    Events emitted during test:
    ---------------------------

    Ownable.OwnershipTransferred(
      previousOwner: <indexed> [33m0x0000000000000000000000000000000000000000[39m (type: address),
      newOwner: <indexed> [33m0x2255370c6Be51eb3E4F97c2e5a5cc3B1fEd6d190[39m (type: address)
    )


    ---------------------------
  [32m  ‚úì[0m[90m test for DMONDETHRewards[0m[31m (211ms)[0m
  [32m  ‚úì[0m[90m test for DMONDETHRewards[0m[31m (184ms)[0m
  [32m  ‚úì[0m[90m test for DMONDETHRewards[0m[31m (191ms)[0m
  [32m  ‚úì[0m[90m test for DMONDETHRewards[0m[31m (185ms)[0m
  [32m  ‚úì[0m[90m test for DMONDETHRewards[0m[31m (164ms)[0m
  [31m  3) test for DMONDETHRewards[0m
    > No events were emitted
  [31m  4) test for DMONDETHRewards[0m

    Events emitted during test:
    ---------------------------

    Ownable.OwnershipTransferred(
      previousOwner: <indexed> [33m0x0000000000000000000000000000000000000000[39m (type: address),
      newOwner: <indexed> [33m0x0dD7aaB1b90E634ea41Cf7a6C97c134f892d1018[39m (type: address)
    )


    ---------------------------
  [32m  ‚úì[0m[90m test for DMONDETHRewards[0m[31m (192ms)[0m
  [31m  5) test for DMONDETHRewards[0m

    Events emitted during test:
    ---------------------------

    Ownable.OwnershipTransferred(
      previousOwner: <indexed> [33m0x0000000000000000000000000000000000000000[39m (type: address),
      newOwner: <indexed> [33m0x48f268AFD2B0701Db540B70aa590f492964F53c0[39m (type: address)
    )


    ---------------------------
  [31m  6) test for DMONDETHRewards[0m

    Events emitted during test:
    ---------------------------

    Ownable.OwnershipTransferred(
      previousOwner: <indexed> [33m0x0000000000000000000000000000000000000000[39m (type: address),
      newOwner: <indexed> [33m0x48f268AFD2B0701Db540B70aa590f492964F53c0[39m (type: address)
    )


    ---------------------------
  [32m  ‚úì[0m[90m test for DMONDETHRewards[0m[31m (152ms)[0m


[92m [0m[32m 9 passing[0m[90m (4s)[0m
[31m  6 failing[0m

[0m  1) Contract: DMONDETHRewards
       test for DMONDETHRewards:
[0m[31m     AssertionError: expected promise to be rejected with 'Error' but it was fulfilled with {}[0m[90m
  
[0m
[0m  2) Contract: DMONDETHRewards
       test for DMONDETHRewards:
[0m[31m     TypeError: Cannot read property 'call' of undefined[0m[90m
      at Context.<anonymous> (tests/test-DMONDETHRewards.js:60:50)
      at processTicksAndRejections (internal/process/task_queues.js:95:5)
[0m
[0m  3) Contract: DMONDETHRewards
       test for DMONDETHRewards:
[0m[31m     Error: Returned error: sender account not recognized[0m[90m
      at Context.<anonymous> (tests/test-DMONDETHRewards.js:125:59)
      at runMicrotasks (<anonymous>)
      at processTicksAndRejections (internal/process/task_queues.js:95:5)
[0m
[0m  4) Contract: DMONDETHRewards
       test for DMONDETHRewards:
[0m[31m     AssertionError: expected '0x0dD7aaB1b90E634ea41Cf7a6C97c134f892d1018' to equal 9.428879589362183e+44[0m[90m
      at Context.<anonymous> (tests/test-DMONDETHRewards.js:144:10)
      at runMicrotasks (<anonymous>)
      at processTicksAndRejections (internal/process/task_queues.js:95:5)
[0m
[0m  5) Contract: DMONDETHRewards
       test for DMONDETHRewards:
[0m[31m     Error: Returned error: VM Exception while processing transaction: revert SafeMath: subtraction overflow[0m[90m
      at Context.<anonymous> (tests/test-DMONDETHRewards.js:167:62)
      at runMicrotasks (<anonymous>)
      at processTicksAndRejections (internal/process/task_queues.js:95:5)
[0m
[0m  6) Contract: DMONDETHRewards
       test for DMONDETHRewards:
[0m[31m     Error: Returned error: VM Exception while processing transaction: revert SafeMath: subtraction overflow[0m[90m
      at Context.<anonymous> (tests/test-DMONDETHRewards.js:192:62)
      at runMicrotasks (<anonymous>)
      at processTicksAndRejections (internal/process/task_queues.js:95:5)
[0m


----------------------|----------|----------|----------|----------|----------------|
File                  |  % Stmts | % Branch |  % Funcs |  % Lines |Uncovered Lines |
----------------------|----------|----------|----------|----------|----------------|
 contracts/           |       40 |    27.08 |    51.06 |    40.91 |                |
  DMONDETHRewards.sol |       40 |    27.08 |    51.06 |    40.91 |... 369,374,375 |
----------------------|----------|----------|----------|----------|----------------|
All files             |       40 |    27.08 |    51.06 |    40.91 |                |
----------------------|----------|----------|----------|----------|----------------|

> Istanbul reports written to ./coverage/ and ./coverage.json
> solidity-coverage cleaning up, shutting down ganache server
Error: ‚ùå 6 test(s) failed under coverage.
    at plugin (/app/node_modules/solidity-coverage/plugins/truffle.plugin.js:121:27)
    at runMicrotasks (<anonymous>)
    at processTicksAndRejections (internal/process/task_queues.js:95:5)
Truffle v5.4.6 (core: 5.4.6)
Node v14.17.5
