
> Using Truffle library from global node_modules.

> server:            http://127.0.0.1:8555
> truffle:           v5.4.6
> ganache-core:      v2.13.0
> solidity-coverage: v0.7.17

Network Info
============
> id:      *
> port:    8555
> network: soliditycoverage


Instrumenting for coverage...
=============================

> ETFXPool.sol

Compiling your contracts...
===========================
> Compiling ./.coverage_contracts/ETFXPool.sol
> Compilation warnings encountered:

    project:/.coverage_contracts/ETFXPool.sol:528:35: Warning: Unused function parameter. Remove or comment out the variable name to silence this warning.
    function _beforeTokenTransfer(address from, address to, uint256 amount) inter ...
                                  ^----------^
,project:/.coverage_contracts/ETFXPool.sol:528:49: Warning: Unused function parameter. Remove or comment out the variable name to silence this warning.
 ... _beforeTokenTransfer(address from, address to, uint256 amount) internal {c_0x6ba ...
                                        ^--------^
,project:/.coverage_contracts/ETFXPool.sol:528:61: Warning: Unused function parameter. Remove or comment out the variable name to silence this warning.
 ... Transfer(address from, address to, uint256 amount) internal {c_0x6ba97a1b(0xfe50d284 ...
                                        ^------------^
,project:/.coverage_contracts/ETFXPool.sol:1082:72: Warning: Unused function parameter. Remove or comment out the variable name to silence this warning.
 ... address target, bytes memory data, uint256 weiValue, string memory errorMessage) priva ...
                                        ^--------------^
,project:/.coverage_contracts/ETFXPool.sol:528:5: Warning: Function state mutability can be restricted to pure
    function _beforeTokenTransfer(addre ... 460be9e3f62dc16ef); /* function */ 
    ^ (Relevant source part starts here and spans across multiple lines).

> Artifacts written to /app/.coverage_artifacts/contracts
> Compiled successfully using:
   - solc: 0.5.16+commit.9c3226ce.Emscripten.clang


Compiling your contracts...
===========================
> Everything is up to date, there is nothing to compile.


[0m[0m
[0m  Contract: ETFXPool[0m
  [32m  ‚úì[0m[90m test for ETFXPool[0m[31m (1128ms)[0m
  [31m  1) test for ETFXPool[0m

    Events emitted during test:
    ---------------------------

    Ownable.OwnershipTransferred(
      previousOwner: <indexed> [33m0x0000000000000000000000000000000000000000[39m (type: address),
      newOwner: <indexed> [33m0x00686857cC353FF675DBfB5b0A760eab1C6F7a8C[39m (type: address)
    )


    ---------------------------
  [31m  2) test for ETFXPool[0m
    > No events were emitted
  [32m  ‚úì[0m[90m test for ETFXPool[0m[31m (277ms)[0m
  [32m  ‚úì[0m[90m test for ETFXPool[0m[31m (233ms)[0m
  [32m  ‚úì[0m[90m test for ETFXPool[0m[31m (335ms)[0m
  [31m  3) test for ETFXPool[0m
    > No events were emitted
  [31m  4) test for ETFXPool[0m

    Events emitted during test:
    ---------------------------

    Ownable.OwnershipTransferred(
      previousOwner: <indexed> [33m0x0000000000000000000000000000000000000000[39m (type: address),
      newOwner: <indexed> [33m0x00686857cC353FF675DBfB5b0A760eab1C6F7a8C[39m (type: address)
    )


    ---------------------------
  [32m  ‚úì[0m[90m test for ETFXPool[0m[31m (186ms)[0m
  [32m  ‚úì[0m[90m test for ETFXPool[0m[31m (216ms)[0m
  [32m  ‚úì[0m[90m test for ETFXPool[0m[31m (177ms)[0m
  [32m  ‚úì[0m[90m test for ETFXPool[0m[31m (218ms)[0m
  [32m  ‚úì[0m[90m test for ETFXPool[0m[31m (286ms)[0m
  [31m  5) test for ETFXPool[0m

    Events emitted during test:
    ---------------------------

    Ownable.OwnershipTransferred(
      previousOwner: <indexed> [33m0x0000000000000000000000000000000000000000[39m (type: address),
      newOwner: <indexed> [33m0xB5b8fF725D69637AD9854727F1cf53ECCba41F77[39m (type: address)
    )


    ---------------------------
  [31m  6) test for ETFXPool[0m

    Events emitted during test:
    ---------------------------

    Ownable.OwnershipTransferred(
      previousOwner: <indexed> [33m0x0000000000000000000000000000000000000000[39m (type: address),
      newOwner: <indexed> [33m0x1760c1863c65cc084b44953790181c8CE2403710[39m (type: address)
    )


    ---------------------------
  [32m  ‚úì[0m[90m test for ETFXPool[0m[31m (243ms)[0m


[92m [0m[32m 10 passing[0m[90m (5s)[0m
[31m  6 failing[0m

[0m  1) Contract: ETFXPool
       test for ETFXPool:
[0m[31m     TypeError: Cannot read property 'call' of undefined[0m[90m
      at Context.<anonymous> (tests/test-ETFXPool.js:23:45)
      at processTicksAndRejections (internal/process/task_queues.js:95:5)
[0m
[0m  2) Contract: ETFXPool
       test for ETFXPool:
[0m[31m     Error: Invalid number of parameters for "undefined". Got 4 expected 0![0m[90m
      at Context.<anonymous> (tests/test-ETFXPool.js:30:45)
      at processTicksAndRejections (internal/process/task_queues.js:95:5)
[0m
[0m  3) Contract: ETFXPool
       test for ETFXPool:
[0m[31m     Error: Returned error: sender account not recognized[0m[90m
      at Context.<anonymous> (tests/test-ETFXPool.js:91:45)
      at runMicrotasks (<anonymous>)
      at processTicksAndRejections (internal/process/task_queues.js:95:5)
[0m
[0m  4) Contract: ETFXPool
       test for ETFXPool:
[0m[31m     TypeError: Cannot read property 'call' of undefined[0m[90m
      at Context.<anonymous> (tests/test-ETFXPool.js:110:45)
      at runMicrotasks (<anonymous>)
      at processTicksAndRejections (internal/process/task_queues.js:95:5)
[0m
[0m  5) Contract: ETFXPool
       test for ETFXPool:
[0m[31m     AssertionError: expected '0xB5b8fF725D69637AD9854727F1cf53ECCba41F77' to equal 3.5949885875457653e+47[0m[90m
      at Context.<anonymous> (tests/test-ETFXPool.js:208:10)
      at runMicrotasks (<anonymous>)
      at processTicksAndRejections (internal/process/task_queues.js:95:5)
[0m
[0m  6) Contract: ETFXPool
       test for ETFXPool:
[0m[31m     AssertionError: expected promise to be rejected with 'Error' but it was fulfilled with {}[0m[90m
  
[0m


---------------|----------|----------|----------|----------|----------------|
File           |  % Stmts | % Branch |  % Funcs |  % Lines |Uncovered Lines |
---------------|----------|----------|----------|----------|----------------|
 contracts/    |    40.79 |    22.06 |    55.36 |    39.87 |                |
  ETFXPool.sol |    40.79 |    22.06 |    55.36 |    39.87 |... 2,1013,1014 |
---------------|----------|----------|----------|----------|----------------|
All files      |    40.79 |    22.06 |    55.36 |    39.87 |                |
---------------|----------|----------|----------|----------|----------------|

> Istanbul reports written to ./coverage/ and ./coverage.json
> solidity-coverage cleaning up, shutting down ganache server
Error: ‚ùå 6 test(s) failed under coverage.
    at plugin (/app/node_modules/solidity-coverage/plugins/truffle.plugin.js:121:27)
    at runMicrotasks (<anonymous>)
    at processTicksAndRejections (internal/process/task_queues.js:95:5)
    at runNextTicks (internal/process/task_queues.js:64:3)
    at processImmediate (internal/timers.js:437:9)
Truffle v5.4.6 (core: 5.4.6)
Node v14.17.5
