
> Using Truffle library from global node_modules.

> server:            http://127.0.0.1:8555
> truffle:           v5.4.6
> ganache-core:      v2.13.0
> solidity-coverage: v0.7.17

Network Info
============
> id:      *
> port:    8555
> network: soliditycoverage


Instrumenting for coverage...
=============================

> GUMARewards.sol

Compiling your contracts...
===========================
> Compiling ./.coverage_contracts/GUMARewards.sol
> Artifacts written to /app/.coverage_artifacts/contracts
> Compiled successfully using:
   - solc: 0.5.16+commit.9c3226ce.Emscripten.clang


Compiling your contracts...
===========================
> Everything is up to date, there is nothing to compile.


[0m[0m
[0m  Contract: GUMARewards[0m
  [31m  1) test for GUMARewards[0m

    Events emitted during test:
    ---------------------------

    Ownable.OwnershipTransferred(
      previousOwner: <indexed> [33m0x0000000000000000000000000000000000000000[39m (type: address),
      newOwner: <indexed> [33m0xf5d35100733c8B0a00F6902FBa158C46995Da2FB[39m (type: address)
    )


    ---------------------------
  [32m  ‚úì[0m[90m test for GUMARewards[0m[31m (897ms)[0m
  [31m  2) test for GUMARewards[0m

    Events emitted during test:
    ---------------------------

    Ownable.OwnershipTransferred(
      previousOwner: <indexed> [33m0x0000000000000000000000000000000000000000[39m (type: address),
      newOwner: <indexed> [33m0xb941A2DEd0602fe32AD1f576373472Ed9917a788[39m (type: address)
    )


    ---------------------------
  [31m  3) test for GUMARewards[0m
    > No events were emitted
  [32m  ‚úì[0m[90m test for GUMARewards[0m[31m (186ms)[0m
  [31m  4) test for GUMARewards[0m

    Events emitted during test:
    ---------------------------

    Ownable.OwnershipTransferred(
      previousOwner: <indexed> [33m0x0000000000000000000000000000000000000000[39m (type: address),
      newOwner: <indexed> [33m0x82C0A08337d9b460E89f702457cFF4a525975929[39m (type: address)
    )


    ---------------------------
  [31m  5) test for GUMARewards[0m

    Events emitted during test:
    ---------------------------

    Ownable.OwnershipTransferred(
      previousOwner: <indexed> [33m0x0000000000000000000000000000000000000000[39m (type: address),
      newOwner: <indexed> [33m0xb941A2DEd0602fe32AD1f576373472Ed9917a788[39m (type: address)
    )


    ---------------------------
  [31m  6) test for GUMARewards[0m

    Events emitted during test:
    ---------------------------

    Ownable.OwnershipTransferred(
      previousOwner: <indexed> [33m0x0000000000000000000000000000000000000000[39m (type: address),
      newOwner: <indexed> [33m0xb941A2DEd0602fe32AD1f576373472Ed9917a788[39m (type: address)
    )


    ---------------------------
  [31m  7) test for GUMARewards[0m

    Events emitted during test:
    ---------------------------

    Ownable.OwnershipTransferred(
      previousOwner: <indexed> [33m0x0000000000000000000000000000000000000000[39m (type: address),
      newOwner: <indexed> [33m0xf5d35100733c8B0a00F6902FBa158C46995Da2FB[39m (type: address)
    )


    ---------------------------
  [31m  8) test for GUMARewards[0m

    Events emitted during test:
    ---------------------------

    Ownable.OwnershipTransferred(
      previousOwner: <indexed> [33m0x0000000000000000000000000000000000000000[39m (type: address),
      newOwner: <indexed> [33m0xb941A2DEd0602fe32AD1f576373472Ed9917a788[39m (type: address)
    )


    ---------------------------


[92m [0m[32m 2 passing[0m[90m (3s)[0m
[31m  8 failing[0m

[0m  1) Contract: GUMARewards
       test for GUMARewards:
[0m[31m     TypeError: Cannot read property 'call' of undefined[0m[90m
      at Context.<anonymous> (tests/test-GUMARewards.js:14:48)
      at processTicksAndRejections (internal/process/task_queues.js:95:5)
[0m
[0m  2) Contract: GUMARewards
       test for GUMARewards:
[0m[31m     AssertionError: expected promise to be rejected with 'Error' but it was fulfilled with {}[0m[90m
  
[0m
[0m  3) Contract: GUMARewards
       test for GUMARewards:
[0m[31m     Error: Returned error: sender account not recognized[0m[90m
      at Context.<anonymous> (tests/test-GUMARewards.js:45:51)
      at processTicksAndRejections (internal/process/task_queues.js:95:5)
[0m
[0m  4) Contract: GUMARewards
       test for GUMARewards:
[0m[31m     AssertionError: expected promise to be rejected with 'Error' but it was fulfilled with {}[0m[90m
  
[0m
[0m  5) Contract: GUMARewards
       test for GUMARewards:
[0m[31m     AssertionError: expected promise to be rejected with 'Error' but it was fulfilled with {}[0m[90m
  
[0m
[0m  6) Contract: GUMARewards
       test for GUMARewards:
[0m[31m     AssertionError: expected promise to be rejected with 'Error' but it was fulfilled with {}[0m[90m
  
[0m
[0m  7) Contract: GUMARewards
       test for GUMARewards:
[0m[31m     TypeError: Cannot read property 'call' of undefined[0m[90m
      at Context.<anonymous> (tests/test-GUMARewards.js:124:45)
      at runMicrotasks (<anonymous>)
      at processTicksAndRejections (internal/process/task_queues.js:95:5)
[0m
[0m  8) Contract: GUMARewards
       test for GUMARewards:
[0m[31m     AssertionError: expected promise to be rejected with 'Error' but it was fulfilled with {}[0m[90m
  
[0m


------------------|----------|----------|----------|----------|----------------|
File              |  % Stmts | % Branch |  % Funcs |  % Lines |Uncovered Lines |
------------------|----------|----------|----------|----------|----------------|
 contracts/       |    60.44 |    35.71 |    68.18 |    61.46 |                |
  GUMARewards.sol |    60.44 |    35.71 |    68.18 |    61.46 |... 671,672,673 |
------------------|----------|----------|----------|----------|----------------|
All files         |    60.44 |    35.71 |    68.18 |    61.46 |                |
------------------|----------|----------|----------|----------|----------------|

> Istanbul reports written to ./coverage/ and ./coverage.json
> solidity-coverage cleaning up, shutting down ganache server
Error: ‚ùå 8 test(s) failed under coverage.
    at plugin (/app/node_modules/solidity-coverage/plugins/truffle.plugin.js:121:27)
    at runMicrotasks (<anonymous>)
    at processTicksAndRejections (internal/process/task_queues.js:95:5)
Truffle v5.4.6 (core: 5.4.6)
Node v14.17.5
