
> Using Truffle library from global node_modules.

> server:            http://127.0.0.1:8555
> truffle:           v5.4.6
> ganache-core:      v2.13.0
> solidity-coverage: v0.7.17

Network Info
============
> id:      *
> port:    8555
> network: soliditycoverage


Instrumenting for coverage...
=============================

> RainbowRAK.sol

Compiling your contracts...
===========================
> Compiling ./.coverage_contracts/RainbowRAK.sol
> Compilation warnings encountered:

    project:/.coverage_contracts/RainbowRAK.sol:831:31: Warning: Unused function parameter. Remove or comment out the variable name to silence this warning.
    function _preValidateData(address _sender,uint256 _amount) internal pure{c_0 ...
                              ^-------------^

> Artifacts written to /app/.coverage_artifacts/contracts
> Compiled successfully using:
   - solc: 0.5.16+commit.9c3226ce.Emscripten.clang


Compiling your contracts...
===========================
> Everything is up to date, there is nothing to compile.


[0m[0m
[0m  Contract: RainbowRAK[0m
  [32m  ‚úì[0m[90m test for RainbowRAK[0m[31m (1159ms)[0m
  [32m  ‚úì[0m[90m test for RainbowRAK[0m[31m (292ms)[0m
  [31m  1) test for RainbowRAK[0m

    Events emitted during test:
    ---------------------------

    Ownable.OwnershipTransferred(
      previousOwner: <indexed> [33m0x0000000000000000000000000000000000000000[39m (type: address),
      newOwner: <indexed> [33m0xb29b9aEE396E949Ffc88Ece59f352cE3bb0B8a75[39m (type: address)
    )


    ---------------------------
  [32m  ‚úì[0m[90m test for RainbowRAK[0m[31m (183ms)[0m
  [31m  2) test for RainbowRAK[0m

    Events emitted during test:
    ---------------------------

    Ownable.OwnershipTransferred(
      previousOwner: <indexed> [33m0x0000000000000000000000000000000000000000[39m (type: address),
      newOwner: <indexed> [33m0x8919EcEABB5a5Cd8695AB98dF5871C9b790cC389[39m (type: address)
    )


    ---------------------------
  [31m  3) test for RainbowRAK[0m

    Events emitted during test:
    ---------------------------

    Ownable.OwnershipTransferred(
      previousOwner: <indexed> [33m0x0000000000000000000000000000000000000000[39m (type: address),
      newOwner: <indexed> [33m0xb29b9aEE396E949Ffc88Ece59f352cE3bb0B8a75[39m (type: address)
    )


    ---------------------------
  [32m  ‚úì[0m[90m test for RainbowRAK[0m[31m (186ms)[0m
  [31m  4) test for RainbowRAK[0m

    Events emitted during test:
    ---------------------------

    Ownable.OwnershipTransferred(
      previousOwner: <indexed> [33m0x0000000000000000000000000000000000000000[39m (type: address),
      newOwner: <indexed> [33m0x8919EcEABB5a5Cd8695AB98dF5871C9b790cC389[39m (type: address)
    )


    ---------------------------
  [31m  5) test for RainbowRAK[0m
    > No events were emitted
  [32m  ‚úì[0m[90m test for RainbowRAK[0m[31m (201ms)[0m
  [32m  ‚úì[0m[90m test for RainbowRAK[0m[31m (147ms)[0m


[92m [0m[32m 6 passing[0m[90m (4s)[0m
[31m  5 failing[0m

[0m  1) Contract: RainbowRAK
       test for RainbowRAK:
[0m[31m     AssertionError: expected [] to equal undefined[0m[90m
      at Context.<anonymous> (tests/test-RainbowRAK.js:41:10)
      at processTicksAndRejections (internal/process/task_queues.js:95:5)
[0m
[0m  2) Contract: RainbowRAK
       test for RainbowRAK:
[0m[31m     AssertionError: expected '0x8919EcEABB5a5Cd8695AB98dF5871C9b790cC389' to equal 3.46512023355624e+47[0m[90m
      at Context.<anonymous> (tests/test-RainbowRAK.js:67:10)
      at runMicrotasks (<anonymous>)
      at processTicksAndRejections (internal/process/task_queues.js:95:5)
[0m
[0m  3) Contract: RainbowRAK
       test for RainbowRAK:
[0m[31m     TypeError: Cannot read property 'call' of undefined[0m[90m
      at Context.<anonymous> (tests/test-RainbowRAK.js:81:47)
      at runMicrotasks (<anonymous>)
      at processTicksAndRejections (internal/process/task_queues.js:95:5)
[0m
[0m  4) Contract: RainbowRAK
       test for RainbowRAK:
[0m[31m     AssertionError: expected promise to be rejected with 'Error' but it was fulfilled with {}[0m[90m
  
[0m
[0m  5) Contract: RainbowRAK
       test for RainbowRAK:
[0m[31m     Error: Returned error: sender account not recognized[0m[90m
      at Context.<anonymous> (tests/test-RainbowRAK.js:102:49)
      at runMicrotasks (<anonymous>)
      at processTicksAndRejections (internal/process/task_queues.js:95:5)
[0m


-----------------|----------|----------|----------|----------|----------------|
File             |  % Stmts | % Branch |  % Funcs |  % Lines |Uncovered Lines |
-----------------|----------|----------|----------|----------|----------------|
 contracts/      |    52.63 |    32.69 |    73.81 |    53.39 |                |
  RainbowRAK.sol |    52.63 |    32.69 |    73.81 |    53.39 |... 675,676,677 |
-----------------|----------|----------|----------|----------|----------------|
All files        |    52.63 |    32.69 |    73.81 |    53.39 |                |
-----------------|----------|----------|----------|----------|----------------|

> Istanbul reports written to ./coverage/ and ./coverage.json
> solidity-coverage cleaning up, shutting down ganache server
Error: ‚ùå 5 test(s) failed under coverage.
    at plugin (/app/node_modules/solidity-coverage/plugins/truffle.plugin.js:121:27)
    at runMicrotasks (<anonymous>)
    at processTicksAndRejections (internal/process/task_queues.js:95:5)
Truffle v5.4.6 (core: 5.4.6)
Node v14.17.5
