
> Using Truffle library from global node_modules.

> server:            http://127.0.0.1:8555
> truffle:           v5.4.6
> ganache-core:      v2.13.0
> solidity-coverage: v0.7.17

Network Info
============
> id:      *
> port:    8555
> network: soliditycoverage


Instrumenting for coverage...
=============================

> LIBERAPAY.sol

Compiling your contracts...
===========================
> Compiling ./.coverage_contracts/LIBERAPAY.sol
> Artifacts written to /app/.coverage_artifacts/contracts
> Compiled successfully using:
   - solc: 0.5.16+commit.9c3226ce.Emscripten.clang


Compiling your contracts...
===========================
> Everything is up to date, there is nothing to compile.


[0m[0m
[0m  Contract: LIBERAPAY[0m
  [31m  1) test for LIBERAPAY[0m

    Events emitted during test:
    ---------------------------

    ERC20.Transfer(
      from: <indexed> [33m0x0000000000000000000000000000000000000000[39m (type: address),
      to: <indexed> [33m0x408f551CdF3f90Fbd8eb50CB083aBC4A8255Be56[39m (type: address),
      value: [33m3000000000000000000000000000[39m (type: uint256)
    )


    ---------------------------
  [31m  2) test for LIBERAPAY[0m

    Events emitted during test:
    ---------------------------

    ERC20.Transfer(
      from: <indexed> [33m0x0000000000000000000000000000000000000000[39m (type: address),
      to: <indexed> [33m0xe63b72f2bc47DA6070D44DDA9Ea597e27Cd9faeA[39m (type: address),
      value: [33m3000000000000000000000000000[39m (type: uint256)
    )


    ---------------------------
  [32m  ‚úì[0m[90m test for LIBERAPAY[0m[31m (858ms)[0m
  [32m  ‚úì[0m[90m test for LIBERAPAY[0m[31m (245ms)[0m
  [31m  3) test for LIBERAPAY[0m

    Events emitted during test:
    ---------------------------

    ERC20.Transfer(
      from: <indexed> [33m0x0000000000000000000000000000000000000000[39m (type: address),
      to: <indexed> [33m0xBfbA8886B2A617e4b84b0c3a553a1B1704409930[39m (type: address),
      value: [33m3000000000000000000000000000[39m (type: uint256)
    )


    ---------------------------
  [32m  ‚úì[0m[90m test for LIBERAPAY[0m[31m (184ms)[0m
  [32m  ‚úì[0m[90m test for LIBERAPAY[0m[31m (176ms)[0m
  [31m  4) test for LIBERAPAY[0m

    Events emitted during test:
    ---------------------------

    ERC20.Transfer(
      from: <indexed> [33m0x0000000000000000000000000000000000000000[39m (type: address),
      to: <indexed> [33m0x7A440C0949c4cb047b65aE1913F4d2905d1fA677[39m (type: address),
      value: [33m3000000000000000000000000000[39m (type: uint256)
    )


    ---------------------------
  [31m  5) test for LIBERAPAY[0m

    Events emitted during test:
    ---------------------------

    ERC20.Transfer(
      from: <indexed> [33m0x0000000000000000000000000000000000000000[39m (type: address),
      to: <indexed> [33m0x408f551CdF3f90Fbd8eb50CB083aBC4A8255Be56[39m (type: address),
      value: [33m3000000000000000000000000000[39m (type: uint256)
    )


    ---------------------------
  [32m  ‚úì[0m[90m test for LIBERAPAY[0m[31m (209ms)[0m
  [32m  ‚úì[0m[90m test for LIBERAPAY[0m[31m (218ms)[0m
  [32m  ‚úì[0m[90m test for LIBERAPAY[0m[31m (1967ms)[0m
  [32m  ‚úì[0m[90m test for LIBERAPAY[0m[31m (1522ms)[0m
  [32m  ‚úì[0m[90m test for LIBERAPAY[0m[31m (1316ms)[0m
  [31m  6) test for LIBERAPAY[0m

    Events emitted during test:
    ---------------------------

    ERC20.Transfer(
      from: <indexed> [33m0x0000000000000000000000000000000000000000[39m (type: address),
      to: <indexed> [33m0x408f551CdF3f90Fbd8eb50CB083aBC4A8255Be56[39m (type: address),
      value: [33m3000000000000000000000000000[39m (type: uint256)
    )


    ---------------------------
  [32m  ‚úì[0m[90m test for LIBERAPAY[0m[31m (240ms)[0m
  [31m  7) test for LIBERAPAY[0m

    Events emitted during test:
    ---------------------------

    ERC20.Transfer(
      from: <indexed> [33m0x0000000000000000000000000000000000000000[39m (type: address),
      to: <indexed> [33m0x408f551CdF3f90Fbd8eb50CB083aBC4A8255Be56[39m (type: address),
      value: [33m3000000000000000000000000000[39m (type: uint256)
    )


    ---------------------------
  [31m  8) test for LIBERAPAY[0m
    > No events were emitted
  [32m  ‚úì[0m[90m test for LIBERAPAY[0m[31m (208ms)[0m
  [31m  9) test for LIBERAPAY[0m

    Events emitted during test:
    ---------------------------

    ERC20.Transfer(
      from: <indexed> [33m0x0000000000000000000000000000000000000000[39m (type: address),
      to: <indexed> [33m0x7A440C0949c4cb047b65aE1913F4d2905d1fA677[39m (type: address),
      value: [33m3000000000000000000000000000[39m (type: uint256)
    )


    ---------------------------
  [32m  ‚úì[0m[90m test for LIBERAPAY[0m[31m (207ms)[0m
  [32m  ‚úì[0m[90m test for LIBERAPAY[0m[31m (168ms)[0m
  [32m  ‚úì[0m[90m test for LIBERAPAY[0m[31m (191ms)[0m
  [31m  10) test for LIBERAPAY[0m

    Events emitted during test:
    ---------------------------

    ERC20.Transfer(
      from: <indexed> [33m0x0000000000000000000000000000000000000000[39m (type: address),
      to: <indexed> [33m0x408f551CdF3f90Fbd8eb50CB083aBC4A8255Be56[39m (type: address),
      value: [33m3000000000000000000000000000[39m (type: uint256)
    )


    ---------------------------


[92m [0m[32m 14 passing[0m[90m (12s)[0m
[31m  10 failing[0m

[0m  1) Contract: LIBERAPAY
       test for LIBERAPAY:
[0m[31m     TypeError: Cannot read property 'call' of undefined[0m[90m
      at Context.<anonymous> (tests/test-LIBERAPAY.js:16:43)
      at processTicksAndRejections (internal/process/task_queues.js:95:5)
[0m
[0m  2) Contract: LIBERAPAY
       test for LIBERAPAY:
[0m[31m     AssertionError: expected <BN: 6131f0b2> to equal {}[0m[90m
      at Context.<anonymous> (tests/test-LIBERAPAY.js:34:10)
      at processTicksAndRejections (internal/process/task_queues.js:95:5)
[0m
[0m  3) Contract: LIBERAPAY
       test for LIBERAPAY:
[0m[31m     TypeError: Cannot read property 'call' of undefined[0m[90m
      at Context.<anonymous> (tests/test-LIBERAPAY.js:69:45)
      at runMicrotasks (<anonymous>)
      at processTicksAndRejections (internal/process/task_queues.js:95:5)
[0m
[0m  4) Contract: LIBERAPAY
       test for LIBERAPAY:
[0m[31m     AssertionError: expected <BN: 6131f0b4> to equal {}[0m[90m
      at Context.<anonymous> (tests/test-LIBERAPAY.js:118:10)
      at runMicrotasks (<anonymous>)
      at processTicksAndRejections (internal/process/task_queues.js:95:5)
[0m
[0m  5) Contract: LIBERAPAY
       test for LIBERAPAY:
[0m[31m     AssertionError: expected promise to be rejected with 'Error' but it was fulfilled with { Object (0, 1, ...) }[0m[90m
  
[0m
[0m  6) Contract: LIBERAPAY
       test for LIBERAPAY:
[0m[31m     AssertionError: expected promise to be rejected with 'Error' but it was fulfilled with { Object (0, 1, ...) }[0m[90m
  
[0m
[0m  7) Contract: LIBERAPAY
       test for LIBERAPAY:
[0m[31m     TypeError: Cannot read property 'call' of undefined[0m[90m
      at Context.<anonymous> (tests/test-LIBERAPAY.js:258:46)
      at runMicrotasks (<anonymous>)
      at processTicksAndRejections (internal/process/task_queues.js:95:5)
[0m
[0m  8) Contract: LIBERAPAY
       test for LIBERAPAY:
[0m[31m     Error: Returned error: sender account not recognized[0m[90m
      at Context.<anonymous> (tests/test-LIBERAPAY.js:262:46)
      at runMicrotasks (<anonymous>)
      at processTicksAndRejections (internal/process/task_queues.js:95:5)
[0m
[0m  9) Contract: LIBERAPAY
       test for LIBERAPAY:
[0m[31m     AssertionError: expected promise to be rejected with 'Error' but it was fulfilled with {}[0m[90m
  
[0m
[0m  10) Contract: LIBERAPAY
       test for LIBERAPAY:
[0m[31m     AssertionError: expected promise to be rejected with 'Error' but it was fulfilled with { Object (0, 1, ...) }[0m[90m
  
[0m


----------------|----------|----------|----------|----------|----------------|
File            |  % Stmts | % Branch |  % Funcs |  % Lines |Uncovered Lines |
----------------|----------|----------|----------|----------|----------------|
 contracts/     |    53.57 |    37.14 |    74.36 |    53.06 |                |
  LIBERAPAY.sol |    53.57 |    37.14 |    74.36 |    53.06 |... 404,405,409 |
----------------|----------|----------|----------|----------|----------------|
All files       |    53.57 |    37.14 |    74.36 |    53.06 |                |
----------------|----------|----------|----------|----------|----------------|

> Istanbul reports written to ./coverage/ and ./coverage.json
> solidity-coverage cleaning up, shutting down ganache server
Error: ‚ùå 10 test(s) failed under coverage.
    at plugin (/app/node_modules/solidity-coverage/plugins/truffle.plugin.js:121:27)
    at runMicrotasks (<anonymous>)
    at processTicksAndRejections (internal/process/task_queues.js:95:5)
Truffle v5.4.6 (core: 5.4.6)
Node v14.17.5
