
> Using Truffle library from global node_modules.

> server:            http://127.0.0.1:8555
> truffle:           v5.4.6
> ganache-core:      v2.13.0
> solidity-coverage: v0.7.17

Network Info
============
> id:      *
> port:    8555
> network: soliditycoverage


Instrumenting for coverage...
=============================

> Revive.sol

Compiling your contracts...
===========================
> Compiling ./.coverage_contracts/Revive.sol
> Artifacts written to /app/.coverage_artifacts/contracts
> Compiled successfully using:
   - solc: 0.5.16+commit.9c3226ce.Emscripten.clang


Compiling your contracts...
===========================
> Everything is up to date, there is nothing to compile.


[0m[0m
[0m  Contract: Revive[0m
  [32m  ‚úì[0m[90m test for Revive[0m[31m (1997ms)[0m
  [32m  ‚úì[0m[90m test for Revive[0m[31m (288ms)[0m
  [32m  ‚úì[0m[90m test for Revive[0m[31m (188ms)[0m
  [32m  ‚úì[0m[90m test for Revive[0m[31m (151ms)[0m
  [32m  ‚úì[0m[90m test for Revive[0m[31m (172ms)[0m
  [31m  1) test for Revive[0m

    Events emitted during test:
    ---------------------------

    Ownable.OwnershipTransferred(
      previousOwner: <indexed> [33m0x0000000000000000000000000000000000000000[39m (type: address),
      newOwner: <indexed> [33m0xD69A6932464e21028953920128b6A0DAbdA6BeC2[39m (type: address)
    )

    IERC20.Transfer(
      from: <indexed> [33m0x0000000000000000000000000000000000000000[39m (type: address),
      to: <indexed> [33m0xD69A6932464e21028953920128b6A0DAbdA6BeC2[39m (type: address),
      value: [33m3000000000000000000000000000[39m (type: uint256)
    )


    ---------------------------
  [32m  ‚úì[0m[90m test for Revive[0m[31m (194ms)[0m
  [31m  2) test for Revive[0m
    > No events were emitted
  [32m  ‚úì[0m[90m test for Revive[0m[31m (231ms)[0m
  [32m  ‚úì[0m[90m test for Revive[0m[31m (250ms)[0m
  [31m  3) test for Revive[0m

    Events emitted during test:
    ---------------------------

    Ownable.OwnershipTransferred(
      previousOwner: <indexed> [33m0x0000000000000000000000000000000000000000[39m (type: address),
      newOwner: <indexed> [33m0x6207037AB1016e876DDc66e3383b3Bd2b7CDBd4c[39m (type: address)
    )

    IERC20.Transfer(
      from: <indexed> [33m0x0000000000000000000000000000000000000000[39m (type: address),
      to: <indexed> [33m0x6207037AB1016e876DDc66e3383b3Bd2b7CDBd4c[39m (type: address),
      value: [33m3000000000000000000000000000[39m (type: uint256)
    )


    ---------------------------
  [32m  ‚úì[0m[90m test for Revive[0m[31m (185ms)[0m
  [32m  ‚úì[0m[90m test for Revive[0m[31m (165ms)[0m
  [32m  ‚úì[0m[90m test for Revive[0m[31m (159ms)[0m
  [32m  ‚úì[0m[90m test for Revive[0m[31m (124ms)[0m
  [32m  ‚úì[0m[90m test for Revive[0m[31m (218ms)[0m
  [32m  ‚úì[0m[90m test for Revive[0m[31m (203ms)[0m
  [32m  ‚úì[0m[90m test for Revive[0m[31m (116ms)[0m
  [32m  ‚úì[0m[90m test for Revive[0m[31m (159ms)[0m
  [32m  ‚úì[0m[90m test for Revive[0m[31m (132ms)[0m
  [32m  ‚úì[0m[90m test for Revive[0m[31m (96ms)[0m
  [32m  ‚úì[0m[90m test for Revive[0m[31m (108ms)[0m
  [31m  4) test for Revive[0m

    Events emitted during test:
    ---------------------------

    Ownable.OwnershipTransferred(
      previousOwner: <indexed> [33m0x0000000000000000000000000000000000000000[39m (type: address),
      newOwner: <indexed> [33m0xD69A6932464e21028953920128b6A0DAbdA6BeC2[39m (type: address)
    )

    IERC20.Transfer(
      from: <indexed> [33m0x0000000000000000000000000000000000000000[39m (type: address),
      to: <indexed> [33m0xD69A6932464e21028953920128b6A0DAbdA6BeC2[39m (type: address),
      value: [33m3000000000000000000000000000[39m (type: uint256)
    )


    ---------------------------
  [32m  ‚úì[0m[90m test for Revive[0m[31m (117ms)[0m
  [32m  ‚úì[0m[90m test for Revive[0m[31m (113ms)[0m
  [32m  ‚úì[0m[90m test for Revive[0m[31m (150ms)[0m
  [32m  ‚úì[0m[90m test for Revive[0m[31m (130ms)[0m
  [32m  ‚úì[0m[90m test for Revive[0m[31m (141ms)[0m
  [32m  ‚úì[0m[90m test for Revive[0m[31m (109ms)[0m
  [32m  ‚úì[0m[90m test for Revive[0m[31m (100ms)[0m
  [32m  ‚úì[0m[90m test for Revive[0m[31m (157ms)[0m
  [32m  ‚úì[0m[90m test for Revive[0m[31m (138ms)[0m
  [32m  ‚úì[0m[90m test for Revive[0m[31m (137ms)[0m
  [32m  ‚úì[0m[90m test for Revive[0m[31m (140ms)[0m
  [32m  ‚úì[0m[90m test for Revive[0m[31m (137ms)[0m
  [32m  ‚úì[0m[90m test for Revive[0m[31m (136ms)[0m


[92m [0m[32m 32 passing[0m[90m (8s)[0m
[31m  4 failing[0m

[0m  1) Contract: Revive
       test for Revive:
[0m[31m     TypeError: Cannot read property 'call' of undefined[0m[90m
      at Context.<anonymous> (tests/test-Revive.js:95:40)
      at runMicrotasks (<anonymous>)
      at processTicksAndRejections (internal/process/task_queues.js:95:5)
[0m
[0m  2) Contract: Revive
       test for Revive:
[0m[31m     Error: Returned error: sender account not recognized[0m[90m
      at Context.<anonymous> (tests/test-Revive.js:114:41)
      at runMicrotasks (<anonymous>)
      at processTicksAndRejections (internal/process/task_queues.js:95:5)
[0m
[0m  3) Contract: Revive
       test for Revive:
[0m[31m     AssertionError: expected '0x6207037AB1016e876DDc66e3383b3Bd2b7CDBd4c' to equal 1.3193801163110047e+48[0m[90m
      at Context.<anonymous> (tests/test-Revive.js:188:10)
      at runMicrotasks (<anonymous>)
      at processTicksAndRejections (internal/process/task_queues.js:95:5)
[0m
[0m  4) Contract: Revive
       test for Revive:
[0m[31m     AssertionError: expected promise to be rejected with 'Error' but it was fulfilled with {}[0m[90m
  
[0m


-------------|----------|----------|----------|----------|----------------|
File         |  % Stmts | % Branch |  % Funcs |  % Lines |Uncovered Lines |
-------------|----------|----------|----------|----------|----------------|
 contracts/  |    60.19 |       42 |    81.58 |    60.55 |                |
  Revive.sol |    60.19 |       42 |    81.58 |    60.55 |... 700,713,718 |
-------------|----------|----------|----------|----------|----------------|
All files    |    60.19 |       42 |    81.58 |    60.55 |                |
-------------|----------|----------|----------|----------|----------------|

> Istanbul reports written to ./coverage/ and ./coverage.json
> solidity-coverage cleaning up, shutting down ganache server
Error: ‚ùå 4 test(s) failed under coverage.
    at plugin (/app/node_modules/solidity-coverage/plugins/truffle.plugin.js:121:27)
    at runMicrotasks (<anonymous>)
    at processTicksAndRejections (internal/process/task_queues.js:95:5)
    at runNextTicks (internal/process/task_queues.js:64:3)
    at processImmediate (internal/timers.js:437:9)
Truffle v5.4.6 (core: 5.4.6)
Node v14.17.5
