
> Using Truffle library from global node_modules.

> server:            http://127.0.0.1:8555
> truffle:           v5.4.6
> ganache-core:      v2.13.0
> solidity-coverage: v0.7.17

Network Info
============
> id:      *
> port:    8555
> network: soliditycoverage


Instrumenting for coverage...
=============================

> afiController.sol

Compiling your contracts...
===========================
> Compiling ./.coverage_contracts/afiController.sol
> Artifacts written to /app/.coverage_artifacts/contracts
> Compiled successfully using:
   - solc: 0.5.16+commit.9c3226ce.Emscripten.clang


Compiling your contracts...
===========================
> Everything is up to date, there is nothing to compile.


[0m[0m
[0m  Contract: afiController[0m
  [32m  ‚úì[0m[90m test for afiController[0m[31m (1004ms)[0m
  [32m  ‚úì[0m[90m test for afiController[0m[31m (182ms)[0m
  [32m  ‚úì[0m[90m test for afiController[0m[31m (176ms)[0m
  [32m  ‚úì[0m[90m test for afiController[0m[31m (152ms)[0m
  [31m  1) test for afiController[0m
    > No events were emitted
  [32m  ‚úì[0m[90m test for afiController[0m[31m (159ms)[0m
  [32m  ‚úì[0m[90m test for afiController[0m[31m (121ms)[0m
  [32m  ‚úì[0m[90m test for afiController[0m[31m (138ms)[0m
  [32m  ‚úì[0m[90m test for afiController[0m[31m (139ms)[0m
  [32m  ‚úì[0m[90m test for afiController[0m[31m (151ms)[0m
  [32m  ‚úì[0m[90m test for afiController[0m[31m (138ms)[0m
  [32m  ‚úì[0m[90m test for afiController[0m[31m (144ms)[0m
  [32m  ‚úì[0m[90m test for afiController[0m[31m (136ms)[0m
  [32m  ‚úì[0m[90m test for afiController[0m[31m (142ms)[0m
  [32m  ‚úì[0m[90m test for afiController[0m[31m (138ms)[0m
  [32m  ‚úì[0m[90m test for afiController[0m[31m (150ms)[0m
  [32m  ‚úì[0m[90m test for afiController[0m[31m (152ms)[0m
  [32m  ‚úì[0m[90m test for afiController[0m[31m (150ms)[0m
  [32m  ‚úì[0m[90m test for afiController[0m[31m (161ms)[0m
  [32m  ‚úì[0m[90m test for afiController[0m[31m (180ms)[0m
  [31m  2) test for afiController[0m
    > No events were emitted
  [32m  ‚úì[0m[90m test for afiController[0m[31m (145ms)[0m
  [32m  ‚úì[0m[90m test for afiController[0m[31m (210ms)[0m
  [32m  ‚úì[0m[90m test for afiController[0m[31m (166ms)[0m
  [31m  3) test for afiController[0m
    > No events were emitted
  [32m  ‚úì[0m[90m test for afiController[0m[31m (158ms)[0m
  [31m  4) test for afiController[0m
    > No events were emitted
  [32m  ‚úì[0m[90m test for afiController[0m[31m (152ms)[0m
  [32m  ‚úì[0m[90m test for afiController[0m[31m (129ms)[0m
  [32m  ‚úì[0m[90m test for afiController[0m[31m (1154ms)[0m
  [32m  ‚úì[0m[90m test for afiController[0m[31m (163ms)[0m


[92m [0m[32m 27 passing[0m[90m (7s)[0m
[31m  4 failing[0m

[0m  1) Contract: afiController
       test for afiController:
[0m[31m     Error: Returned error: sender account not recognized[0m[90m
      at Context.<anonymous> (tests/test-afiController.js:77:55)
      at processTicksAndRejections (internal/process/task_queues.js:95:5)
[0m
[0m  2) Contract: afiController
       test for afiController:
[0m[31m     AssertionError: expected promise to be rejected with 'Error' but it was fulfilled with {}[0m[90m
  
[0m
[0m  3) Contract: afiController
       test for afiController:
[0m[31m     AssertionError: expected promise to be rejected with 'Error' but it was fulfilled with {}[0m[90m
  
[0m
[0m  4) Contract: afiController
       test for afiController:
[0m[31m     Error: Returned error: VM Exception while processing transaction: revert !strategist[0m[90m
      at Context.<anonymous> (tests/test-afiController.js:492:66)
      at runMicrotasks (<anonymous>)
      at processTicksAndRejections (internal/process/task_queues.js:95:5)
[0m


--------------------|----------|----------|----------|----------|----------------|
File                |  % Stmts | % Branch |  % Funcs |  % Lines |Uncovered Lines |
--------------------|----------|----------|----------|----------|----------------|
 contracts/         |    42.16 |    46.97 |    64.71 |    42.72 |                |
  afiController.sol |    42.16 |    46.97 |    64.71 |    42.72 |... 305,306,313 |
--------------------|----------|----------|----------|----------|----------------|
All files           |    42.16 |    46.97 |    64.71 |    42.72 |                |
--------------------|----------|----------|----------|----------|----------------|

> Istanbul reports written to ./coverage/ and ./coverage.json
> solidity-coverage cleaning up, shutting down ganache server
Error: ‚ùå 4 test(s) failed under coverage.
    at plugin (/app/node_modules/solidity-coverage/plugins/truffle.plugin.js:121:27)
    at runMicrotasks (<anonymous>)
    at processTicksAndRejections (internal/process/task_queues.js:95:5)
    at runNextTicks (internal/process/task_queues.js:64:3)
    at processImmediate (internal/timers.js:437:9)
Truffle v5.4.6 (core: 5.4.6)
Node v14.17.5
