
> Using Truffle library from global node_modules.

> server:            http://127.0.0.1:8555
> truffle:           v5.4.6
> ganache-core:      v2.13.0
> solidity-coverage: v0.7.17

Network Info
============
> id:      *
> port:    8555
> network: soliditycoverage


Instrumenting for coverage...
=============================

> ETFXPool.sol

Compiling your contracts...
===========================
> Compiling ./.coverage_contracts/ETFXPool.sol
> Compilation warnings encountered:

    project:/.coverage_contracts/ETFXPool.sol:528:35: Warning: Unused function parameter. Remove or comment out the variable name to silence this warning.
    function _beforeTokenTransfer(address from, address to, uint256 amount) inter ...
                                  ^----------^
,project:/.coverage_contracts/ETFXPool.sol:528:49: Warning: Unused function parameter. Remove or comment out the variable name to silence this warning.
 ... _beforeTokenTransfer(address from, address to, uint256 amount) internal {c_0x6ba ...
                                        ^--------^
,project:/.coverage_contracts/ETFXPool.sol:528:61: Warning: Unused function parameter. Remove or comment out the variable name to silence this warning.
 ... Transfer(address from, address to, uint256 amount) internal {c_0x6ba97a1b(0xd21518b4 ...
                                        ^------------^
,project:/.coverage_contracts/ETFXPool.sol:1078:72: Warning: Unused function parameter. Remove or comment out the variable name to silence this warning.
 ... address target, bytes memory data, uint256 weiValue, string memory errorMessage) priva ...
                                        ^--------------^
,project:/.coverage_contracts/ETFXPool.sol:528:5: Warning: Function state mutability can be restricted to pure
    function _beforeTokenTransfer(addre ... a9f5358e86e332638); /* function */ 
    ^ (Relevant source part starts here and spans across multiple lines).

> Artifacts written to /app/.coverage_artifacts/contracts
> Compiled successfully using:
   - solc: 0.5.16+commit.9c3226ce.Emscripten.clang


Compiling your contracts...
===========================
> Everything is up to date, there is nothing to compile.


[0m[0m
[0m  Contract: ETFXPool[0m
  [32m  ‚úì[0m[90m test for ETFXPool[0m[31m (1167ms)[0m
  [32m  ‚úì[0m[90m test for ETFXPool[0m[31m (295ms)[0m
  [31m  1) test for ETFXPool[0m
    > No events were emitted
  [31m  2) test for ETFXPool[0m

    Events emitted during test:
    ---------------------------

    Ownable.OwnershipTransferred(
      previousOwner: <indexed> [33m0x0000000000000000000000000000000000000000[39m (type: address),
      newOwner: <indexed> [33m0xf06Fe9d86C3806a46d27F51E02ED83D494b620d3[39m (type: address)
    )


    ---------------------------
  [31m  3) test for ETFXPool[0m

    Events emitted during test:
    ---------------------------

    Ownable.OwnershipTransferred(
      previousOwner: <indexed> [33m0x0000000000000000000000000000000000000000[39m (type: address),
      newOwner: <indexed> [33m0x0c76F6957D84a33168a183C97dBa9fd433F05B2b[39m (type: address)
    )


    ---------------------------
  [32m  ‚úì[0m[90m test for ETFXPool[0m[31m (242ms)[0m
  [32m  ‚úì[0m[90m test for ETFXPool[0m[31m (164ms)[0m
  [32m  ‚úì[0m[90m test for ETFXPool[0m[31m (203ms)[0m
  [31m  4) test for ETFXPool[0m
    > No events were emitted
  [32m  ‚úì[0m[90m test for ETFXPool[0m[31m (195ms)[0m
  [32m  ‚úì[0m[90m test for ETFXPool[0m[31m (156ms)[0m
  [32m  ‚úì[0m[90m test for ETFXPool[0m[31m (163ms)[0m
  [32m  ‚úì[0m[90m test for ETFXPool[0m[31m (201ms)[0m
  [32m  ‚úì[0m[90m test for ETFXPool[0m[31m (177ms)[0m
  [32m  ‚úì[0m[90m test for ETFXPool[0m[31m (185ms)[0m
  [31m  5) test for ETFXPool[0m

    Events emitted during test:
    ---------------------------

    Ownable.OwnershipTransferred(
      previousOwner: <indexed> [33m0x0000000000000000000000000000000000000000[39m (type: address),
      newOwner: <indexed> [33m0xDEce18CF0eA55E17518797A07d0454cA18651010[39m (type: address)
    )


    ---------------------------
  [32m  ‚úì[0m[90m test for ETFXPool[0m[31m (196ms)[0m


[92m [0m[32m 12 passing[0m[90m (5s)[0m
[31m  5 failing[0m

[0m  1) Contract: ETFXPool
       test for ETFXPool:
[0m[31m     Error: Invalid number of parameters for "undefined". Got 4 expected 0![0m[90m
      at Context.<anonymous> (tests/test-ETFXPool.js:34:45)
      at processTicksAndRejections (internal/process/task_queues.js:95:5)
[0m
[0m  2) Contract: ETFXPool
       test for ETFXPool:
[0m[31m     TypeError: Cannot read property 'call' of undefined[0m[90m
      at Context.<anonymous> (tests/test-ETFXPool.js:56:45)
      at processTicksAndRejections (internal/process/task_queues.js:95:5)
[0m
[0m  3) Contract: ETFXPool
       test for ETFXPool:
[0m[31m     AssertionError: expected '0x0c76F6957D84a33168a183C97dBa9fd433F05B2b' to equal 1.2933434076188858e+48[0m[90m
      at Context.<anonymous> (tests/test-ETFXPool.js:69:10)
      at processTicksAndRejections (internal/process/task_queues.js:95:5)
[0m
[0m  4) Contract: ETFXPool
       test for ETFXPool:
[0m[31m     Error: Returned error: sender account not recognized[0m[90m
      at Context.<anonymous> (tests/test-ETFXPool.js:128:45)
      at runMicrotasks (<anonymous>)
      at processTicksAndRejections (internal/process/task_queues.js:95:5)
[0m
[0m  5) Contract: ETFXPool
       test for ETFXPool:
[0m[31m     AssertionError: expected promise to be rejected with 'Error' but it was fulfilled with {}[0m[90m
  
[0m


---------------|----------|----------|----------|----------|----------------|
File           |  % Stmts | % Branch |  % Funcs |  % Lines |Uncovered Lines |
---------------|----------|----------|----------|----------|----------------|
 contracts/    |    41.06 |    22.73 |    55.36 |    40.13 |                |
  ETFXPool.sol |    41.06 |    22.73 |    55.36 |    40.13 |... 2,1013,1014 |
---------------|----------|----------|----------|----------|----------------|
All files      |    41.06 |    22.73 |    55.36 |    40.13 |                |
---------------|----------|----------|----------|----------|----------------|

> Istanbul reports written to ./coverage/ and ./coverage.json
> solidity-coverage cleaning up, shutting down ganache server
Error: ‚ùå 5 test(s) failed under coverage.
    at plugin (/app/node_modules/solidity-coverage/plugins/truffle.plugin.js:121:27)
    at runMicrotasks (<anonymous>)
    at processTicksAndRejections (internal/process/task_queues.js:95:5)
Truffle v5.4.6 (core: 5.4.6)
Node v14.17.5
