
> Using Truffle library from global node_modules.

> server:            http://127.0.0.1:8555
> truffle:           v5.4.6
> ganache-core:      v2.13.0
> solidity-coverage: v0.7.17

Network Info
============
> id:      *
> port:    8555
> network: soliditycoverage


Instrumenting for coverage...
=============================

> Cryptoz_utils.sol
> Cryptoz.sol

Compiling your contracts...
===========================
> Compiling ./.coverage_contracts/Cryptoz.sol
> Compiling ./.coverage_contracts/Cryptoz_utils.sol
> Compilation warnings encountered:

    project:/.coverage_contracts/Cryptoz_utils.sol:1292:5: Warning: This declaration shadows a builtin symbol.
    function log2(uint x) internal returns (uint y){c_0x88cfe5a6(0x9821bd69fe52b2028cf1d4535998dc7d21c8b0e77608cc713eafdbbd03d4ad7c); /* function */ 
    ^ (Relevant source part starts here and spans across multiple lines).
,project:/.coverage_contracts/Cryptoz_utils.sol:1292:5: Warning: Variable is shadowed in inline assembly by an instruction of the same name
    function log2(uint x) internal returns (uint y){c_0x88cfe5a6(0x9821bd69fe52b2028cf1d4535998dc7d21c8b0e77608cc713eafdbbd03d4ad7c); /* function */ 
    ^ (Relevant source part starts here and spans across multiple lines).
,project:/.coverage_contracts/Cryptoz_utils.sol:1292:5: Warning: Function state mutability can be restricted to pure
    function log2(uint x) internal returns (uint y){c_0x88cfe5a6(0x9821bd69fe52b2028cf1d4535998dc7d21c8b0e77608cc713eafdbbd03d4ad7c); /* function */ 
    ^ (Relevant source part starts here and spans across multiple lines).
,project:/.coverage_contracts/Cryptoz.sol:468:5: Warning: Function state mutability can be restricted to pure
    function f() external {c_0x772115a1(0x6a16d6a1dcb44ce215a246f381d2d1f46de668f696868bd476d566cb7d6ba7a5); /* function */ 
    ^ (Relevant source part starts here and spans across multiple lines).

> Artifacts written to /app/.coverage_artifacts/contracts
> Compiled successfully using:
   - solc: 0.5.16+commit.9c3226ce.Emscripten.clang


Compiling your contracts...
===========================
> Everything is up to date, there is nothing to compile.


[0m[0m
[0m  Contract: Cryptoz[0m
  [31m  1) test for Cryptoz[0m
    > No events were emitted
  [32m  ‚úì[0m[90m test for Cryptoz[0m[31m (428ms)[0m
  [32m  ‚úì[0m[90m test for Cryptoz[0m[31m (292ms)[0m
  [32m  ‚úì[0m[90m test for Cryptoz[0m[31m (281ms)[0m
  [32m  ‚úì[0m[90m test for Cryptoz[0m[31m (405ms)[0m
  [32m  ‚úì[0m[90m test for Cryptoz[0m[31m (269ms)[0m
  [31m  2) test for Cryptoz[0m

    Events emitted during test:
    ---------------------------

    Ownable.OwnershipTransferred(
      previousOwner: <indexed> [33m0x0000000000000000000000000000000000000000[39m (type: address),
      newOwner: <indexed> [33m0x5c3EcecFfBE166D1733a0dFc933F225946c8B6A8[39m (type: address)
    )


    ---------------------------
  [32m  ‚úì[0m[90m test for Cryptoz[0m[31m (272ms)[0m
  [32m  ‚úì[0m[90m test for Cryptoz[0m[31m (327ms)[0m
  [32m  ‚úì[0m[90m test for Cryptoz[0m[31m (436ms)[0m
  [31m  3) test for Cryptoz[0m

    Events emitted during test:
    ---------------------------

    Ownable.OwnershipTransferred(
      previousOwner: <indexed> [33m0x0000000000000000000000000000000000000000[39m (type: address),
      newOwner: <indexed> [33m0x5c3EcecFfBE166D1733a0dFc933F225946c8B6A8[39m (type: address)
    )


    ---------------------------
  [32m  ‚úì[0m[90m test for Cryptoz[0m[31m (297ms)[0m
  [32m  ‚úì[0m[90m test for Cryptoz[0m[31m (354ms)[0m
  [32m  ‚úì[0m[90m test for Cryptoz[0m[31m (487ms)[0m
  [32m  ‚úì[0m[90m test for Cryptoz[0m[31m (284ms)[0m
  [32m  ‚úì[0m[90m test for Cryptoz[0m[31m (256ms)[0m
  [32m  ‚úì[0m[90m test for Cryptoz[0m[31m (487ms)[0m
  [31m  4) test for Cryptoz[0m

    Events emitted during test:
    ---------------------------

    Ownable.OwnershipTransferred(
      previousOwner: <indexed> [33m0x0000000000000000000000000000000000000000[39m (type: address),
      newOwner: <indexed> [33m0xD8931B074755A8a90f0b7440a2eD5eeB3C2C21e7[39m (type: address)
    )


    ---------------------------
  [31m  5) test for Cryptoz[0m

    Events emitted during test:
    ---------------------------

    Ownable.OwnershipTransferred(
      previousOwner: <indexed> [33m0x0000000000000000000000000000000000000000[39m (type: address),
      newOwner: <indexed> [33m0x5c3EcecFfBE166D1733a0dFc933F225946c8B6A8[39m (type: address)
    )


    ---------------------------
  [32m  ‚úì[0m[90m test for Cryptoz[0m[31m (447ms)[0m
  [32m  ‚úì[0m[90m test for Cryptoz[0m[31m (289ms)[0m


[92m [0m[32m 16 passing[0m[90m (10s)[0m
[31m  5 failing[0m

[0m  1) Contract: Cryptoz
       test for Cryptoz:
[0m[31m     Error: Returned error: sender account not recognized[0m[90m
      at Context.<anonymous> (tests/test-Cryptoz.js:8:42)
      at processTicksAndRejections (internal/process/task_queues.js:95:5)
[0m
[0m  2) Contract: Cryptoz
       test for Cryptoz:
[0m[31m     AssertionError: expected promise to be rejected with 'Error' but it was fulfilled with {}[0m[90m
  
[0m
[0m  3) Contract: Cryptoz
       test for Cryptoz:
[0m[31m     AssertionError: expected promise to be rejected with 'Error' but it was fulfilled with { Object (0, 1, ...) }[0m[90m
  
[0m
[0m  4) Contract: Cryptoz
       test for Cryptoz:
[0m[31m     AssertionError: expected promise to be rejected with 'Error' but it was fulfilled with {}[0m[90m
  
[0m
[0m  5) Contract: Cryptoz
       test for Cryptoz:
[0m[31m     AssertionError: expected promise to be rejected with 'Error' but it was fulfilled with {}[0m[90m
  
[0m


--------------------|----------|----------|----------|----------|----------------|
File                |  % Stmts | % Branch |  % Funcs |  % Lines |Uncovered Lines |
--------------------|----------|----------|----------|----------|----------------|
 contracts/         |    25.48 |    15.35 |    35.61 |    24.82 |                |
  Cryptoz.sol       |    31.17 |    22.73 |    70.59 |    30.38 |... 682,684,696 |
  Cryptoz_utils.sol |    22.14 |     9.65 |    23.47 |    21.56 |... 9,1843,1852 |
--------------------|----------|----------|----------|----------|----------------|
All files           |    25.48 |    15.35 |    35.61 |    24.82 |                |
--------------------|----------|----------|----------|----------|----------------|

> Istanbul reports written to ./coverage/ and ./coverage.json
> solidity-coverage cleaning up, shutting down ganache server
Error: ‚ùå 5 test(s) failed under coverage.
    at plugin (/app/node_modules/solidity-coverage/plugins/truffle.plugin.js:121:27)
    at runMicrotasks (<anonymous>)
    at processTicksAndRejections (internal/process/task_queues.js:95:5)
Truffle v5.4.6 (core: 5.4.6)
Node v14.17.5
