
> Using Truffle library from global node_modules.

> server:            http://127.0.0.1:8555
> truffle:           v5.4.6
> ganache-core:      v2.13.0
> solidity-coverage: v0.7.17

Network Info
============
> id:      *
> port:    8555
> network: soliditycoverage


Instrumenting for coverage...
=============================

> RainbowRAK.sol

Compiling your contracts...
===========================
> Compiling ./.coverage_contracts/RainbowRAK.sol
> Artifacts written to /app/.coverage_artifacts/contracts
> Compiled successfully using:
   - solc: 0.5.16+commit.9c3226ce.Emscripten.clang


Compiling your contracts...
===========================
> Everything is up to date, there is nothing to compile.


[0m[0m
[0m  Contract: RainbowRAK[0m
  [31m  1) test for RainbowRAK[0m

    Events emitted during test:
    ---------------------------

    Ownable.OwnershipTransferred(
      previousOwner: <indexed> [33m0x0000000000000000000000000000000000000000[39m (type: address),
      newOwner: <indexed> [33m0x316fF91d86e972C3194F9b79f33c89Fa5b0156f7[39m (type: address)
    )


    ---------------------------
  [32m  ‚úì[0m[90m test for RainbowRAK[0m[31m (918ms)[0m
  [31m  2) test for RainbowRAK[0m

    Events emitted during test:
    ---------------------------

    Ownable.OwnershipTransferred(
      previousOwner: <indexed> [33m0x0000000000000000000000000000000000000000[39m (type: address),
      newOwner: <indexed> [33m0x316fF91d86e972C3194F9b79f33c89Fa5b0156f7[39m (type: address)
    )


    ---------------------------
  [32m  ‚úì[0m[90m test for RainbowRAK[0m[31m (224ms)[0m
  [31m  3) test for RainbowRAK[0m

    Events emitted during test:
    ---------------------------

    Ownable.OwnershipTransferred(
      previousOwner: <indexed> [33m0x0000000000000000000000000000000000000000[39m (type: address),
      newOwner: <indexed> [33m0x2Dd15b84D73ce7c05798A570cc67f01A4bAC98bE[39m (type: address)
    )


    ---------------------------
  [31m  4) test for RainbowRAK[0m

    Events emitted during test:
    ---------------------------

    Ownable.OwnershipTransferred(
      previousOwner: <indexed> [33m0x0000000000000000000000000000000000000000[39m (type: address),
      newOwner: <indexed> [33m0xeF6f310712487A2136F0101621E183eB3f585b51[39m (type: address)
    )


    ---------------------------
  [31m  5) test for RainbowRAK[0m
    > No events were emitted
  [31m  6) test for RainbowRAK[0m

    Events emitted during test:
    ---------------------------

    Ownable.OwnershipTransferred(
      previousOwner: <indexed> [33m0x0000000000000000000000000000000000000000[39m (type: address),
      newOwner: <indexed> [33m0xD346943C1768db90858B85a1F118a74455006891[39m (type: address)
    )


    ---------------------------
  [31m  7) test for RainbowRAK[0m

    Events emitted during test:
    ---------------------------

    Ownable.OwnershipTransferred(
      previousOwner: <indexed> [33m0x0000000000000000000000000000000000000000[39m (type: address),
      newOwner: <indexed> [33m0xeF6f310712487A2136F0101621E183eB3f585b51[39m (type: address)
    )


    ---------------------------


[92m [0m[32m 2 passing[0m[90m (3s)[0m
[31m  7 failing[0m

[0m  1) Contract: RainbowRAK
       test for RainbowRAK:
[0m[31m     AssertionError: expected [] to equal undefined[0m[90m
      at Context.<anonymous> (tests/test-RainbowRAK.js:15:10)
      at processTicksAndRejections (internal/process/task_queues.js:95:5)
[0m
[0m  2) Contract: RainbowRAK
       test for RainbowRAK:
[0m[31m     AssertionError: expected promise to be rejected with 'Error' but it was fulfilled with {}[0m[90m
  
[0m
[0m  3) Contract: RainbowRAK
       test for RainbowRAK:
[0m[31m     TypeError: Cannot read property 'call' of undefined[0m[90m
      at Context.<anonymous> (tests/test-RainbowRAK.js:66:44)
      at runMicrotasks (<anonymous>)
      at processTicksAndRejections (internal/process/task_queues.js:95:5)
[0m
[0m  4) Contract: RainbowRAK
       test for RainbowRAK:
[0m[31m     AssertionError: expected promise to be rejected with 'Error' but it was fulfilled with {}[0m[90m
  
[0m
[0m  5) Contract: RainbowRAK
       test for RainbowRAK:
[0m[31m     Error: Returned error: sender account not recognized[0m[90m
      at Context.<anonymous> (tests/test-RainbowRAK.js:83:49)
      at runMicrotasks (<anonymous>)
      at processTicksAndRejections (internal/process/task_queues.js:95:5)
[0m
[0m  6) Contract: RainbowRAK
       test for RainbowRAK:
[0m[31m     AssertionError: expected '0xD346943C1768db90858B85a1F118a74455006891' to equal 5.8693959066597366e+47[0m[90m
      at Context.<anonymous> (tests/test-RainbowRAK.js:101:10)
      at runMicrotasks (<anonymous>)
      at processTicksAndRejections (internal/process/task_queues.js:95:5)
[0m
[0m  7) Contract: RainbowRAK
       test for RainbowRAK:
[0m[31m     AssertionError: expected [] to equal undefined[0m[90m
      at Context.<anonymous> (tests/test-RainbowRAK.js:115:10)
      at runMicrotasks (<anonymous>)
      at processTicksAndRejections (internal/process/task_queues.js:95:5)
[0m


-----------------|----------|----------|----------|----------|----------------|
File             |  % Stmts | % Branch |  % Funcs |  % Lines |Uncovered Lines |
-----------------|----------|----------|----------|----------|----------------|
 contracts/      |    55.65 |    33.33 |    69.05 |     56.3 |                |
  RainbowRAK.sol |    55.65 |    33.33 |    69.05 |     56.3 |... 669,670,671 |
-----------------|----------|----------|----------|----------|----------------|
All files        |    55.65 |    33.33 |    69.05 |     56.3 |                |
-----------------|----------|----------|----------|----------|----------------|

> Istanbul reports written to ./coverage/ and ./coverage.json
> solidity-coverage cleaning up, shutting down ganache server
Error: ‚ùå 7 test(s) failed under coverage.
    at plugin (/app/node_modules/solidity-coverage/plugins/truffle.plugin.js:121:27)
    at runMicrotasks (<anonymous>)
    at processTicksAndRejections (internal/process/task_queues.js:95:5)
Truffle v5.4.6 (core: 5.4.6)
Node v14.17.5
