
> Using Truffle library from global node_modules.

> server:            http://127.0.0.1:8555
> truffle:           v5.4.6
> ganache-core:      v2.13.0
> solidity-coverage: v0.7.17

Network Info
============
> id:      *
> port:    8555
> network: soliditycoverage


Instrumenting for coverage...
=============================

> SSTRewards_utils.sol
> SSTRewards.sol

Compiling your contracts...
===========================
> Compiling ./.coverage_contracts/SSTRewards.sol
> Compiling ./.coverage_contracts/SSTRewards_utils.sol
> Artifacts written to /app/.coverage_artifacts/contracts
> Compiled successfully using:
   - solc: 0.5.16+commit.9c3226ce.Emscripten.clang


Compiling your contracts...
===========================
> Everything is up to date, there is nothing to compile.


[0m[0m
[0m  Contract: SSTRewards[0m
  [31m  1) test for SSTRewards[0m

    Events emitted during test:
    ---------------------------

    Ownable.OwnershipTransferred(
      previousOwner: <indexed> [33m0x0000000000000000000000000000000000000000[39m (type: address),
      newOwner: <indexed> [33m0x073B018d0e89b4aD4EC7427049803004c0E62215[39m (type: address)
    )


    ---------------------------
  [31m  2) test for SSTRewards[0m

    Events emitted during test:
    ---------------------------

    Ownable.OwnershipTransferred(
      previousOwner: <indexed> [33m0x0000000000000000000000000000000000000000[39m (type: address),
      newOwner: <indexed> [33m0x8e7aeD828e0f21Cd112C6D32Bb10b8306812cD05[39m (type: address)
    )


    ---------------------------
  [32m  ‚úì[0m[90m test for SSTRewards[0m[31m (975ms)[0m
  [31m  3) test for SSTRewards[0m
    > No events were emitted
  [31m  4) test for SSTRewards[0m

    Events emitted during test:
    ---------------------------

    Ownable.OwnershipTransferred(
      previousOwner: <indexed> [33m0x0000000000000000000000000000000000000000[39m (type: address),
      newOwner: <indexed> [33m0x53c356e0BA9E696dA52e6D491e80361aF5179106[39m (type: address)
    )


    ---------------------------
  [32m  ‚úì[0m[90m test for SSTRewards[0m[31m (147ms)[0m


[92m [0m[32m 2 passing[0m[90m (3s)[0m
[31m  4 failing[0m

[0m  1) Contract: SSTRewards
       test for SSTRewards:
[0m[31m     TypeError: Cannot read property 'call' of undefined[0m[90m
      at Context.<anonymous> (tests/test-SSTRewards.js:14:44)
      at processTicksAndRejections (internal/process/task_queues.js:95:5)
[0m
[0m  2) Contract: SSTRewards
       test for SSTRewards:
[0m[31m     AssertionError: expected promise to be rejected with 'Error' but it was fulfilled with {}[0m[90m
  
[0m
[0m  3) Contract: SSTRewards
       test for SSTRewards:
[0m[31m     Error: Returned error: sender account not recognized[0m[90m
      at Context.<anonymous> (tests/test-SSTRewards.js:42:49)
      at processTicksAndRejections (internal/process/task_queues.js:95:5)
[0m
[0m  4) Contract: SSTRewards
       test for SSTRewards:
[0m[31m     AssertionError: expected promise to be rejected with 'Error' but it was fulfilled with {}[0m[90m
  
[0m


-----------------------|----------|----------|----------|----------|----------------|
File                   |  % Stmts | % Branch |  % Funcs |  % Lines |Uncovered Lines |
-----------------------|----------|----------|----------|----------|----------------|
 contracts/            |    44.33 |    23.91 |    54.35 |    44.66 |                |
  SSTRewards.sol       |       50 |    35.71 |    78.57 |    52.38 |... 183,184,185 |
  SSTRewards_utils.sol |    40.35 |    18.75 |    43.75 |    39.34 |... 519,537,544 |
-----------------------|----------|----------|----------|----------|----------------|
All files              |    44.33 |    23.91 |    54.35 |    44.66 |                |
-----------------------|----------|----------|----------|----------|----------------|

> Istanbul reports written to ./coverage/ and ./coverage.json
> solidity-coverage cleaning up, shutting down ganache server
Error: ‚ùå 4 test(s) failed under coverage.
    at plugin (/app/node_modules/solidity-coverage/plugins/truffle.plugin.js:121:27)
    at runMicrotasks (<anonymous>)
    at processTicksAndRejections (internal/process/task_queues.js:95:5)
Truffle v5.4.6 (core: 5.4.6)
Node v14.17.5
