
> Using Truffle library from global node_modules.

> server:            http://127.0.0.1:8555
> truffle:           v5.4.6
> ganache-core:      v2.13.0
> solidity-coverage: v0.7.17

Network Info
============
> id:      *
> port:    8555
> network: soliditycoverage


Instrumenting for coverage...
=============================

> LIBERAPAY.sol

Compiling your contracts...
===========================
> Compiling ./.coverage_contracts/LIBERAPAY.sol
> Artifacts written to /app/.coverage_artifacts/contracts
> Compiled successfully using:
   - solc: 0.5.16+commit.9c3226ce.Emscripten.clang


Compiling your contracts...
===========================
> Everything is up to date, there is nothing to compile.


[0m[0m
[0m  Contract: LIBERAPAY[0m
  [32m  ‚úì[0m[90m test for LIBERAPAY[0m[31m (1081ms)[0m
  [32m  ‚úì[0m[90m test for LIBERAPAY[0m[31m (269ms)[0m
  [32m  ‚úì[0m[90m test for LIBERAPAY[0m[31m (240ms)[0m
  [31m  1) test for LIBERAPAY[0m

    Events emitted during test:
    ---------------------------

    ERC20.Transfer(
      from: <indexed> [33m0x0000000000000000000000000000000000000000[39m (type: address),
      to: <indexed> [33m0x1e2836B1533439dF65953E70BAd40Bd3262c92Ef[39m (type: address),
      value: [33m3000000000000000000000000000[39m (type: uint256)
    )


    ---------------------------
  [32m  ‚úì[0m[90m test for LIBERAPAY[0m[31m (217ms)[0m
  [31m  2) test for LIBERAPAY[0m
    > No events were emitted
  [31m  3) test for LIBERAPAY[0m

    Events emitted during test:
    ---------------------------

    ERC20.Transfer(
      from: <indexed> [33m0x0000000000000000000000000000000000000000[39m (type: address),
      to: <indexed> [33m0xe9Bcac79B0383D4eCe548f6Cd729cd17a8a8f781[39m (type: address),
      value: [33m3000000000000000000000000000[39m (type: uint256)
    )


    ---------------------------
  [32m  ‚úì[0m[90m test for LIBERAPAY[0m[31m (228ms)[0m
  [32m  ‚úì[0m[90m test for LIBERAPAY[0m[31m (212ms)[0m
  [32m  ‚úì[0m[90m test for LIBERAPAY[0m[31m (239ms)[0m
  [32m  ‚úì[0m[90m test for LIBERAPAY[0m[31m (271ms)[0m
  [32m  ‚úì[0m[90m test for LIBERAPAY[0m[31m (235ms)[0m
  [32m  ‚úì[0m[90m test for LIBERAPAY[0m[31m (180ms)[0m
  [32m  ‚úì[0m[90m test for LIBERAPAY[0m[31m (324ms)[0m
  [32m  ‚úì[0m[90m test for LIBERAPAY[0m[31m (286ms)[0m
  [31m  4) test for LIBERAPAY[0m

    Events emitted during test:
    ---------------------------

    ERC20.Transfer(
      from: <indexed> [33m0x0000000000000000000000000000000000000000[39m (type: address),
      to: <indexed> [33m0xe9Bcac79B0383D4eCe548f6Cd729cd17a8a8f781[39m (type: address),
      value: [33m3000000000000000000000000000[39m (type: uint256)
    )


    ---------------------------
  [32m  ‚úì[0m[90m test for LIBERAPAY[0m[31m (297ms)[0m
  [32m  ‚úì[0m[90m test for LIBERAPAY[0m[31m (170ms)[0m
  [31m  5) test for LIBERAPAY[0m

    Events emitted during test:
    ---------------------------

    ERC20.Transfer(
      from: <indexed> [33m0x0000000000000000000000000000000000000000[39m (type: address),
      to: <indexed> [33m0xe9Bcac79B0383D4eCe548f6Cd729cd17a8a8f781[39m (type: address),
      value: [33m3000000000000000000000000000[39m (type: uint256)
    )


    ---------------------------
  [32m  ‚úì[0m[90m test for LIBERAPAY[0m[31m (175ms)[0m
  [32m  ‚úì[0m[90m test for LIBERAPAY[0m[31m (137ms)[0m
  [32m  ‚úì[0m[90m test for LIBERAPAY[0m[31m (203ms)[0m
  [32m  ‚úì[0m[90m test for LIBERAPAY[0m[31m (173ms)[0m
  [32m  ‚úì[0m[90m test for LIBERAPAY[0m[31m (167ms)[0m


[92m [0m[32m 19 passing[0m[90m (7s)[0m
[31m  5 failing[0m

[0m  1) Contract: LIBERAPAY
       test for LIBERAPAY:
[0m[31m     TypeError: Cannot read property 'call' of undefined[0m[90m
      at Context.<anonymous> (tests/test-LIBERAPAY.js:73:45)
      at processTicksAndRejections (internal/process/task_queues.js:95:5)
[0m
[0m  2) Contract: LIBERAPAY
       test for LIBERAPAY:
[0m[31m     Error: Returned error: sender account not recognized[0m[90m
      at Context.<anonymous> (tests/test-LIBERAPAY.js:95:46)
      at runMicrotasks (<anonymous>)
      at processTicksAndRejections (internal/process/task_queues.js:95:5)
[0m
[0m  3) Contract: LIBERAPAY
       test for LIBERAPAY:
[0m[31m     AssertionError: expected <BN: 6131ee5e> to equal {}[0m[90m
      at Context.<anonymous> (tests/test-LIBERAPAY.js:129:10)
      at runMicrotasks (<anonymous>)
      at processTicksAndRejections (internal/process/task_queues.js:95:5)
[0m
[0m  4) Contract: LIBERAPAY
       test for LIBERAPAY:
[0m[31m     AssertionError: expected promise to be rejected with 'Error' but it was fulfilled with { Object (0, 1, ...) }[0m[90m
  
[0m
[0m  5) Contract: LIBERAPAY
       test for LIBERAPAY:
[0m[31m     AssertionError: expected <BN: 6131ee61> to equal {}[0m[90m
      at Context.<anonymous> (tests/test-LIBERAPAY.js:342:10)
      at runMicrotasks (<anonymous>)
      at processTicksAndRejections (internal/process/task_queues.js:95:5)
[0m


----------------|----------|----------|----------|----------|----------------|
File            |  % Stmts | % Branch |  % Funcs |  % Lines |Uncovered Lines |
----------------|----------|----------|----------|----------|----------------|
 contracts/     |    58.57 |    42.86 |    82.05 |    57.82 |                |
  LIBERAPAY.sol |    58.57 |    42.86 |    82.05 |    57.82 |... 404,405,409 |
----------------|----------|----------|----------|----------|----------------|
All files       |    58.57 |    42.86 |    82.05 |    57.82 |                |
----------------|----------|----------|----------|----------|----------------|

> Istanbul reports written to ./coverage/ and ./coverage.json
> solidity-coverage cleaning up, shutting down ganache server
Error: ‚ùå 5 test(s) failed under coverage.
    at plugin (/app/node_modules/solidity-coverage/plugins/truffle.plugin.js:121:27)
    at runMicrotasks (<anonymous>)
    at processTicksAndRejections (internal/process/task_queues.js:95:5)
Truffle v5.4.6 (core: 5.4.6)
Node v14.17.5
