
> Using Truffle library from global node_modules.

> server:            http://127.0.0.1:8555
> truffle:           v5.4.6
> ganache-core:      v2.13.0
> solidity-coverage: v0.7.17

Network Info
============
> id:      *
> port:    8555
> network: soliditycoverage


Instrumenting for coverage...
=============================

> SLTDETHlpReward.sol

Compiling your contracts...
===========================
> Compiling ./.coverage_contracts/SLTDETHlpReward.sol
> Artifacts written to /app/.coverage_artifacts/contracts
> Compiled successfully using:
   - solc: 0.5.16+commit.9c3226ce.Emscripten.clang


Compiling your contracts...
===========================
> Everything is up to date, there is nothing to compile.


[0m[0m
[0m  Contract: SLTDETHlpReward[0m
  [32m  ‚úì[0m[90m test for SLTDETHlpReward[0m[31m (1974ms)[0m
  [31m  1) test for SLTDETHlpReward[0m

    Events emitted during test:
    ---------------------------

    Ownable.OwnershipTransferred(
      previousOwner: <indexed> [33m0x0000000000000000000000000000000000000000[39m (type: address),
      newOwner: <indexed> [33m0xC36fc0336d06fEd9Fc4CFE07579Ab473102872bF[39m (type: address)
    )


    ---------------------------
  [32m  ‚úì[0m[90m test for SLTDETHlpReward[0m[31m (207ms)[0m
  [32m  ‚úì[0m[90m test for SLTDETHlpReward[0m[31m (228ms)[0m
  [32m  ‚úì[0m[90m test for SLTDETHlpReward[0m[31m (220ms)[0m
  [31m  2) test for SLTDETHlpReward[0m
    > No events were emitted
  [32m  ‚úì[0m[90m test for SLTDETHlpReward[0m[31m (209ms)[0m
  [32m  ‚úì[0m[90m test for SLTDETHlpReward[0m[31m (204ms)[0m
  [31m  3) test for SLTDETHlpReward[0m

    Events emitted during test:
    ---------------------------

    Ownable.OwnershipTransferred(
      previousOwner: <indexed> [33m0x0000000000000000000000000000000000000000[39m (type: address),
      newOwner: <indexed> [33m0xADDb61b4B450f9F10e10a432077B054ddFD6e594[39m (type: address)
    )


    ---------------------------
  [31m  4) test for SLTDETHlpReward[0m

    Events emitted during test:
    ---------------------------

    Ownable.OwnershipTransferred(
      previousOwner: <indexed> [33m0x0000000000000000000000000000000000000000[39m (type: address),
      newOwner: <indexed> [33m0xADDb61b4B450f9F10e10a432077B054ddFD6e594[39m (type: address)
    )


    ---------------------------
  [32m  ‚úì[0m[90m test for SLTDETHlpReward[0m[31m (177ms)[0m
  [31m  5) test for SLTDETHlpReward[0m

    Events emitted during test:
    ---------------------------

    Ownable.OwnershipTransferred(
      previousOwner: <indexed> [33m0x0000000000000000000000000000000000000000[39m (type: address),
      newOwner: <indexed> [33m0x7fC46DC36aE293C5BC8eC83Ba73b3AbdCf545aFc[39m (type: address)
    )


    ---------------------------
  [32m  ‚úì[0m[90m test for SLTDETHlpReward[0m[31m (215ms)[0m
  [32m  ‚úì[0m[90m test for SLTDETHlpReward[0m[31m (251ms)[0m


[92m [0m[32m 9 passing[0m[90m (5s)[0m
[31m  5 failing[0m

[0m  1) Contract: SLTDETHlpReward
       test for SLTDETHlpReward:
[0m[31m     TypeError: Cannot read property 'call' of undefined[0m[90m
      at Context.<anonymous> (tests/test-SLTDETHlpReward.js:36:52)
      at processTicksAndRejections (internal/process/task_queues.js:95:5)
[0m
[0m  2) Contract: SLTDETHlpReward
       test for SLTDETHlpReward:
[0m[31m     Error: Returned error: sender account not recognized[0m[90m
      at Context.<anonymous> (tests/test-SLTDETHlpReward.js:78:59)
      at runMicrotasks (<anonymous>)
      at processTicksAndRejections (internal/process/task_queues.js:95:5)
[0m
[0m  3) Contract: SLTDETHlpReward
       test for SLTDETHlpReward:
[0m[31m     AssertionError: expected promise to be rejected with 'Error' but it was fulfilled with {}[0m[90m
  
[0m
[0m  4) Contract: SLTDETHlpReward
       test for SLTDETHlpReward:
[0m[31m     AssertionError: expected '0xADDb61b4B450f9F10e10a432077B054ddFD6e594' to equal 4.200848812223734e+47[0m[90m
      at Context.<anonymous> (tests/test-SLTDETHlpReward.js:138:10)
      at runMicrotasks (<anonymous>)
      at processTicksAndRejections (internal/process/task_queues.js:95:5)
[0m
[0m  5) Contract: SLTDETHlpReward
       test for SLTDETHlpReward:
[0m[31m     AssertionError: expected promise to be rejected with 'Error' but it was fulfilled with {}[0m[90m
  
[0m


----------------------|----------|----------|----------|----------|----------------|
File                  |  % Stmts | % Branch |  % Funcs |  % Lines |Uncovered Lines |
----------------------|----------|----------|----------|----------|----------------|
 contracts/           |     62.5 |    43.48 |     76.6 |    64.22 |                |
  SLTDETHlpReward.sol |     62.5 |    43.48 |     76.6 |    64.22 |... 367,368,369 |
----------------------|----------|----------|----------|----------|----------------|
All files             |     62.5 |    43.48 |     76.6 |    64.22 |                |
----------------------|----------|----------|----------|----------|----------------|

> Istanbul reports written to ./coverage/ and ./coverage.json
> solidity-coverage cleaning up, shutting down ganache server
Error: ‚ùå 5 test(s) failed under coverage.
    at plugin (/app/node_modules/solidity-coverage/plugins/truffle.plugin.js:121:27)
    at runMicrotasks (<anonymous>)
    at processTicksAndRejections (internal/process/task_queues.js:95:5)
Truffle v5.4.6 (core: 5.4.6)
Node v14.17.5
