
> Using Truffle library from global node_modules.

> server:            http://127.0.0.1:8555
> truffle:           v5.4.6
> ganache-core:      v2.13.0
> solidity-coverage: v0.7.17

Network Info
============
> id:      *
> port:    8555
> network: soliditycoverage


Instrumenting for coverage...
=============================

> Layerx.sol

Compiling your contracts...
===========================
> Compiling ./.coverage_contracts/Layerx.sol
> Artifacts written to /app/.coverage_artifacts/contracts
> Compiled successfully using:
   - solc: 0.5.16+commit.9c3226ce.Emscripten.clang


Compiling your contracts...
===========================
> Everything is up to date, there is nothing to compile.


[0m[0m
[0m  Contract: Layerx[0m
  [32m  ‚úì[0m[90m test for Layerx[0m[31m (1131ms)[0m
  [31m  1) test for Layerx[0m

    Events emitted during test:
    ---------------------------

    IERC20.Transfer(
      from: <indexed> [33m0x0000000000000000000000000000000000000000[39m (type: address),
      to: <indexed> [33m0x8CA8c0463d821f20Be8B49f6f12e971d17C5f0a4[39m (type: address),
      value: [33m40000000000000000000000[39m (type: uint256)
    )


    ---------------------------
  [32m  ‚úì[0m[90m test for Layerx[0m[31m (265ms)[0m
  [32m  ‚úì[0m[90m test for Layerx[0m[31m (246ms)[0m
  [31m  2) test for Layerx[0m
    > No events were emitted
  [32m  ‚úì[0m[90m test for Layerx[0m[31m (306ms)[0m
  [32m  ‚úì[0m[90m test for Layerx[0m[31m (311ms)[0m
  [32m  ‚úì[0m[90m test for Layerx[0m[31m (201ms)[0m
  [32m  ‚úì[0m[90m test for Layerx[0m[31m (184ms)[0m
  [31m  3) test for Layerx[0m

    Events emitted during test:
    ---------------------------

    IERC20.Transfer(
      from: <indexed> [33m0x0000000000000000000000000000000000000000[39m (type: address),
      to: <indexed> [33m0x5D185013BD571695C78A775B3AdFDac0FF81Ff3e[39m (type: address),
      value: [33m40000000000000000000000[39m (type: uint256)
    )


    ---------------------------
  [32m  ‚úì[0m[90m test for Layerx[0m[31m (199ms)[0m
  [31m  4) test for Layerx[0m

    Events emitted during test:
    ---------------------------

    IERC20.Transfer(
      from: <indexed> [33m0x0000000000000000000000000000000000000000[39m (type: address),
      to: <indexed> [33m0x5D185013BD571695C78A775B3AdFDac0FF81Ff3e[39m (type: address),
      value: [33m40000000000000000000000[39m (type: uint256)
    )


    ---------------------------
  [31m  5) test for Layerx[0m

    Events emitted during test:
    ---------------------------

    IERC20.Transfer(
      from: <indexed> [33m0x0000000000000000000000000000000000000000[39m (type: address),
      to: <indexed> [33m0xae668c83d49784C59446d9f6D8560f7BccfF0721[39m (type: address),
      value: [33m40000000000000000000000[39m (type: uint256)
    )


    ---------------------------
  [32m  ‚úì[0m[90m test for Layerx[0m[31m (200ms)[0m
  [31m  6) test for Layerx[0m

    Events emitted during test:
    ---------------------------

    IERC20.Transfer(
      from: <indexed> [33m0x0000000000000000000000000000000000000000[39m (type: address),
      to: <indexed> [33m0x5D185013BD571695C78A775B3AdFDac0FF81Ff3e[39m (type: address),
      value: [33m40000000000000000000000[39m (type: uint256)
    )


    ---------------------------
  [31m  7) test for Layerx[0m

    Events emitted during test:
    ---------------------------

    IERC20.Transfer(
      from: <indexed> [33m0x0000000000000000000000000000000000000000[39m (type: address),
      to: <indexed> [33m0x325382dE7902d77daf3B1940c3383880982DED5F[39m (type: address),
      value: [33m40000000000000000000000[39m (type: uint256)
    )


    ---------------------------
  [32m  ‚úì[0m[90m test for Layerx[0m[31m (152ms)[0m
  [31m  8) test for Layerx[0m

    Events emitted during test:
    ---------------------------

    IERC20.Transfer(
      from: <indexed> [33m0x0000000000000000000000000000000000000000[39m (type: address),
      to: <indexed> [33m0xae668c83d49784C59446d9f6D8560f7BccfF0721[39m (type: address),
      value: [33m40000000000000000000000[39m (type: uint256)
    )


    ---------------------------
  [31m  9) test for Layerx[0m

    Events emitted during test:
    ---------------------------

    IERC20.Transfer(
      from: <indexed> [33m0x0000000000000000000000000000000000000000[39m (type: address),
      to: <indexed> [33m0xae668c83d49784C59446d9f6D8560f7BccfF0721[39m (type: address),
      value: [33m40000000000000000000000[39m (type: uint256)
    )


    ---------------------------
  [31m  10) test for Layerx[0m

    Events emitted during test:
    ---------------------------

    IERC20.Transfer(
      from: <indexed> [33m0x0000000000000000000000000000000000000000[39m (type: address),
      to: <indexed> [33m0xae668c83d49784C59446d9f6D8560f7BccfF0721[39m (type: address),
      value: [33m40000000000000000000000[39m (type: uint256)
    )


    ---------------------------
  [32m  ‚úì[0m[90m test for Layerx[0m[31m (198ms)[0m


[92m [0m[32m 11 passing[0m[90m (6s)[0m
[31m  10 failing[0m

[0m  1) Contract: Layerx
       test for Layerx:
[0m[31m     TypeError: Cannot read property 'call' of undefined[0m[90m
      at Context.<anonymous> (tests/test-Layerx.js:31:37)
      at processTicksAndRejections (internal/process/task_queues.js:95:5)
[0m
[0m  2) Contract: Layerx
       test for Layerx:
[0m[31m     Error: Returned error: sender account not recognized[0m[90m
      at Context.<anonymous> (tests/test-Layerx.js:71:41)
      at processTicksAndRejections (internal/process/task_queues.js:95:5)
[0m
[0m  3) Contract: Layerx
       test for Layerx:
[0m[31m     Error: Returned error: VM Exception while processing transaction: revert Invalid account balances state.[0m[90m
      at Context.<anonymous> (tests/test-Layerx.js:151:51)
      at runMicrotasks (<anonymous>)
      at processTicksAndRejections (internal/process/task_queues.js:95:5)
[0m
[0m  4) Contract: Layerx
       test for Layerx:
[0m[31m     TypeError: Cannot read property 'call' of undefined[0m[90m
      at Context.<anonymous> (tests/test-Layerx.js:183:37)
      at runMicrotasks (<anonymous>)
      at processTicksAndRejections (internal/process/task_queues.js:95:5)
[0m
[0m  5) Contract: Layerx
       test for Layerx:
[0m[31m     AssertionError: expected promise to be rejected with 'Error' but it was fulfilled with {}[0m[90m
  
[0m
[0m  6) Contract: Layerx
       test for Layerx:
[0m[31m     AssertionError: expected promise to be rejected with 'Error' but it was fulfilled with {}[0m[90m
  
[0m
[0m  7) Contract: Layerx
       test for Layerx:
[0m[31m     TypeError: Cannot read property 'call' of undefined[0m[90m
      at Context.<anonymous> (tests/test-Layerx.js:240:35)
      at runMicrotasks (<anonymous>)
      at processTicksAndRejections (internal/process/task_queues.js:95:5)
[0m
[0m  8) Contract: Layerx
       test for Layerx:
[0m[31m     AssertionError: expected promise to be rejected with 'Error' but it was fulfilled with {}[0m[90m
  
[0m
[0m  9) Contract: Layerx
       test for Layerx:
[0m[31m     AssertionError: expected promise to be rejected with 'Error' but it was fulfilled with {}[0m[90m
  
[0m
[0m  10) Contract: Layerx
       test for Layerx:
[0m[31m     AssertionError: expected promise to be rejected with 'Error' but it was fulfilled with {}[0m[90m
  
[0m


-------------|----------|----------|----------|----------|----------------|
File         |  % Stmts | % Branch |  % Funcs |  % Lines |Uncovered Lines |
-------------|----------|----------|----------|----------|----------------|
 contracts/  |    47.76 |     30.3 |    92.31 |    49.26 |                |
  Layerx.sol |    47.76 |     30.3 |    92.31 |    49.26 |... 366,367,370 |
-------------|----------|----------|----------|----------|----------------|
All files    |    47.76 |     30.3 |    92.31 |    49.26 |                |
-------------|----------|----------|----------|----------|----------------|

> Istanbul reports written to ./coverage/ and ./coverage.json
> solidity-coverage cleaning up, shutting down ganache server
Error: ‚ùå 10 test(s) failed under coverage.
    at plugin (/app/node_modules/solidity-coverage/plugins/truffle.plugin.js:121:27)
    at runMicrotasks (<anonymous>)
    at processTicksAndRejections (internal/process/task_queues.js:95:5)
Truffle v5.4.6 (core: 5.4.6)
Node v14.17.5
