
> Using Truffle library from global node_modules.

> server:            http://127.0.0.1:8555
> truffle:           v5.4.6
> ganache-core:      v2.13.0
> solidity-coverage: v0.7.17

Network Info
============
> id:      *
> port:    8555
> network: soliditycoverage


Instrumenting for coverage...
=============================

> vnxManager.sol

Compiling your contracts...
===========================
> Compiling ./.coverage_contracts/vnxManager.sol
> Artifacts written to /app/.coverage_artifacts/contracts
> Compiled successfully using:
   - solc: 0.5.16+commit.9c3226ce.Emscripten.clang


Compiling your contracts...
===========================
> Everything is up to date, there is nothing to compile.


[0m[0m
[0m  Contract: vnxManager[0m
  [32m  ‚úì[0m[90m test for vnxManager[0m[31m (1125ms)[0m
  [32m  ‚úì[0m[90m test for vnxManager[0m[31m (228ms)[0m
  [32m  ‚úì[0m[90m test for vnxManager[0m[31m (188ms)[0m
  [32m  ‚úì[0m[90m test for vnxManager[0m[31m (152ms)[0m
  [32m  ‚úì[0m[90m test for vnxManager[0m[31m (1493ms)[0m
  [31m  1) test for vnxManager[0m

    Events emitted during test:
    ---------------------------

    Ownable.OwnershipTransferred(
      previousOwner: <indexed> [33m0x0000000000000000000000000000000000000000[39m (type: address),
      newOwner: <indexed> [33m0x1EA90e79Df2beE3DE617bF8EbbC96b9044Dbe427[39m (type: address)
    )

    IRBAC.RoleCreated(
      role: [33m0[39m (type: uint256)
    )

    IRBAC.BearerAdded(
      account: <indexed> [33m0x1EA90e79Df2beE3DE617bF8EbbC96b9044Dbe427[39m (type: address),
      role: [33m0[39m (type: uint256)
    )


    ---------------------------
  [31m  2) test for vnxManager[0m

    Events emitted during test:
    ---------------------------

    Ownable.OwnershipTransferred(
      previousOwner: <indexed> [33m0x0000000000000000000000000000000000000000[39m (type: address),
      newOwner: <indexed> [33m0x4E53b6F8952aBE1aD715fdea4C2C8B451fdaBc22[39m (type: address)
    )

    IRBAC.RoleCreated(
      role: [33m0[39m (type: uint256)
    )

    IRBAC.BearerAdded(
      account: <indexed> [33m0x4E53b6F8952aBE1aD715fdea4C2C8B451fdaBc22[39m (type: address),
      role: [33m0[39m (type: uint256)
    )


    ---------------------------
  [31m  3) test for vnxManager[0m
    > No events were emitted
  [31m  4) test for vnxManager[0m

    Events emitted during test:
    ---------------------------

    Ownable.OwnershipTransferred(
      previousOwner: <indexed> [33m0x0000000000000000000000000000000000000000[39m (type: address),
      newOwner: <indexed> [33m0x4E53b6F8952aBE1aD715fdea4C2C8B451fdaBc22[39m (type: address)
    )

    IRBAC.RoleCreated(
      role: [33m0[39m (type: uint256)
    )

    IRBAC.BearerAdded(
      account: <indexed> [33m0x4E53b6F8952aBE1aD715fdea4C2C8B451fdaBc22[39m (type: address),
      role: [33m0[39m (type: uint256)
    )


    ---------------------------
  [32m  ‚úì[0m[90m test for vnxManager[0m[31m (161ms)[0m
  [32m  ‚úì[0m[90m test for vnxManager[0m[31m (148ms)[0m
  [31m  5) test for vnxManager[0m

    Events emitted during test:
    ---------------------------

    Ownable.OwnershipTransferred(
      previousOwner: <indexed> [33m0x0000000000000000000000000000000000000000[39m (type: address),
      newOwner: <indexed> [33m0x8d084c3e509924047cF8e175d0d9B28177db5844[39m (type: address)
    )

    IRBAC.RoleCreated(
      role: [33m0[39m (type: uint256)
    )

    IRBAC.BearerAdded(
      account: <indexed> [33m0x8d084c3e509924047cF8e175d0d9B28177db5844[39m (type: address),
      role: [33m0[39m (type: uint256)
    )


    ---------------------------


[92m [0m[32m 7 passing[0m[90m (5s)[0m
[31m  5 failing[0m

[0m  1) Contract: vnxManager
       test for vnxManager:
[0m[31m     AssertionError: expected promise to be rejected with 'Error' but it was fulfilled with {}[0m[90m
  
[0m
[0m  2) Contract: vnxManager
       test for vnxManager:
[0m[31m     TypeError: Cannot read property 'call' of undefined[0m[90m
      at Context.<anonymous> (tests/test-vnxManager.js:104:44)
      at runMicrotasks (<anonymous>)
      at processTicksAndRejections (internal/process/task_queues.js:95:5)
[0m
[0m  3) Contract: vnxManager
       test for vnxManager:
[0m[31m     Error: Returned error: sender account not recognized[0m[90m
      at Context.<anonymous> (tests/test-vnxManager.js:108:49)
      at runMicrotasks (<anonymous>)
      at processTicksAndRejections (internal/process/task_queues.js:95:5)
[0m
[0m  4) Contract: vnxManager
       test for vnxManager:
[0m[31m     AssertionError: expected '0x4E53b6F8952aBE1aD715fdea4C2C8B451fdaBc22' to equal 1.1904068599258824e+48[0m[90m
      at Context.<anonymous> (tests/test-vnxManager.js:122:10)
      at runMicrotasks (<anonymous>)
      at processTicksAndRejections (internal/process/task_queues.js:95:5)
[0m
[0m  5) Contract: vnxManager
       test for vnxManager:
[0m[31m     TypeError: Cannot read property 'call' of undefined[0m[90m
      at Context.<anonymous> (tests/test-vnxManager.js:161:44)
      at runMicrotasks (<anonymous>)
      at processTicksAndRejections (internal/process/task_queues.js:95:5)
[0m


-----------------|----------|----------|----------|----------|----------------|
File             |  % Stmts | % Branch |  % Funcs |  % Lines |Uncovered Lines |
-----------------|----------|----------|----------|----------|----------------|
 contracts/      |    71.43 |    42.31 |       95 |    67.35 |                |
  vnxManager.sol |    71.43 |    42.31 |       95 |    67.35 |... 305,306,307 |
-----------------|----------|----------|----------|----------|----------------|
All files        |    71.43 |    42.31 |       95 |    67.35 |                |
-----------------|----------|----------|----------|----------|----------------|

> Istanbul reports written to ./coverage/ and ./coverage.json
> solidity-coverage cleaning up, shutting down ganache server
Error: ‚ùå 5 test(s) failed under coverage.
    at plugin (/app/node_modules/solidity-coverage/plugins/truffle.plugin.js:121:27)
    at runMicrotasks (<anonymous>)
    at processTicksAndRejections (internal/process/task_queues.js:95:5)
Truffle v5.4.6 (core: 5.4.6)
Node v14.17.5
