
> Using Truffle library from global node_modules.

> server:            http://127.0.0.1:8555
> truffle:           v5.4.6
> ganache-core:      v2.13.0
> solidity-coverage: v0.7.17

Network Info
============
> id:      *
> port:    8555
> network: soliditycoverage


Instrumenting for coverage...
=============================

> Ledgis.sol

Compiling your contracts...
===========================
> Compiling ./.coverage_contracts/Ledgis.sol
> Artifacts written to /app/.coverage_artifacts/contracts
> Compiled successfully using:
   - solc: 0.5.16+commit.9c3226ce.Emscripten.clang


Compiling your contracts...
===========================
> Everything is up to date, there is nothing to compile.


[0m[0m
[0m  Contract: Ledgis[0m
  [32m  ‚úì[0m[90m test for Ledgis[0m[31m (1166ms)[0m
  [32m  ‚úì[0m[90m test for Ledgis[0m[31m (315ms)[0m
  [31m  1) test for Ledgis[0m

    Events emitted during test:
    ---------------------------

    IERC20.Transfer(
      from: <indexed> [33m0x0000000000000000000000000000000000000000[39m (type: address),
      to: <indexed> [33m0x097938054d0129F915030bbcE9d4C3Ecc7Fa7b18[39m (type: address),
      value: [33m10000000000000[39m (type: uint256)
    )


    ---------------------------
  [32m  ‚úì[0m[90m test for Ledgis[0m[31m (262ms)[0m
  [32m  ‚úì[0m[90m test for Ledgis[0m[31m (234ms)[0m
  [32m  ‚úì[0m[90m test for Ledgis[0m[31m (189ms)[0m
  [32m  ‚úì[0m[90m test for Ledgis[0m[31m (221ms)[0m
  [32m  ‚úì[0m[90m test for Ledgis[0m[31m (219ms)[0m
  [32m  ‚úì[0m[90m test for Ledgis[0m[31m (218ms)[0m
  [32m  ‚úì[0m[90m test for Ledgis[0m[31m (188ms)[0m
  [32m  ‚úì[0m[90m test for Ledgis[0m[31m (241ms)[0m
  [32m  ‚úì[0m[90m test for Ledgis[0m[31m (198ms)[0m
  [32m  ‚úì[0m[90m test for Ledgis[0m[31m (285ms)[0m
  [32m  ‚úì[0m[90m test for Ledgis[0m[31m (238ms)[0m
  [31m  2) test for Ledgis[0m

    Events emitted during test:
    ---------------------------

    IERC20.Transfer(
      from: <indexed> [33m0x0000000000000000000000000000000000000000[39m (type: address),
      to: <indexed> [33m0x65BFc93b06ff0885ccf509231885443131C30664[39m (type: address),
      value: [33m10000000000000[39m (type: uint256)
    )


    ---------------------------
  [31m  3) test for Ledgis[0m
    > No events were emitted
  [32m  ‚úì[0m[90m test for Ledgis[0m[31m (234ms)[0m
  [31m  4) test for Ledgis[0m

    Events emitted during test:
    ---------------------------

    IERC20.Transfer(
      from: <indexed> [33m0x0000000000000000000000000000000000000000[39m (type: address),
      to: <indexed> [33m0x65BFc93b06ff0885ccf509231885443131C30664[39m (type: address),
      value: [33m10000000000000[39m (type: uint256)
    )


    ---------------------------
  [31m  5) test for Ledgis[0m

    Events emitted during test:
    ---------------------------

    IERC20.Transfer(
      from: <indexed> [33m0x0000000000000000000000000000000000000000[39m (type: address),
      to: <indexed> [33m0x58E6C8Bffc9b7a3943ffCD711Ba2f0046A534d8B[39m (type: address),
      value: [33m10000000000000[39m (type: uint256)
    )


    ---------------------------
  [31m  6) test for Ledgis[0m

    Events emitted during test:
    ---------------------------

    IERC20.Transfer(
      from: <indexed> [33m0x0000000000000000000000000000000000000000[39m (type: address),
      to: <indexed> [33m0x552865632E2b7e1099A16ef1E2d0430214cC29d0[39m (type: address),
      value: [33m10000000000000[39m (type: uint256)
    )


    ---------------------------
  [31m  7) test for Ledgis[0m

    Events emitted during test:
    ---------------------------

    IERC20.Transfer(
      from: <indexed> [33m0x0000000000000000000000000000000000000000[39m (type: address),
      to: <indexed> [33m0x65BFc93b06ff0885ccf509231885443131C30664[39m (type: address),
      value: [33m10000000000000[39m (type: uint256)
    )


    ---------------------------
  [32m  ‚úì[0m[90m test for Ledgis[0m[31m (154ms)[0m
  [32m  ‚úì[0m[90m test for Ledgis[0m[31m (148ms)[0m
  [31m  8) test for Ledgis[0m

    Events emitted during test:
    ---------------------------

    IERC20.Transfer(
      from: <indexed> [33m0x0000000000000000000000000000000000000000[39m (type: address),
      to: <indexed> [33m0x65BFc93b06ff0885ccf509231885443131C30664[39m (type: address),
      value: [33m10000000000000[39m (type: uint256)
    )


    ---------------------------
  [32m  ‚úì[0m[90m test for Ledgis[0m[31m (186ms)[0m
  [32m  ‚úì[0m[90m test for Ledgis[0m[31m (278ms)[0m
  [32m  ‚úì[0m[90m test for Ledgis[0m[31m (325ms)[0m


[92m [0m[32m 19 passing[0m[90m (8s)[0m
[31m  8 failing[0m

[0m  1) Contract: Ledgis
       test for Ledgis:
[0m[31m     TypeError: Cannot read property 'call' of undefined[0m[90m
      at Context.<anonymous> (tests/test-Ledgis.js:53:41)
      at processTicksAndRejections (internal/process/task_queues.js:95:5)
[0m
[0m  2) Contract: Ledgis
       test for Ledgis:
[0m[31m     AssertionError: expected promise to be rejected with 'Error' but it was fulfilled with {}[0m[90m
  
[0m
[0m  3) Contract: Ledgis
       test for Ledgis:
[0m[31m     Error: Returned error: sender account not recognized[0m[90m
      at Context.<anonymous> (tests/test-Ledgis.js:274:41)
      at runMicrotasks (<anonymous>)
      at processTicksAndRejections (internal/process/task_queues.js:95:5)
[0m
[0m  4) Contract: Ledgis
       test for Ledgis:
[0m[31m     TypeError: Cannot read property 'call' of undefined[0m[90m
      at Context.<anonymous> (tests/test-Ledgis.js:322:41)
      at runMicrotasks (<anonymous>)
      at processTicksAndRejections (internal/process/task_queues.js:95:5)
[0m
[0m  5) Contract: Ledgis
       test for Ledgis:
[0m[31m     TypeError: Cannot read property 'call' of undefined[0m[90m
      at Context.<anonymous> (tests/test-Ledgis.js:336:41)
      at runMicrotasks (<anonymous>)
      at processTicksAndRejections (internal/process/task_queues.js:95:5)
[0m
[0m  6) Contract: Ledgis
       test for Ledgis:
[0m[31m     TypeError: Cannot read property 'call' of undefined[0m[90m
      at Context.<anonymous> (tests/test-Ledgis.js:350:40)
      at runMicrotasks (<anonymous>)
      at processTicksAndRejections (internal/process/task_queues.js:95:5)
[0m
[0m  7) Contract: Ledgis
       test for Ledgis:
[0m[31m     AssertionError: expected <BN: 6131eef4> to equal {}[0m[90m
      at Context.<anonymous> (tests/test-Ledgis.js:363:10)
      at runMicrotasks (<anonymous>)
      at processTicksAndRejections (internal/process/task_queues.js:95:5)
[0m
[0m  8) Contract: Ledgis
       test for Ledgis:
[0m[31m     AssertionError: expected promise to be rejected with 'Error' but it was fulfilled with {}[0m[90m
  
[0m


-------------|----------|----------|----------|----------|----------------|
File         |  % Stmts | % Branch |  % Funcs |  % Lines |Uncovered Lines |
-------------|----------|----------|----------|----------|----------------|
 contracts/  |    65.08 |    39.29 |    86.67 |    63.91 |                |
  Ledgis.sol |    65.08 |    39.29 |    86.67 |    63.91 |... 521,522,524 |
-------------|----------|----------|----------|----------|----------------|
All files    |    65.08 |    39.29 |    86.67 |    63.91 |                |
-------------|----------|----------|----------|----------|----------------|

> Istanbul reports written to ./coverage/ and ./coverage.json
> solidity-coverage cleaning up, shutting down ganache server
Error: ‚ùå 8 test(s) failed under coverage.
    at plugin (/app/node_modules/solidity-coverage/plugins/truffle.plugin.js:121:27)
    at runMicrotasks (<anonymous>)
    at processTicksAndRejections (internal/process/task_queues.js:95:5)
    at runNextTicks (internal/process/task_queues.js:64:3)
    at processImmediate (internal/timers.js:437:9)
Truffle v5.4.6 (core: 5.4.6)
Node v14.17.5
