
> Using Truffle library from global node_modules.

> server:            http://127.0.0.1:8555
> truffle:           v5.4.6
> ganache-core:      v2.13.0
> solidity-coverage: v0.7.17

Network Info
============
> id:      *
> port:    8555
> network: soliditycoverage


Instrumenting for coverage...
=============================

> Ledgis.sol

Compiling your contracts...
===========================
> Compiling ./.coverage_contracts/Ledgis.sol
> Artifacts written to /app/.coverage_artifacts/contracts
> Compiled successfully using:
   - solc: 0.5.16+commit.9c3226ce.Emscripten.clang


Compiling your contracts...
===========================
> Everything is up to date, there is nothing to compile.


[0m[0m
[0m  Contract: Ledgis[0m
  [32m  ‚úì[0m[90m test for Ledgis[0m[31m (1100ms)[0m
  [32m  ‚úì[0m[90m test for Ledgis[0m[31m (253ms)[0m
  [31m  1) test for Ledgis[0m

    Events emitted during test:
    ---------------------------

    IERC20.Transfer(
      from: <indexed> [33m0x0000000000000000000000000000000000000000[39m (type: address),
      to: <indexed> [33m0xF8FDF5AD24e22a9Ea5EdF586881311EC929E54Ee[39m (type: address),
      value: [33m10000000000000[39m (type: uint256)
    )


    ---------------------------
  [32m  ‚úì[0m[90m test for Ledgis[0m[31m (224ms)[0m
  [32m  ‚úì[0m[90m test for Ledgis[0m[31m (177ms)[0m
  [32m  ‚úì[0m[90m test for Ledgis[0m[31m (171ms)[0m
  [32m  ‚úì[0m[90m test for Ledgis[0m[31m (196ms)[0m
  [32m  ‚úì[0m[90m test for Ledgis[0m[31m (206ms)[0m
  [32m  ‚úì[0m[90m test for Ledgis[0m[31m (201ms)[0m
  [32m  ‚úì[0m[90m test for Ledgis[0m[31m (169ms)[0m
  [32m  ‚úì[0m[90m test for Ledgis[0m[31m (211ms)[0m
  [32m  ‚úì[0m[90m test for Ledgis[0m[31m (175ms)[0m
  [32m  ‚úì[0m[90m test for Ledgis[0m[31m (274ms)[0m
  [32m  ‚úì[0m[90m test for Ledgis[0m[31m (220ms)[0m
  [31m  2) test for Ledgis[0m

    Events emitted during test:
    ---------------------------

    IERC20.Transfer(
      from: <indexed> [33m0x0000000000000000000000000000000000000000[39m (type: address),
      to: <indexed> [33m0xa8C8307F3Cae44Cb85a3cc2d003BBDE8A00E7C09[39m (type: address),
      value: [33m10000000000000[39m (type: uint256)
    )


    ---------------------------
  [31m  3) test for Ledgis[0m
    > No events were emitted
  [32m  ‚úì[0m[90m test for Ledgis[0m[31m (235ms)[0m
  [31m  4) test for Ledgis[0m

    Events emitted during test:
    ---------------------------

    IERC20.Transfer(
      from: <indexed> [33m0x0000000000000000000000000000000000000000[39m (type: address),
      to: <indexed> [33m0xa8C8307F3Cae44Cb85a3cc2d003BBDE8A00E7C09[39m (type: address),
      value: [33m10000000000000[39m (type: uint256)
    )


    ---------------------------
  [31m  5) test for Ledgis[0m

    Events emitted during test:
    ---------------------------

    IERC20.Transfer(
      from: <indexed> [33m0x0000000000000000000000000000000000000000[39m (type: address),
      to: <indexed> [33m0x2d4A7525AD599F89092dd07A4e85b41Bc51b8aa4[39m (type: address),
      value: [33m10000000000000[39m (type: uint256)
    )


    ---------------------------
  [31m  6) test for Ledgis[0m

    Events emitted during test:
    ---------------------------

    IERC20.Transfer(
      from: <indexed> [33m0x0000000000000000000000000000000000000000[39m (type: address),
      to: <indexed> [33m0xADC975d94bBbD3293539E9700DB50846Bdc77232[39m (type: address),
      value: [33m10000000000000[39m (type: uint256)
    )


    ---------------------------
  [31m  7) test for Ledgis[0m

    Events emitted during test:
    ---------------------------

    IERC20.Transfer(
      from: <indexed> [33m0x0000000000000000000000000000000000000000[39m (type: address),
      to: <indexed> [33m0xa8C8307F3Cae44Cb85a3cc2d003BBDE8A00E7C09[39m (type: address),
      value: [33m10000000000000[39m (type: uint256)
    )


    ---------------------------
  [32m  ‚úì[0m[90m test for Ledgis[0m[31m (317ms)[0m
  [32m  ‚úì[0m[90m test for Ledgis[0m[31m (850ms)[0m
  [31m  8) test for Ledgis[0m

    Events emitted during test:
    ---------------------------

    IERC20.Transfer(
      from: <indexed> [33m0x0000000000000000000000000000000000000000[39m (type: address),
      to: <indexed> [33m0xa8C8307F3Cae44Cb85a3cc2d003BBDE8A00E7C09[39m (type: address),
      value: [33m10000000000000[39m (type: uint256)
    )


    ---------------------------
  [32m  ‚úì[0m[90m test for Ledgis[0m[31m (756ms)[0m
  [32m  ‚úì[0m[90m test for Ledgis[0m[31m (572ms)[0m
  [32m  ‚úì[0m[90m test for Ledgis[0m[31m (349ms)[0m


[92m [0m[32m 19 passing[0m[90m (10s)[0m
[31m  8 failing[0m

[0m  1) Contract: Ledgis
       test for Ledgis:
[0m[31m     TypeError: Cannot read property 'call' of undefined[0m[90m
      at Context.<anonymous> (tests/test-Ledgis.js:53:41)
      at processTicksAndRejections (internal/process/task_queues.js:95:5)
[0m
[0m  2) Contract: Ledgis
       test for Ledgis:
[0m[31m     AssertionError: expected promise to be rejected with 'Error' but it was fulfilled with {}[0m[90m
  
[0m
[0m  3) Contract: Ledgis
       test for Ledgis:
[0m[31m     Error: Returned error: sender account not recognized[0m[90m
      at Context.<anonymous> (tests/test-Ledgis.js:274:41)
      at runMicrotasks (<anonymous>)
      at processTicksAndRejections (internal/process/task_queues.js:95:5)
[0m
[0m  4) Contract: Ledgis
       test for Ledgis:
[0m[31m     TypeError: Cannot read property 'call' of undefined[0m[90m
      at Context.<anonymous> (tests/test-Ledgis.js:322:41)
      at runMicrotasks (<anonymous>)
      at processTicksAndRejections (internal/process/task_queues.js:95:5)
[0m
[0m  5) Contract: Ledgis
       test for Ledgis:
[0m[31m     TypeError: Cannot read property 'call' of undefined[0m[90m
      at Context.<anonymous> (tests/test-Ledgis.js:336:41)
      at runMicrotasks (<anonymous>)
      at processTicksAndRejections (internal/process/task_queues.js:95:5)
[0m
[0m  6) Contract: Ledgis
       test for Ledgis:
[0m[31m     TypeError: Cannot read property 'call' of undefined[0m[90m
      at Context.<anonymous> (tests/test-Ledgis.js:350:40)
      at runMicrotasks (<anonymous>)
      at processTicksAndRejections (internal/process/task_queues.js:95:5)
[0m
[0m  7) Contract: Ledgis
       test for Ledgis:
[0m[31m     AssertionError: expected <BN: 6131ef6f> to equal {}[0m[90m
      at Context.<anonymous> (tests/test-Ledgis.js:363:10)
      at runMicrotasks (<anonymous>)
      at processTicksAndRejections (internal/process/task_queues.js:95:5)
[0m
[0m  8) Contract: Ledgis
       test for Ledgis:
[0m[31m     AssertionError: expected promise to be rejected with 'Error' but it was fulfilled with {}[0m[90m
  
[0m


-------------|----------|----------|----------|----------|----------------|
File         |  % Stmts | % Branch |  % Funcs |  % Lines |Uncovered Lines |
-------------|----------|----------|----------|----------|----------------|
 contracts/  |    68.25 |    41.07 |    88.89 |    66.92 |                |
  Ledgis.sol |    68.25 |    41.07 |    88.89 |    66.92 |... 521,522,524 |
-------------|----------|----------|----------|----------|----------------|
All files    |    68.25 |    41.07 |    88.89 |    66.92 |                |
-------------|----------|----------|----------|----------|----------------|

> Istanbul reports written to ./coverage/ and ./coverage.json
> solidity-coverage cleaning up, shutting down ganache server
Error: ‚ùå 8 test(s) failed under coverage.
    at plugin (/app/node_modules/solidity-coverage/plugins/truffle.plugin.js:121:27)
    at runMicrotasks (<anonymous>)
    at processTicksAndRejections (internal/process/task_queues.js:95:5)
Truffle v5.4.6 (core: 5.4.6)
Node v14.17.5
