
> Using Truffle library from global node_modules.

> server:            http://127.0.0.1:8555
> truffle:           v5.4.6
> ganache-core:      v2.13.0
> solidity-coverage: v0.7.17

Network Info
============
> id:      *
> port:    8555
> network: soliditycoverage


Instrumenting for coverage...
=============================

> TPA.sol

Compiling your contracts...
===========================
> Compiling ./.coverage_contracts/TPA.sol
> Artifacts written to /app/.coverage_artifacts/contracts
> Compiled successfully using:
   - solc: 0.5.16+commit.9c3226ce.Emscripten.clang


Compiling your contracts...
===========================
> Everything is up to date, there is nothing to compile.


[0m[0m
[0m  Contract: TPA[0m
  [32m  ‚úì[0m[90m test for TPA[0m[31m (2185ms)[0m
  [32m  ‚úì[0m[90m test for TPA[0m[31m (1758ms)[0m
  [31m  1) test for TPA[0m
    > No events were emitted
  [32m  ‚úì[0m[90m test for TPA[0m[31m (236ms)[0m
  [32m  ‚úì[0m[90m test for TPA[0m[31m (280ms)[0m
  [32m  ‚úì[0m[90m test for TPA[0m[31m (190ms)[0m
  [31m  2) test for TPA[0m

    Events emitted during test:
    ---------------------------

    AdminRole.AdminAdded(
      account: <indexed> [33m0xF44846f0e6E2c0eC2eB3aEf4D414097948f30a21[39m (type: address)
    )

    IERC20.Transfer(
      from: <indexed> [33m0x0000000000000000000000000000000000000000[39m (type: address),
      to: <indexed> [33m0xF44846f0e6E2c0eC2eB3aEf4D414097948f30a21[39m (type: address),
      value: [33m10000000000000000000000000000[39m (type: uint256)
    )


    ---------------------------
  [31m  3) test for TPA[0m

    Events emitted during test:
    ---------------------------

    AdminRole.AdminAdded(
      account: <indexed> [33m0x91C2a63E7dD7FB974a3243B02d278fc8BB2eA18E[39m (type: address)
    )

    IERC20.Transfer(
      from: <indexed> [33m0x0000000000000000000000000000000000000000[39m (type: address),
      to: <indexed> [33m0x91C2a63E7dD7FB974a3243B02d278fc8BB2eA18E[39m (type: address),
      value: [33m10000000000000000000000000000[39m (type: uint256)
    )


    ---------------------------
  [32m  ‚úì[0m[90m test for TPA[0m[31m (290ms)[0m
  [32m  ‚úì[0m[90m test for TPA[0m[31m (253ms)[0m
  [32m  ‚úì[0m[90m test for TPA[0m[31m (227ms)[0m
  [32m  ‚úì[0m[90m test for TPA[0m[31m (209ms)[0m
  [31m  4) test for TPA[0m
    > No events were emitted
  [31m  5) test for TPA[0m

    Events emitted during test:
    ---------------------------

    AdminRole.AdminAdded(
      account: <indexed> [33m0x91C2a63E7dD7FB974a3243B02d278fc8BB2eA18E[39m (type: address)
    )

    IERC20.Transfer(
      from: <indexed> [33m0x0000000000000000000000000000000000000000[39m (type: address),
      to: <indexed> [33m0x91C2a63E7dD7FB974a3243B02d278fc8BB2eA18E[39m (type: address),
      value: [33m10000000000000000000000000000[39m (type: uint256)
    )


    ---------------------------
  [32m  ‚úì[0m[90m test for TPA[0m[31m (219ms)[0m
  [32m  ‚úì[0m[90m test for TPA[0m[31m (228ms)[0m
  [32m  ‚úì[0m[90m test for TPA[0m[31m (209ms)[0m
  [32m  ‚úì[0m[90m test for TPA[0m[31m (201ms)[0m
  [32m  ‚úì[0m[90m test for TPA[0m[31m (192ms)[0m
  [32m  ‚úì[0m[90m test for TPA[0m[31m (172ms)[0m
  [32m  ‚úì[0m[90m test for TPA[0m[31m (214ms)[0m
  [32m  ‚úì[0m[90m test for TPA[0m[31m (186ms)[0m
  [32m  ‚úì[0m[90m test for TPA[0m[31m (192ms)[0m
  [32m  ‚úì[0m[90m test for TPA[0m[31m (201ms)[0m


[92m [0m[32m 19 passing[0m[90m (9s)[0m
[31m  5 failing[0m

[0m  1) Contract: TPA
       test for TPA:
[0m[31m     Error: Invalid number of parameters for "undefined". Got 4 expected 0![0m[90m
      at Context.<anonymous> (tests/test-TPA.js:43:35)
      at processTicksAndRejections (internal/process/task_queues.js:95:5)
[0m
[0m  2) Contract: TPA
       test for TPA:
[0m[31m     TypeError: Cannot read property 'call' of undefined[0m[90m
      at Context.<anonymous> (tests/test-TPA.js:114:37)
      at runMicrotasks (<anonymous>)
      at processTicksAndRejections (internal/process/task_queues.js:95:5)
[0m
[0m  3) Contract: TPA
       test for TPA:
[0m[31m     AssertionError: expected promise to be rejected with 'Error' but it was fulfilled with {}[0m[90m
  
[0m
[0m  4) Contract: TPA
       test for TPA:
[0m[31m     Error: Returned error: sender account not recognized[0m[90m
      at Context.<anonymous> (tests/test-TPA.js:199:34)
      at runMicrotasks (<anonymous>)
      at processTicksAndRejections (internal/process/task_queues.js:95:5)
[0m
[0m  5) Contract: TPA
       test for TPA:
[0m[31m     AssertionError: expected promise to be rejected with 'Error' but it was fulfilled with {}[0m[90m
  
[0m


------------|----------|----------|----------|----------|----------------|
File        |  % Stmts | % Branch |  % Funcs |  % Lines |Uncovered Lines |
------------|----------|----------|----------|----------|----------------|
 contracts/ |     65.1 |    42.65 |    84.62 |    64.74 |                |
  TPA.sol   |     65.1 |    42.65 |    84.62 |    64.74 |... 610,611,612 |
------------|----------|----------|----------|----------|----------------|
All files   |     65.1 |    42.65 |    84.62 |    64.74 |                |
------------|----------|----------|----------|----------|----------------|

> Istanbul reports written to ./coverage/ and ./coverage.json
> solidity-coverage cleaning up, shutting down ganache server
Error: ‚ùå 5 test(s) failed under coverage.
    at plugin (/app/node_modules/solidity-coverage/plugins/truffle.plugin.js:121:27)
    at runMicrotasks (<anonymous>)
    at processTicksAndRejections (internal/process/task_queues.js:95:5)
Truffle v5.4.6 (core: 5.4.6)
Node v14.17.5
