
> Using Truffle library from global node_modules.

> server:            http://127.0.0.1:8555
> truffle:           v5.4.6
> ganache-core:      v2.13.0
> solidity-coverage: v0.7.17

Network Info
============
> id:      *
> port:    8555
> network: soliditycoverage


Instrumenting for coverage...
=============================

> vnxManager.sol

Compiling your contracts...
===========================
> Compiling ./.coverage_contracts/vnxManager.sol
> Artifacts written to /app/.coverage_artifacts/contracts
> Compiled successfully using:
   - solc: 0.5.16+commit.9c3226ce.Emscripten.clang


Compiling your contracts...
===========================
> Everything is up to date, there is nothing to compile.


[0m[0m
[0m  Contract: vnxManager[0m
  [32m  ‚úì[0m[90m test for vnxManager[0m[31m (1172ms)[0m
  [32m  ‚úì[0m[90m test for vnxManager[0m[31m (223ms)[0m
  [32m  ‚úì[0m[90m test for vnxManager[0m[31m (180ms)[0m
  [32m  ‚úì[0m[90m test for vnxManager[0m[31m (167ms)[0m
  [32m  ‚úì[0m[90m test for vnxManager[0m[31m (280ms)[0m
  [31m  1) test for vnxManager[0m

    Events emitted during test:
    ---------------------------

    Ownable.OwnershipTransferred(
      previousOwner: <indexed> [33m0x0000000000000000000000000000000000000000[39m (type: address),
      newOwner: <indexed> [33m0x8A4f70B4E9bB451ea398549D8f202d0c97E07107[39m (type: address)
    )

    IRBAC.RoleCreated(
      role: [33m0[39m (type: uint256)
    )

    IRBAC.BearerAdded(
      account: <indexed> [33m0x8A4f70B4E9bB451ea398549D8f202d0c97E07107[39m (type: address),
      role: [33m0[39m (type: uint256)
    )


    ---------------------------
  [31m  2) test for vnxManager[0m

    Events emitted during test:
    ---------------------------

    Ownable.OwnershipTransferred(
      previousOwner: <indexed> [33m0x0000000000000000000000000000000000000000[39m (type: address),
      newOwner: <indexed> [33m0xD10B5599FFa18156fba59f7af377027e160CDDca[39m (type: address)
    )

    IRBAC.RoleCreated(
      role: [33m0[39m (type: uint256)
    )

    IRBAC.BearerAdded(
      account: <indexed> [33m0xD10B5599FFa18156fba59f7af377027e160CDDca[39m (type: address),
      role: [33m0[39m (type: uint256)
    )


    ---------------------------
  [31m  3) test for vnxManager[0m
    > No events were emitted
  [31m  4) test for vnxManager[0m

    Events emitted during test:
    ---------------------------

    Ownable.OwnershipTransferred(
      previousOwner: <indexed> [33m0x0000000000000000000000000000000000000000[39m (type: address),
      newOwner: <indexed> [33m0xD10B5599FFa18156fba59f7af377027e160CDDca[39m (type: address)
    )

    IRBAC.RoleCreated(
      role: [33m0[39m (type: uint256)
    )

    IRBAC.BearerAdded(
      account: <indexed> [33m0xD10B5599FFa18156fba59f7af377027e160CDDca[39m (type: address),
      role: [33m0[39m (type: uint256)
    )


    ---------------------------
  [32m  ‚úì[0m[90m test for vnxManager[0m[31m (150ms)[0m
  [32m  ‚úì[0m[90m test for vnxManager[0m[31m (140ms)[0m
  [31m  5) test for vnxManager[0m

    Events emitted during test:
    ---------------------------

    Ownable.OwnershipTransferred(
      previousOwner: <indexed> [33m0x0000000000000000000000000000000000000000[39m (type: address),
      newOwner: <indexed> [33m0xf174F8D470379Cbd681FCb6C248Dc70309CCCF17[39m (type: address)
    )

    IRBAC.RoleCreated(
      role: [33m0[39m (type: uint256)
    )

    IRBAC.BearerAdded(
      account: <indexed> [33m0xf174F8D470379Cbd681FCb6C248Dc70309CCCF17[39m (type: address),
      role: [33m0[39m (type: uint256)
    )


    ---------------------------


[92m [0m[32m 7 passing[0m[90m (4s)[0m
[31m  5 failing[0m

[0m  1) Contract: vnxManager
       test for vnxManager:
[0m[31m     AssertionError: expected promise to be rejected with 'Error' but it was fulfilled with {}[0m[90m
  
[0m
[0m  2) Contract: vnxManager
       test for vnxManager:
[0m[31m     TypeError: Cannot read property 'call' of undefined[0m[90m
      at Context.<anonymous> (tests/test-vnxManager.js:104:44)
      at runMicrotasks (<anonymous>)
      at processTicksAndRejections (internal/process/task_queues.js:95:5)
[0m
[0m  3) Contract: vnxManager
       test for vnxManager:
[0m[31m     Error: Returned error: sender account not recognized[0m[90m
      at Context.<anonymous> (tests/test-vnxManager.js:108:49)
      at runMicrotasks (<anonymous>)
      at processTicksAndRejections (internal/process/task_queues.js:95:5)
[0m
[0m  4) Contract: vnxManager
       test for vnxManager:
[0m[31m     AssertionError: expected '0xD10B5599FFa18156fba59f7af377027e160CDDca' to equal 1.1904068599258824e+48[0m[90m
      at Context.<anonymous> (tests/test-vnxManager.js:122:10)
      at runMicrotasks (<anonymous>)
      at processTicksAndRejections (internal/process/task_queues.js:95:5)
[0m
[0m  5) Contract: vnxManager
       test for vnxManager:
[0m[31m     Error: Returned error: VM Exception while processing transaction: revert Ownable: new owner is the zero address[0m[90m
      at Context.<anonymous> (tests/test-vnxManager.js:153:68)
      at runMicrotasks (<anonymous>)
      at processTicksAndRejections (internal/process/task_queues.js:95:5)
[0m


-----------------|----------|----------|----------|----------|----------------|
File             |  % Stmts | % Branch |  % Funcs |  % Lines |Uncovered Lines |
-----------------|----------|----------|----------|----------|----------------|
 contracts/      |    67.44 |    42.86 |       95 |       64 |                |
  vnxManager.sol |    67.44 |    42.86 |       95 |       64 |... 305,306,307 |
-----------------|----------|----------|----------|----------|----------------|
All files        |    67.44 |    42.86 |       95 |       64 |                |
-----------------|----------|----------|----------|----------|----------------|

> Istanbul reports written to ./coverage/ and ./coverage.json
> solidity-coverage cleaning up, shutting down ganache server
Error: ‚ùå 5 test(s) failed under coverage.
    at plugin (/app/node_modules/solidity-coverage/plugins/truffle.plugin.js:121:27)
    at runMicrotasks (<anonymous>)
    at processTicksAndRejections (internal/process/task_queues.js:95:5)
Truffle v5.4.6 (core: 5.4.6)
Node v14.17.5
