
> Using Truffle library from global node_modules.

> server:            http://127.0.0.1:8555
> truffle:           v5.4.6
> ganache-core:      v2.13.0
> solidity-coverage: v0.7.17

Network Info
============
> id:      *
> port:    8555
> network: soliditycoverage


Instrumenting for coverage...
=============================

> TimeMiner.sol

Compiling your contracts...
===========================
> Compiling ./.coverage_contracts/TimeMiner.sol
> Artifacts written to /app/.coverage_artifacts/contracts
> Compiled successfully using:
   - solc: 0.5.16+commit.9c3226ce.Emscripten.clang


Compiling your contracts...
===========================
> Everything is up to date, there is nothing to compile.


[0m[0m
[0m  Contract: TimeMiner[0m
  [32m  ‚úì[0m[90m test for TimeMiner[0m[31m (1062ms)[0m
  [32m  ‚úì[0m[90m test for TimeMiner[0m[31m (356ms)[0m
  [32m  ‚úì[0m[90m test for TimeMiner[0m[31m (218ms)[0m
  [32m  ‚úì[0m[90m test for TimeMiner[0m[31m (158ms)[0m
  [32m  ‚úì[0m[90m test for TimeMiner[0m[31m (146ms)[0m
  [31m  1) test for TimeMiner[0m
    > No events were emitted
  [32m  ‚úì[0m[90m test for TimeMiner[0m[31m (196ms)[0m
  [31m  2) test for TimeMiner[0m
    > No events were emitted
  [32m  ‚úì[0m[90m test for TimeMiner[0m[31m (221ms)[0m
  [32m  ‚úì[0m[90m test for TimeMiner[0m[31m (181ms)[0m
  [32m  ‚úì[0m[90m test for TimeMiner[0m[31m (144ms)[0m
  [32m  ‚úì[0m[90m test for TimeMiner[0m[31m (281ms)[0m
  [32m  ‚úì[0m[90m test for TimeMiner[0m[31m (161ms)[0m
  [31m  3) test for TimeMiner[0m
    > No events were emitted
  [32m  ‚úì[0m[90m test for TimeMiner[0m[31m (180ms)[0m
  [32m  ‚úì[0m[90m test for TimeMiner[0m[31m (203ms)[0m


[92m [0m[32m 13 passing[0m[90m (4s)[0m
[31m  3 failing[0m

[0m  1) Contract: TimeMiner
       test for TimeMiner:
[0m[31m     AssertionError: expected promise to be rejected with 'Error' but it was fulfilled with true[0m[90m
  
[0m
[0m  2) Contract: TimeMiner
       test for TimeMiner:
[0m[31m     Error: Returned error: sender account not recognized[0m[90m
      at Context.<anonymous> (tests/test-TimeMiner.js:112:47)
      at runMicrotasks (<anonymous>)
      at processTicksAndRejections (internal/process/task_queues.js:95:5)
[0m
[0m  3) Contract: TimeMiner
       test for TimeMiner:
[0m[31m     AssertionError: expected promise to be rejected with 'Error' but it was fulfilled with {}[0m[90m
  
[0m


----------------|----------|----------|----------|----------|----------------|
File            |  % Stmts | % Branch |  % Funcs |  % Lines |Uncovered Lines |
----------------|----------|----------|----------|----------|----------------|
 contracts/     |    84.27 |    72.73 |      100 |    84.27 |                |
  TimeMiner.sol |    84.27 |    72.73 |      100 |    84.27 |... 232,233,234 |
----------------|----------|----------|----------|----------|----------------|
All files       |    84.27 |    72.73 |      100 |    84.27 |                |
----------------|----------|----------|----------|----------|----------------|

> Istanbul reports written to ./coverage/ and ./coverage.json
> solidity-coverage cleaning up, shutting down ganache server
Error: ‚ùå 3 test(s) failed under coverage.
    at plugin (/app/node_modules/solidity-coverage/plugins/truffle.plugin.js:121:27)
    at runMicrotasks (<anonymous>)
    at processTicksAndRejections (internal/process/task_queues.js:95:5)
Truffle v5.4.6 (core: 5.4.6)
Node v14.17.5
