
> Using Truffle library from global node_modules.

> server:            http://127.0.0.1:8555
> truffle:           v5.4.6
> ganache-core:      v2.13.0
> solidity-coverage: v0.7.17

Network Info
============
> id:      *
> port:    8555
> network: soliditycoverage


Instrumenting for coverage...
=============================

> TetherToken_utils.sol
> TetherToken.sol

Compiling your contracts...
===========================
> Compiling ./.coverage_contracts/TetherToken.sol
> Compiling ./.coverage_contracts/TetherToken_utils.sol
> Compilation warnings encountered:

    project:/.coverage_contracts/TetherToken_utils.sol:447:5: Warning: Function state mutability can be restricted to view
    function getBlackListStatus(address ... 00b03bd80ef19c185); /* function */ 
    ^ (Relevant source part starts here and spans across multiple lines).
,project:/.coverage_contracts/TetherToken_utils.sol:454:5: Warning: Function state mutability can be restricted to view
    function getOwner() external returns (address) {c_0x8de830ac(0x591375b6e0cd1dd6dc1c999284e5847f7d3d43a02560d3ce8f68d557992a05fe); /* function */ 
    ^ (Relevant source part starts here and spans across multiple lines).

> Artifacts written to /app/.coverage_artifacts/contracts
> Compiled successfully using:
   - solc: 0.5.16+commit.9c3226ce.Emscripten.clang


Compiling your contracts...
===========================
> Everything is up to date, there is nothing to compile.


[0m[0m
[0m  Contract: TetherToken[0m
  [32m  ‚úì[0m[90m test for TetherToken[0m[31m (1081ms)[0m
  [32m  ‚úì[0m[90m test for TetherToken[0m[31m (214ms)[0m
  [32m  ‚úì[0m[90m test for TetherToken[0m[31m (173ms)[0m
  [32m  ‚úì[0m[90m test for TetherToken[0m[31m (175ms)[0m
  [32m  ‚úì[0m[90m test for TetherToken[0m[31m (185ms)[0m
  [31m  1) test for TetherToken[0m
    > No events were emitted
  [31m  2) test for TetherToken[0m
    > No events were emitted
  [32m  ‚úì[0m[90m test for TetherToken[0m[31m (180ms)[0m
  [32m  ‚úì[0m[90m test for TetherToken[0m[31m (142ms)[0m
  [32m  ‚úì[0m[90m test for TetherToken[0m[31m (223ms)[0m
  [32m  ‚úì[0m[90m test for TetherToken[0m[31m (1297ms)[0m
  [31m  3) test for TetherToken[0m
    > No events were emitted
  [32m  ‚úì[0m[90m test for TetherToken[0m[31m (235ms)[0m
  [32m  ‚úì[0m[90m test for TetherToken[0m[31m (208ms)[0m


[92m [0m[32m 11 passing[0m[90m (5s)[0m
[31m  3 failing[0m

[0m  1) Contract: TetherToken
       test for TetherToken:
[0m[31m     Error: Returned error: sender account not recognized[0m[90m
      at Context.<anonymous> (tests/test-TetherToken.js:127:50)
      at runMicrotasks (<anonymous>)
      at processTicksAndRejections (internal/process/task_queues.js:95:5)
[0m
[0m  2) Contract: TetherToken
       test for TetherToken:
[0m[31m     AssertionError: expected promise to be rejected with 'Error' but it was fulfilled with {}[0m[90m
  
[0m
[0m  3) Contract: TetherToken
       test for TetherToken:
[0m[31m     AssertionError: expected promise to be rejected with 'Error' but it was fulfilled with {}[0m[90m
  
[0m


------------------------|----------|----------|----------|----------|----------------|
File                    |  % Stmts | % Branch |  % Funcs |  % Lines |Uncovered Lines |
------------------------|----------|----------|----------|----------|----------------|
 contracts/             |    62.61 |    44.44 |    63.64 |     60.5 |                |
  TetherToken.sol       |       80 |     57.5 |      100 |       80 |... 141,142,144 |
  TetherToken_utils.sol |    49.23 |    28.13 |    45.45 |    46.38 |... 295,296,297 |
------------------------|----------|----------|----------|----------|----------------|
All files               |    62.61 |    44.44 |    63.64 |     60.5 |                |
------------------------|----------|----------|----------|----------|----------------|

> Istanbul reports written to ./coverage/ and ./coverage.json
> solidity-coverage cleaning up, shutting down ganache server
Error: ‚ùå 3 test(s) failed under coverage.
    at plugin (/app/node_modules/solidity-coverage/plugins/truffle.plugin.js:121:27)
    at runMicrotasks (<anonymous>)
    at processTicksAndRejections (internal/process/task_queues.js:95:5)
Truffle v5.4.6 (core: 5.4.6)
Node v14.17.5
