
> Using Truffle library from global node_modules.

> server:            http://127.0.0.1:8555
> truffle:           v5.4.6
> ganache-core:      v2.13.0
> solidity-coverage: v0.7.17

Network Info
============
> id:      *
> port:    8555
> network: soliditycoverage


Instrumenting for coverage...
=============================

> SLTDETHlpReward.sol

Compiling your contracts...
===========================
> Compiling ./.coverage_contracts/SLTDETHlpReward.sol
> Artifacts written to /app/.coverage_artifacts/contracts
> Compiled successfully using:
   - solc: 0.5.16+commit.9c3226ce.Emscripten.clang


Compiling your contracts...
===========================
> Everything is up to date, there is nothing to compile.


[0m[0m
[0m  Contract: SLTDETHlpReward[0m
  [31m  1) test for SLTDETHlpReward[0m

    Events emitted during test:
    ---------------------------

    Ownable.OwnershipTransferred(
      previousOwner: <indexed> [33m0x0000000000000000000000000000000000000000[39m (type: address),
      newOwner: <indexed> [33m0x378Fc47655aECB79B839e68a0A2AA67229A447Cd[39m (type: address)
    )


    ---------------------------
  [31m  2) test for SLTDETHlpReward[0m

    Events emitted during test:
    ---------------------------

    Ownable.OwnershipTransferred(
      previousOwner: <indexed> [33m0x0000000000000000000000000000000000000000[39m (type: address),
      newOwner: <indexed> [33m0x41c951fA9931355E31Bc39d0A8fdeefD543609b0[39m (type: address)
    )


    ---------------------------
  [31m  3) test for SLTDETHlpReward[0m

    Events emitted during test:
    ---------------------------

    Ownable.OwnershipTransferred(
      previousOwner: <indexed> [33m0x0000000000000000000000000000000000000000[39m (type: address),
      newOwner: <indexed> [33m0xF68A57b831841F6CBeb3bdA81876Ad54F4171267[39m (type: address)
    )


    ---------------------------
  [31m  4) test for SLTDETHlpReward[0m

    Events emitted during test:
    ---------------------------

    Ownable.OwnershipTransferred(
      previousOwner: <indexed> [33m0x0000000000000000000000000000000000000000[39m (type: address),
      newOwner: <indexed> [33m0x1cfC96E5D42D2285f62987D0A4fBD21bb1F6f56D[39m (type: address)
    )


    ---------------------------
  [31m  5) test for SLTDETHlpReward[0m
    > No events were emitted
  [32m  ‚úì[0m[90m test for SLTDETHlpReward[0m[31m (176ms)[0m
  [31m  6) test for SLTDETHlpReward[0m

    Events emitted during test:
    ---------------------------

    Ownable.OwnershipTransferred(
      previousOwner: <indexed> [33m0x0000000000000000000000000000000000000000[39m (type: address),
      newOwner: <indexed> [33m0x378Fc47655aECB79B839e68a0A2AA67229A447Cd[39m (type: address)
    )


    ---------------------------
  [32m  ‚úì[0m[90m test for SLTDETHlpReward[0m[31m (193ms)[0m
  [32m  ‚úì[0m[90m test for SLTDETHlpReward[0m[31m (170ms)[0m
  [32m  ‚úì[0m[90m test for SLTDETHlpReward[0m[31m (142ms)[0m
  [31m  7) test for SLTDETHlpReward[0m

    Events emitted during test:
    ---------------------------

    Ownable.OwnershipTransferred(
      previousOwner: <indexed> [33m0x0000000000000000000000000000000000000000[39m (type: address),
      newOwner: <indexed> [33m0x41c951fA9931355E31Bc39d0A8fdeefD543609b0[39m (type: address)
    )


    ---------------------------
  [31m  8) test for SLTDETHlpReward[0m

    Events emitted during test:
    ---------------------------

    Ownable.OwnershipTransferred(
      previousOwner: <indexed> [33m0x0000000000000000000000000000000000000000[39m (type: address),
      newOwner: <indexed> [33m0x41c951fA9931355E31Bc39d0A8fdeefD543609b0[39m (type: address)
    )


    ---------------------------
  [31m  9) test for SLTDETHlpReward[0m

    Events emitted during test:
    ---------------------------

    Ownable.OwnershipTransferred(
      previousOwner: <indexed> [33m0x0000000000000000000000000000000000000000[39m (type: address),
      newOwner: <indexed> [33m0x41c951fA9931355E31Bc39d0A8fdeefD543609b0[39m (type: address)
    )


    ---------------------------
  [31m  10) test for SLTDETHlpReward[0m

    Events emitted during test:
    ---------------------------

    Ownable.OwnershipTransferred(
      previousOwner: <indexed> [33m0x0000000000000000000000000000000000000000[39m (type: address),
      newOwner: <indexed> [33m0x41c951fA9931355E31Bc39d0A8fdeefD543609b0[39m (type: address)
    )


    ---------------------------


[92m [0m[32m 4 passing[0m[90m (4s)[0m
[31m  10 failing[0m

[0m  1) Contract: SLTDETHlpReward
       test for SLTDETHlpReward:
[0m[31m     AssertionError: expected promise to be rejected with 'Error' but it was fulfilled with {}[0m[90m
  
[0m
[0m  2) Contract: SLTDETHlpReward
       test for SLTDETHlpReward:
[0m[31m     AssertionError: expected promise to be rejected with 'Error' but it was fulfilled with {}[0m[90m
  
[0m
[0m  3) Contract: SLTDETHlpReward
       test for SLTDETHlpReward:
[0m[31m     AssertionError: expected '0xF68A57b831841F6CBeb3bdA81876Ad54F4171267' to equal 1.1764483681844327e+47[0m[90m
      at Context.<anonymous> (tests/test-SLTDETHlpReward.js:44:10)
      at processTicksAndRejections (internal/process/task_queues.js:95:5)
[0m
[0m  4) Contract: SLTDETHlpReward
       test for SLTDETHlpReward:
[0m[31m     TypeError: Cannot read property 'call' of undefined[0m[90m
      at Context.<anonymous> (tests/test-SLTDETHlpReward.js:58:52)
      at runMicrotasks (<anonymous>)
      at processTicksAndRejections (internal/process/task_queues.js:95:5)
[0m
[0m  5) Contract: SLTDETHlpReward
       test for SLTDETHlpReward:
[0m[31m     Error: Returned error: sender account not recognized[0m[90m
      at Context.<anonymous> (tests/test-SLTDETHlpReward.js:62:59)
      at runMicrotasks (<anonymous>)
      at processTicksAndRejections (internal/process/task_queues.js:95:5)
[0m
[0m  6) Contract: SLTDETHlpReward
       test for SLTDETHlpReward:
[0m[31m     AssertionError: expected promise to be rejected with 'Error' but it was fulfilled with {}[0m[90m
  
[0m
[0m  7) Contract: SLTDETHlpReward
       test for SLTDETHlpReward:
[0m[31m     TypeError: Cannot read property 'call' of undefined[0m[90m
      at Context.<anonymous> (tests/test-SLTDETHlpReward.js:148:61)
      at runMicrotasks (<anonymous>)
      at processTicksAndRejections (internal/process/task_queues.js:95:5)
[0m
[0m  8) Contract: SLTDETHlpReward
       test for SLTDETHlpReward:
[0m[31m     AssertionError: expected promise to be rejected with 'Error' but it was fulfilled with {}[0m[90m
  
[0m
[0m  9) Contract: SLTDETHlpReward
       test for SLTDETHlpReward:
[0m[31m     AssertionError: expected promise to be rejected with 'Error' but it was fulfilled with {}[0m[90m
  
[0m
[0m  10) Contract: SLTDETHlpReward
       test for SLTDETHlpReward:
[0m[31m     AssertionError: expected promise to be rejected with 'Error' but it was fulfilled with {}[0m[90m
  
[0m


----------------------|----------|----------|----------|----------|----------------|
File                  |  % Stmts | % Branch |  % Funcs |  % Lines |Uncovered Lines |
----------------------|----------|----------|----------|----------|----------------|
 contracts/           |    60.95 |    43.75 |    72.34 |    62.73 |                |
  SLTDETHlpReward.sol |    60.95 |    43.75 |    72.34 |    62.73 |... 369,379,380 |
----------------------|----------|----------|----------|----------|----------------|
All files             |    60.95 |    43.75 |    72.34 |    62.73 |                |
----------------------|----------|----------|----------|----------|----------------|

> Istanbul reports written to ./coverage/ and ./coverage.json
> solidity-coverage cleaning up, shutting down ganache server
Error: ‚ùå 10 test(s) failed under coverage.
    at plugin (/app/node_modules/solidity-coverage/plugins/truffle.plugin.js:121:27)
    at runMicrotasks (<anonymous>)
    at processTicksAndRejections (internal/process/task_queues.js:95:5)
    at runNextTicks (internal/process/task_queues.js:64:3)
    at processImmediate (internal/timers.js:437:9)
Truffle v5.4.6 (core: 5.4.6)
Node v14.17.5
