
> Using Truffle library from global node_modules.

> server:            http://127.0.0.1:8555
> truffle:           v5.4.6
> ganache-core:      v2.13.0
> solidity-coverage: v0.7.17

Network Info
============
> id:      *
> port:    8555
> network: soliditycoverage


Instrumenting for coverage...
=============================

> MisesLegacyPool_utils.sol
> MisesLegacyPool.sol

Compiling your contracts...
===========================
> Compiling ./.coverage_contracts/MisesLegacyPool.sol
> Compiling ./.coverage_contracts/MisesLegacyPool_utils.sol
> Artifacts written to /app/.coverage_artifacts/contracts
> Compiled successfully using:
   - solc: 0.5.16+commit.9c3226ce.Emscripten.clang


Compiling your contracts...
===========================
> Everything is up to date, there is nothing to compile.


[0m[0m
[0m  Contract: MisesLegacyPool[0m
  [31m  1) test for MisesLegacyPool[0m

    Events emitted during test:
    ---------------------------

    Ownable.OwnershipTransferred(
      previousOwner: <indexed> [33m0x0000000000000000000000000000000000000000[39m (type: address),
      newOwner: <indexed> [33m0x213b671c7FA556431Bb46a61f84bf91C193A52AD[39m (type: address)
    )


    ---------------------------
  [32m  ‚úì[0m[90m test for MisesLegacyPool[0m[31m (974ms)[0m
  [31m  2) test for MisesLegacyPool[0m

    Events emitted during test:
    ---------------------------

    Ownable.OwnershipTransferred(
      previousOwner: <indexed> [33m0x0000000000000000000000000000000000000000[39m (type: address),
      newOwner: <indexed> [33m0x38d5475c9c2928F01aF41C26Ffc0625F9Ed9AcBc[39m (type: address)
    )


    ---------------------------
  [32m  ‚úì[0m[90m test for MisesLegacyPool[0m[31m (241ms)[0m
  [31m  3) test for MisesLegacyPool[0m

    Events emitted during test:
    ---------------------------

    Ownable.OwnershipTransferred(
      previousOwner: <indexed> [33m0x0000000000000000000000000000000000000000[39m (type: address),
      newOwner: <indexed> [33m0x38d5475c9c2928F01aF41C26Ffc0625F9Ed9AcBc[39m (type: address)
    )


    ---------------------------
  [31m  4) test for MisesLegacyPool[0m

    Events emitted during test:
    ---------------------------

    Ownable.OwnershipTransferred(
      previousOwner: <indexed> [33m0x0000000000000000000000000000000000000000[39m (type: address),
      newOwner: <indexed> [33m0x487C16AeE6A27Bd09b5F0E3974703e2B9AeeC91a[39m (type: address)
    )


    ---------------------------
  [31m  5) test for MisesLegacyPool[0m
    > No events were emitted


[92m [0m[32m 2 passing[0m[90m (3s)[0m
[31m  5 failing[0m

[0m  1) Contract: MisesLegacyPool
       test for MisesLegacyPool:
[0m[31m     TypeError: Cannot read property 'call' of undefined[0m[90m
      at Context.<anonymous> (tests/test-MisesLegacyPool.js:18:50)
      at processTicksAndRejections (internal/process/task_queues.js:95:5)
[0m
[0m  2) Contract: MisesLegacyPool
       test for MisesLegacyPool:
[0m[31m     AssertionError: expected promise to be rejected with 'Error' but it was fulfilled with {}[0m[90m
  
[0m
[0m  3) Contract: MisesLegacyPool
       test for MisesLegacyPool:
[0m[31m     AssertionError: expected promise to be rejected with 'Error' but it was fulfilled with {}[0m[90m
  
[0m
[0m  4) Contract: MisesLegacyPool
       test for MisesLegacyPool:
[0m[31m     AssertionError: expected promise to be rejected with 'Error' but it was fulfilled with {}[0m[90m
  
[0m
[0m  5) Contract: MisesLegacyPool
       test for MisesLegacyPool:
[0m[31m     Error: Returned error: sender account not recognized[0m[90m
      at Context.<anonymous> (tests/test-MisesLegacyPool.js:109:59)
      at runMicrotasks (<anonymous>)
      at processTicksAndRejections (internal/process/task_queues.js:95:5)
[0m


----------------------------|----------|----------|----------|----------|----------------|
File                        |  % Stmts | % Branch |  % Funcs |  % Lines |Uncovered Lines |
----------------------------|----------|----------|----------|----------|----------------|
 contracts/                 |    42.73 |    22.92 |    56.25 |     43.1 |                |
  MisesLegacyPool.sol       |    40.91 |    31.25 |    81.82 |    43.48 |... 172,173,174 |
  MisesLegacyPool_utils.sol |    43.94 |    18.75 |    48.65 |    42.86 |... 582,583,584 |
----------------------------|----------|----------|----------|----------|----------------|
All files                   |    42.73 |    22.92 |    56.25 |     43.1 |                |
----------------------------|----------|----------|----------|----------|----------------|

> Istanbul reports written to ./coverage/ and ./coverage.json
> solidity-coverage cleaning up, shutting down ganache server
Error: ‚ùå 5 test(s) failed under coverage.
    at plugin (/app/node_modules/solidity-coverage/plugins/truffle.plugin.js:121:27)
    at runMicrotasks (<anonymous>)
    at processTicksAndRejections (internal/process/task_queues.js:95:5)
Truffle v5.4.6 (core: 5.4.6)
Node v14.17.5
