
> Using Truffle library from global node_modules.

> server:            http://127.0.0.1:8555
> truffle:           v5.4.6
> ganache-core:      v2.13.0
> solidity-coverage: v0.7.17

Network Info
============
> id:      *
> port:    8555
> network: soliditycoverage


Instrumenting for coverage...
=============================

> YRX3.sol

Compiling your contracts...
===========================
> Compiling ./.coverage_contracts/YRX3.sol
> Artifacts written to /app/.coverage_artifacts/contracts
> Compiled successfully using:
   - solc: 0.5.16+commit.9c3226ce.Emscripten.clang


Compiling your contracts...
===========================
> Everything is up to date, there is nothing to compile.


[0m[0m
[0m  Contract: YRX3[0m
  [31m  1) test for YRX3[0m

    Events emitted during test:
    ---------------------------

    Ownable.OwnershipTransferred(
      previousOwner: <indexed> [33m0x0000000000000000000000000000000000000000[39m (type: address),
      newOwner: <indexed> [33m0xacE63aC4198b565f36548e8ED8D0177aED85C237[39m (type: address)
    )


    ---------------------------
  [32m  ‚úì[0m[90m test for YRX3[0m[31m (993ms)[0m
  [32m  ‚úì[0m[90m test for YRX3[0m[31m (252ms)[0m
  [32m  ‚úì[0m[90m test for YRX3[0m[31m (207ms)[0m
  [31m  2) test for YRX3[0m
    > No events were emitted
  [32m  ‚úì[0m[90m test for YRX3[0m[31m (214ms)[0m
  [32m  ‚úì[0m[90m test for YRX3[0m[31m (196ms)[0m
  [32m  ‚úì[0m[90m test for YRX3[0m[31m (182ms)[0m
  [31m  3) test for YRX3[0m

    Events emitted during test:
    ---------------------------

    Ownable.OwnershipTransferred(
      previousOwner: <indexed> [33m0x0000000000000000000000000000000000000000[39m (type: address),
      newOwner: <indexed> [33m0x6EFBBa38A2ED4611413e113A70e538d93C1608F1[39m (type: address)
    )


    ---------------------------
  [32m  ‚úì[0m[90m test for YRX3[0m[31m (219ms)[0m
  [32m  ‚úì[0m[90m test for YRX3[0m[31m (186ms)[0m
  [31m  4) test for YRX3[0m

    Events emitted during test:
    ---------------------------

    Ownable.OwnershipTransferred(
      previousOwner: <indexed> [33m0x0000000000000000000000000000000000000000[39m (type: address),
      newOwner: <indexed> [33m0xacE63aC4198b565f36548e8ED8D0177aED85C237[39m (type: address)
    )


    ---------------------------


[92m [0m[32m 8 passing[0m[90m (4s)[0m
[31m  4 failing[0m

[0m  1) Contract: YRX3
       test for YRX3:
[0m[31m     TypeError: Cannot read property 'call' of undefined[0m[90m
      at Context.<anonymous> (tests/test-YRX3.js:19:41)
      at processTicksAndRejections (internal/process/task_queues.js:95:5)
[0m
[0m  2) Contract: YRX3
       test for YRX3:
[0m[31m     Error: Returned error: sender account not recognized[0m[90m
      at Context.<anonymous> (tests/test-YRX3.js:56:36)
      at runMicrotasks (<anonymous>)
      at processTicksAndRejections (internal/process/task_queues.js:95:5)
[0m
[0m  3) Contract: YRX3
       test for YRX3:
[0m[31m     AssertionError: expected '0x6EFBBa38A2ED4611413e113A70e538d93C1608F1' to equal 2.3086691079935417e+47[0m[90m
      at Context.<anonymous> (tests/test-YRX3.js:100:10)
      at runMicrotasks (<anonymous>)
      at processTicksAndRejections (internal/process/task_queues.js:95:5)
[0m
[0m  4) Contract: YRX3
       test for YRX3:
[0m[31m     AssertionError: expected promise to be rejected with 'Error' but it was fulfilled with {}[0m[90m
  
[0m


------------|----------|----------|----------|----------|----------------|
File        |  % Stmts | % Branch |  % Funcs |  % Lines |Uncovered Lines |
------------|----------|----------|----------|----------|----------------|
 contracts/ |    49.07 |    32.69 |    60.42 |    48.72 |                |
  YRX3.sol  |    49.07 |    32.69 |    60.42 |    48.72 |... 866,867,868 |
------------|----------|----------|----------|----------|----------------|
All files   |    49.07 |    32.69 |    60.42 |    48.72 |                |
------------|----------|----------|----------|----------|----------------|

> Istanbul reports written to ./coverage/ and ./coverage.json
> solidity-coverage cleaning up, shutting down ganache server
Error: ‚ùå 4 test(s) failed under coverage.
    at plugin (/app/node_modules/solidity-coverage/plugins/truffle.plugin.js:121:27)
    at runMicrotasks (<anonymous>)
    at processTicksAndRejections (internal/process/task_queues.js:95:5)
Truffle v5.4.6 (core: 5.4.6)
Node v14.17.5
