
> Using Truffle library from global node_modules.

> server:            http://127.0.0.1:8555
> truffle:           v5.4.6
> ganache-core:      v2.13.0
> solidity-coverage: v0.7.17

Network Info
============
> id:      *
> port:    8555
> network: soliditycoverage


Instrumenting for coverage...
=============================

> LIBERAPAY.sol

Compiling your contracts...
===========================
> Compiling ./.coverage_contracts/LIBERAPAY.sol
> Artifacts written to /app/.coverage_artifacts/contracts
> Compiled successfully using:
   - solc: 0.5.16+commit.9c3226ce.Emscripten.clang


Compiling your contracts...
===========================
> Everything is up to date, there is nothing to compile.


[0m[0m
[0m  Contract: LIBERAPAY[0m
  [32m  ‚úì[0m[90m test for LIBERAPAY[0m[31m (1152ms)[0m
  [32m  ‚úì[0m[90m test for LIBERAPAY[0m[31m (296ms)[0m
  [32m  ‚úì[0m[90m test for LIBERAPAY[0m[31m (292ms)[0m
  [31m  1) test for LIBERAPAY[0m

    Events emitted during test:
    ---------------------------

    ERC20.Transfer(
      from: <indexed> [33m0x0000000000000000000000000000000000000000[39m (type: address),
      to: <indexed> [33m0xD1eb38Cce94bE79107689C478815D6C1d5Ca927c[39m (type: address),
      value: [33m3000000000000000000000000000[39m (type: uint256)
    )


    ---------------------------
  [32m  ‚úì[0m[90m test for LIBERAPAY[0m[31m (251ms)[0m
  [31m  2) test for LIBERAPAY[0m
    > No events were emitted
  [31m  3) test for LIBERAPAY[0m

    Events emitted during test:
    ---------------------------

    ERC20.Transfer(
      from: <indexed> [33m0x0000000000000000000000000000000000000000[39m (type: address),
      to: <indexed> [33m0x48E0f9796D00Fe7723fD01EC944c627eD7c01fdC[39m (type: address),
      value: [33m3000000000000000000000000000[39m (type: uint256)
    )


    ---------------------------
  [32m  ‚úì[0m[90m test for LIBERAPAY[0m[31m (214ms)[0m
  [32m  ‚úì[0m[90m test for LIBERAPAY[0m[31m (245ms)[0m
  [32m  ‚úì[0m[90m test for LIBERAPAY[0m[31m (264ms)[0m
  [32m  ‚úì[0m[90m test for LIBERAPAY[0m[31m (300ms)[0m
  [32m  ‚úì[0m[90m test for LIBERAPAY[0m[31m (244ms)[0m
  [32m  ‚úì[0m[90m test for LIBERAPAY[0m[31m (208ms)[0m
  [32m  ‚úì[0m[90m test for LIBERAPAY[0m[31m (466ms)[0m
  [32m  ‚úì[0m[90m test for LIBERAPAY[0m[31m (204ms)[0m
  [31m  4) test for LIBERAPAY[0m

    Events emitted during test:
    ---------------------------

    ERC20.Transfer(
      from: <indexed> [33m0x0000000000000000000000000000000000000000[39m (type: address),
      to: <indexed> [33m0x48E0f9796D00Fe7723fD01EC944c627eD7c01fdC[39m (type: address),
      value: [33m3000000000000000000000000000[39m (type: uint256)
    )


    ---------------------------
  [32m  ‚úì[0m[90m test for LIBERAPAY[0m[31m (360ms)[0m
  [32m  ‚úì[0m[90m test for LIBERAPAY[0m[31m (251ms)[0m
  [31m  5) test for LIBERAPAY[0m

    Events emitted during test:
    ---------------------------

    ERC20.Transfer(
      from: <indexed> [33m0x0000000000000000000000000000000000000000[39m (type: address),
      to: <indexed> [33m0x48E0f9796D00Fe7723fD01EC944c627eD7c01fdC[39m (type: address),
      value: [33m3000000000000000000000000000[39m (type: uint256)
    )


    ---------------------------
  [32m  ‚úì[0m[90m test for LIBERAPAY[0m[31m (192ms)[0m
  [32m  ‚úì[0m[90m test for LIBERAPAY[0m[31m (176ms)[0m
  [32m  ‚úì[0m[90m test for LIBERAPAY[0m[31m (165ms)[0m
  [32m  ‚úì[0m[90m test for LIBERAPAY[0m[31m (191ms)[0m
  [32m  ‚úì[0m[90m test for LIBERAPAY[0m[31m (230ms)[0m


[92m [0m[32m 19 passing[0m[90m (7s)[0m
[31m  5 failing[0m

[0m  1) Contract: LIBERAPAY
       test for LIBERAPAY:
[0m[31m     TypeError: Cannot read property 'call' of undefined[0m[90m
      at Context.<anonymous> (tests/test-LIBERAPAY.js:73:45)
      at processTicksAndRejections (internal/process/task_queues.js:95:5)
[0m
[0m  2) Contract: LIBERAPAY
       test for LIBERAPAY:
[0m[31m     Error: Returned error: sender account not recognized[0m[90m
      at Context.<anonymous> (tests/test-LIBERAPAY.js:95:46)
      at runMicrotasks (<anonymous>)
      at processTicksAndRejections (internal/process/task_queues.js:95:5)
[0m
[0m  3) Contract: LIBERAPAY
       test for LIBERAPAY:
[0m[31m     AssertionError: expected <BN: 6131ef15> to equal {}[0m[90m
      at Context.<anonymous> (tests/test-LIBERAPAY.js:129:10)
      at runMicrotasks (<anonymous>)
      at processTicksAndRejections (internal/process/task_queues.js:95:5)
[0m
[0m  4) Contract: LIBERAPAY
       test for LIBERAPAY:
[0m[31m     AssertionError: expected promise to be rejected with 'Error' but it was fulfilled with { Object (0, 1, ...) }[0m[90m
  
[0m
[0m  5) Contract: LIBERAPAY
       test for LIBERAPAY:
[0m[31m     AssertionError: expected <BN: 6131ef18> to equal {}[0m[90m
      at Context.<anonymous> (tests/test-LIBERAPAY.js:342:10)
      at runMicrotasks (<anonymous>)
      at processTicksAndRejections (internal/process/task_queues.js:95:5)
[0m


----------------|----------|----------|----------|----------|----------------|
File            |  % Stmts | % Branch |  % Funcs |  % Lines |Uncovered Lines |
----------------|----------|----------|----------|----------|----------------|
 contracts/     |    57.14 |    42.86 |    82.05 |    56.46 |                |
  LIBERAPAY.sol |    57.14 |    42.86 |    82.05 |    56.46 |... 404,405,409 |
----------------|----------|----------|----------|----------|----------------|
All files       |    57.14 |    42.86 |    82.05 |    56.46 |                |
----------------|----------|----------|----------|----------|----------------|

> Istanbul reports written to ./coverage/ and ./coverage.json
> solidity-coverage cleaning up, shutting down ganache server
Error: ‚ùå 5 test(s) failed under coverage.
    at plugin (/app/node_modules/solidity-coverage/plugins/truffle.plugin.js:121:27)
    at runMicrotasks (<anonymous>)
    at processTicksAndRejections (internal/process/task_queues.js:95:5)
Truffle v5.4.6 (core: 5.4.6)
Node v14.17.5
