
> Using Truffle library from global node_modules.

> server:            http://127.0.0.1:8555
> truffle:           v5.4.6
> ganache-core:      v2.13.0
> solidity-coverage: v0.7.17

Network Info
============
> id:      *
> port:    8555
> network: soliditycoverage


Instrumenting for coverage...
=============================

> Rexona_utils.sol
> Rexona.sol

Compiling your contracts...
===========================
> Compiling ./.coverage_contracts/Rexona.sol
> Compiling ./.coverage_contracts/Rexona_utils.sol
> Compilation warnings encountered:

    project:/.coverage_contracts/Rexona_utils.sol:1:1: Warning: Source file does not specify required compiler version! Consider adding "pragma solidity ^0.5.16;"
interface IERC20 {
^ (Relevant source part starts here and spans across multiple lines).

> Artifacts written to /app/.coverage_artifacts/contracts
> Compiled successfully using:
   - solc: 0.5.16+commit.9c3226ce.Emscripten.clang


Compiling your contracts...
===========================
> Everything is up to date, there is nothing to compile.


[0m[0m
[0m  Contract: Rexona[0m
  [32m  ‚úì[0m[90m test for Rexona[0m[31m (2530ms)[0m
  [32m  ‚úì[0m[90m test for Rexona[0m[31m (1591ms)[0m
  [31m  1) test for Rexona[0m
    > No events were emitted
  [31m  2) test for Rexona[0m

    Events emitted during test:
    ---------------------------

    Rexona.Transfer(
      _from: <indexed> [33m0x0000000000000000000000000000000000000000[39m (type: address),
      _to: <indexed> [33m0xb11bB188f300D823ac7B2aBD1FF63BE7E6d45D79[39m (type: address),
      _value: [33m1216000000000000000000[39m (type: uint256)
    )


    ---------------------------
  [32m  ‚úì[0m[90m test for Rexona[0m[31m (182ms)[0m
  [32m  ‚úì[0m[90m test for Rexona[0m[31m (205ms)[0m
  [31m  3) test for Rexona[0m

    Events emitted during test:
    ---------------------------

    Rexona.Transfer(
      _from: <indexed> [33m0x0000000000000000000000000000000000000000[39m (type: address),
      _to: <indexed> [33m0x25234c5Fe8e7d9201422FEaC088F4a05EEC03Add[39m (type: address),
      _value: [33m243000000000000000000[39m (type: uint256)
    )


    ---------------------------
  [31m  4) test for Rexona[0m

    Events emitted during test:
    ---------------------------

    Rexona.Transfer(
      _from: <indexed> [33m0x0000000000000000000000000000000000000000[39m (type: address),
      _to: <indexed> [33m0x25234c5Fe8e7d9201422FEaC088F4a05EEC03Add[39m (type: address),
      _value: [33m1564000000000000000000[39m (type: uint256)
    )


    ---------------------------
  [32m  ‚úì[0m[90m test for Rexona[0m[31m (166ms)[0m
  [32m  ‚úì[0m[90m test for Rexona[0m[31m (323ms)[0m


[92m [0m[32m 6 passing[0m[90m (6s)[0m
[31m  4 failing[0m

[0m  1) Contract: Rexona
       test for Rexona:
[0m[31m     Error: Returned error: sender account not recognized[0m[90m
      at Context.<anonymous> (tests/test-Rexona.js:58:41)
      at processTicksAndRejections (internal/process/task_queues.js:95:5)
[0m
[0m  2) Contract: Rexona
       test for Rexona:
[0m[31m     AssertionError: expected promise to be rejected with 'Error' but it was fulfilled with true[0m[90m
  
[0m
[0m  3) Contract: Rexona
       test for Rexona:
[0m[31m     AssertionError: expected promise to be rejected with 'Error' but it was fulfilled with true[0m[90m
  
[0m
[0m  4) Contract: Rexona
       test for Rexona:
[0m[31m     AssertionError: expected promise to be rejected with 'Error' but it was fulfilled with true[0m[90m
  
[0m


-------------------|----------|----------|----------|----------|----------------|
File               |  % Stmts | % Branch |  % Funcs |  % Lines |Uncovered Lines |
-------------------|----------|----------|----------|----------|----------------|
 contracts/        |    29.09 |    23.44 |    21.62 |     28.3 |                |
  Rexona.sol       |    72.73 |    46.88 |      100 |    76.92 |... 77,79,80,82 |
  Rexona_utils.sol |        0 |        0 |        0 |        0 |... 203,207,211 |
-------------------|----------|----------|----------|----------|----------------|
All files          |    29.09 |    23.44 |    21.62 |     28.3 |                |
-------------------|----------|----------|----------|----------|----------------|

> Istanbul reports written to ./coverage/ and ./coverage.json
> solidity-coverage cleaning up, shutting down ganache server
Error: ‚ùå 4 test(s) failed under coverage.
    at plugin (/app/node_modules/solidity-coverage/plugins/truffle.plugin.js:121:27)
    at runMicrotasks (<anonymous>)
    at processTicksAndRejections (internal/process/task_queues.js:95:5)
Truffle v5.4.6 (core: 5.4.6)
Node v14.17.5
