
> Using Truffle library from global node_modules.

> server:            http://127.0.0.1:8555
> truffle:           v5.4.6
> ganache-core:      v2.13.0
> solidity-coverage: v0.7.17

Network Info
============
> id:      *
> port:    8555
> network: soliditycoverage


Instrumenting for coverage...
=============================

> NAL.sol

Compiling your contracts...
===========================
> Compiling ./.coverage_contracts/NAL.sol
> Artifacts written to /app/.coverage_artifacts/contracts
> Compiled successfully using:
   - solc: 0.5.16+commit.9c3226ce.Emscripten.clang


Compiling your contracts...
===========================
> Everything is up to date, there is nothing to compile.


[0m[0m
[0m  Contract: NAL[0m
  [32m  ‚úì[0m[90m test for NAL[0m[31m (1123ms)[0m
  [31m  1) test for NAL[0m
    > No events were emitted
  [31m  2) test for NAL[0m

    Events emitted during test:
    ---------------------------

    AdminRole.AdminAdded(
      account: <indexed> [33m0xd42BD7Ca47478296BB4b9D591faFf74633F18D98[39m (type: address)
    )

    IERC20.Transfer(
      from: <indexed> [33m0x0000000000000000000000000000000000000000[39m (type: address),
      to: <indexed> [33m0xd42BD7Ca47478296BB4b9D591faFf74633F18D98[39m (type: address),
      value: [33m2000000000000000000000000000[39m (type: uint256)
    )


    ---------------------------
  [32m  ‚úì[0m[90m test for NAL[0m[31m (219ms)[0m
  [31m  3) test for NAL[0m

    Events emitted during test:
    ---------------------------

    AdminRole.AdminAdded(
      account: <indexed> [33m0x1757AF6c4908d9d00525C7920f76211954e46D0B[39m (type: address)
    )

    IERC20.Transfer(
      from: <indexed> [33m0x0000000000000000000000000000000000000000[39m (type: address),
      to: <indexed> [33m0x1757AF6c4908d9d00525C7920f76211954e46D0B[39m (type: address),
      value: [33m2000000000000000000000000000[39m (type: uint256)
    )


    ---------------------------
  [32m  ‚úì[0m[90m test for NAL[0m[31m (199ms)[0m
  [32m  ‚úì[0m[90m test for NAL[0m[31m (293ms)[0m
  [32m  ‚úì[0m[90m test for NAL[0m[31m (197ms)[0m
  [32m  ‚úì[0m[90m test for NAL[0m[31m (229ms)[0m
  [32m  ‚úì[0m[90m test for NAL[0m[31m (221ms)[0m
  [32m  ‚úì[0m[90m test for NAL[0m[31m (298ms)[0m
  [32m  ‚úì[0m[90m test for NAL[0m[31m (210ms)[0m
  [32m  ‚úì[0m[90m test for NAL[0m[31m (196ms)[0m
  [32m  ‚úì[0m[90m test for NAL[0m[31m (212ms)[0m
  [32m  ‚úì[0m[90m test for NAL[0m[31m (206ms)[0m
  [32m  ‚úì[0m[90m test for NAL[0m[31m (217ms)[0m
  [32m  ‚úì[0m[90m test for NAL[0m[31m (219ms)[0m
  [32m  ‚úì[0m[90m test for NAL[0m[31m (216ms)[0m
  [31m  4) test for NAL[0m

    Events emitted during test:
    ---------------------------

    AdminRole.AdminAdded(
      account: <indexed> [33m0xd42BD7Ca47478296BB4b9D591faFf74633F18D98[39m (type: address)
    )

    IERC20.Transfer(
      from: <indexed> [33m0x0000000000000000000000000000000000000000[39m (type: address),
      to: <indexed> [33m0xd42BD7Ca47478296BB4b9D591faFf74633F18D98[39m (type: address),
      value: [33m2000000000000000000000000000[39m (type: uint256)
    )


    ---------------------------
  [32m  ‚úì[0m[90m test for NAL[0m[31m (233ms)[0m
  [32m  ‚úì[0m[90m test for NAL[0m[31m (260ms)[0m
  [32m  ‚úì[0m[90m test for NAL[0m[31m (189ms)[0m
  [32m  ‚úì[0m[90m test for NAL[0m[31m (229ms)[0m
  [31m  5) test for NAL[0m
    > No events were emitted
  [32m  ‚úì[0m[90m test for NAL[0m[31m (237ms)[0m
  [32m  ‚úì[0m[90m test for NAL[0m[31m (166ms)[0m
  [32m  ‚úì[0m[90m test for NAL[0m[31m (181ms)[0m
  [31m  6) test for NAL[0m

    Events emitted during test:
    ---------------------------

    AdminRole.AdminAdded(
      account: <indexed> [33m0x2cB2C3d334E218650487D5E8EF299A25183558d2[39m (type: address)
    )

    IERC20.Transfer(
      from: <indexed> [33m0x0000000000000000000000000000000000000000[39m (type: address),
      to: <indexed> [33m0x2cB2C3d334E218650487D5E8EF299A25183558d2[39m (type: address),
      value: [33m2000000000000000000000000000[39m (type: uint256)
    )


    ---------------------------


[92m [0m[32m 22 passing[0m[90m (8s)[0m
[31m  6 failing[0m

[0m  1) Contract: NAL
       test for NAL:
[0m[31m     Error: Invalid number of parameters for "undefined". Got 4 expected 0![0m[90m
      at Context.<anonymous> (tests/test-NAL.js:28:35)
      at processTicksAndRejections (internal/process/task_queues.js:95:5)
[0m
[0m  2) Contract: NAL
       test for NAL:
[0m[31m     TypeError: Cannot read property 'call' of undefined[0m[90m
      at Context.<anonymous> (tests/test-NAL.js:55:37)
      at processTicksAndRejections (internal/process/task_queues.js:95:5)
[0m
[0m  3) Contract: NAL
       test for NAL:
[0m[31m     TypeError: Cannot read property 'call' of undefined[0m[90m
      at Context.<anonymous> (tests/test-NAL.js:95:37)
      at processTicksAndRejections (internal/process/task_queues.js:95:5)
[0m
[0m  4) Contract: NAL
       test for NAL:
[0m[31m     AssertionError: expected promise to be rejected with 'Error' but it was fulfilled with {}[0m[90m
  
[0m
[0m  5) Contract: NAL
       test for NAL:
[0m[31m     Error: Returned error: sender account not recognized[0m[90m
      at Context.<anonymous> (tests/test-NAL.js:411:35)
      at runMicrotasks (<anonymous>)
      at processTicksAndRejections (internal/process/task_queues.js:95:5)
[0m
[0m  6) Contract: NAL
       test for NAL:
[0m[31m     AssertionError: expected promise to be rejected with 'Error' but it was fulfilled with {}[0m[90m
  
[0m


------------|----------|----------|----------|----------|----------------|
File        |  % Stmts | % Branch |  % Funcs |  % Lines |Uncovered Lines |
------------|----------|----------|----------|----------|----------------|
 contracts/ |    63.33 |    41.43 |    78.46 |    62.42 |                |
  NAL.sol   |    63.33 |    41.43 |    78.46 |    62.42 |... 610,611,612 |
------------|----------|----------|----------|----------|----------------|
All files   |    63.33 |    41.43 |    78.46 |    62.42 |                |
------------|----------|----------|----------|----------|----------------|

> Istanbul reports written to ./coverage/ and ./coverage.json
> solidity-coverage cleaning up, shutting down ganache server
Error: ‚ùå 6 test(s) failed under coverage.
    at plugin (/app/node_modules/solidity-coverage/plugins/truffle.plugin.js:121:27)
    at runMicrotasks (<anonymous>)
    at processTicksAndRejections (internal/process/task_queues.js:95:5)
    at runNextTicks (internal/process/task_queues.js:64:3)
    at processImmediate (internal/timers.js:437:9)
Truffle v5.4.6 (core: 5.4.6)
Node v14.17.5
