
> Using Truffle library from global node_modules.

> server:            http://127.0.0.1:8555
> truffle:           v5.4.6
> ganache-core:      v2.13.0
> solidity-coverage: v0.7.17

Network Info
============
> id:      *
> port:    8555
> network: soliditycoverage


Instrumenting for coverage...
=============================

> Ledgis.sol

Compiling your contracts...
===========================
> Compiling ./.coverage_contracts/Ledgis.sol
> Artifacts written to /app/.coverage_artifacts/contracts
> Compiled successfully using:
   - solc: 0.5.16+commit.9c3226ce.Emscripten.clang


Compiling your contracts...
===========================
> Everything is up to date, there is nothing to compile.


[0m[0m
[0m  Contract: Ledgis[0m
  [32m  ‚úì[0m[90m test for Ledgis[0m[31m (1196ms)[0m
  [31m  1) test for Ledgis[0m
    > No events were emitted
  [32m  ‚úì[0m[90m test for Ledgis[0m[31m (271ms)[0m
  [31m  2) test for Ledgis[0m

    Events emitted during test:
    ---------------------------

    IERC20.Transfer(
      from: <indexed> [33m0x0000000000000000000000000000000000000000[39m (type: address),
      to: <indexed> [33m0xfa85B985083B39E39D9505cE129d87AC513084Ba[39m (type: address),
      value: [33m10000000000000[39m (type: uint256)
    )


    ---------------------------
  [32m  ‚úì[0m[90m test for Ledgis[0m[31m (261ms)[0m
  [32m  ‚úì[0m[90m test for Ledgis[0m[31m (257ms)[0m
  [32m  ‚úì[0m[90m test for Ledgis[0m[31m (259ms)[0m
  [32m  ‚úì[0m[90m test for Ledgis[0m[31m (240ms)[0m
  [32m  ‚úì[0m[90m test for Ledgis[0m[31m (259ms)[0m
  [32m  ‚úì[0m[90m test for Ledgis[0m[31m (261ms)[0m
  [32m  ‚úì[0m[90m test for Ledgis[0m[31m (243ms)[0m
  [32m  ‚úì[0m[90m test for Ledgis[0m[31m (344ms)[0m
  [31m  3) test for Ledgis[0m

    Events emitted during test:
    ---------------------------

    IERC20.Transfer(
      from: <indexed> [33m0x0000000000000000000000000000000000000000[39m (type: address),
      to: <indexed> [33m0xa6DE0F25BC5EA105847B80ED45d59228a08caBb2[39m (type: address),
      value: [33m10000000000000[39m (type: uint256)
    )


    ---------------------------
  [32m  ‚úì[0m[90m test for Ledgis[0m[31m (249ms)[0m
  [31m  4) test for Ledgis[0m

    Events emitted during test:
    ---------------------------

    IERC20.Transfer(
      from: <indexed> [33m0x0000000000000000000000000000000000000000[39m (type: address),
      to: <indexed> [33m0xfEdBDe675C94d29D96f57736318EFE9a11525849[39m (type: address),
      value: [33m10000000000000[39m (type: uint256)
    )


    ---------------------------
  [32m  ‚úì[0m[90m test for Ledgis[0m[31m (189ms)[0m
  [32m  ‚úì[0m[90m test for Ledgis[0m[31m (275ms)[0m
  [31m  5) test for Ledgis[0m

    Events emitted during test:
    ---------------------------

    IERC20.Transfer(
      from: <indexed> [33m0x0000000000000000000000000000000000000000[39m (type: address),
      to: <indexed> [33m0xa6DE0F25BC5EA105847B80ED45d59228a08caBb2[39m (type: address),
      value: [33m10000000000000[39m (type: uint256)
    )


    ---------------------------
  [32m  ‚úì[0m[90m test for Ledgis[0m[31m (268ms)[0m
  [32m  ‚úì[0m[90m test for Ledgis[0m[31m (318ms)[0m
  [32m  ‚úì[0m[90m test for Ledgis[0m[31m (172ms)[0m
  [32m  ‚úì[0m[90m test for Ledgis[0m[31m (188ms)[0m
  [32m  ‚úì[0m[90m test for Ledgis[0m[31m (268ms)[0m
  [32m  ‚úì[0m[90m test for Ledgis[0m[31m (197ms)[0m
  [32m  ‚úì[0m[90m test for Ledgis[0m[31m (218ms)[0m
  [31m  6) test for Ledgis[0m

    Events emitted during test:
    ---------------------------

    IERC20.Transfer(
      from: <indexed> [33m0x0000000000000000000000000000000000000000[39m (type: address),
      to: <indexed> [33m0x4C4a2Df45EA07F9Ee9af53D1D3587d6F23e5DdB1[39m (type: address),
      value: [33m10000000000000[39m (type: uint256)
    )


    ---------------------------


[92m [0m[32m 20 passing[0m[90m (8s)[0m
[31m  6 failing[0m

[0m  1) Contract: Ledgis
       test for Ledgis:
[0m[31m     Error: Returned error: sender account not recognized[0m[90m
      at Context.<anonymous> (tests/test-Ledgis.js:24:41)
      at processTicksAndRejections (internal/process/task_queues.js:95:5)
[0m
[0m  2) Contract: Ledgis
       test for Ledgis:
[0m[31m     TypeError: Cannot read property 'call' of undefined[0m[90m
      at Context.<anonymous> (tests/test-Ledgis.js:53:34)
      at processTicksAndRejections (internal/process/task_queues.js:95:5)
[0m
[0m  3) Contract: Ledgis
       test for Ledgis:
[0m[31m     AssertionError: expected <BN: 6131ed4d> to equal {}[0m[90m
      at Context.<anonymous> (tests/test-Ledgis.js:232:10)
      at runMicrotasks (<anonymous>)
      at processTicksAndRejections (internal/process/task_queues.js:95:5)
[0m
[0m  4) Contract: Ledgis
       test for Ledgis:
[0m[31m     AssertionError: expected <BN: 6131eecd> to equal {}[0m[90m
      at Context.<anonymous> (tests/test-Ledgis.js:260:10)
      at runMicrotasks (<anonymous>)
      at processTicksAndRejections (internal/process/task_queues.js:95:5)
[0m
[0m  5) Contract: Ledgis
       test for Ledgis:
[0m[31m     AssertionError: expected promise to be rejected with 'Error' but it was fulfilled with {}[0m[90m
  
[0m
[0m  6) Contract: Ledgis
       test for Ledgis:
[0m[31m     TypeError: Cannot read property 'call' of undefined[0m[90m
      at Context.<anonymous> (tests/test-Ledgis.js:483:44)
      at runMicrotasks (<anonymous>)
      at processTicksAndRejections (internal/process/task_queues.js:95:5)
[0m


-------------|----------|----------|----------|----------|----------------|
File         |  % Stmts | % Branch |  % Funcs |  % Lines |Uncovered Lines |
-------------|----------|----------|----------|----------|----------------|
 contracts/  |    65.87 |    39.29 |    84.44 |    64.66 |                |
  Ledgis.sol |    65.87 |    39.29 |    84.44 |    64.66 |... 521,522,524 |
-------------|----------|----------|----------|----------|----------------|
All files    |    65.87 |    39.29 |    84.44 |    64.66 |                |
-------------|----------|----------|----------|----------|----------------|

> Istanbul reports written to ./coverage/ and ./coverage.json
> solidity-coverage cleaning up, shutting down ganache server
Error: ‚ùå 6 test(s) failed under coverage.
    at plugin (/app/node_modules/solidity-coverage/plugins/truffle.plugin.js:121:27)
    at runMicrotasks (<anonymous>)
    at processTicksAndRejections (internal/process/task_queues.js:95:5)
Truffle v5.4.6 (core: 5.4.6)
Node v14.17.5
