
> Using Truffle library from global node_modules.

> server:            http://127.0.0.1:8555
> truffle:           v5.4.6
> ganache-core:      v2.13.0
> solidity-coverage: v0.7.17

Network Info
============
> id:      *
> port:    8555
> network: soliditycoverage


Instrumenting for coverage...
=============================

> MarsStakingRewards.sol

Compiling your contracts...
===========================
> Compiling ./.coverage_contracts/MarsStakingRewards.sol
> Artifacts written to /app/.coverage_artifacts/contracts
> Compiled successfully using:
   - solc: 0.5.16+commit.9c3226ce.Emscripten.clang


Compiling your contracts...
===========================
> Everything is up to date, there is nothing to compile.


[0m[0m
[0m  Contract: MarsStakingRewards[0m
  [32m  ‚úì[0m[90m test for MarsStakingRewards[0m[31m (1046ms)[0m
  [32m  ‚úì[0m[90m test for MarsStakingRewards[0m[31m (923ms)[0m
  [31m  1) test for MarsStakingRewards[0m

    Events emitted during test:
    ---------------------------

    Ownable.OwnershipTransferred(
      previousOwner: <indexed> [33m0x0000000000000000000000000000000000000000[39m (type: address),
      newOwner: <indexed> [33m0xbc47Bad242D086acf6E5C562Ab71F0AD62bCA6c5[39m (type: address)
    )


    ---------------------------
  [32m  ‚úì[0m[90m test for MarsStakingRewards[0m[31m (441ms)[0m
  [32m  ‚úì[0m[90m test for MarsStakingRewards[0m[31m (244ms)[0m
  [31m  2) test for MarsStakingRewards[0m

    Events emitted during test:
    ---------------------------

    Ownable.OwnershipTransferred(
      previousOwner: <indexed> [33m0x0000000000000000000000000000000000000000[39m (type: address),
      newOwner: <indexed> [33m0x113B517ce93B45b62eE44bf1eC06514eDe5DCbF3[39m (type: address)
    )


    ---------------------------
  [31m  3) test for MarsStakingRewards[0m

    Events emitted during test:
    ---------------------------

    Ownable.OwnershipTransferred(
      previousOwner: <indexed> [33m0x0000000000000000000000000000000000000000[39m (type: address),
      newOwner: <indexed> [33m0x5C744245341656456216D8580e97d4FB74347554[39m (type: address)
    )


    ---------------------------
  [32m  ‚úì[0m[90m test for MarsStakingRewards[0m[31m (243ms)[0m
  [31m  4) test for MarsStakingRewards[0m

    Events emitted during test:
    ---------------------------

    Ownable.OwnershipTransferred(
      previousOwner: <indexed> [33m0x0000000000000000000000000000000000000000[39m (type: address),
      newOwner: <indexed> [33m0x5C744245341656456216D8580e97d4FB74347554[39m (type: address)
    )


    ---------------------------
  [31m  5) test for MarsStakingRewards[0m

    Events emitted during test:
    ---------------------------

    Ownable.OwnershipTransferred(
      previousOwner: <indexed> [33m0x0000000000000000000000000000000000000000[39m (type: address),
      newOwner: <indexed> [33m0x5C744245341656456216D8580e97d4FB74347554[39m (type: address)
    )


    ---------------------------
  [32m  ‚úì[0m[90m test for MarsStakingRewards[0m[31m (252ms)[0m
  [32m  ‚úì[0m[90m test for MarsStakingRewards[0m[31m (180ms)[0m
  [32m  ‚úì[0m[90m test for MarsStakingRewards[0m[31m (177ms)[0m
  [31m  6) test for MarsStakingRewards[0m

    Events emitted during test:
    ---------------------------

    Ownable.OwnershipTransferred(
      previousOwner: <indexed> [33m0x0000000000000000000000000000000000000000[39m (type: address),
      newOwner: <indexed> [33m0x5C744245341656456216D8580e97d4FB74347554[39m (type: address)
    )


    ---------------------------
  [31m  7) test for MarsStakingRewards[0m
    > No events were emitted
  [32m  ‚úì[0m[90m test for MarsStakingRewards[0m[31m (269ms)[0m
  [32m  ‚úì[0m[90m test for MarsStakingRewards[0m[31m (241ms)[0m


[92m [0m[32m 10 passing[0m[90m (6s)[0m
[31m  7 failing[0m

[0m  1) Contract: MarsStakingRewards
       test for MarsStakingRewards:
[0m[31m     TypeError: Cannot read property 'call' of undefined[0m[90m
      at Context.<anonymous> (tests/test-MarsStakingRewards.js:61:52)
      at processTicksAndRejections (internal/process/task_queues.js:95:5)
[0m
[0m  2) Contract: MarsStakingRewards
       test for MarsStakingRewards:
[0m[31m     AssertionError: expected '0x113B517ce93B45b62eE44bf1eC06514eDe5DCbF3' to equal 1.2044526582690192e+48[0m[90m
      at Context.<anonymous> (tests/test-MarsStakingRewards.js:106:10)
      at runMicrotasks (<anonymous>)
      at processTicksAndRejections (internal/process/task_queues.js:95:5)
[0m
[0m  3) Contract: MarsStakingRewards
       test for MarsStakingRewards:
[0m[31m     TypeError: Cannot read property 'call' of undefined[0m[90m
      at Context.<anonymous> (tests/test-MarsStakingRewards.js:129:66)
      at runMicrotasks (<anonymous>)
      at processTicksAndRejections (internal/process/task_queues.js:95:5)
[0m
[0m  4) Contract: MarsStakingRewards
       test for MarsStakingRewards:
[0m[31m     Error: Returned error: VM Exception while processing transaction: revert _rewardsDistribution is the zero address[0m[90m
      at Context.<anonymous> (tests/test-MarsStakingRewards.js:157:81)
      at runMicrotasks (<anonymous>)
      at processTicksAndRejections (internal/process/task_queues.js:95:5)
[0m
[0m  5) Contract: MarsStakingRewards
       test for MarsStakingRewards:
[0m[31m     TypeError: Cannot read property 'call' of undefined[0m[90m
      at Context.<anonymous> (tests/test-MarsStakingRewards.js:187:55)
      at runMicrotasks (<anonymous>)
      at processTicksAndRejections (internal/process/task_queues.js:95:5)
[0m
[0m  6) Contract: MarsStakingRewards
       test for MarsStakingRewards:
[0m[31m     AssertionError: expected promise to be rejected with 'Error' but it was fulfilled with {}[0m[90m
  
[0m
[0m  7) Contract: MarsStakingRewards
       test for MarsStakingRewards:
[0m[31m     Error: Returned error: sender account not recognized[0m[90m
      at Context.<anonymous> (tests/test-MarsStakingRewards.js:267:65)
      at runMicrotasks (<anonymous>)
      at processTicksAndRejections (internal/process/task_queues.js:95:5)
[0m


-------------------------|----------|----------|----------|----------|----------------|
File                     |  % Stmts | % Branch |  % Funcs |  % Lines |Uncovered Lines |
-------------------------|----------|----------|----------|----------|----------------|
 contracts/              |    46.96 |    29.63 |    67.35 |    47.93 |                |
  MarsStakingRewards.sol |    46.96 |    29.63 |    67.35 |    47.93 |... 704,713,714 |
-------------------------|----------|----------|----------|----------|----------------|
All files                |    46.96 |    29.63 |    67.35 |    47.93 |                |
-------------------------|----------|----------|----------|----------|----------------|

> Istanbul reports written to ./coverage/ and ./coverage.json
> solidity-coverage cleaning up, shutting down ganache server
Error: ‚ùå 7 test(s) failed under coverage.
    at plugin (/app/node_modules/solidity-coverage/plugins/truffle.plugin.js:121:27)
    at runMicrotasks (<anonymous>)
    at processTicksAndRejections (internal/process/task_queues.js:95:5)
Truffle v5.4.6 (core: 5.4.6)
Node v14.17.5
