
> Using Truffle library from global node_modules.

> server:            http://127.0.0.1:8555
> truffle:           v5.4.6
> ganache-core:      v2.13.0
> solidity-coverage: v0.7.17

Network Info
============
> id:      *
> port:    8555
> network: soliditycoverage


Instrumenting for coverage...
=============================

> MarsStakingRewards.sol

Compiling your contracts...
===========================
> Compiling ./.coverage_contracts/MarsStakingRewards.sol
> Artifacts written to /app/.coverage_artifacts/contracts
> Compiled successfully using:
   - solc: 0.5.16+commit.9c3226ce.Emscripten.clang


Compiling your contracts...
===========================
> Everything is up to date, there is nothing to compile.


[0m[0m
[0m  Contract: MarsStakingRewards[0m
  [32m  ‚úì[0m[90m test for MarsStakingRewards[0m[31m (463ms)[0m
  [31m  1) test for MarsStakingRewards[0m

    Events emitted during test:
    ---------------------------

    Ownable.OwnershipTransferred(
      previousOwner: <indexed> [33m0x0000000000000000000000000000000000000000[39m (type: address),
      newOwner: <indexed> [33m0xD8945fB128B2a6Ef05061090BBCc2EEd0F4F38c3[39m (type: address)
    )


    ---------------------------
  [32m  ‚úì[0m[90m test for MarsStakingRewards[0m[31m (842ms)[0m
  [32m  ‚úì[0m[90m test for MarsStakingRewards[0m[31m (190ms)[0m
  [32m  ‚úì[0m[90m test for MarsStakingRewards[0m[31m (154ms)[0m
  [32m  ‚úì[0m[90m test for MarsStakingRewards[0m[31m (191ms)[0m
  [31m  2) test for MarsStakingRewards[0m

    Events emitted during test:
    ---------------------------

    Ownable.OwnershipTransferred(
      previousOwner: <indexed> [33m0x0000000000000000000000000000000000000000[39m (type: address),
      newOwner: <indexed> [33m0x4ec65C96f24Cd67034CE4e524b557cFF6d802CB3[39m (type: address)
    )


    ---------------------------
  [31m  3) test for MarsStakingRewards[0m
    > No events were emitted
  [31m  4) test for MarsStakingRewards[0m

    Events emitted during test:
    ---------------------------

    Ownable.OwnershipTransferred(
      previousOwner: <indexed> [33m0x0000000000000000000000000000000000000000[39m (type: address),
      newOwner: <indexed> [33m0x4ec65C96f24Cd67034CE4e524b557cFF6d802CB3[39m (type: address)
    )


    ---------------------------
  [32m  ‚úì[0m[90m test for MarsStakingRewards[0m[31m (149ms)[0m
  [32m  ‚úì[0m[90m test for MarsStakingRewards[0m[31m (218ms)[0m
  [32m  ‚úì[0m[90m test for MarsStakingRewards[0m[31m (177ms)[0m
  [32m  ‚úì[0m[90m test for MarsStakingRewards[0m[31m (203ms)[0m
  [32m  ‚úì[0m[90m test for MarsStakingRewards[0m[31m (177ms)[0m
  [32m  ‚úì[0m[90m test for MarsStakingRewards[0m[31m (192ms)[0m


[92m [0m[32m 11 passing[0m[90m (4s)[0m
[31m  4 failing[0m

[0m  1) Contract: MarsStakingRewards
       test for MarsStakingRewards:
[0m[31m     TypeError: Cannot read property 'call' of undefined[0m[90m
      at Context.<anonymous> (tests/test-MarsStakingRewards.js:32:52)
      at processTicksAndRejections (internal/process/task_queues.js:95:5)
[0m
[0m  2) Contract: MarsStakingRewards
       test for MarsStakingRewards:
[0m[31m     AssertionError: expected '0x4ec65C96f24Cd67034CE4e524b557cFF6d802CB3' to equal 1.3790116541067893e+48[0m[90m
      at Context.<anonymous> (tests/test-MarsStakingRewards.js:117:10)
      at runMicrotasks (<anonymous>)
      at processTicksAndRejections (internal/process/task_queues.js:95:5)
[0m
[0m  3) Contract: MarsStakingRewards
       test for MarsStakingRewards:
[0m[31m     Error: Returned error: sender account not recognized[0m[90m
      at Context.<anonymous> (tests/test-MarsStakingRewards.js:126:65)
      at runMicrotasks (<anonymous>)
      at processTicksAndRejections (internal/process/task_queues.js:95:5)
[0m
[0m  4) Contract: MarsStakingRewards
       test for MarsStakingRewards:
[0m[31m     AssertionError: expected promise to be rejected with 'Error' but it was fulfilled with {}[0m[90m
  
[0m


-------------------------|----------|----------|----------|----------|----------------|
File                     |  % Stmts | % Branch |  % Funcs |  % Lines |Uncovered Lines |
-------------------------|----------|----------|----------|----------|----------------|
 contracts/              |    47.37 |    28.85 |    67.35 |    48.33 |                |
  MarsStakingRewards.sol |    47.37 |    28.85 |    67.35 |    48.33 |... 704,713,714 |
-------------------------|----------|----------|----------|----------|----------------|
All files                |    47.37 |    28.85 |    67.35 |    48.33 |                |
-------------------------|----------|----------|----------|----------|----------------|

> Istanbul reports written to ./coverage/ and ./coverage.json
> solidity-coverage cleaning up, shutting down ganache server
Error: ‚ùå 4 test(s) failed under coverage.
    at plugin (/app/node_modules/solidity-coverage/plugins/truffle.plugin.js:121:27)
    at runMicrotasks (<anonymous>)
    at processTicksAndRejections (internal/process/task_queues.js:95:5)
Truffle v5.4.6 (core: 5.4.6)
Node v14.17.5
