
> Using Truffle library from global node_modules.

> server:            http://127.0.0.1:8555
> truffle:           v5.4.6
> ganache-core:      v2.13.0
> solidity-coverage: v0.7.17

Network Info
============
> id:      *
> port:    8555
> network: soliditycoverage


Instrumenting for coverage...
=============================

> AavePoolReward_utils.sol
> AavePoolReward.sol

Compiling your contracts...
===========================
> Compiling ./.coverage_contracts/AavePoolReward.sol
> Compiling ./.coverage_contracts/AavePoolReward_utils.sol
> Artifacts written to /app/.coverage_artifacts/contracts
> Compiled successfully using:
   - solc: 0.5.16+commit.9c3226ce.Emscripten.clang


Compiling your contracts...
===========================
> Everything is up to date, there is nothing to compile.


[0m[0m
[0m  Contract: AavePoolReward[0m
  [32m  ‚úì[0m[90m test for AavePoolReward[0m[31m (1231ms)[0m
  [32m  ‚úì[0m[90m test for AavePoolReward[0m[31m (409ms)[0m
  [31m  1) test for AavePoolReward[0m
    > No events were emitted
  [32m  ‚úì[0m[90m test for AavePoolReward[0m[31m (487ms)[0m
  [31m  2) test for AavePoolReward[0m

    Events emitted during test:
    ---------------------------

    Ownable.OwnershipTransferred(
      previousOwner: <indexed> [33m0x0000000000000000000000000000000000000000[39m (type: address),
      newOwner: <indexed> [33m0x317c46DDa424f66644162748724a27aE22b7002C[39m (type: address)
    )


    ---------------------------
  [31m  3) test for AavePoolReward[0m

    Events emitted during test:
    ---------------------------

    Ownable.OwnershipTransferred(
      previousOwner: <indexed> [33m0x0000000000000000000000000000000000000000[39m (type: address),
      newOwner: <indexed> [33m0x0F3e4581B4e413A978764F3BbA89c45293F80771[39m (type: address)
    )


    ---------------------------
  [32m  ‚úì[0m[90m test for AavePoolReward[0m[31m (390ms)[0m
  [32m  ‚úì[0m[90m test for AavePoolReward[0m[31m (332ms)[0m
  [31m  4) test for AavePoolReward[0m

    Events emitted during test:
    ---------------------------

    Ownable.OwnershipTransferred(
      previousOwner: <indexed> [33m0x0000000000000000000000000000000000000000[39m (type: address),
      newOwner: <indexed> [33m0x6E61558d13076921F0Dd08e1c7144421dDBC15fF[39m (type: address)
    )


    ---------------------------


[92m [0m[32m 5 passing[0m[90m (5s)[0m
[31m  4 failing[0m

[0m  1) Contract: AavePoolReward
       test for AavePoolReward:
[0m[31m     Error: Returned error: sender account not recognized[0m[90m
      at Context.<anonymous> (tests/test-AavePoolReward.js:35:57)
      at processTicksAndRejections (internal/process/task_queues.js:95:5)
[0m
[0m  2) Contract: AavePoolReward
       test for AavePoolReward:
[0m[31m     TypeError: Cannot read property 'call' of undefined[0m[90m
      at Context.<anonymous> (tests/test-AavePoolReward.js:71:51)
      at runMicrotasks (<anonymous>)
      at processTicksAndRejections (internal/process/task_queues.js:95:5)
[0m
[0m  3) Contract: AavePoolReward
       test for AavePoolReward:
[0m[31m     AssertionError: expected promise to be rejected with 'Error' but it was fulfilled with {}[0m[90m
  
[0m
[0m  4) Contract: AavePoolReward
       test for AavePoolReward:
[0m[31m     AssertionError: expected promise to be rejected with 'Error' but it was fulfilled with {}[0m[90m
  
[0m


---------------------------|----------|----------|----------|----------|----------------|
File                       |  % Stmts | % Branch |  % Funcs |  % Lines |Uncovered Lines |
---------------------------|----------|----------|----------|----------|----------------|
 contracts/                |    52.78 |    34.09 |     62.5 |     53.1 |                |
  AavePoolReward.sol       |    58.14 |    58.33 |    91.67 |    59.09 |... 128,129,139 |
  AavePoolReward_utils.sol |    49.23 |       25 |    52.78 |    49.28 |... 532,534,559 |
---------------------------|----------|----------|----------|----------|----------------|
All files                  |    52.78 |    34.09 |     62.5 |     53.1 |                |
---------------------------|----------|----------|----------|----------|----------------|

> Istanbul reports written to ./coverage/ and ./coverage.json
> solidity-coverage cleaning up, shutting down ganache server
Error: ‚ùå 4 test(s) failed under coverage.
    at plugin (/app/node_modules/solidity-coverage/plugins/truffle.plugin.js:121:27)
    at runMicrotasks (<anonymous>)
    at processTicksAndRejections (internal/process/task_queues.js:95:5)
Truffle v5.4.6 (core: 5.4.6)
Node v14.17.5
