
> Using Truffle library from global node_modules.

> server:            http://127.0.0.1:8555
> truffle:           v5.4.6
> ganache-core:      v2.13.0
> solidity-coverage: v0.7.17

Network Info
============
> id:      *
> port:    8555
> network: soliditycoverage


Instrumenting for coverage...
=============================

> BACMARSLPTOKENPool.sol

Compiling your contracts...
===========================
> Compiling ./.coverage_contracts/BACMARSLPTOKENPool.sol
> Artifacts written to /app/.coverage_artifacts/contracts
> Compiled successfully using:
   - solc: 0.5.16+commit.9c3226ce.Emscripten.clang


Compiling your contracts...
===========================
> Everything is up to date, there is nothing to compile.


[0m[0m
[0m  Contract: BACMARSLPTOKENPool[0m
  [31m  1) test for BACMARSLPTOKENPool[0m
    > No events were emitted
  [31m  2) test for BACMARSLPTOKENPool[0m
    > No events were emitted
  [32m  ‚úì[0m[90m test for BACMARSLPTOKENPool[0m[31m (356ms)[0m
  [31m  3) test for BACMARSLPTOKENPool[0m
    > No events were emitted
  [31m  4) test for BACMARSLPTOKENPool[0m
    > No events were emitted
  [31m  5) test for BACMARSLPTOKENPool[0m
    > No events were emitted
  [31m  6) test for BACMARSLPTOKENPool[0m
    > No events were emitted
  [32m  ‚úì[0m[90m test for BACMARSLPTOKENPool[0m[31m (205ms)[0m
  [31m  7) test for BACMARSLPTOKENPool[0m
    > No events were emitted
  [32m  ‚úì[0m[90m test for BACMARSLPTOKENPool[0m[31m (575ms)[0m
  [32m  ‚úì[0m[90m test for BACMARSLPTOKENPool[0m[31m (211ms)[0m
  [31m  8) test for BACMARSLPTOKENPool[0m
    > No events were emitted
  [31m  9) test for BACMARSLPTOKENPool[0m
    > No events were emitted
  [32m  ‚úì[0m[90m test for BACMARSLPTOKENPool[0m[31m (196ms)[0m
  [31m  10) test for BACMARSLPTOKENPool[0m
    > No events were emitted
  [32m  ‚úì[0m[90m test for BACMARSLPTOKENPool[0m[31m (194ms)[0m
  [31m  11) test for BACMARSLPTOKENPool[0m
    > No events were emitted
  [31m  12) test for BACMARSLPTOKENPool[0m
    > No events were emitted
  [32m  ‚úì[0m[90m test for BACMARSLPTOKENPool[0m[31m (235ms)[0m
  [31m  13) test for BACMARSLPTOKENPool[0m
    > No events were emitted
  [31m  14) test for BACMARSLPTOKENPool[0m
    > No events were emitted
  [31m  15) test for BACMARSLPTOKENPool[0m
    > No events were emitted
  [32m  ‚úì[0m[90m test for BACMARSLPTOKENPool[0m[31m (174ms)[0m
  [32m  ‚úì[0m[90m test for BACMARSLPTOKENPool[0m[31m (195ms)[0m
  [31m  16) test for BACMARSLPTOKENPool[0m
    > No events were emitted
  [32m  ‚úì[0m[90m test for BACMARSLPTOKENPool[0m[31m (197ms)[0m
  [31m  17) test for BACMARSLPTOKENPool[0m
    > No events were emitted
  [31m  18) test for BACMARSLPTOKENPool[0m
    > No events were emitted
  [31m  19) test for BACMARSLPTOKENPool[0m
    > No events were emitted
  [31m  20) test for BACMARSLPTOKENPool[0m
    > No events were emitted
  [31m  21) test for BACMARSLPTOKENPool[0m
    > No events were emitted
  [31m  22) test for BACMARSLPTOKENPool[0m
    > No events were emitted
  [31m  23) test for BACMARSLPTOKENPool[0m
    > No events were emitted
  [31m  24) test for BACMARSLPTOKENPool[0m
    > No events were emitted
  [31m  25) test for BACMARSLPTOKENPool[0m
    > No events were emitted
  [31m  26) test for BACMARSLPTOKENPool[0m
    > No events were emitted
  [31m  27) test for BACMARSLPTOKENPool[0m
    > No events were emitted
  [31m  28) test for BACMARSLPTOKENPool[0m
    > No events were emitted
  [31m  29) test for BACMARSLPTOKENPool[0m
    > No events were emitted
  [31m  30) test for BACMARSLPTOKENPool[0m
    > No events were emitted
  [31m  31) test for BACMARSLPTOKENPool[0m
    > No events were emitted
  [31m  32) test for BACMARSLPTOKENPool[0m
    > No events were emitted
  [31m  33) test for BACMARSLPTOKENPool[0m
    > No events were emitted
  [31m  34) test for BACMARSLPTOKENPool[0m
    > No events were emitted
  [31m  35) test for BACMARSLPTOKENPool[0m
    > No events were emitted
  [31m  36) test for BACMARSLPTOKENPool[0m
    > No events were emitted
  [31m  37) test for BACMARSLPTOKENPool[0m
    > No events were emitted
  [31m  38) test for BACMARSLPTOKENPool[0m
    > No events were emitted
  [31m  39) test for BACMARSLPTOKENPool[0m
    > No events were emitted
  [31m  40) test for BACMARSLPTOKENPool[0m
    > No events were emitted
  [31m  41) test for BACMARSLPTOKENPool[0m
    > No events were emitted
  [31m  42) test for BACMARSLPTOKENPool[0m
    > No events were emitted
  [31m  43) test for BACMARSLPTOKENPool[0m
    > No events were emitted
  [31m  44) test for BACMARSLPTOKENPool[0m
    > No events were emitted
  [31m  45) test for BACMARSLPTOKENPool[0m
    > No events were emitted
  [31m  46) test for BACMARSLPTOKENPool[0m
    > No events were emitted
  [31m  47) test for BACMARSLPTOKENPool[0m
    > No events were emitted
  [31m  48) test for BACMARSLPTOKENPool[0m
    > No events were emitted
  [31m  49) test for BACMARSLPTOKENPool[0m
    > No events were emitted
  [31m  50) test for BACMARSLPTOKENPool[0m
    > No events were emitted
  [31m  51) test for BACMARSLPTOKENPool[0m
    > No events were emitted


[92m [0m[32m 10 passing[0m[90m (5s)[0m
[31m  51 failing[0m

[0m  1) Contract: BACMARSLPTOKENPool
       test for BACMARSLPTOKENPool:
[0m[31m     Error: Returned error: sender account not recognized[0m[90m
      at Context.<anonymous> (tests/test-BACMARSLPTOKENPool.js:11:65)
      at processTicksAndRejections (internal/process/task_queues.js:95:5)
[0m
[0m  2) Contract: BACMARSLPTOKENPool
       test for BACMARSLPTOKENPool:
[0m[31m     Error: invalid address (argument="address", value="2LzJos58tgCcd4EWD3sQe4YAcBF9JGrRHhQ4Vpv0VpweXg", code=INVALID_ARGUMENT, version=address/5.0.5) (argument="_rewardsDistribution", value="2LzJos58tgCcd4EWD3sQe4YAcBF9JGrRHhQ4Vpv0VpweXg", code=INVALID_ARGUMENT, version=abi/5.0.7)[0m[90m
      at Context.<anonymous> (tests/test-BACMARSLPTOKENPool.js:26:65)
      at processTicksAndRejections (internal/process/task_queues.js:95:5)
[0m
[0m  3) Contract: BACMARSLPTOKENPool
       test for BACMARSLPTOKENPool:
[0m[31m     Error: invalid address (argument="address", value="I0LZ7Rl8zqoXHgTid", code=INVALID_ARGUMENT, version=address/5.0.5) (argument="_rewardsDistribution", value="I0LZ7Rl8zqoXHgTid", code=INVALID_ARGUMENT, version=abi/5.0.7)[0m[90m
      at Context.<anonymous> (tests/test-BACMARSLPTOKENPool.js:57:65)
      at processTicksAndRejections (internal/process/task_queues.js:95:5)
[0m
[0m  4) Contract: BACMARSLPTOKENPool
       test for BACMARSLPTOKENPool:
[0m[31m     Error: invalid address (argument="address", value="zMUnWrefUogkxcw3KtdwWfCepWjQCeLo41Mbw7Gxs0VP73aSMeu34", code=INVALID_ARGUMENT, version=address/5.0.5) (argument="_rewardsDistribution", value="zMUnWrefUogkxcw3KtdwWfCepWjQCeLo41Mbw7Gxs0VP73aSMeu34", code=INVALID_ARGUMENT, version=abi/5.0.7)[0m[90m
      at Context.<anonymous> (tests/test-BACMARSLPTOKENPool.js:68:64)
      at processTicksAndRejections (internal/process/task_queues.js:95:5)
[0m
[0m  5) Contract: BACMARSLPTOKENPool
       test for BACMARSLPTOKENPool:
[0m[31m     TypeError: Cannot read property 'call' of undefined[0m[90m
      at Context.<anonymous> (tests/test-BACMARSLPTOKENPool.js:93:55)
      at processTicksAndRejections (internal/process/task_queues.js:95:5)
[0m
[0m  6) Contract: BACMARSLPTOKENPool
       test for BACMARSLPTOKENPool:
[0m[31m     Error: invalid address (argument="address", value="SqcfrJAXLhH1sTHCJklj652EGN3JOZtUgH4YTj9jwPXCEMGLbIMxjcGAJX5lyqBH62PSQYWfAHwFJe51G", code=INVALID_ARGUMENT, version=address/5.0.5) (argument="_rewardsDistribution", value="SqcfrJAXLhH1sTHCJklj652EGN3JOZtUgH4YTj9jwPXCEMGLbIMxjcGAJX5lyqBH62PSQYWfAHwFJe51G", code=INVALID_ARGUMENT, version=abi/5.0.7)[0m[90m
      at Context.<anonymous> (tests/test-BACMARSLPTOKENPool.js:100:65)
      at processTicksAndRejections (internal/process/task_queues.js:95:5)
[0m
[0m  7) Contract: BACMARSLPTOKENPool
       test for BACMARSLPTOKENPool:
[0m[31m     Error: invalid address (argument="address", value="bg5o", code=INVALID_ARGUMENT, version=address/5.0.5) (argument="_rewardsDistribution", value="bg5o", code=INVALID_ARGUMENT, version=abi/5.0.7)[0m[90m
      at Context.<anonymous> (tests/test-BACMARSLPTOKENPool.js:124:65)
      at processTicksAndRejections (internal/process/task_queues.js:95:5)
[0m
[0m  8) Contract: BACMARSLPTOKENPool
       test for BACMARSLPTOKENPool:
[0m[31m     Error: invalid address (argument="address", value="55Y9jCSQa7yHdE7mcUUSUlOONWNvDwfXzpBttPeipNxuhzPVNLwyl6w6UxZwzJLCOOgEuLMgUpvcGxmF2LmYxIcPAjClWZrX", code=INVALID_ARGUMENT, version=address/5.0.5) (argument="_rewardsDistribution", value="55Y9jCSQa7yHdE7mcUUSUlOONWNvDwfXzpBttPeipNxuhzPVNLwyl6w6UxZwzJLCOOgEuLMgUpvcGxmF2LmYxIcPAjClWZrX", code=INVALID_ARGUMENT, version=abi/5.0.7)[0m[90m
      at Context.<anonymous> (tests/test-BACMARSLPTOKENPool.js:170:65)
      at runMicrotasks (<anonymous>)
      at processTicksAndRejections (internal/process/task_queues.js:95:5)
[0m
[0m  9) Contract: BACMARSLPTOKENPool
       test for BACMARSLPTOKENPool:
[0m[31m     Error: invalid address (argument="address", value="wzy8YuTj988Dr14aXld5ko7AS46tKdcQPxwDMVBEUSOS0M1wg2LgOVFn4S2nUD2AEO8BnWlOoY7xH1rm", code=INVALID_ARGUMENT, version=address/5.0.5) (argument="_rewardsDistribution", value="wzy8YuTj988Dr14aXld5ko7AS46tKdcQPxwDMVBEUSOS0M1wg2LgOVFn4S2nUD2AEO8BnWlOoY7xH1rm", code=INVALID_ARGUMENT, version=abi/5.0.7)[0m[90m
      at Context.<anonymous> (tests/test-BACMARSLPTOKENPool.js:182:65)
      at runMicrotasks (<anonymous>)
      at processTicksAndRejections (internal/process/task_queues.js:95:5)
[0m
[0m  10) Contract: BACMARSLPTOKENPool
       test for BACMARSLPTOKENPool:
[0m[31m     Error: invalid address (argument="address", value="TTIqdazL1N1yCWqOcKz7dpww6R50H27vnPK8zRcOCOn8Wzi2Gc", code=INVALID_ARGUMENT, version=address/5.0.5) (argument="_rewardsDistribution", value="TTIqdazL1N1yCWqOcKz7dpww6R50H27vnPK8zRcOCOn8Wzi2Gc", code=INVALID_ARGUMENT, version=abi/5.0.7)[0m[90m
      at Context.<anonymous> (tests/test-BACMARSLPTOKENPool.js:213:65)
      at runMicrotasks (<anonymous>)
      at processTicksAndRejections (internal/process/task_queues.js:95:5)
[0m
[0m  11) Contract: BACMARSLPTOKENPool
       test for BACMARSLPTOKENPool:
[0m[31m     Error: invalid address (argument="address", value="Gvd6RzCCGqX7e4tsFOtQmH8TcUYBePO2y17hKkCdpdpeQf7KPsueOlELSex", code=INVALID_ARGUMENT, version=address/5.0.5) (argument="_rewardsDistribution", value="Gvd6RzCCGqX7e4tsFOtQmH8TcUYBePO2y17hKkCdpdpeQf7KPsueOlELSex", code=INVALID_ARGUMENT, version=abi/5.0.7)[0m[90m
      at Context.<anonymous> (tests/test-BACMARSLPTOKENPool.js:236:65)
      at runMicrotasks (<anonymous>)
      at processTicksAndRejections (internal/process/task_queues.js:95:5)
[0m
[0m  12) Contract: BACMARSLPTOKENPool
       test for BACMARSLPTOKENPool:
[0m[31m     Error: invalid address (argument="address", value="LAbhesW5E4BT7hFGBuBNLYdK3h8YJx3S7QAHikSmxnrJFi1FVeUvuDLYNb9FHUDkI3", code=INVALID_ARGUMENT, version=address/5.0.5) (argument="_rewardsDistribution", value="LAbhesW5E4BT7hFGBuBNLYdK3h8YJx3S7QAHikSmxnrJFi1FVeUvuDLYNb9FHUDkI3", code=INVALID_ARGUMENT, version=abi/5.0.7)[0m[90m
      at Context.<anonymous> (tests/test-BACMARSLPTOKENPool.js:248:65)
      at runMicrotasks (<anonymous>)
      at processTicksAndRejections (internal/process/task_queues.js:95:5)
[0m
[0m  13) Contract: BACMARSLPTOKENPool
       test for BACMARSLPTOKENPool:
[0m[31m     Error: invalid address (argument="address", value="2y1PWshbGzgHHdfJ5pDCOzrpUAbS27rt5CUPHXMXSgBKjqc6yDQTi", code=INVALID_ARGUMENT, version=address/5.0.5) (argument="_rewardsDistribution", value="2y1PWshbGzgHHdfJ5pDCOzrpUAbS27rt5CUPHXMXSgBKjqc6yDQTi", code=INVALID_ARGUMENT, version=abi/5.0.7)[0m[90m
      at Context.<anonymous> (tests/test-BACMARSLPTOKENPool.js:285:65)
      at runMicrotasks (<anonymous>)
      at processTicksAndRejections (internal/process/task_queues.js:95:5)
[0m
[0m  14) Contract: BACMARSLPTOKENPool
       test for BACMARSLPTOKENPool:
[0m[31m     Error: invalid address (argument="address", value="YEvmhz18GYed0UhCVcxzSeZmd9Gum53o8OQlCn286p", code=INVALID_ARGUMENT, version=address/5.0.5) (argument="_rewardsDistribution", value="YEvmhz18GYed0UhCVcxzSeZmd9Gum53o8OQlCn286p", code=INVALID_ARGUMENT, version=abi/5.0.7)[0m[90m
      at Context.<anonymous> (tests/test-BACMARSLPTOKENPool.js:299:65)
      at runMicrotasks (<anonymous>)
      at processTicksAndRejections (internal/process/task_queues.js:95:5)
[0m
[0m  15) Contract: BACMARSLPTOKENPool
       test for BACMARSLPTOKENPool:
[0m[31m     AssertionError: expected promise to be rejected with 'Error' but it was fulfilled with {}[0m[90m
  
[0m
[0m  16) Contract: BACMARSLPTOKENPool
       test for BACMARSLPTOKENPool:
[0m[31m     Error: invalid address (argument="address", value="WB5VkAVA0WoHNGTOZ6gPRg3OrrSe0uwWv5qsy0bCbWJ2uRU5b3SUf", code=INVALID_ARGUMENT, version=address/5.0.5) (argument="_rewardsDistribution", value="WB5VkAVA0WoHNGTOZ6gPRg3OrrSe0uwWv5qsy0bCbWJ2uRU5b3SUf", code=INVALID_ARGUMENT, version=abi/5.0.7)[0m[90m
      at Context.<anonymous> (tests/test-BACMARSLPTOKENPool.js:366:65)
      at runMicrotasks (<anonymous>)
      at processTicksAndRejections (internal/process/task_queues.js:95:5)
[0m
[0m  17) Contract: BACMARSLPTOKENPool
       test for BACMARSLPTOKENPool:
[0m[31m     Error: invalid address (argument="address", value="aEU1gfD0d84szubsPzqWtDyUS5V", code=INVALID_ARGUMENT, version=address/5.0.5) (argument="_rewardsDistribution", value="aEU1gfD0d84szubsPzqWtDyUS5V", code=INVALID_ARGUMENT, version=abi/5.0.7)[0m[90m
      at Context.<anonymous> (tests/test-BACMARSLPTOKENPool.js:391:65)
      at runMicrotasks (<anonymous>)
      at processTicksAndRejections (internal/process/task_queues.js:95:5)
[0m
[0m  18) Contract: BACMARSLPTOKENPool
       test for BACMARSLPTOKENPool:
[0m[31m     Error: invalid address (argument="address", value="yWqDuRzYnewVjQEVtkNKYsdGqQMcT72xb8fEornWbLSBYLeW4jRHNuaYW5sgntmSm6NIwC7pkllh7IKtytkBuGLU", code=INVALID_ARGUMENT, version=address/5.0.5) (argument="_rewardsDistribution", value="yWqDuRzYnewVjQEVtkNKYsdGqQMcT72xb8fEornWbLSBYLeW4jRHNuaYW5sgntmSm6NIwC7pkllh7IKtytkBuGLU", code=INVALID_ARGUMENT, version=abi/5.0.7)[0m[90m
      at Context.<anonymous> (tests/test-BACMARSLPTOKENPool.js:401:65)
      at runMicrotasks (<anonymous>)
      at processTicksAndRejections (internal/process/task_queues.js:95:5)
[0m
[0m  19) Contract: BACMARSLPTOKENPool
       test for BACMARSLPTOKENPool:
[0m[31m     Error: invalid address (argument="address", value="Q2nDPugJ22vsCbKSOMkoVbRH6T9PQui9fDLSJNeSLNSAo4P8RQPiRzaqLI7k8Nem3Z44steyVKkovwWczwwx", code=INVALID_ARGUMENT, version=address/5.0.5) (argument="_rewardsDistribution", value="Q2nDPugJ22vsCbKSOMkoVbRH6T9PQui9fDLSJNeSLNSAo4P8RQPiRzaqLI7k8Nem3Z44steyVKkovwWczwwx", code=INVALID_ARGUMENT, version=abi/5.0.7)[0m[90m
      at Context.<anonymous> (tests/test-BACMARSLPTOKENPool.js:414:65)
      at runMicrotasks (<anonymous>)
      at processTicksAndRejections (internal/process/task_queues.js:95:5)
[0m
[0m  20) Contract: BACMARSLPTOKENPool
       test for BACMARSLPTOKENPool:
[0m[31m     Error: invalid address (argument="address", value="6NTjt4zyW3aVtcSiC", code=INVALID_ARGUMENT, version=address/5.0.5) (argument="_rewardsDistribution", value="6NTjt4zyW3aVtcSiC", code=INVALID_ARGUMENT, version=abi/5.0.7)[0m[90m
      at Context.<anonymous> (tests/test-BACMARSLPTOKENPool.js:426:65)
      at runMicrotasks (<anonymous>)
      at processTicksAndRejections (internal/process/task_queues.js:95:5)
[0m
[0m  21) Contract: BACMARSLPTOKENPool
       test for BACMARSLPTOKENPool:
[0m[31m     Error: invalid address (argument="address", value="GvUMcBI8OJ6E7OUmprLAE3OrPplrJBIRLGcioPa1COBuQXeefOhfTDO", code=INVALID_ARGUMENT, version=address/5.0.5) (argument="_rewardsDistribution", value="GvUMcBI8OJ6E7OUmprLAE3OrPplrJBIRLGcioPa1COBuQXeefOhfTDO", code=INVALID_ARGUMENT, version=abi/5.0.7)[0m[90m
      at Context.<anonymous> (tests/test-BACMARSLPTOKENPool.js:439:65)
      at runMicrotasks (<anonymous>)
      at processTicksAndRejections (internal/process/task_queues.js:95:5)
[0m
[0m  22) Contract: BACMARSLPTOKENPool
       test for BACMARSLPTOKENPool:
[0m[31m     Error: invalid address (argument="address", value="OPu16hFA2W5a9hahB8yc2l1wFILTuzuZC2SNfINf3KlR5aB8q4YUFOH2rAAvSnossqNr2Wjbd95lavK", code=INVALID_ARGUMENT, version=address/5.0.5) (argument="_rewardsDistribution", value="OPu16hFA2W5a9hahB8yc2l1wFILTuzuZC2SNfINf3KlR5aB8q4YUFOH2rAAvSnossqNr2Wjbd95lavK", code=INVALID_ARGUMENT, version=abi/5.0.7)[0m[90m
      at Context.<anonymous> (tests/test-BACMARSLPTOKENPool.js:457:65)
      at runMicrotasks (<anonymous>)
      at processTicksAndRejections (internal/process/task_queues.js:95:5)
[0m
[0m  23) Contract: BACMARSLPTOKENPool
       test for BACMARSLPTOKENPool:
[0m[31m     AssertionError: expected promise to be rejected with 'Error' but it was fulfilled with {}[0m[90m
  
[0m
[0m  24) Contract: BACMARSLPTOKENPool
       test for BACMARSLPTOKENPool:
[0m[31m     Error: invalid address (argument="address", value="m9dA3F1dQ9Tu1fI3O1yEQ3tC3cqyrse4VfAeT3iLdsBO2uA6n9TCsM", code=INVALID_ARGUMENT, version=address/5.0.5) (argument="_rewardsDistribution", value="m9dA3F1dQ9Tu1fI3O1yEQ3tC3cqyrse4VfAeT3iLdsBO2uA6n9TCsM", code=INVALID_ARGUMENT, version=abi/5.0.7)[0m[90m
      at Context.<anonymous> (tests/test-BACMARSLPTOKENPool.js:486:65)
      at runMicrotasks (<anonymous>)
      at processTicksAndRejections (internal/process/task_queues.js:95:5)
[0m
[0m  25) Contract: BACMARSLPTOKENPool
       test for BACMARSLPTOKENPool:
[0m[31m     Error: invalid address (argument="address", value="IEieP", code=INVALID_ARGUMENT, version=address/5.0.5) (argument="_rewardsDistribution", value="IEieP", code=INVALID_ARGUMENT, version=abi/5.0.7)[0m[90m
      at Context.<anonymous> (tests/test-BACMARSLPTOKENPool.js:512:65)
      at runMicrotasks (<anonymous>)
      at processTicksAndRejections (internal/process/task_queues.js:95:5)
[0m
[0m  26) Contract: BACMARSLPTOKENPool
       test for BACMARSLPTOKENPool:
[0m[31m     Error: invalid address (argument="address", value="mCHG5azJYAGnd7E9uCTnxDng1W1TKg5kFdU", code=INVALID_ARGUMENT, version=address/5.0.5) (argument="_rewardsDistribution", value="mCHG5azJYAGnd7E9uCTnxDng1W1TKg5kFdU", code=INVALID_ARGUMENT, version=abi/5.0.7)[0m[90m
      at Context.<anonymous> (tests/test-BACMARSLPTOKENPool.js:530:65)
      at runMicrotasks (<anonymous>)
      at processTicksAndRejections (internal/process/task_queues.js:95:5)
[0m
[0m  27) Contract: BACMARSLPTOKENPool
       test for BACMARSLPTOKENPool:
[0m[31m     Error: invalid address (argument="address", value="R0WxAstNuTUUOCC2q4aUBCZd7vUHvMuZApwzR2cKzL3gxHOSx0qIrycw1QzUY62PJdkohFcYBq", code=INVALID_ARGUMENT, version=address/5.0.5) (argument="_rewardsDistribution", value="R0WxAstNuTUUOCC2q4aUBCZd7vUHvMuZApwzR2cKzL3gxHOSx0qIrycw1QzUY62PJdkohFcYBq", code=INVALID_ARGUMENT, version=abi/5.0.7)[0m[90m
      at Context.<anonymous> (tests/test-BACMARSLPTOKENPool.js:550:65)
      at runMicrotasks (<anonymous>)
      at processTicksAndRejections (internal/process/task_queues.js:95:5)
[0m
[0m  28) Contract: BACMARSLPTOKENPool
       test for BACMARSLPTOKENPool:
[0m[31m     Error: invalid address (argument="address", value="igANzcYmVlzCcYPF7ynryFsGJhSo2ihMGpJpBS3IhqKc6HFuCHiPz1rk0cmsSZclkMgwx2E8", code=INVALID_ARGUMENT, version=address/5.0.5) (argument="_rewardsDistribution", value="igANzcYmVlzCcYPF7ynryFsGJhSo2ihMGpJpBS3IhqKc6HFuCHiPz1rk0cmsSZclkMgwx2E8", code=INVALID_ARGUMENT, version=abi/5.0.7)[0m[90m
      at Context.<anonymous> (tests/test-BACMARSLPTOKENPool.js:565:65)
      at runMicrotasks (<anonymous>)
      at processTicksAndRejections (internal/process/task_queues.js:95:5)
[0m
[0m  29) Contract: BACMARSLPTOKENPool
       test for BACMARSLPTOKENPool:
[0m[31m     Error: invalid address (argument="address", value="eK25KMf8k5Ifv6o2", code=INVALID_ARGUMENT, version=address/5.0.5) (argument="_rewardsDistribution", value="eK25KMf8k5Ifv6o2", code=INVALID_ARGUMENT, version=abi/5.0.7)[0m[90m
      at Context.<anonymous> (tests/test-BACMARSLPTOKENPool.js:582:65)
      at runMicrotasks (<anonymous>)
      at processTicksAndRejections (internal/process/task_queues.js:95:5)
[0m
[0m  30) Contract: BACMARSLPTOKENPool
       test for BACMARSLPTOKENPool:
[0m[31m     Error: invalid address (argument="address", value="ZRo", code=INVALID_ARGUMENT, version=address/5.0.5) (argument="_rewardsDistribution", value="ZRo", code=INVALID_ARGUMENT, version=abi/5.0.7)[0m[90m
      at Context.<anonymous> (tests/test-BACMARSLPTOKENPool.js:594:65)
      at runMicrotasks (<anonymous>)
      at processTicksAndRejections (internal/process/task_queues.js:95:5)
[0m
[0m  31) Contract: BACMARSLPTOKENPool
       test for BACMARSLPTOKENPool:
[0m[31m     Error: invalid address (argument="address", value="oAs3Sd1aVwA84ZvQd9U", code=INVALID_ARGUMENT, version=address/5.0.5) (argument="_rewardsDistribution", value="oAs3Sd1aVwA84ZvQd9U", code=INVALID_ARGUMENT, version=abi/5.0.7)[0m[90m
      at Context.<anonymous> (tests/test-BACMARSLPTOKENPool.js:604:65)
      at runMicrotasks (<anonymous>)
      at processTicksAndRejections (internal/process/task_queues.js:95:5)
[0m
[0m  32) Contract: BACMARSLPTOKENPool
       test for BACMARSLPTOKENPool:
[0m[31m     Error: invalid address (argument="address", value="lSZtblCcKkswCypOFe3e3gicLwRYYmMDNI6mGLzsyTGuwDyBPg", code=INVALID_ARGUMENT, version=address/5.0.5) (argument="_rewardsDistribution", value="lSZtblCcKkswCypOFe3e3gicLwRYYmMDNI6mGLzsyTGuwDyBPg", code=INVALID_ARGUMENT, version=abi/5.0.7)[0m[90m
      at Context.<anonymous> (tests/test-BACMARSLPTOKENPool.js:617:65)
      at runMicrotasks (<anonymous>)
      at processTicksAndRejections (internal/process/task_queues.js:95:5)
[0m
[0m  33) Contract: BACMARSLPTOKENPool
       test for BACMARSLPTOKENPool:
[0m[31m     Error: invalid address (argument="address", value="91xySMcjzWNkLd6LPZwPXJ9", code=INVALID_ARGUMENT, version=address/5.0.5) (argument="_rewardsDistribution", value="91xySMcjzWNkLd6LPZwPXJ9", code=INVALID_ARGUMENT, version=abi/5.0.7)[0m[90m
      at Context.<anonymous> (tests/test-BACMARSLPTOKENPool.js:629:65)
      at runMicrotasks (<anonymous>)
      at processTicksAndRejections (internal/process/task_queues.js:95:5)
[0m
[0m  34) Contract: BACMARSLPTOKENPool
       test for BACMARSLPTOKENPool:
[0m[31m     Error: invalid address (argument="address", value="FDg", code=INVALID_ARGUMENT, version=address/5.0.5) (argument="_rewardsDistribution", value="FDg", code=INVALID_ARGUMENT, version=abi/5.0.7)[0m[90m
      at Context.<anonymous> (tests/test-BACMARSLPTOKENPool.js:641:65)
      at runMicrotasks (<anonymous>)
      at processTicksAndRejections (internal/process/task_queues.js:95:5)
[0m
[0m  35) Contract: BACMARSLPTOKENPool
       test for BACMARSLPTOKENPool:
[0m[31m     Error: invalid address (argument="address", value="IPF7vrbhfhUynUrf2r6453WUFWhalj9KBOLTk2wssWmuJUqiqERJjCsiLUUCsb771rTJ", code=INVALID_ARGUMENT, version=address/5.0.5) (argument="_rewardsDistribution", value="IPF7vrbhfhUynUrf2r6453WUFWhalj9KBOLTk2wssWmuJUqiqERJjCsiLUUCsb771rTJ", code=INVALID_ARGUMENT, version=abi/5.0.7)[0m[90m
      at Context.<anonymous> (tests/test-BACMARSLPTOKENPool.js:659:65)
      at runMicrotasks (<anonymous>)
      at processTicksAndRejections (internal/process/task_queues.js:95:5)
[0m
[0m  36) Contract: BACMARSLPTOKENPool
       test for BACMARSLPTOKENPool:
[0m[31m     Error: invalid address (argument="address", value="hVKwbAfd6iXedgyvDZmZZ7pPbpnqgm4SzF4WA4laoOlAsX92uj1XEKj2gShQLDOcMghnBbbj6SQVhHLssB74w2SH7pj35XDglc", code=INVALID_ARGUMENT, version=address/5.0.5) (argument="_rewardsDistribution", value="hVKwbAfd6iXedgyvDZmZZ7pPbpnqgm4SzF4WA4laoOlAsX92uj1XEKj2gShQLDOcMghnBbbj6SQVhHLssB74w2SH7pj35XDglc", code=INVALID_ARGUMENT, version=abi/5.0.7)[0m[90m
      at Context.<anonymous> (tests/test-BACMARSLPTOKENPool.js:676:65)
      at runMicrotasks (<anonymous>)
      at processTicksAndRejections (internal/process/task_queues.js:95:5)
[0m
[0m  37) Contract: BACMARSLPTOKENPool
       test for BACMARSLPTOKENPool:
[0m[31m     Error: invalid address (argument="address", value="Sfcm86yKY39sWUyuHSjAqOtupcElUhxfdi5JnDaq96wRqVwL6NVrkp4NsyURloEQbike", code=INVALID_ARGUMENT, version=address/5.0.5) (argument="_rewardsDistribution", value="Sfcm86yKY39sWUyuHSjAqOtupcElUhxfdi5JnDaq96wRqVwL6NVrkp4NsyURloEQbike", code=INVALID_ARGUMENT, version=abi/5.0.7)[0m[90m
      at Context.<anonymous> (tests/test-BACMARSLPTOKENPool.js:694:65)
      at runMicrotasks (<anonymous>)
      at processTicksAndRejections (internal/process/task_queues.js:95:5)
[0m
[0m  38) Contract: BACMARSLPTOKENPool
       test for BACMARSLPTOKENPool:
[0m[31m     Error: invalid address (argument="address", value="LSfpaenCijRxM", code=INVALID_ARGUMENT, version=address/5.0.5) (argument="_rewardsDistribution", value="LSfpaenCijRxM", code=INVALID_ARGUMENT, version=abi/5.0.7)[0m[90m
      at Context.<anonymous> (tests/test-BACMARSLPTOKENPool.js:711:65)
      at runMicrotasks (<anonymous>)
      at processTicksAndRejections (internal/process/task_queues.js:95:5)
[0m
[0m  39) Contract: BACMARSLPTOKENPool
       test for BACMARSLPTOKENPool:
[0m[31m     Error: invalid address (argument="address", value="SNpRmsaLCXnxQJAnaX6VghFmhsFvxiarmyzptNfsVmrabbty7giCYpi1KadYDsN6d3b", code=INVALID_ARGUMENT, version=address/5.0.5) (argument="_rewardsDistribution", value="SNpRmsaLCXnxQJAnaX6VghFmhsFvxiarmyzptNfsVmrabbty7giCYpi1KadYDsN6d3b", code=INVALID_ARGUMENT, version=abi/5.0.7)[0m[90m
      at Context.<anonymous> (tests/test-BACMARSLPTOKENPool.js:726:64)
      at runMicrotasks (<anonymous>)
      at processTicksAndRejections (internal/process/task_queues.js:95:5)
[0m
[0m  40) Contract: BACMARSLPTOKENPool
       test for BACMARSLPTOKENPool:
[0m[31m     Error: invalid address (argument="address", value="HTGvt7YNSFN3VA5pEzRztDVsXPb4lmHsoWIde4M5CpT0dx6EEONdRjDr2LxGzKEJGjUtGVGtW4YyIj8OCq1aSBRSpEu", code=INVALID_ARGUMENT, version=address/5.0.5) (argument="_rewardsDistribution", value="HTGvt7YNSFN3VA5pEzRztDVsXPb4lmHsoWIde4M5CpT0dx6EEONdRjDr2LxGzKEJGjUtGVGtW4YyIj8OCq1aSBRSpEu", code=INVALID_ARGUMENT, version=abi/5.0.7)[0m[90m
      at Context.<anonymous> (tests/test-BACMARSLPTOKENPool.js:738:65)
      at runMicrotasks (<anonymous>)
      at processTicksAndRejections (internal/process/task_queues.js:95:5)
[0m
[0m  41) Contract: BACMARSLPTOKENPool
       test for BACMARSLPTOKENPool:
[0m[31m     Error: invalid address (argument="address", value="9N57GYiHaNjjmBhRZFqagrXWqeFfCyx8UtBbzYKqtIQpSO7XKN7ARWACeex", code=INVALID_ARGUMENT, version=address/5.0.5) (argument="_rewardsDistribution", value="9N57GYiHaNjjmBhRZFqagrXWqeFfCyx8UtBbzYKqtIQpSO7XKN7ARWACeex", code=INVALID_ARGUMENT, version=abi/5.0.7)[0m[90m
      at Context.<anonymous> (tests/test-BACMARSLPTOKENPool.js:750:65)
      at runMicrotasks (<anonymous>)
      at processTicksAndRejections (internal/process/task_queues.js:95:5)
[0m
[0m  42) Contract: BACMARSLPTOKENPool
       test for BACMARSLPTOKENPool:
[0m[31m     Error: invalid address (argument="address", value="4z6XvK71TdiAO0mex7WLre33MHrImp8Wmdd1yUG6efAa", code=INVALID_ARGUMENT, version=address/5.0.5) (argument="_rewardsDistribution", value="4z6XvK71TdiAO0mex7WLre33MHrImp8Wmdd1yUG6efAa", code=INVALID_ARGUMENT, version=abi/5.0.7)[0m[90m
      at Context.<anonymous> (tests/test-BACMARSLPTOKENPool.js:761:65)
      at runMicrotasks (<anonymous>)
      at processTicksAndRejections (internal/process/task_queues.js:95:5)
[0m
[0m  43) Contract: BACMARSLPTOKENPool
       test for BACMARSLPTOKENPool:
[0m[31m     Error: invalid address (argument="address", value="V8SGCQQ2OMlCdhFw86ospsDpmOvvSMuHCFaprAGFnpESOlCmjzfA1HIQEFsDQxojHTQPKBu", code=INVALID_ARGUMENT, version=address/5.0.5) (argument="_rewardsDistribution", value="V8SGCQQ2OMlCdhFw86ospsDpmOvvSMuHCFaprAGFnpESOlCmjzfA1HIQEFsDQxojHTQPKBu", code=INVALID_ARGUMENT, version=abi/5.0.7)[0m[90m
      at Context.<anonymous> (tests/test-BACMARSLPTOKENPool.js:771:65)
      at runMicrotasks (<anonymous>)
      at processTicksAndRejections (internal/process/task_queues.js:95:5)
[0m
[0m  44) Contract: BACMARSLPTOKENPool
       test for BACMARSLPTOKENPool:
[0m[31m     Error: invalid address (argument="address", value="wL6VbV0Ll69cGCowIzLwVfTuXj2a54oEJxRlsg6GcdHT4U3Fe7I", code=INVALID_ARGUMENT, version=address/5.0.5) (argument="_rewardsDistribution", value="wL6VbV0Ll69cGCowIzLwVfTuXj2a54oEJxRlsg6GcdHT4U3Fe7I", code=INVALID_ARGUMENT, version=abi/5.0.7)[0m[90m
      at Context.<anonymous> (tests/test-BACMARSLPTOKENPool.js:785:65)
      at runMicrotasks (<anonymous>)
      at processTicksAndRejections (internal/process/task_queues.js:95:5)
[0m
[0m  45) Contract: BACMARSLPTOKENPool
       test for BACMARSLPTOKENPool:
[0m[31m     Error: invalid address (argument="address", value="RCqIHkuuaREgLDbXbf", code=INVALID_ARGUMENT, version=address/5.0.5) (argument="_rewardsDistribution", value="RCqIHkuuaREgLDbXbf", code=INVALID_ARGUMENT, version=abi/5.0.7)[0m[90m
      at Context.<anonymous> (tests/test-BACMARSLPTOKENPool.js:797:65)
      at runMicrotasks (<anonymous>)
      at processTicksAndRejections (internal/process/task_queues.js:95:5)
[0m
[0m  46) Contract: BACMARSLPTOKENPool
       test for BACMARSLPTOKENPool:
[0m[31m     Error: invalid address (argument="address", value="oBUT76gn2", code=INVALID_ARGUMENT, version=address/5.0.5) (argument="_rewardsDistribution", value="oBUT76gn2", code=INVALID_ARGUMENT, version=abi/5.0.7)[0m[90m
      at Context.<anonymous> (tests/test-BACMARSLPTOKENPool.js:812:65)
      at runMicrotasks (<anonymous>)
      at processTicksAndRejections (internal/process/task_queues.js:95:5)
[0m
[0m  47) Contract: BACMARSLPTOKENPool
       test for BACMARSLPTOKENPool:
[0m[31m     Error: invalid address (argument="address", value="vOTtvCMTNDnuaVPIanC3yS6JIBDZAwdfgjFMFfFPHV7oCZy1k154SSqxCXKGaa5t4mfDPKSRN", code=INVALID_ARGUMENT, version=address/5.0.5) (argument="_rewardsDistribution", value="vOTtvCMTNDnuaVPIanC3yS6JIBDZAwdfgjFMFfFPHV7oCZy1k154SSqxCXKGaa5t4mfDPKSRN", code=INVALID_ARGUMENT, version=abi/5.0.7)[0m[90m
      at Context.<anonymous> (tests/test-BACMARSLPTOKENPool.js:822:65)
      at runMicrotasks (<anonymous>)
      at processTicksAndRejections (internal/process/task_queues.js:95:5)
[0m
[0m  48) Contract: BACMARSLPTOKENPool
       test for BACMARSLPTOKENPool:
[0m[31m     Error: invalid address (argument="address", value="KhI5Go3dkN1AGuTyX3FX7ppFKNvTjOWAVIAq7ypft3M9RQc", code=INVALID_ARGUMENT, version=address/5.0.5) (argument="_rewardsDistribution", value="KhI5Go3dkN1AGuTyX3FX7ppFKNvTjOWAVIAq7ypft3M9RQc", code=INVALID_ARGUMENT, version=abi/5.0.7)[0m[90m
      at Context.<anonymous> (tests/test-BACMARSLPTOKENPool.js:833:65)
      at runMicrotasks (<anonymous>)
      at processTicksAndRejections (internal/process/task_queues.js:95:5)
[0m
[0m  49) Contract: BACMARSLPTOKENPool
       test for BACMARSLPTOKENPool:
[0m[31m     Error: invalid address (argument="address", value="UHnbzMzqvRqLYeaKGunX3OgzhNzxhkb74E72h8w5QvsOUg8IsYvs", code=INVALID_ARGUMENT, version=address/5.0.5) (argument="_rewardsDistribution", value="UHnbzMzqvRqLYeaKGunX3OgzhNzxhkb74E72h8w5QvsOUg8IsYvs", code=INVALID_ARGUMENT, version=abi/5.0.7)[0m[90m
      at Context.<anonymous> (tests/test-BACMARSLPTOKENPool.js:845:65)
      at runMicrotasks (<anonymous>)
      at processTicksAndRejections (internal/process/task_queues.js:95:5)
[0m
[0m  50) Contract: BACMARSLPTOKENPool
       test for BACMARSLPTOKENPool:
[0m[31m     Error: invalid address (argument="address", value="h", code=INVALID_ARGUMENT, version=address/5.0.5) (argument="_rewardsDistribution", value="h", code=INVALID_ARGUMENT, version=abi/5.0.7)[0m[90m
      at Context.<anonymous> (tests/test-BACMARSLPTOKENPool.js:860:65)
      at runMicrotasks (<anonymous>)
      at processTicksAndRejections (internal/process/task_queues.js:95:5)
[0m
[0m  51) Contract: BACMARSLPTOKENPool
       test for BACMARSLPTOKENPool:
[0m[31m     Error: invalid address (argument="address", value="EcgYQFDKFB8ggxY5HFmI5tOSDCQxekc8AIHcBjNzr9EuI8YUy1r99gz2x2c8kFB9ldbRRjimH2EOQ6LFX2DOg", code=INVALID_ARGUMENT, version=address/5.0.5) (argument="_rewardsDistribution", value="EcgYQFDKFB8ggxY5HFmI5tOSDCQxekc8AIHcBjNzr9EuI8YUy1r99gz2x2c8kFB9ldbRRjimH2EOQ6LFX2DOg", code=INVALID_ARGUMENT, version=abi/5.0.7)[0m[90m
      at Context.<anonymous> (tests/test-BACMARSLPTOKENPool.js:872:64)
      at runMicrotasks (<anonymous>)
      at processTicksAndRejections (internal/process/task_queues.js:95:5)
[0m


-------------------------|----------|----------|----------|----------|----------------|
File                     |  % Stmts | % Branch |  % Funcs |  % Lines |Uncovered Lines |
-------------------------|----------|----------|----------|----------|----------------|
 contracts/              |    52.13 |    35.71 |    66.67 |    53.06 |                |
  BACMARSLPTOKENPool.sol |    52.13 |    35.71 |    66.67 |    53.06 |... 569,570,571 |
-------------------------|----------|----------|----------|----------|----------------|
All files                |    52.13 |    35.71 |    66.67 |    53.06 |                |
-------------------------|----------|----------|----------|----------|----------------|

> Istanbul reports written to ./coverage/ and ./coverage.json
> solidity-coverage cleaning up, shutting down ganache server
Error: ‚ùå 51 test(s) failed under coverage.
    at plugin (/app/node_modules/solidity-coverage/plugins/truffle.plugin.js:121:27)
    at runMicrotasks (<anonymous>)
    at processTicksAndRejections (internal/process/task_queues.js:95:5)
Truffle v5.4.6 (core: 5.4.6)
Node v14.17.5
