
> Using Truffle library from global node_modules.

> server:            http://127.0.0.1:8555
> truffle:           v5.4.6
> ganache-core:      v2.13.0
> solidity-coverage: v0.7.17

Network Info
============
> id:      *
> port:    8555
> network: soliditycoverage


Instrumenting for coverage...
=============================

> BlueICE.sol

Compiling your contracts...
===========================
> Compiling ./.coverage_contracts/BlueICE.sol
> Artifacts written to /app/.coverage_artifacts/contracts
> Compiled successfully using:
   - solc: 0.5.16+commit.9c3226ce.Emscripten.clang


Compiling your contracts...
===========================
> Everything is up to date, there is nothing to compile.


[0m[0m
[0m  Contract: BlueICE[0m
  [31m  1) test for BlueICE[0m

    Events emitted during test:
    ---------------------------

    Ownable.OwnershipTransferred(
      previousOwner: <indexed> [33m0x0000000000000000000000000000000000000000[39m (type: address),
      newOwner: <indexed> [33m0x01c8977890578aE757B71043AAD64aD61C8d186D[39m (type: address)
    )


    ---------------------------
  [31m  2) test for BlueICE[0m
    > No events were emitted
  [32m  ‚úì[0m[90m test for BlueICE[0m[31m (228ms)[0m
  [31m  3) test for BlueICE[0m

    Events emitted during test:
    ---------------------------

    Ownable.OwnershipTransferred(
      previousOwner: <indexed> [33m0x0000000000000000000000000000000000000000[39m (type: address),
      newOwner: <indexed> [33m0x03775bFB21eA93dC009e713d789095c6c49eBc14[39m (type: address)
    )


    ---------------------------
  [31m  4) test for BlueICE[0m

    Events emitted during test:
    ---------------------------

    Ownable.OwnershipTransferred(
      previousOwner: <indexed> [33m0x0000000000000000000000000000000000000000[39m (type: address),
      newOwner: <indexed> [33m0x03775bFB21eA93dC009e713d789095c6c49eBc14[39m (type: address)
    )


    ---------------------------
  [31m  5) test for BlueICE[0m

    Events emitted during test:
    ---------------------------

    Ownable.OwnershipTransferred(
      previousOwner: <indexed> [33m0x0000000000000000000000000000000000000000[39m (type: address),
      newOwner: <indexed> [33m0x01c8977890578aE757B71043AAD64aD61C8d186D[39m (type: address)
    )


    ---------------------------
  [32m  ‚úì[0m[90m test for BlueICE[0m[31m (177ms)[0m
  [32m  ‚úì[0m[90m test for BlueICE[0m[31m (198ms)[0m
  [32m  ‚úì[0m[90m test for BlueICE[0m[31m (188ms)[0m
  [31m  6) test for BlueICE[0m

    Events emitted during test:
    ---------------------------

    Ownable.OwnershipTransferred(
      previousOwner: <indexed> [33m0x0000000000000000000000000000000000000000[39m (type: address),
      newOwner: <indexed> [33m0x01c8977890578aE757B71043AAD64aD61C8d186D[39m (type: address)
    )


    ---------------------------
  [32m  ‚úì[0m[90m test for BlueICE[0m[31m (152ms)[0m
  [31m  7) test for BlueICE[0m

    Events emitted during test:
    ---------------------------

    Ownable.OwnershipTransferred(
      previousOwner: <indexed> [33m0x0000000000000000000000000000000000000000[39m (type: address),
      newOwner: <indexed> [33m0x01c8977890578aE757B71043AAD64aD61C8d186D[39m (type: address)
    )


    ---------------------------


[92m [0m[32m 5 passing[0m[90m (3s)[0m
[31m  7 failing[0m

[0m  1) Contract: BlueICE
       test for BlueICE:
[0m[31m     AssertionError: expected [] to equal undefined[0m[90m
      at Context.<anonymous> (tests/test-BlueICE.js:14:10)
      at processTicksAndRejections (internal/process/task_queues.js:95:5)
[0m
[0m  2) Contract: BlueICE
       test for BlueICE:
[0m[31m     Error: Returned error: sender account not recognized[0m[90m
      at Context.<anonymous> (tests/test-BlueICE.js:19:43)
      at processTicksAndRejections (internal/process/task_queues.js:95:5)
[0m
[0m  3) Contract: BlueICE
       test for BlueICE:
[0m[31m     TypeError: Cannot read property 'call' of undefined[0m[90m
      at Context.<anonymous> (tests/test-BlueICE.js:44:41)
      at processTicksAndRejections (internal/process/task_queues.js:95:5)
[0m
[0m  4) Contract: BlueICE
       test for BlueICE:
[0m[31m     AssertionError: expected promise to be rejected with 'Error' but it was fulfilled with {}[0m[90m
  
[0m
[0m  5) Contract: BlueICE
       test for BlueICE:
[0m[31m     AssertionError: expected '0x01c8977890578aE757B71043AAD64aD61C8d186D' to equal 7.609782841584804e+47[0m[90m
      at Context.<anonymous> (tests/test-BlueICE.js:63:10)
      at runMicrotasks (<anonymous>)
      at processTicksAndRejections (internal/process/task_queues.js:95:5)
[0m
[0m  6) Contract: BlueICE
       test for BlueICE:
[0m[31m     Error: Returned error: VM Exception while processing transaction: revert Ownable: caller is not the owner[0m[90m
      at Context.<anonymous> (tests/test-BlueICE.js:104:64)
      at runMicrotasks (<anonymous>)
      at processTicksAndRejections (internal/process/task_queues.js:95:5)
[0m
[0m  7) Contract: BlueICE
       test for BlueICE:
[0m[31m     AssertionError: expected '0x01c8977890578aE757B71043AAD64aD61C8d186D' to equal 7.609782841584804e+47[0m[90m
      at Context.<anonymous> (tests/test-BlueICE.js:127:10)
      at runMicrotasks (<anonymous>)
      at processTicksAndRejections (internal/process/task_queues.js:95:5)
[0m


--------------|----------|----------|----------|----------|----------------|
File          |  % Stmts | % Branch |  % Funcs |  % Lines |Uncovered Lines |
--------------|----------|----------|----------|----------|----------------|
 contracts/   |    47.01 |    32.69 |    60.47 |    47.54 |                |
  BlueICE.sol |    47.01 |    32.69 |    60.47 |    47.54 |... 673,674,675 |
--------------|----------|----------|----------|----------|----------------|
All files     |    47.01 |    32.69 |    60.47 |    47.54 |                |
--------------|----------|----------|----------|----------|----------------|

> Istanbul reports written to ./coverage/ and ./coverage.json
> solidity-coverage cleaning up, shutting down ganache server
Error: ‚ùå 7 test(s) failed under coverage.
    at plugin (/app/node_modules/solidity-coverage/plugins/truffle.plugin.js:121:27)
    at runMicrotasks (<anonymous>)
    at processTicksAndRejections (internal/process/task_queues.js:95:5)
Truffle v5.4.6 (core: 5.4.6)
Node v14.17.5
