
> Using Truffle library from global node_modules.

> server:            http://127.0.0.1:8555
> truffle:           v5.4.6
> ganache-core:      v2.13.0
> solidity-coverage: v0.7.17

Network Info
============
> id:      *
> port:    8555
> network: soliditycoverage


Instrumenting for coverage...
=============================

> GUMARewards.sol

Compiling your contracts...
===========================
> Compiling ./.coverage_contracts/GUMARewards.sol
> Artifacts written to /app/.coverage_artifacts/contracts
> Compiled successfully using:
   - solc: 0.5.16+commit.9c3226ce.Emscripten.clang


Compiling your contracts...
===========================
> Everything is up to date, there is nothing to compile.


[0m[0m
[0m  Contract: GUMARewards[0m
  [31m  1) test for GUMARewards[0m

    Events emitted during test:
    ---------------------------

    Ownable.OwnershipTransferred(
      previousOwner: <indexed> [33m0x0000000000000000000000000000000000000000[39m (type: address),
      newOwner: <indexed> [33m0x980A47Fa5D627C4e946f98df5aE6EaF39F4f9dab[39m (type: address)
    )


    ---------------------------
  [31m  2) test for GUMARewards[0m
    > No events were emitted
  [32m  ‚úì[0m[90m test for GUMARewards[0m[31m (264ms)[0m
  [31m  3) test for GUMARewards[0m

    Events emitted during test:
    ---------------------------

    Ownable.OwnershipTransferred(
      previousOwner: <indexed> [33m0x0000000000000000000000000000000000000000[39m (type: address),
      newOwner: <indexed> [33m0x5156ef7E6e8E5a3134777127Fc0BC51C88cEB5a8[39m (type: address)
    )


    ---------------------------
  [31m  4) test for GUMARewards[0m

    Events emitted during test:
    ---------------------------

    Ownable.OwnershipTransferred(
      previousOwner: <indexed> [33m0x0000000000000000000000000000000000000000[39m (type: address),
      newOwner: <indexed> [33m0x87577591EB5006bB76182e51E4903E1Ec991F68D[39m (type: address)
    )


    ---------------------------
  [31m  5) test for GUMARewards[0m

    Events emitted during test:
    ---------------------------

    Ownable.OwnershipTransferred(
      previousOwner: <indexed> [33m0x0000000000000000000000000000000000000000[39m (type: address),
      newOwner: <indexed> [33m0x980A47Fa5D627C4e946f98df5aE6EaF39F4f9dab[39m (type: address)
    )


    ---------------------------
  [32m  ‚úì[0m[90m test for GUMARewards[0m[31m (185ms)[0m
  [31m  6) test for GUMARewards[0m

    Events emitted during test:
    ---------------------------

    Ownable.OwnershipTransferred(
      previousOwner: <indexed> [33m0x0000000000000000000000000000000000000000[39m (type: address),
      newOwner: <indexed> [33m0x980A47Fa5D627C4e946f98df5aE6EaF39F4f9dab[39m (type: address)
    )


    ---------------------------
  [31m  7) test for GUMARewards[0m

    Events emitted during test:
    ---------------------------

    Ownable.OwnershipTransferred(
      previousOwner: <indexed> [33m0x0000000000000000000000000000000000000000[39m (type: address),
      newOwner: <indexed> [33m0x980A47Fa5D627C4e946f98df5aE6EaF39F4f9dab[39m (type: address)
    )


    ---------------------------


[92m [0m[32m 2 passing[0m[90m (3s)[0m
[31m  7 failing[0m

[0m  1) Contract: GUMARewards
       test for GUMARewards:
[0m[31m     TypeError: Cannot read property 'call' of undefined[0m[90m
      at Context.<anonymous> (tests/test-GUMARewards.js:17:48)
      at processTicksAndRejections (internal/process/task_queues.js:95:5)
[0m
[0m  2) Contract: GUMARewards
       test for GUMARewards:
[0m[31m     Error: Returned error: sender account not recognized[0m[90m
      at Context.<anonymous> (tests/test-GUMARewards.js:21:51)
      at processTicksAndRejections (internal/process/task_queues.js:95:5)
[0m
[0m  3) Contract: GUMARewards
       test for GUMARewards:
[0m[31m     AssertionError: expected promise to be rejected with 'Error' but it was fulfilled with {}[0m[90m
  
[0m
[0m  4) Contract: GUMARewards
       test for GUMARewards:
[0m[31m     AssertionError: expected promise to be rejected with 'Error' but it was fulfilled with {}[0m[90m
  
[0m
[0m  5) Contract: GUMARewards
       test for GUMARewards:
[0m[31m     AssertionError: expected '0x980A47Fa5D627C4e946f98df5aE6EaF39F4f9dab' to equal 1.062543878211224e+47[0m[90m
      at Context.<anonymous> (tests/test-GUMARewards.js:82:10)
      at runMicrotasks (<anonymous>)
      at processTicksAndRejections (internal/process/task_queues.js:95:5)
[0m
[0m  6) Contract: GUMARewards
       test for GUMARewards:
[0m[31m     AssertionError: expected promise to be rejected with 'Error' but it was fulfilled with {}[0m[90m
  
[0m
[0m  7) Contract: GUMARewards
       test for GUMARewards:
[0m[31m     AssertionError: expected promise to be rejected with 'Error' but it was fulfilled with {}[0m[90m
  
[0m


------------------|----------|----------|----------|----------|----------------|
File              |  % Stmts | % Branch |  % Funcs |  % Lines |Uncovered Lines |
------------------|----------|----------|----------|----------|----------------|
 contracts/       |    59.34 |    30.95 |    72.73 |    60.42 |                |
  GUMARewards.sol |    59.34 |    30.95 |    72.73 |    60.42 |... 675,676,677 |
------------------|----------|----------|----------|----------|----------------|
All files         |    59.34 |    30.95 |    72.73 |    60.42 |                |
------------------|----------|----------|----------|----------|----------------|

> Istanbul reports written to ./coverage/ and ./coverage.json
> solidity-coverage cleaning up, shutting down ganache server
Error: ‚ùå 7 test(s) failed under coverage.
    at plugin (/app/node_modules/solidity-coverage/plugins/truffle.plugin.js:121:27)
    at runMicrotasks (<anonymous>)
    at processTicksAndRejections (internal/process/task_queues.js:95:5)
Truffle v5.4.6 (core: 5.4.6)
Node v14.17.5
