
> Using Truffle library from global node_modules.

> server:            http://127.0.0.1:8555
> truffle:           v5.4.6
> ganache-core:      v2.13.0
> solidity-coverage: v0.7.17

Network Info
============
> id:      *
> port:    8555
> network: soliditycoverage


Instrumenting for coverage...
=============================

> SLTDStaking.sol

Compiling your contracts...
===========================
> Compiling ./.coverage_contracts/SLTDStaking.sol
> Compilation warnings encountered:

    project:/.coverage_contracts/SLTDStaking.sol:137:40: Warning: Unused function parameter. Remove or comment out the variable name to silence this warning.
 ... function mod(uint256 a, uint256 b, string memory errorMessage) internal pure returns (uint256) { ...
                                        ^------------------------^

> Artifacts written to /app/.coverage_artifacts/contracts
> Compiled successfully using:
   - solc: 0.5.16+commit.9c3226ce.Emscripten.clang


Compiling your contracts...
===========================
> Everything is up to date, there is nothing to compile.


[0m[0m
[0m  Contract: SLTDStaking[0m
  [31m  1) test for SLTDStaking[0m

    Events emitted during test:
    ---------------------------

    Ownable.OwnershipTransferred(
      previousOwner: <indexed> [33m0x0000000000000000000000000000000000000000[39m (type: address),
      newOwner: <indexed> [33m0xdd56B5922CE88947a3C3F7400223f999B1892e50[39m (type: address)
    )


    ---------------------------
  [31m  2) test for SLTDStaking[0m

    Events emitted during test:
    ---------------------------

    Ownable.OwnershipTransferred(
      previousOwner: <indexed> [33m0x0000000000000000000000000000000000000000[39m (type: address),
      newOwner: <indexed> [33m0xB033b8e4d9fDFa21A8e0cf55B9f88058a27534F6[39m (type: address)
    )


    ---------------------------
  [31m  3) test for SLTDStaking[0m
    > No events were emitted
  [32m  ‚úì[0m[90m test for SLTDStaking[0m[31m (168ms)[0m
  [32m  ‚úì[0m[90m test for SLTDStaking[0m[31m (204ms)[0m
  [32m  ‚úì[0m[90m test for SLTDStaking[0m[31m (126ms)[0m
  [32m  ‚úì[0m[90m test for SLTDStaking[0m[31m (121ms)[0m
  [31m  4) test for SLTDStaking[0m

    Events emitted during test:
    ---------------------------

    Ownable.OwnershipTransferred(
      previousOwner: <indexed> [33m0x0000000000000000000000000000000000000000[39m (type: address),
      newOwner: <indexed> [33m0x8Aba479219E10BCe42D0d34909F9E26F0703a2E1[39m (type: address)
    )


    ---------------------------
  [31m  5) test for SLTDStaking[0m

    Events emitted during test:
    ---------------------------

    Ownable.OwnershipTransferred(
      previousOwner: <indexed> [33m0x0000000000000000000000000000000000000000[39m (type: address),
      newOwner: <indexed> [33m0xdd56B5922CE88947a3C3F7400223f999B1892e50[39m (type: address)
    )


    ---------------------------
  [32m  ‚úì[0m[90m test for SLTDStaking[0m[31m (193ms)[0m
  [31m  6) test for SLTDStaking[0m

    Events emitted during test:
    ---------------------------

    Ownable.OwnershipTransferred(
      previousOwner: <indexed> [33m0x0000000000000000000000000000000000000000[39m (type: address),
      newOwner: <indexed> [33m0x8Aba479219E10BCe42D0d34909F9E26F0703a2E1[39m (type: address)
    )


    ---------------------------


[92m [0m[32m 5 passing[0m[90m (4s)[0m
[31m  6 failing[0m

[0m  1) Contract: SLTDStaking
       test for SLTDStaking:
[0m[31m     AssertionError: expected promise to be rejected with 'Error' but it was fulfilled with {}[0m[90m
  
[0m
[0m  2) Contract: SLTDStaking
       test for SLTDStaking:
[0m[31m     TypeError: Cannot read property 'call' of undefined[0m[90m
      at Context.<anonymous> (tests/test-SLTDStaking.js:31:58)
      at processTicksAndRejections (internal/process/task_queues.js:95:5)
[0m
[0m  3) Contract: SLTDStaking
       test for SLTDStaking:
[0m[31m     Error: Returned error: sender account not recognized[0m[90m
      at Context.<anonymous> (tests/test-SLTDStaking.js:35:51)
      at processTicksAndRejections (internal/process/task_queues.js:95:5)
[0m
[0m  4) Contract: SLTDStaking
       test for SLTDStaking:
[0m[31m     AssertionError: expected promise to be rejected with 'Error' but it was fulfilled with {}[0m[90m
  
[0m
[0m  5) Contract: SLTDStaking
       test for SLTDStaking:
[0m[31m     AssertionError: expected '0xdd56B5922CE88947a3C3F7400223f999B1892e50' to equal 8.64884133006572e+46[0m[90m
      at Context.<anonymous> (tests/test-SLTDStaking.js:110:10)
      at runMicrotasks (<anonymous>)
      at processTicksAndRejections (internal/process/task_queues.js:95:5)
[0m
[0m  6) Contract: SLTDStaking
       test for SLTDStaking:
[0m[31m     TypeError: Cannot read property 'call' of undefined[0m[90m
      at Context.<anonymous> (tests/test-SLTDStaking.js:140:44)
      at runMicrotasks (<anonymous>)
      at processTicksAndRejections (internal/process/task_queues.js:95:5)
[0m


------------------|----------|----------|----------|----------|----------------|
File              |  % Stmts | % Branch |  % Funcs |  % Lines |Uncovered Lines |
------------------|----------|----------|----------|----------|----------------|
 contracts/       |    45.45 |    31.82 |    59.57 |    45.19 |                |
  SLTDStaking.sol |    45.45 |    31.82 |    59.57 |    45.19 |... 384,385,386 |
------------------|----------|----------|----------|----------|----------------|
All files         |    45.45 |    31.82 |    59.57 |    45.19 |                |
------------------|----------|----------|----------|----------|----------------|

> Istanbul reports written to ./coverage/ and ./coverage.json
> solidity-coverage cleaning up, shutting down ganache server
Error: ‚ùå 6 test(s) failed under coverage.
    at plugin (/app/node_modules/solidity-coverage/plugins/truffle.plugin.js:121:27)
    at runMicrotasks (<anonymous>)
    at processTicksAndRejections (internal/process/task_queues.js:95:5)
Truffle v5.4.6 (core: 5.4.6)
Node v14.17.5
