
> Using Truffle library from global node_modules.

> server:            http://127.0.0.1:8555
> truffle:           v5.4.6
> ganache-core:      v2.13.0
> solidity-coverage: v0.7.17

Network Info
============
> id:      *
> port:    8555
> network: soliditycoverage


Instrumenting for coverage...
=============================

> YRX3.sol

Compiling your contracts...
===========================
> Compiling ./.coverage_contracts/YRX3.sol
> Artifacts written to /app/.coverage_artifacts/contracts
> Compiled successfully using:
   - solc: 0.5.16+commit.9c3226ce.Emscripten.clang


Compiling your contracts...
===========================
> Everything is up to date, there is nothing to compile.


[0m[0m
[0m  Contract: YRX3[0m
  [31m  1) test for YRX3[0m

    Events emitted during test:
    ---------------------------

    Ownable.OwnershipTransferred(
      previousOwner: <indexed> [33m0x0000000000000000000000000000000000000000[39m (type: address),
      newOwner: <indexed> [33m0x54f7eBCC72785E9901E63C508F141d07E634aE5A[39m (type: address)
    )


    ---------------------------
  [31m  2) test for YRX3[0m
    > No events were emitted
  [32m  ‚úì[0m[90m test for YRX3[0m[31m (239ms)[0m
  [32m  ‚úì[0m[90m test for YRX3[0m[31m (289ms)[0m
  [31m  3) test for YRX3[0m

    Events emitted during test:
    ---------------------------

    Ownable.OwnershipTransferred(
      previousOwner: <indexed> [33m0x0000000000000000000000000000000000000000[39m (type: address),
      newOwner: <indexed> [33m0xD28E30Ad1e8A6839De51c1bf1A4B956663500a8C[39m (type: address)
    )


    ---------------------------
  [31m  4) test for YRX3[0m

    Events emitted during test:
    ---------------------------

    Ownable.OwnershipTransferred(
      previousOwner: <indexed> [33m0x0000000000000000000000000000000000000000[39m (type: address),
      newOwner: <indexed> [33m0x29394acDa2f592D5Aa7e30E02Dcf7EEeBc9a22d9[39m (type: address)
    )


    ---------------------------
  [32m  ‚úì[0m[90m test for YRX3[0m[31m (162ms)[0m
  [31m  5) test for YRX3[0m

    Events emitted during test:
    ---------------------------

    Ownable.OwnershipTransferred(
      previousOwner: <indexed> [33m0x0000000000000000000000000000000000000000[39m (type: address),
      newOwner: <indexed> [33m0x29394acDa2f592D5Aa7e30E02Dcf7EEeBc9a22d9[39m (type: address)
    )


    ---------------------------
  [32m  ‚úì[0m[90m test for YRX3[0m[31m (141ms)[0m
  [31m  6) test for YRX3[0m

    Events emitted during test:
    ---------------------------

    Ownable.OwnershipTransferred(
      previousOwner: <indexed> [33m0x0000000000000000000000000000000000000000[39m (type: address),
      newOwner: <indexed> [33m0x29394acDa2f592D5Aa7e30E02Dcf7EEeBc9a22d9[39m (type: address)
    )


    ---------------------------
  [32m  ‚úì[0m[90m test for YRX3[0m[31m (167ms)[0m
  [32m  ‚úì[0m[90m test for YRX3[0m[31m (182ms)[0m


[92m [0m[32m 6 passing[0m[90m (4s)[0m
[31m  6 failing[0m

[0m  1) Contract: YRX3
       test for YRX3:
[0m[31m     TypeError: Cannot read property 'call' of undefined[0m[90m
      at Context.<anonymous> (tests/test-YRX3.js:19:51)
      at processTicksAndRejections (internal/process/task_queues.js:95:5)
[0m
[0m  2) Contract: YRX3
       test for YRX3:
[0m[31m     Error: Returned error: sender account not recognized[0m[90m
      at Context.<anonymous> (tests/test-YRX3.js:23:37)
      at processTicksAndRejections (internal/process/task_queues.js:95:5)
[0m
[0m  3) Contract: YRX3
       test for YRX3:
[0m[31m     AssertionError: expected promise to be rejected with 'Error' but it was fulfilled with {}[0m[90m
  
[0m
[0m  4) Contract: YRX3
       test for YRX3:
[0m[31m     AssertionError: expected promise to be rejected with 'Error' but it was fulfilled with {}[0m[90m
  
[0m
[0m  5) Contract: YRX3
       test for YRX3:
[0m[31m     AssertionError: expected promise to be rejected with 'Error' but it was fulfilled with {}[0m[90m
  
[0m
[0m  6) Contract: YRX3
       test for YRX3:
[0m[31m     AssertionError: expected '0x29394acDa2f592D5Aa7e30E02Dcf7EEeBc9a22d9' to equal 9.789992176392016e+47[0m[90m
      at Context.<anonymous> (tests/test-YRX3.js:112:10)
      at runMicrotasks (<anonymous>)
      at processTicksAndRejections (internal/process/task_queues.js:95:5)
[0m


------------|----------|----------|----------|----------|----------------|
File        |  % Stmts | % Branch |  % Funcs |  % Lines |Uncovered Lines |
------------|----------|----------|----------|----------|----------------|
 contracts/ |    60.75 |       42 |    70.83 |    60.34 |                |
  YRX3.sol  |    60.75 |       42 |    70.83 |    60.34 |... 866,867,868 |
------------|----------|----------|----------|----------|----------------|
All files   |    60.75 |       42 |    70.83 |    60.34 |                |
------------|----------|----------|----------|----------|----------------|

> Istanbul reports written to ./coverage/ and ./coverage.json
> solidity-coverage cleaning up, shutting down ganache server
Error: ‚ùå 6 test(s) failed under coverage.
    at plugin (/app/node_modules/solidity-coverage/plugins/truffle.plugin.js:121:27)
    at runMicrotasks (<anonymous>)
    at processTicksAndRejections (internal/process/task_queues.js:95:5)
Truffle v5.4.6 (core: 5.4.6)
Node v14.17.5
