
> Using Truffle library from global node_modules.

> server:            http://127.0.0.1:8555
> truffle:           v5.4.6
> ganache-core:      v2.13.0
> solidity-coverage: v0.7.17

Network Info
============
> id:      *
> port:    8555
> network: soliditycoverage


Instrumenting for coverage...
=============================

> FreakCoin.sol

Compiling your contracts...
===========================
> Compiling ./.coverage_contracts/FreakCoin.sol
> Artifacts written to /app/.coverage_artifacts/contracts
> Compiled successfully using:
   - solc: 0.5.16+commit.9c3226ce.Emscripten.clang


Compiling your contracts...
===========================
> Everything is up to date, there is nothing to compile.


[0m[0m
[0m  Contract: FreakCoin[0m
  [32m  ‚úì[0m[90m test for FreakCoin[0m[31m (1050ms)[0m
  [32m  ‚úì[0m[90m test for FreakCoin[0m[31m (354ms)[0m
  [32m  ‚úì[0m[90m test for FreakCoin[0m[31m (313ms)[0m
  [31m  1) test for FreakCoin[0m
    > No events were emitted
  [32m  ‚úì[0m[90m test for FreakCoin[0m[31m (120ms)[0m
  [31m  2) test for FreakCoin[0m
    > No events were emitted
  [31m  3) test for FreakCoin[0m
    > No events were emitted


[92m [0m[32m 4 passing[0m[90m (2s)[0m
[31m  3 failing[0m

[0m  1) Contract: FreakCoin
       test for FreakCoin:
[0m[31m     AssertionError: expected promise to be rejected with 'Error' but it was fulfilled with {}[0m[90m
  
[0m
[0m  2) Contract: FreakCoin
       test for FreakCoin:
[0m[31m     Error: Returned error: sender account not recognized[0m[90m
      at Context.<anonymous> (tests/test-FreakCoin.js:93:47)
      at runMicrotasks (<anonymous>)
      at processTicksAndRejections (internal/process/task_queues.js:95:5)
[0m
[0m  3) Contract: FreakCoin
       test for FreakCoin:
[0m[31m     AssertionError: expected promise to be rejected with 'Error' but it was fulfilled with {}[0m[90m
  
[0m


----------------|----------|----------|----------|----------|----------------|
File            |  % Stmts | % Branch |  % Funcs |  % Lines |Uncovered Lines |
----------------|----------|----------|----------|----------|----------------|
 contracts/     |    77.03 |       60 |      100 |    77.03 |                |
  FreakCoin.sol |    77.03 |       60 |      100 |    77.03 |... 182,183,191 |
----------------|----------|----------|----------|----------|----------------|
All files       |    77.03 |       60 |      100 |    77.03 |                |
----------------|----------|----------|----------|----------|----------------|

> Istanbul reports written to ./coverage/ and ./coverage.json
> solidity-coverage cleaning up, shutting down ganache server
Error: ‚ùå 3 test(s) failed under coverage.
    at plugin (/app/node_modules/solidity-coverage/plugins/truffle.plugin.js:121:27)
    at runMicrotasks (<anonymous>)
    at processTicksAndRejections (internal/process/task_queues.js:95:5)
Truffle v5.4.6 (core: 5.4.6)
Node v14.17.5
