
> Using Truffle library from global node_modules.

> server:            http://127.0.0.1:8555
> truffle:           v5.4.6
> ganache-core:      v2.13.0
> solidity-coverage: v0.7.17

Network Info
============
> id:      *
> port:    8555
> network: soliditycoverage


Instrumenting for coverage...
=============================

> BlueICE.sol

Compiling your contracts...
===========================
> Compiling ./.coverage_contracts/BlueICE.sol
> Artifacts written to /app/.coverage_artifacts/contracts
> Compiled successfully using:
   - solc: 0.5.16+commit.9c3226ce.Emscripten.clang


Compiling your contracts...
===========================
> Everything is up to date, there is nothing to compile.


[0m[0m
[0m  Contract: BlueICE[0m
  [31m  1) test for BlueICE[0m

    Events emitted during test:
    ---------------------------

    Ownable.OwnershipTransferred(
      previousOwner: <indexed> [33m0x0000000000000000000000000000000000000000[39m (type: address),
      newOwner: <indexed> [33m0x167F0e848A88F48A3d37FA251df998B0BE0E9E84[39m (type: address)
    )


    ---------------------------
  [31m  2) test for BlueICE[0m
    > No events were emitted
  [32m  ‚úì[0m[90m test for BlueICE[0m[31m (224ms)[0m
  [31m  3) test for BlueICE[0m

    Events emitted during test:
    ---------------------------

    Ownable.OwnershipTransferred(
      previousOwner: <indexed> [33m0x0000000000000000000000000000000000000000[39m (type: address),
      newOwner: <indexed> [33m0x0856fB52b497908cf887Bc1Fce6A09bE386ADC03[39m (type: address)
    )


    ---------------------------
  [32m  ‚úì[0m[90m test for BlueICE[0m[31m (172ms)[0m
  [31m  4) test for BlueICE[0m

    Events emitted during test:
    ---------------------------

    Ownable.OwnershipTransferred(
      previousOwner: <indexed> [33m0x0000000000000000000000000000000000000000[39m (type: address),
      newOwner: <indexed> [33m0x167F0e848A88F48A3d37FA251df998B0BE0E9E84[39m (type: address)
    )


    ---------------------------
  [32m  ‚úì[0m[90m test for BlueICE[0m[31m (183ms)[0m
  [32m  ‚úì[0m[90m test for BlueICE[0m[31m (203ms)[0m
  [32m  ‚úì[0m[90m test for BlueICE[0m[31m (172ms)[0m
  [32m  ‚úì[0m[90m test for BlueICE[0m[31m (168ms)[0m
  [32m  ‚úì[0m[90m test for BlueICE[0m[31m (152ms)[0m
  [31m  5) test for BlueICE[0m

    Events emitted during test:
    ---------------------------

    Ownable.OwnershipTransferred(
      previousOwner: <indexed> [33m0x0000000000000000000000000000000000000000[39m (type: address),
      newOwner: <indexed> [33m0x167F0e848A88F48A3d37FA251df998B0BE0E9E84[39m (type: address)
    )


    ---------------------------


[92m [0m[32m 7 passing[0m[90m (3s)[0m
[31m  5 failing[0m

[0m  1) Contract: BlueICE
       test for BlueICE:
[0m[31m     AssertionError: expected [] to equal undefined[0m[90m
      at Context.<anonymous> (tests/test-BlueICE.js:14:10)
      at processTicksAndRejections (internal/process/task_queues.js:95:5)
[0m
[0m  2) Contract: BlueICE
       test for BlueICE:
[0m[31m     Error: Returned error: sender account not recognized[0m[90m
      at Context.<anonymous> (tests/test-BlueICE.js:19:43)
      at processTicksAndRejections (internal/process/task_queues.js:95:5)
[0m
[0m  3) Contract: BlueICE
       test for BlueICE:
[0m[31m     TypeError: Cannot read property 'call' of undefined[0m[90m
      at Context.<anonymous> (tests/test-BlueICE.js:44:41)
      at processTicksAndRejections (internal/process/task_queues.js:95:5)
[0m
[0m  4) Contract: BlueICE
       test for BlueICE:
[0m[31m     AssertionError: expected '0x167F0e848A88F48A3d37FA251df998B0BE0E9E84' to equal 7.609782841584804e+47[0m[90m
      at Context.<anonymous> (tests/test-BlueICE.js:63:10)
      at runMicrotasks (<anonymous>)
      at processTicksAndRejections (internal/process/task_queues.js:95:5)
[0m
[0m  5) Contract: BlueICE
       test for BlueICE:
[0m[31m     AssertionError: expected '0x167F0e848A88F48A3d37FA251df998B0BE0E9E84' to equal 7.609782841584804e+47[0m[90m
      at Context.<anonymous> (tests/test-BlueICE.js:127:10)
      at runMicrotasks (<anonymous>)
      at processTicksAndRejections (internal/process/task_queues.js:95:5)
[0m


--------------|----------|----------|----------|----------|----------------|
File          |  % Stmts | % Branch |  % Funcs |  % Lines |Uncovered Lines |
--------------|----------|----------|----------|----------|----------------|
 contracts/   |    53.85 |    38.46 |    69.77 |    54.92 |                |
  BlueICE.sol |    53.85 |    38.46 |    69.77 |    54.92 |... 673,674,675 |
--------------|----------|----------|----------|----------|----------------|
All files     |    53.85 |    38.46 |    69.77 |    54.92 |                |
--------------|----------|----------|----------|----------|----------------|

> Istanbul reports written to ./coverage/ and ./coverage.json
> solidity-coverage cleaning up, shutting down ganache server
Error: ‚ùå 5 test(s) failed under coverage.
    at plugin (/app/node_modules/solidity-coverage/plugins/truffle.plugin.js:121:27)
    at runMicrotasks (<anonymous>)
    at processTicksAndRejections (internal/process/task_queues.js:95:5)
Truffle v5.4.6 (core: 5.4.6)
Node v14.17.5
