
> Using Truffle library from global node_modules.

> server:            http://127.0.0.1:8555
> truffle:           v5.4.6
> ganache-core:      v2.13.0
> solidity-coverage: v0.7.17

Network Info
============
> id:      *
> port:    8555
> network: soliditycoverage


Instrumenting for coverage...
=============================

> KPLAY.sol

Compiling your contracts...
===========================
> Compiling ./.coverage_contracts/KPLAY.sol
> Artifacts written to /app/.coverage_artifacts/contracts
> Compiled successfully using:
   - solc: 0.5.16+commit.9c3226ce.Emscripten.clang


Compiling your contracts...
===========================
> Everything is up to date, there is nothing to compile.


[0m[0m
[0m  Contract: KPLAY[0m
  [31m  1) test for KPLAY[0m

    Events emitted during test:
    ---------------------------

    IERC20.Transfer(
      from: <indexed> [33m0x0000000000000000000000000000000000000000[39m (type: address),
      to: <indexed> [33m0x4738Ff0D82E1Ca18840581E03443219ecb750623[39m (type: address),
      value: [33m10000000000000000[39m (type: uint256)
    )


    ---------------------------
  [32m  ‚úì[0m[90m test for KPLAY[0m[31m (889ms)[0m
  [32m  ‚úì[0m[90m test for KPLAY[0m[31m (240ms)[0m
  [31m  2) test for KPLAY[0m

    Events emitted during test:
    ---------------------------

    IERC20.Transfer(
      from: <indexed> [33m0x0000000000000000000000000000000000000000[39m (type: address),
      to: <indexed> [33m0x4207ea27F2642f6ad93d100205FD54d686737214[39m (type: address),
      value: [33m10000000000000000[39m (type: uint256)
    )


    ---------------------------
  [31m  3) test for KPLAY[0m
    > No events were emitted
  [32m  ‚úì[0m[90m test for KPLAY[0m[31m (223ms)[0m
  [32m  ‚úì[0m[90m test for KPLAY[0m[31m (202ms)[0m
  [32m  ‚úì[0m[90m test for KPLAY[0m[31m (300ms)[0m
  [32m  ‚úì[0m[90m test for KPLAY[0m[31m (243ms)[0m
  [32m  ‚úì[0m[90m test for KPLAY[0m[31m (193ms)[0m
  [31m  4) test for KPLAY[0m

    Events emitted during test:
    ---------------------------

    IERC20.Transfer(
      from: <indexed> [33m0x0000000000000000000000000000000000000000[39m (type: address),
      to: <indexed> [33m0x4207ea27F2642f6ad93d100205FD54d686737214[39m (type: address),
      value: [33m10000000000000000[39m (type: uint256)
    )


    ---------------------------
  [32m  ‚úì[0m[90m test for KPLAY[0m[31m (203ms)[0m
  [32m  ‚úì[0m[90m test for KPLAY[0m[31m (242ms)[0m
  [32m  ‚úì[0m[90m test for KPLAY[0m[31m (220ms)[0m
  [32m  ‚úì[0m[90m test for KPLAY[0m[31m (217ms)[0m
  [31m  5) test for KPLAY[0m

    Events emitted during test:
    ---------------------------

    IERC20.Transfer(
      from: <indexed> [33m0x0000000000000000000000000000000000000000[39m (type: address),
      to: <indexed> [33m0x4738Ff0D82E1Ca18840581E03443219ecb750623[39m (type: address),
      value: [33m10000000000000000[39m (type: uint256)
    )


    ---------------------------
  [32m  ‚úì[0m[90m test for KPLAY[0m[31m (173ms)[0m
  [32m  ‚úì[0m[90m test for KPLAY[0m[31m (264ms)[0m
  [32m  ‚úì[0m[90m test for KPLAY[0m[31m (269ms)[0m
  [32m  ‚úì[0m[90m test for KPLAY[0m[31m (228ms)[0m
  [31m  6) test for KPLAY[0m

    Events emitted during test:
    ---------------------------

    IERC20.Transfer(
      from: <indexed> [33m0x0000000000000000000000000000000000000000[39m (type: address),
      to: <indexed> [33m0x4207ea27F2642f6ad93d100205FD54d686737214[39m (type: address),
      value: [33m10000000000000000[39m (type: uint256)
    )


    ---------------------------
  [32m  ‚úì[0m[90m test for KPLAY[0m[31m (192ms)[0m
  [31m  7) test for KPLAY[0m

    Events emitted during test:
    ---------------------------

    IERC20.Transfer(
      from: <indexed> [33m0x0000000000000000000000000000000000000000[39m (type: address),
      to: <indexed> [33m0x4738Ff0D82E1Ca18840581E03443219ecb750623[39m (type: address),
      value: [33m10000000000000000[39m (type: uint256)
    )


    ---------------------------
  [31m  8) test for KPLAY[0m

    Events emitted during test:
    ---------------------------

    IERC20.Transfer(
      from: <indexed> [33m0x0000000000000000000000000000000000000000[39m (type: address),
      to: <indexed> [33m0xfd07Dbd7101292161B3BbF50C23387375Abda3d1[39m (type: address),
      value: [33m10000000000000000[39m (type: uint256)
    )


    ---------------------------
  [32m  ‚úì[0m[90m test for KPLAY[0m[31m (243ms)[0m
  [31m  9) test for KPLAY[0m

    Events emitted during test:
    ---------------------------

    IERC20.Transfer(
      from: <indexed> [33m0x0000000000000000000000000000000000000000[39m (type: address),
      to: <indexed> [33m0x4738Ff0D82E1Ca18840581E03443219ecb750623[39m (type: address),
      value: [33m10000000000000000[39m (type: uint256)
    )


    ---------------------------


[92m [0m[32m 17 passing[0m[90m (7s)[0m
[31m  9 failing[0m

[0m  1) Contract: KPLAY
       test for KPLAY:
[0m[31m     AssertionError: expected <BN: 6131f573> to equal {}[0m[90m
      at Context.<anonymous> (tests/test-KPLAY.js:26:10)
      at processTicksAndRejections (internal/process/task_queues.js:95:5)
[0m
[0m  2) Contract: KPLAY
       test for KPLAY:
[0m[31m     TypeError: Cannot read property 'call' of undefined[0m[90m
      at Context.<anonymous> (tests/test-KPLAY.js:67:43)
      at processTicksAndRejections (internal/process/task_queues.js:95:5)
[0m
[0m  3) Contract: KPLAY
       test for KPLAY:
[0m[31m     Error: Returned error: sender account not recognized[0m[90m
      at Context.<anonymous> (tests/test-KPLAY.js:71:39)
      at processTicksAndRejections (internal/process/task_queues.js:95:5)
[0m
[0m  4) Contract: KPLAY
       test for KPLAY:
[0m[31m     AssertionError: expected <BN: 6131ee70> to equal {}[0m[90m
      at Context.<anonymous> (tests/test-KPLAY.js:181:10)
      at runMicrotasks (<anonymous>)
      at processTicksAndRejections (internal/process/task_queues.js:95:5)
[0m
[0m  5) Contract: KPLAY
       test for KPLAY:
[0m[31m     AssertionError: expected promise to be rejected with 'Error' but it was fulfilled with {}[0m[90m
  
[0m
[0m  6) Contract: KPLAY
       test for KPLAY:
[0m[31m     TypeError: Cannot read property 'call' of undefined[0m[90m
      at Context.<anonymous> (tests/test-KPLAY.js:339:40)
      at runMicrotasks (<anonymous>)
      at processTicksAndRejections (internal/process/task_queues.js:95:5)
[0m
[0m  7) Contract: KPLAY
       test for KPLAY:
[0m[31m     AssertionError: expected promise to be rejected with 'Error' but it was fulfilled with {}[0m[90m
  
[0m
[0m  8) Contract: KPLAY
       test for KPLAY:
[0m[31m     TypeError: Cannot read property 'call' of undefined[0m[90m
      at Context.<anonymous> (tests/test-KPLAY.js:380:40)
      at runMicrotasks (<anonymous>)
      at processTicksAndRejections (internal/process/task_queues.js:95:5)
[0m
[0m  9) Contract: KPLAY
       test for KPLAY:
[0m[31m     AssertionError: expected promise to be rejected with 'Error' but it was fulfilled with {}[0m[90m
  
[0m


------------|----------|----------|----------|----------|----------------|
File        |  % Stmts | % Branch |  % Funcs |  % Lines |Uncovered Lines |
------------|----------|----------|----------|----------|----------------|
 contracts/ |    65.04 |    39.29 |    84.78 |    63.85 |                |
  KPLAY.sol |    65.04 |    39.29 |    84.78 |    63.85 |... 657,658,660 |
------------|----------|----------|----------|----------|----------------|
All files   |    65.04 |    39.29 |    84.78 |    63.85 |                |
------------|----------|----------|----------|----------|----------------|

> Istanbul reports written to ./coverage/ and ./coverage.json
> solidity-coverage cleaning up, shutting down ganache server
Error: ‚ùå 9 test(s) failed under coverage.
    at plugin (/app/node_modules/solidity-coverage/plugins/truffle.plugin.js:121:27)
    at runMicrotasks (<anonymous>)
    at processTicksAndRejections (internal/process/task_queues.js:95:5)
Truffle v5.4.6 (core: 5.4.6)
Node v14.17.5
