
> Using Truffle library from global node_modules.

> server:            http://127.0.0.1:8555
> truffle:           v5.4.6
> ganache-core:      v2.13.0
> solidity-coverage: v0.7.17

Network Info
============
> id:      *
> port:    8555
> network: soliditycoverage


Instrumenting for coverage...
=============================

> BlueICE.sol

Compiling your contracts...
===========================
> Compiling ./.coverage_contracts/BlueICE.sol
> Compilation warnings encountered:

    project:/.coverage_contracts/BlueICE.sol:354:40: Warning: Unused function parameter. Remove or comment out the variable name to silence this warning.
 ... function mod(uint256 a, uint256 b, string memory errorMessage) internal pure returns (uint256) { ...
                                        ^------------------------^

> Artifacts written to /app/.coverage_artifacts/contracts
> Compiled successfully using:
   - solc: 0.5.16+commit.9c3226ce.Emscripten.clang


Compiling your contracts...
===========================
> Everything is up to date, there is nothing to compile.


[0m[0m
[0m  Contract: BlueICE[0m
  [32m  ‚úì[0m[90m test for BlueICE[0m[31m (1113ms)[0m
  [32m  ‚úì[0m[90m test for BlueICE[0m[31m (228ms)[0m
  [31m  1) test for BlueICE[0m
    > No events were emitted
  [31m  2) test for BlueICE[0m

    Events emitted during test:
    ---------------------------

    Ownable.OwnershipTransferred(
      previousOwner: <indexed> [33m0x0000000000000000000000000000000000000000[39m (type: address),
      newOwner: <indexed> [33m0x99F43e2A21F72f4480Edb0A106D3eda3772B6855[39m (type: address)
    )


    ---------------------------
  [32m  ‚úì[0m[90m test for BlueICE[0m[31m (166ms)[0m
  [32m  ‚úì[0m[90m test for BlueICE[0m[31m (188ms)[0m
  [32m  ‚úì[0m[90m test for BlueICE[0m[31m (173ms)[0m
  [32m  ‚úì[0m[90m test for BlueICE[0m[31m (216ms)[0m
  [31m  3) test for BlueICE[0m

    Events emitted during test:
    ---------------------------

    Ownable.OwnershipTransferred(
      previousOwner: <indexed> [33m0x0000000000000000000000000000000000000000[39m (type: address),
      newOwner: <indexed> [33m0x178697e3819340389F048eA16e73BA5D2170812e[39m (type: address)
    )


    ---------------------------
  [32m  ‚úì[0m[90m test for BlueICE[0m[31m (162ms)[0m
  [31m  4) test for BlueICE[0m

    Events emitted during test:
    ---------------------------

    Ownable.OwnershipTransferred(
      previousOwner: <indexed> [33m0x0000000000000000000000000000000000000000[39m (type: address),
      newOwner: <indexed> [33m0xFfA86ed8aA2a4F89c9211530D2354A62e95820F1[39m (type: address)
    )


    ---------------------------
  [31m  5) test for BlueICE[0m

    Events emitted during test:
    ---------------------------

    Ownable.OwnershipTransferred(
      previousOwner: <indexed> [33m0x0000000000000000000000000000000000000000[39m (type: address),
      newOwner: <indexed> [33m0xFfA86ed8aA2a4F89c9211530D2354A62e95820F1[39m (type: address)
    )


    ---------------------------
  [32m  ‚úì[0m[90m test for BlueICE[0m[31m (151ms)[0m


[92m [0m[32m 8 passing[0m[90m (4s)[0m
[31m  5 failing[0m

[0m  1) Contract: BlueICE
       test for BlueICE:
[0m[31m     Error: Returned error: sender account not recognized[0m[90m
      at Context.<anonymous> (tests/test-BlueICE.js:38:43)
      at processTicksAndRejections (internal/process/task_queues.js:95:5)
[0m
[0m  2) Contract: BlueICE
       test for BlueICE:
[0m[31m     TypeError: Cannot read property 'call' of undefined[0m[90m
      at Context.<anonymous> (tests/test-BlueICE.js:55:41)
      at processTicksAndRejections (internal/process/task_queues.js:95:5)
[0m
[0m  3) Contract: BlueICE
       test for BlueICE:
[0m[31m     AssertionError: expected [] to equal undefined[0m[90m
      at Context.<anonymous> (tests/test-BlueICE.js:118:10)
      at runMicrotasks (<anonymous>)
      at processTicksAndRejections (internal/process/task_queues.js:95:5)
[0m
[0m  4) Contract: BlueICE
       test for BlueICE:
[0m[31m     AssertionError: expected '0xFfA86ed8aA2a4F89c9211530D2354A62e95820F1' to equal 4.400233524545585e+47[0m[90m
      at Context.<anonymous> (tests/test-BlueICE.js:149:10)
      at runMicrotasks (<anonymous>)
      at processTicksAndRejections (internal/process/task_queues.js:95:5)
[0m
[0m  5) Contract: BlueICE
       test for BlueICE:
[0m[31m     AssertionError: expected promise to be rejected with 'Error' but it was fulfilled with {}[0m[90m
  
[0m


--------------|----------|----------|----------|----------|----------------|
File          |  % Stmts | % Branch |  % Funcs |  % Lines |Uncovered Lines |
--------------|----------|----------|----------|----------|----------------|
 contracts/   |    58.62 |       42 |    74.42 |     59.5 |                |
  BlueICE.sol |    58.62 |       42 |    74.42 |     59.5 |... 673,674,675 |
--------------|----------|----------|----------|----------|----------------|
All files     |    58.62 |       42 |    74.42 |     59.5 |                |
--------------|----------|----------|----------|----------|----------------|

> Istanbul reports written to ./coverage/ and ./coverage.json
> solidity-coverage cleaning up, shutting down ganache server
Error: ‚ùå 5 test(s) failed under coverage.
    at plugin (/app/node_modules/solidity-coverage/plugins/truffle.plugin.js:121:27)
    at runMicrotasks (<anonymous>)
    at processTicksAndRejections (internal/process/task_queues.js:95:5)
Truffle v5.4.6 (core: 5.4.6)
Node v14.17.5
