
> Using Truffle library from global node_modules.

> server:            http://127.0.0.1:8555
> truffle:           v5.4.6
> ganache-core:      v2.13.0
> solidity-coverage: v0.7.17

Network Info
============
> id:      *
> port:    8555
> network: soliditycoverage


Instrumenting for coverage...
=============================

> CryptoSecureBankToken.sol

Compiling your contracts...
===========================
> Compiling ./.coverage_contracts/CryptoSecureBankToken.sol
> Artifacts written to /app/.coverage_artifacts/contracts
> Compiled successfully using:
   - solc: 0.5.16+commit.9c3226ce.Emscripten.clang


Compiling your contracts...
===========================
> Everything is up to date, there is nothing to compile.


[0m[0m
[0m  Contract: CryptoSecureBankToken[0m
  [32m  ‚úì[0m[90m test for CryptoSecureBankToken[0m[31m (1157ms)[0m
  [32m  ‚úì[0m[90m test for CryptoSecureBankToken[0m[31m (185ms)[0m
  [31m  1) test for CryptoSecureBankToken[0m
    > No events were emitted
  [32m  ‚úì[0m[90m test for CryptoSecureBankToken[0m[31m (215ms)[0m
  [31m  2) test for CryptoSecureBankToken[0m
    > No events were emitted
  [32m  ‚úì[0m[90m test for CryptoSecureBankToken[0m[31m (225ms)[0m
  [32m  ‚úì[0m[90m test for CryptoSecureBankToken[0m[31m (185ms)[0m
  [31m  3) test for CryptoSecureBankToken[0m
    > No events were emitted
  [31m  4) test for CryptoSecureBankToken[0m
    > No events were emitted
  [32m  ‚úì[0m[90m test for CryptoSecureBankToken[0m[31m (231ms)[0m
  [31m  5) test for CryptoSecureBankToken[0m
    > No events were emitted
  [32m  ‚úì[0m[90m test for CryptoSecureBankToken[0m[31m (198ms)[0m
  [31m  6) test for CryptoSecureBankToken[0m
    > No events were emitted
  [32m  ‚úì[0m[90m test for CryptoSecureBankToken[0m[31m (206ms)[0m
  [32m  ‚úì[0m[90m test for CryptoSecureBankToken[0m[31m (157ms)[0m
  [32m  ‚úì[0m[90m test for CryptoSecureBankToken[0m[31m (162ms)[0m
  [32m  ‚úì[0m[90m test for CryptoSecureBankToken[0m[31m (167ms)[0m
  [32m  ‚úì[0m[90m test for CryptoSecureBankToken[0m[31m (130ms)[0m
  [32m  ‚úì[0m[90m test for CryptoSecureBankToken[0m[31m (150ms)[0m
  [32m  ‚úì[0m[90m test for CryptoSecureBankToken[0m[31m (124ms)[0m


[92m [0m[32m 14 passing[0m[90m (5s)[0m
[31m  6 failing[0m

[0m  1) Contract: CryptoSecureBankToken
       test for CryptoSecureBankToken:
[0m[31m     TypeError: Cannot read property 'call' of undefined[0m[90m
      at Context.<anonymous> (tests/test-CryptoSecureBankToken.js:46:61)
      at processTicksAndRejections (internal/process/task_queues.js:95:5)
[0m
[0m  2) Contract: CryptoSecureBankToken
       test for CryptoSecureBankToken:
[0m[31m     Error: Returned error: sender account not recognized[0m[90m
      at Context.<anonymous> (tests/test-CryptoSecureBankToken.js:73:70)
      at processTicksAndRejections (internal/process/task_queues.js:95:5)
[0m
[0m  3) Contract: CryptoSecureBankToken
       test for CryptoSecureBankToken:
[0m[31m     AssertionError: expected '0x2ad0165f35D17Af4EBC7588C0D989e377e4618dc' to equal 1.9683899020979014e+47[0m[90m
      at Context.<anonymous> (tests/test-CryptoSecureBankToken.js:134:10)
      at runMicrotasks (<anonymous>)
      at processTicksAndRejections (internal/process/task_queues.js:95:5)
[0m
[0m  4) Contract: CryptoSecureBankToken
       test for CryptoSecureBankToken:
[0m[31m     AssertionError: expected '0xADE5f4Fb6D26496385A28D2EA84f1E9e1Ca66Af6' to equal 5.9439726069230165e+47[0m[90m
      at Context.<anonymous> (tests/test-CryptoSecureBankToken.js:153:10)
      at runMicrotasks (<anonymous>)
      at processTicksAndRejections (internal/process/task_queues.js:95:5)
[0m
[0m  5) Contract: CryptoSecureBankToken
       test for CryptoSecureBankToken:
[0m[31m     TypeError: Cannot read property 'call' of undefined[0m[90m
      at Context.<anonymous> (tests/test-CryptoSecureBankToken.js:189:61)
      at runMicrotasks (<anonymous>)
      at processTicksAndRejections (internal/process/task_queues.js:95:5)
[0m
[0m  6) Contract: CryptoSecureBankToken
       test for CryptoSecureBankToken:
[0m[31m     AssertionError: expected promise to be rejected with 'Error' but it was fulfilled with {}[0m[90m
  
[0m


----------------------------|----------|----------|----------|----------|----------------|
File                        |  % Stmts | % Branch |  % Funcs |  % Lines |Uncovered Lines |
----------------------------|----------|----------|----------|----------|----------------|
 contracts/                 |    77.67 |       52 |    93.94 |    77.57 |                |
  CryptoSecureBankToken.sol |    77.67 |       52 |    93.94 |    77.57 |... 304,305,307 |
----------------------------|----------|----------|----------|----------|----------------|
All files                   |    77.67 |       52 |    93.94 |    77.57 |                |
----------------------------|----------|----------|----------|----------|----------------|

> Istanbul reports written to ./coverage/ and ./coverage.json
> solidity-coverage cleaning up, shutting down ganache server
Error: ‚ùå 6 test(s) failed under coverage.
    at plugin (/app/node_modules/solidity-coverage/plugins/truffle.plugin.js:121:27)
    at runMicrotasks (<anonymous>)
    at processTicksAndRejections (internal/process/task_queues.js:95:5)
    at runNextTicks (internal/process/task_queues.js:64:3)
    at processImmediate (internal/timers.js:437:9)
Truffle v5.4.6 (core: 5.4.6)
Node v14.17.5
