
> Using Truffle library from global node_modules.

> server:            http://127.0.0.1:8555
> truffle:           v5.4.6
> ganache-core:      v2.13.0
> solidity-coverage: v0.7.17

Network Info
============
> id:      *
> port:    8555
> network: soliditycoverage


Instrumenting for coverage...
=============================

> Weedburn.sol

Compiling your contracts...
===========================
> Compiling ./.coverage_contracts/Weedburn.sol
> Artifacts written to /app/.coverage_artifacts/contracts
> Compiled successfully using:
   - solc: 0.5.16+commit.9c3226ce.Emscripten.clang


Compiling your contracts...
===========================
> Everything is up to date, there is nothing to compile.


[0m[0m
[0m  Contract: Weedburn[0m
  [32m  ‚úì[0m[90m test for Weedburn[0m[31m (647ms)[0m
  [31m  1) test for Weedburn[0m
    > No events were emitted
  [32m  ‚úì[0m[90m test for Weedburn[0m[31m (351ms)[0m
  [32m  ‚úì[0m[90m test for Weedburn[0m[31m (617ms)[0m
  [32m  ‚úì[0m[90m test for Weedburn[0m[31m (182ms)[0m
  [32m  ‚úì[0m[90m test for Weedburn[0m[31m (159ms)[0m
  [32m  ‚úì[0m[90m test for Weedburn[0m[31m (251ms)[0m
  [32m  ‚úì[0m[90m test for Weedburn[0m[31m (231ms)[0m
  [31m  2) test for Weedburn[0m

    Events emitted during test:
    ---------------------------

    IERC20.Transfer(
      from: <indexed> [33m0x0000000000000000000000000000000000000000[39m (type: address),
      to: <indexed> [33m0x6dED2e108aaE0f425c365039F414c52f3945eD01[39m (type: address),
      value: [33m100000000000000000000000[39m (type: uint256)
    )


    ---------------------------
  [32m  ‚úì[0m[90m test for Weedburn[0m[31m (242ms)[0m
  [32m  ‚úì[0m[90m test for Weedburn[0m[31m (221ms)[0m
  [32m  ‚úì[0m[90m test for Weedburn[0m[31m (167ms)[0m
  [32m  ‚úì[0m[90m test for Weedburn[0m[31m (160ms)[0m
  [32m  ‚úì[0m[90m test for Weedburn[0m[31m (213ms)[0m
  [31m  3) test for Weedburn[0m

    Events emitted during test:
    ---------------------------

    IERC20.Transfer(
      from: <indexed> [33m0x0000000000000000000000000000000000000000[39m (type: address),
      to: <indexed> [33m0x0f5E6B19D19e021234915dd7BEBdB81716440DA9[39m (type: address),
      value: [33m100000000000000000000000[39m (type: uint256)
    )


    ---------------------------
  [31m  4) test for Weedburn[0m
    > No events were emitted


[92m [0m[32m 12 passing[0m[90m (5s)[0m
[31m  4 failing[0m

[0m  1) Contract: Weedburn
       test for Weedburn:
[0m[31m     Error: Invalid number of parameters for "undefined". Got 4 expected 0![0m[90m
      at Context.<anonymous> (tests/test-Weedburn.js:24:45)
      at processTicksAndRejections (internal/process/task_queues.js:95:5)
[0m
[0m  2) Contract: Weedburn
       test for Weedburn:
[0m[31m     AssertionError: expected promise to be rejected with 'Error' but it was fulfilled with {}[0m[90m
  
[0m
[0m  3) Contract: Weedburn
       test for Weedburn:
[0m[31m     AssertionError: expected promise to be rejected with 'Error' but it was fulfilled with {}[0m[90m
  
[0m
[0m  4) Contract: Weedburn
       test for Weedburn:
[0m[31m     Error: Returned error: sender account not recognized[0m[90m
      at Context.<anonymous> (tests/test-Weedburn.js:238:44)
      at runMicrotasks (<anonymous>)
      at processTicksAndRejections (internal/process/task_queues.js:95:5)
[0m


---------------|----------|----------|----------|----------|----------------|
File           |  % Stmts | % Branch |  % Funcs |  % Lines |Uncovered Lines |
---------------|----------|----------|----------|----------|----------------|
 contracts/    |    62.07 |     37.5 |    92.31 |    62.07 |                |
  Weedburn.sol |    62.07 |     37.5 |    92.31 |    62.07 |... 240,245,260 |
---------------|----------|----------|----------|----------|----------------|
All files      |    62.07 |     37.5 |    92.31 |    62.07 |                |
---------------|----------|----------|----------|----------|----------------|

> Istanbul reports written to ./coverage/ and ./coverage.json
> solidity-coverage cleaning up, shutting down ganache server
Error: ‚ùå 4 test(s) failed under coverage.
    at plugin (/app/node_modules/solidity-coverage/plugins/truffle.plugin.js:121:27)
    at runMicrotasks (<anonymous>)
    at processTicksAndRejections (internal/process/task_queues.js:95:5)
Truffle v5.4.6 (core: 5.4.6)
Node v14.17.5
