
> Using Truffle library from global node_modules.

> server:            http://127.0.0.1:8555
> truffle:           v5.4.6
> ganache-core:      v2.13.0
> solidity-coverage: v0.7.17

Network Info
============
> id:      *
> port:    8555
> network: soliditycoverage


Instrumenting for coverage...
=============================

> AntiBaseProtocol.sol

Compiling your contracts...
===========================
> Compiling ./.coverage_contracts/AntiBaseProtocol.sol
> Artifacts written to /app/.coverage_artifacts/contracts
> Compiled successfully using:
   - solc: 0.5.16+commit.9c3226ce.Emscripten.clang


Compiling your contracts...
===========================
> Everything is up to date, there is nothing to compile.


[0m[0m
[0m  Contract: AntiBaseProtocol[0m
  [32m  ‚úì[0m[90m test for AntiBaseProtocol[0m[31m (1110ms)[0m
  [31m  1) test for AntiBaseProtocol[0m
    > No events were emitted
  [32m  ‚úì[0m[90m test for AntiBaseProtocol[0m[31m (304ms)[0m
  [32m  ‚úì[0m[90m test for AntiBaseProtocol[0m[31m (192ms)[0m
  [32m  ‚úì[0m[90m test for AntiBaseProtocol[0m[31m (180ms)[0m
  [32m  ‚úì[0m[90m test for AntiBaseProtocol[0m[31m (161ms)[0m
  [32m  ‚úì[0m[90m test for AntiBaseProtocol[0m[31m (189ms)[0m
  [31m  2) test for AntiBaseProtocol[0m

    Events emitted during test:
    ---------------------------

    Ownable.OwnershipTransferred(
      previousOwner: <indexed> [33m0x0000000000000000000000000000000000000000[39m (type: address),
      newOwner: <indexed> [33m0x75A290C8C693606568FA7690625D2c22441163b1[39m (type: address)
    )

    IERC20.Transfer(
      from: <indexed> [33m0x0000000000000000000000000000000000000000[39m (type: address),
      to: <indexed> [33m0x75A290C8C693606568FA7690625D2c22441163b1[39m (type: address),
      value: [33m31250000000000000000[39m (type: uint256)
    )


    ---------------------------
  [32m  ‚úì[0m[90m test for AntiBaseProtocol[0m[31m (214ms)[0m
  [32m  ‚úì[0m[90m test for AntiBaseProtocol[0m[31m (189ms)[0m
  [32m  ‚úì[0m[90m test for AntiBaseProtocol[0m[31m (293ms)[0m
  [32m  ‚úì[0m[90m test for AntiBaseProtocol[0m[31m (266ms)[0m
  [32m  ‚úì[0m[90m test for AntiBaseProtocol[0m[31m (240ms)[0m
  [32m  ‚úì[0m[90m test for AntiBaseProtocol[0m[31m (222ms)[0m
  [31m  3) test for AntiBaseProtocol[0m

    Events emitted during test:
    ---------------------------

    Ownable.OwnershipTransferred(
      previousOwner: <indexed> [33m0x0000000000000000000000000000000000000000[39m (type: address),
      newOwner: <indexed> [33m0x2848DF14E4dB294d1096D6698B2EcAAa62F987A6[39m (type: address)
    )

    IERC20.Transfer(
      from: <indexed> [33m0x0000000000000000000000000000000000000000[39m (type: address),
      to: <indexed> [33m0x2848DF14E4dB294d1096D6698B2EcAAa62F987A6[39m (type: address),
      value: [33m31250000000000000000[39m (type: uint256)
    )


    ---------------------------
  [31m  4) test for AntiBaseProtocol[0m

    Events emitted during test:
    ---------------------------

    Ownable.OwnershipTransferred(
      previousOwner: <indexed> [33m0x0000000000000000000000000000000000000000[39m (type: address),
      newOwner: <indexed> [33m0x75A290C8C693606568FA7690625D2c22441163b1[39m (type: address)
    )

    IERC20.Transfer(
      from: <indexed> [33m0x0000000000000000000000000000000000000000[39m (type: address),
      to: <indexed> [33m0x75A290C8C693606568FA7690625D2c22441163b1[39m (type: address),
      value: [33m31250000000000000000[39m (type: uint256)
    )


    ---------------------------
  [31m  5) test for AntiBaseProtocol[0m
    > No events were emitted
  [32m  ‚úì[0m[90m test for AntiBaseProtocol[0m[31m (184ms)[0m
  [32m  ‚úì[0m[90m test for AntiBaseProtocol[0m[31m (197ms)[0m
  [31m  6) test for AntiBaseProtocol[0m

    Events emitted during test:
    ---------------------------

    Ownable.OwnershipTransferred(
      previousOwner: <indexed> [33m0x0000000000000000000000000000000000000000[39m (type: address),
      newOwner: <indexed> [33m0x75A290C8C693606568FA7690625D2c22441163b1[39m (type: address)
    )

    IERC20.Transfer(
      from: <indexed> [33m0x0000000000000000000000000000000000000000[39m (type: address),
      to: <indexed> [33m0x75A290C8C693606568FA7690625D2c22441163b1[39m (type: address),
      value: [33m31250000000000000000[39m (type: uint256)
    )


    ---------------------------
  [31m  7) test for AntiBaseProtocol[0m

    Events emitted during test:
    ---------------------------

    Ownable.OwnershipTransferred(
      previousOwner: <indexed> [33m0x0000000000000000000000000000000000000000[39m (type: address),
      newOwner: <indexed> [33m0x106f8851f2a97b5672C5ADC88e7Fc8eb04438Af1[39m (type: address)
    )

    IERC20.Transfer(
      from: <indexed> [33m0x0000000000000000000000000000000000000000[39m (type: address),
      to: <indexed> [33m0x106f8851f2a97b5672C5ADC88e7Fc8eb04438Af1[39m (type: address),
      value: [33m31250000000000000000[39m (type: uint256)
    )


    ---------------------------
  [32m  ‚úì[0m[90m test for AntiBaseProtocol[0m[31m (176ms)[0m
  [32m  ‚úì[0m[90m test for AntiBaseProtocol[0m[31m (158ms)[0m
  [32m  ‚úì[0m[90m test for AntiBaseProtocol[0m[31m (166ms)[0m


[92m [0m[32m 17 passing[0m[90m (6s)[0m
[31m  7 failing[0m

[0m  1) Contract: AntiBaseProtocol
       test for AntiBaseProtocol:
[0m[31m     Error: Invalid number of parameters for "undefined". Got 4 expected 0![0m[90m
      at Context.<anonymous> (tests/test-AntiBaseProtocol.js:22:61)
      at processTicksAndRejections (internal/process/task_queues.js:95:5)
[0m
[0m  2) Contract: AntiBaseProtocol
       test for AntiBaseProtocol:
[0m[31m     TypeError: Cannot read property 'call' of undefined[0m[90m
      at Context.<anonymous> (tests/test-AntiBaseProtocol.js:106:50)
      at runMicrotasks (<anonymous>)
      at processTicksAndRejections (internal/process/task_queues.js:95:5)
[0m
[0m  3) Contract: AntiBaseProtocol
       test for AntiBaseProtocol:
[0m[31m     Error: Returned error: VM Exception while processing transaction: revert[0m[90m
      at Context.<anonymous> (tests/test-AntiBaseProtocol.js:205:62)
      at runMicrotasks (<anonymous>)
      at processTicksAndRejections (internal/process/task_queues.js:95:5)
[0m
[0m  4) Contract: AntiBaseProtocol
       test for AntiBaseProtocol:
[0m[31m     AssertionError: expected '0x75A290C8C693606568FA7690625D2c22441163b1' to equal 1.079730883527654e+47[0m[90m
      at Context.<anonymous> (tests/test-AntiBaseProtocol.js:232:10)
      at runMicrotasks (<anonymous>)
      at processTicksAndRejections (internal/process/task_queues.js:95:5)
[0m
[0m  5) Contract: AntiBaseProtocol
       test for AntiBaseProtocol:
[0m[31m     Error: Returned error: sender account not recognized[0m[90m
      at Context.<anonymous> (tests/test-AntiBaseProtocol.js:238:61)
      at runMicrotasks (<anonymous>)
      at processTicksAndRejections (internal/process/task_queues.js:95:5)
[0m
[0m  6) Contract: AntiBaseProtocol
       test for AntiBaseProtocol:
[0m[31m     AssertionError: expected promise to be rejected with 'Error' but it was fulfilled with {}[0m[90m
  
[0m
[0m  7) Contract: AntiBaseProtocol
       test for AntiBaseProtocol:
[0m[31m     AssertionError: expected promise to be rejected with 'Error' but it was fulfilled with {}[0m[90m
  
[0m


-----------------------|----------|----------|----------|----------|----------------|
File                   |  % Stmts | % Branch |  % Funcs |  % Lines |Uncovered Lines |
-----------------------|----------|----------|----------|----------|----------------|
 contracts/            |    69.39 |    56.25 |    85.71 |    68.63 |                |
  AntiBaseProtocol.sol |    69.39 |    56.25 |    85.71 |    68.63 |... 378,379,380 |
-----------------------|----------|----------|----------|----------|----------------|
All files              |    69.39 |    56.25 |    85.71 |    68.63 |                |
-----------------------|----------|----------|----------|----------|----------------|

> Istanbul reports written to ./coverage/ and ./coverage.json
> solidity-coverage cleaning up, shutting down ganache server
Error: ‚ùå 7 test(s) failed under coverage.
    at plugin (/app/node_modules/solidity-coverage/plugins/truffle.plugin.js:121:27)
    at runMicrotasks (<anonymous>)
    at processTicksAndRejections (internal/process/task_queues.js:95:5)
Truffle v5.4.6 (core: 5.4.6)
Node v14.17.5
