
> Using Truffle library from global node_modules.

> server:            http://127.0.0.1:8555
> truffle:           v5.4.6
> ganache-core:      v2.13.0
> solidity-coverage: v0.7.17

Network Info
============
> id:      *
> port:    8555
> network: soliditycoverage


Instrumenting for coverage...
=============================

> DMONDETHRewards.sol

Compiling your contracts...
===========================
> Compiling ./.coverage_contracts/DMONDETHRewards.sol
> Artifacts written to /app/.coverage_artifacts/contracts
> Compiled successfully using:
   - solc: 0.5.16+commit.9c3226ce.Emscripten.clang


Compiling your contracts...
===========================
> Everything is up to date, there is nothing to compile.


[0m[0m
[0m  Contract: DMONDETHRewards[0m
  [31m  1) test for DMONDETHRewards[0m

    Events emitted during test:
    ---------------------------

    Ownable.OwnershipTransferred(
      previousOwner: <indexed> [33m0x0000000000000000000000000000000000000000[39m (type: address),
      newOwner: <indexed> [33m0x1d3cf09521E1749Fc574eFE8f3B7Fc8c205E884f[39m (type: address)
    )


    ---------------------------
  [32m  ‚úì[0m[90m test for DMONDETHRewards[0m[31m (826ms)[0m
  [32m  ‚úì[0m[90m test for DMONDETHRewards[0m[31m (197ms)[0m
  [31m  2) test for DMONDETHRewards[0m

    Events emitted during test:
    ---------------------------

    Ownable.OwnershipTransferred(
      previousOwner: <indexed> [33m0x0000000000000000000000000000000000000000[39m (type: address),
      newOwner: <indexed> [33m0xD7e74866370d31db1C04539745d77C638F8bA38E[39m (type: address)
    )


    ---------------------------
  [32m  ‚úì[0m[90m test for DMONDETHRewards[0m[31m (200ms)[0m
  [31m  3) test for DMONDETHRewards[0m

    Events emitted during test:
    ---------------------------

    Ownable.OwnershipTransferred(
      previousOwner: <indexed> [33m0x0000000000000000000000000000000000000000[39m (type: address),
      newOwner: <indexed> [33m0x6a0d98FBE2cDB3aA3ff975B8E29F729D472E29B4[39m (type: address)
    )


    ---------------------------
  [32m  ‚úì[0m[90m test for DMONDETHRewards[0m[31m (215ms)[0m
  [32m  ‚úì[0m[90m test for DMONDETHRewards[0m[31m (179ms)[0m
  [31m  4) test for DMONDETHRewards[0m

    Events emitted during test:
    ---------------------------

    Ownable.OwnershipTransferred(
      previousOwner: <indexed> [33m0x0000000000000000000000000000000000000000[39m (type: address),
      newOwner: <indexed> [33m0x6a0d98FBE2cDB3aA3ff975B8E29F729D472E29B4[39m (type: address)
    )


    ---------------------------
  [31m  5) test for DMONDETHRewards[0m
    > No events were emitted
  [31m  6) test for DMONDETHRewards[0m

    Events emitted during test:
    ---------------------------

    Ownable.OwnershipTransferred(
      previousOwner: <indexed> [33m0x0000000000000000000000000000000000000000[39m (type: address),
      newOwner: <indexed> [33m0xbbd6680E71484B904dd5f5089DdFed190BFAA445[39m (type: address)
    )


    ---------------------------
  [32m  ‚úì[0m[90m test for DMONDETHRewards[0m[31m (273ms)[0m
  [31m  7) test for DMONDETHRewards[0m

    Events emitted during test:
    ---------------------------

    Ownable.OwnershipTransferred(
      previousOwner: <indexed> [33m0x0000000000000000000000000000000000000000[39m (type: address),
      newOwner: <indexed> [33m0x9A95B85453A59405F9381c5B66e5c54944255CF9[39m (type: address)
    )


    ---------------------------
  [31m  8) test for DMONDETHRewards[0m

    Events emitted during test:
    ---------------------------

    Ownable.OwnershipTransferred(
      previousOwner: <indexed> [33m0x0000000000000000000000000000000000000000[39m (type: address),
      newOwner: <indexed> [33m0x9A95B85453A59405F9381c5B66e5c54944255CF9[39m (type: address)
    )


    ---------------------------
  [31m  9) test for DMONDETHRewards[0m

    Events emitted during test:
    ---------------------------

    Ownable.OwnershipTransferred(
      previousOwner: <indexed> [33m0x0000000000000000000000000000000000000000[39m (type: address),
      newOwner: <indexed> [33m0x6a0d98FBE2cDB3aA3ff975B8E29F729D472E29B4[39m (type: address)
    )


    ---------------------------


[92m [0m[32m 6 passing[0m[90m (5s)[0m
[31m  9 failing[0m

[0m  1) Contract: DMONDETHRewards
       test for DMONDETHRewards:
[0m[31m     AssertionError: expected promise to be rejected with 'Error' but it was fulfilled with {}[0m[90m
  
[0m
[0m  2) Contract: DMONDETHRewards
       test for DMONDETHRewards:
[0m[31m     TypeError: Cannot read property 'call' of undefined[0m[90m
      at Context.<anonymous> (tests/test-DMONDETHRewards.js:60:50)
      at processTicksAndRejections (internal/process/task_queues.js:95:5)
[0m
[0m  3) Contract: DMONDETHRewards
       test for DMONDETHRewards:
[0m[31m     AssertionError: expected promise to be rejected with 'Error' but it was fulfilled with {}[0m[90m
  
[0m
[0m  4) Contract: DMONDETHRewards
       test for DMONDETHRewards:
[0m[31m     AssertionError: expected promise to be rejected with 'Error' but it was fulfilled with {}[0m[90m
  
[0m
[0m  5) Contract: DMONDETHRewards
       test for DMONDETHRewards:
[0m[31m     Error: Returned error: sender account not recognized[0m[90m
      at Context.<anonymous> (tests/test-DMONDETHRewards.js:125:59)
      at runMicrotasks (<anonymous>)
      at processTicksAndRejections (internal/process/task_queues.js:95:5)
[0m
[0m  6) Contract: DMONDETHRewards
       test for DMONDETHRewards:
[0m[31m     AssertionError: expected '0xbbd6680E71484B904dd5f5089DdFed190BFAA445' to equal 9.428879589362183e+44[0m[90m
      at Context.<anonymous> (tests/test-DMONDETHRewards.js:144:10)
      at runMicrotasks (<anonymous>)
      at processTicksAndRejections (internal/process/task_queues.js:95:5)
[0m
[0m  7) Contract: DMONDETHRewards
       test for DMONDETHRewards:
[0m[31m     AssertionError: expected promise to be rejected with 'Error' but it was fulfilled with {}[0m[90m
  
[0m
[0m  8) Contract: DMONDETHRewards
       test for DMONDETHRewards:
[0m[31m     AssertionError: expected promise to be rejected with 'Error' but it was fulfilled with {}[0m[90m
  
[0m
[0m  9) Contract: DMONDETHRewards
       test for DMONDETHRewards:
[0m[31m     AssertionError: expected promise to be rejected with 'Error' but it was fulfilled with {}[0m[90m
  
[0m


----------------------|----------|----------|----------|----------|----------------|
File                  |  % Stmts | % Branch |  % Funcs |  % Lines |Uncovered Lines |
----------------------|----------|----------|----------|----------|----------------|
 contracts/           |    59.62 |     41.3 |    72.34 |    61.47 |                |
  DMONDETHRewards.sol |    59.62 |     41.3 |    72.34 |    61.47 |... 369,374,375 |
----------------------|----------|----------|----------|----------|----------------|
All files             |    59.62 |     41.3 |    72.34 |    61.47 |                |
----------------------|----------|----------|----------|----------|----------------|

> Istanbul reports written to ./coverage/ and ./coverage.json
> solidity-coverage cleaning up, shutting down ganache server
Error: ‚ùå 9 test(s) failed under coverage.
    at plugin (/app/node_modules/solidity-coverage/plugins/truffle.plugin.js:121:27)
    at runMicrotasks (<anonymous>)
    at processTicksAndRejections (internal/process/task_queues.js:95:5)
Truffle v5.4.6 (core: 5.4.6)
Node v14.17.5
