
> Using Truffle library from global node_modules.

> server:            http://127.0.0.1:8555
> truffle:           v5.4.6
> ganache-core:      v2.13.0
> solidity-coverage: v0.7.17

Network Info
============
> id:      *
> port:    8555
> network: soliditycoverage


Instrumenting for coverage...
=============================

> BancorV2_ZapIn_General_V1_1.sol

Compiling your contracts...
===========================
> Compiling ./.coverage_contracts/BancorV2_ZapIn_General_V1_1.sol
> Compilation warnings encountered:

    project:/.coverage_contracts/BancorV2_ZapIn_General_V1_1.sol:279:9: Warning: Unused function parameter. Remove or comment out the variable name to silence this warning.
        string memory errorMessage
        ^------------------------^

> Artifacts written to /app/.coverage_artifacts/contracts
> Compiled successfully using:
   - solc: 0.5.16+commit.9c3226ce.Emscripten.clang


Compiling your contracts...
===========================
> Everything is up to date, there is nothing to compile.


[0m[0m
[0m  Contract: BancorV2_ZapIn_General_V1_1[0m
  [32m  ‚úì[0m[90m test for BancorV2_ZapIn_General_V1_1[0m[31m (1205ms)[0m
  [32m  ‚úì[0m[90m test for BancorV2_ZapIn_General_V1_1[0m[31m (243ms)[0m
  [31m  1) test for BancorV2_ZapIn_General_V1_1[0m

    Events emitted during test:
    ---------------------------

    Ownable.OwnershipTransferred(
      previousOwner: <indexed> [33m0x0000000000000000000000000000000000000000[39m (type: address),
      newOwner: <indexed> [33m0x5192C5F4398acd20f96422a1787224205Cb8f5Ed[39m (type: address)
    )


    ---------------------------
  [31m  2) test for BancorV2_ZapIn_General_V1_1[0m

    Events emitted during test:
    ---------------------------

    Ownable.OwnershipTransferred(
      previousOwner: <indexed> [33m0x0000000000000000000000000000000000000000[39m (type: address),
      newOwner: <indexed> [33m0x3E474a3Fd8E6bcACb892d1903FE19Eb8082EcE98[39m (type: address)
    )


    ---------------------------
  [31m  3) test for BancorV2_ZapIn_General_V1_1[0m

    Events emitted during test:
    ---------------------------

    Ownable.OwnershipTransferred(
      previousOwner: <indexed> [33m0x0000000000000000000000000000000000000000[39m (type: address),
      newOwner: <indexed> [33m0x5192C5F4398acd20f96422a1787224205Cb8f5Ed[39m (type: address)
    )


    ---------------------------
  [32m  ‚úì[0m[90m test for BancorV2_ZapIn_General_V1_1[0m[31m (178ms)[0m
  [31m  4) test for BancorV2_ZapIn_General_V1_1[0m
    > No events were emitted
  [31m  5) test for BancorV2_ZapIn_General_V1_1[0m

    Events emitted during test:
    ---------------------------

    Ownable.OwnershipTransferred(
      previousOwner: <indexed> [33m0x0000000000000000000000000000000000000000[39m (type: address),
      newOwner: <indexed> [33m0xb109FBC5CA7ae4133813544A5F2784d8Ca44691E[39m (type: address)
    )


    ---------------------------


[92m [0m[32m 3 passing[0m[90m (4s)[0m
[31m  5 failing[0m

[0m  1) Contract: BancorV2_ZapIn_General_V1_1
       test for BancorV2_ZapIn_General_V1_1:
[0m[31m     AssertionError: expected promise to be rejected with 'Error' but it was fulfilled with {}[0m[90m
  
[0m
[0m  2) Contract: BancorV2_ZapIn_General_V1_1
       test for BancorV2_ZapIn_General_V1_1:
[0m[31m     AssertionError: expected '0x3E474a3Fd8E6bcACb892d1903FE19Eb8082EcE98' to equal 3.4829483083730356e+47[0m[90m
      at Context.<anonymous> (tests/test-BancorV2_ZapIn_General_V1_1.js:77:10)
      at processTicksAndRejections (internal/process/task_queues.js:95:5)
[0m
[0m  3) Contract: BancorV2_ZapIn_General_V1_1
       test for BancorV2_ZapIn_General_V1_1:
[0m[31m     TypeError: Cannot read property 'call' of undefined[0m[90m
      at Context.<anonymous> (tests/test-BancorV2_ZapIn_General_V1_1.js:94:64)
      at runMicrotasks (<anonymous>)
      at processTicksAndRejections (internal/process/task_queues.js:95:5)
[0m
[0m  4) Contract: BancorV2_ZapIn_General_V1_1
       test for BancorV2_ZapIn_General_V1_1:
[0m[31m     Error: Returned error: sender account not recognized[0m[90m
      at Context.<anonymous> (tests/test-BancorV2_ZapIn_General_V1_1.js:128:82)
      at runMicrotasks (<anonymous>)
      at processTicksAndRejections (internal/process/task_queues.js:95:5)
[0m
[0m  5) Contract: BancorV2_ZapIn_General_V1_1
       test for BancorV2_ZapIn_General_V1_1:
[0m[31m     AssertionError: expected promise to be rejected with 'Error' but it was fulfilled with {}[0m[90m
  
[0m


----------------------------------|----------|----------|----------|----------|----------------|
File                              |  % Stmts | % Branch |  % Funcs |  % Lines |Uncovered Lines |
----------------------------------|----------|----------|----------|----------|----------------|
 contracts/                       |    23.73 |    10.34 |    46.15 |    25.41 |                |
  BancorV2_ZapIn_General_V1_1.sol |    23.73 |    10.34 |    46.15 |    25.41 |... 915,920,934 |
----------------------------------|----------|----------|----------|----------|----------------|
All files                         |    23.73 |    10.34 |    46.15 |    25.41 |                |
----------------------------------|----------|----------|----------|----------|----------------|

> Istanbul reports written to ./coverage/ and ./coverage.json
> solidity-coverage cleaning up, shutting down ganache server
Error: ‚ùå 5 test(s) failed under coverage.
    at plugin (/app/node_modules/solidity-coverage/plugins/truffle.plugin.js:121:27)
    at runMicrotasks (<anonymous>)
    at processTicksAndRejections (internal/process/task_queues.js:95:5)
Truffle v5.4.6 (core: 5.4.6)
Node v14.17.5
