
> Using Truffle library from global node_modules.

> server:            http://127.0.0.1:8555
> truffle:           v5.4.6
> ganache-core:      v2.13.0
> solidity-coverage: v0.7.17

Network Info
============
> id:      *
> port:    8555
> network: soliditycoverage


Instrumenting for coverage...
=============================

> DJCoin.sol

Compiling your contracts...
===========================
> Compiling ./.coverage_contracts/DJCoin.sol
> Artifacts written to /app/.coverage_artifacts/contracts
> Compiled successfully using:
   - solc: 0.5.16+commit.9c3226ce.Emscripten.clang


Compiling your contracts...
===========================
> Everything is up to date, there is nothing to compile.


[0m[0m
[0m  Contract: DJCoin[0m
  [32m  ‚úì[0m[90m test for DJCoin[0m[31m (1390ms)[0m
  [32m  ‚úì[0m[90m test for DJCoin[0m[31m (304ms)[0m
  [31m  1) test for DJCoin[0m

    Events emitted during test:
    ---------------------------

    Ownable.OwnershipTransferred(
      previousOwner: <indexed> [33m0x0000000000000000000000000000000000000000[39m (type: address),
      newOwner: <indexed> [33m0x0ca5D631c3d57b3d4cbB1575faCD95afAEd025B3[39m (type: address)
    )

    DJCoin.Transfer(
      from: <indexed> [33m0x0000000000000000000000000000000000000000[39m (type: address),
      to: <indexed> [33m0x0ca5D631c3d57b3d4cbB1575faCD95afAEd025B3[39m (type: address),
      value: [33m2100000000000[39m (type: uint256)
    )


    ---------------------------
  [32m  ‚úì[0m[90m test for DJCoin[0m[31m (285ms)[0m
  [32m  ‚úì[0m[90m test for DJCoin[0m[31m (247ms)[0m
  [32m  ‚úì[0m[90m test for DJCoin[0m[31m (269ms)[0m
  [32m  ‚úì[0m[90m test for DJCoin[0m[31m (304ms)[0m
  [32m  ‚úì[0m[90m test for DJCoin[0m[31m (226ms)[0m
  [32m  ‚úì[0m[90m test for DJCoin[0m[31m (298ms)[0m
  [31m  2) test for DJCoin[0m
    > No events were emitted
  [31m  3) test for DJCoin[0m

    Events emitted during test:
    ---------------------------

    Ownable.OwnershipTransferred(
      previousOwner: <indexed> [33m0x0000000000000000000000000000000000000000[39m (type: address),
      newOwner: <indexed> [33m0x08898b6f6571aD1178AcF1df6e549D907c5e6680[39m (type: address)
    )

    DJCoin.Transfer(
      from: <indexed> [33m0x0000000000000000000000000000000000000000[39m (type: address),
      to: <indexed> [33m0x08898b6f6571aD1178AcF1df6e549D907c5e6680[39m (type: address),
      value: [33m2100000000000[39m (type: uint256)
    )


    ---------------------------
  [32m  ‚úì[0m[90m test for DJCoin[0m[31m (273ms)[0m
  [31m  4) test for DJCoin[0m

    Events emitted during test:
    ---------------------------

    Ownable.OwnershipTransferred(
      previousOwner: <indexed> [33m0x0000000000000000000000000000000000000000[39m (type: address),
      newOwner: <indexed> [33m0xEBD7F5701EFF55ba79Af8E91769881012A7526C0[39m (type: address)
    )

    DJCoin.Transfer(
      from: <indexed> [33m0x0000000000000000000000000000000000000000[39m (type: address),
      to: <indexed> [33m0xEBD7F5701EFF55ba79Af8E91769881012A7526C0[39m (type: address),
      value: [33m2100000000000[39m (type: uint256)
    )


    ---------------------------
  [32m  ‚úì[0m[90m test for DJCoin[0m[31m (1378ms)[0m


[92m [0m[32m 10 passing[0m[90m (6s)[0m
[31m  4 failing[0m

[0m  1) Contract: DJCoin
       test for DJCoin:
[0m[31m     TypeError: Cannot read property 'call' of undefined[0m[90m
      at Context.<anonymous> (tests/test-DJCoin.js:51:40)
      at processTicksAndRejections (internal/process/task_queues.js:95:5)
[0m
[0m  2) Contract: DJCoin
       test for DJCoin:
[0m[31m     Error: Returned error: sender account not recognized[0m[90m
      at Context.<anonymous> (tests/test-DJCoin.js:168:40)
      at runMicrotasks (<anonymous>)
      at processTicksAndRejections (internal/process/task_queues.js:95:5)
[0m
[0m  3) Contract: DJCoin
       test for DJCoin:
[0m[31m     AssertionError: expected '0x08898b6f6571aD1178AcF1df6e549D907c5e6680' to equal 7.404826817512351e+47[0m[90m
      at Context.<anonymous> (tests/test-DJCoin.js:185:10)
      at runMicrotasks (<anonymous>)
      at processTicksAndRejections (internal/process/task_queues.js:95:5)
[0m
[0m  4) Contract: DJCoin
       test for DJCoin:
[0m[31m     AssertionError: expected promise to be rejected with 'Error' but it was fulfilled with {}[0m[90m
  
[0m


-------------|----------|----------|----------|----------|----------------|
File         |  % Stmts | % Branch |  % Funcs |  % Lines |Uncovered Lines |
-------------|----------|----------|----------|----------|----------------|
 contracts/  |    76.67 |    43.75 |       88 |    77.17 |                |
  DJCoin.sol |    76.67 |    43.75 |       88 |    77.17 |... 262,264,288 |
-------------|----------|----------|----------|----------|----------------|
All files    |    76.67 |    43.75 |       88 |    77.17 |                |
-------------|----------|----------|----------|----------|----------------|

> Istanbul reports written to ./coverage/ and ./coverage.json
> solidity-coverage cleaning up, shutting down ganache server
Error: ‚ùå 4 test(s) failed under coverage.
    at plugin (/app/node_modules/solidity-coverage/plugins/truffle.plugin.js:121:27)
    at runMicrotasks (<anonymous>)
    at processTicksAndRejections (internal/process/task_queues.js:95:5)
    at runNextTicks (internal/process/task_queues.js:64:3)
    at processImmediate (internal/timers.js:437:9)
Truffle v5.4.6 (core: 5.4.6)
Node v14.17.5
