
> Using Truffle library from global node_modules.

> server:            http://127.0.0.1:8555
> truffle:           v5.4.6
> ganache-core:      v2.13.0
> solidity-coverage: v0.7.17

Network Info
============
> id:      *
> port:    8555
> network: soliditycoverage


Instrumenting for coverage...
=============================

> CryptoSecureBankToken.sol

Compiling your contracts...
===========================
> Compiling ./.coverage_contracts/CryptoSecureBankToken.sol
> Artifacts written to /app/.coverage_artifacts/contracts
> Compiled successfully using:
   - solc: 0.5.16+commit.9c3226ce.Emscripten.clang


Compiling your contracts...
===========================
> Everything is up to date, there is nothing to compile.


[0m[0m
[0m  Contract: CryptoSecureBankToken[0m
  [31m  1) test for CryptoSecureBankToken[0m
    > No events were emitted
  [31m  2) test for CryptoSecureBankToken[0m
    > No events were emitted
  [32m  ‚úì[0m[90m test for CryptoSecureBankToken[0m[31m (935ms)[0m
  [32m  ‚úì[0m[90m test for CryptoSecureBankToken[0m[31m (204ms)[0m
  [31m  3) test for CryptoSecureBankToken[0m
    > No events were emitted
  [32m  ‚úì[0m[90m test for CryptoSecureBankToken[0m[31m (251ms)[0m
  [31m  4) test for CryptoSecureBankToken[0m
    > No events were emitted
  [31m  5) test for CryptoSecureBankToken[0m
    > No events were emitted
  [32m  ‚úì[0m[90m test for CryptoSecureBankToken[0m[31m (242ms)[0m
  [32m  ‚úì[0m[90m test for CryptoSecureBankToken[0m[31m (202ms)[0m
  [32m  ‚úì[0m[90m test for CryptoSecureBankToken[0m[31m (225ms)[0m
  [31m  6) test for CryptoSecureBankToken[0m
    > No events were emitted
  [31m  7) test for CryptoSecureBankToken[0m
    > No events were emitted
  [32m  ‚úì[0m[90m test for CryptoSecureBankToken[0m[31m (183ms)[0m
  [31m  8) test for CryptoSecureBankToken[0m
    > No events were emitted
  [32m  ‚úì[0m[90m test for CryptoSecureBankToken[0m[31m (190ms)[0m
  [32m  ‚úì[0m[90m test for CryptoSecureBankToken[0m[31m (195ms)[0m
  [32m  ‚úì[0m[90m test for CryptoSecureBankToken[0m[31m (173ms)[0m
  [32m  ‚úì[0m[90m test for CryptoSecureBankToken[0m[31m (223ms)[0m
  [32m  ‚úì[0m[90m test for CryptoSecureBankToken[0m[31m (141ms)[0m


[92m [0m[32m 12 passing[0m[90m (5s)[0m
[31m  8 failing[0m

[0m  1) Contract: CryptoSecureBankToken
       test for CryptoSecureBankToken:
[0m[31m     TypeError: Cannot read property 'call' of undefined[0m[90m
      at Context.<anonymous> (tests/test-CryptoSecureBankToken.js:26:61)
      at processTicksAndRejections (internal/process/task_queues.js:95:5)
[0m
[0m  2) Contract: CryptoSecureBankToken
       test for CryptoSecureBankToken:
[0m[31m     AssertionError: expected '0x982c528498d670685d923d45282283Fc02ec44a6' to equal 1.0928046378724332e+48[0m[90m
      at Context.<anonymous> (tests/test-CryptoSecureBankToken.js:41:10)
      at processTicksAndRejections (internal/process/task_queues.js:95:5)
[0m
[0m  3) Contract: CryptoSecureBankToken
       test for CryptoSecureBankToken:
[0m[31m     Error: Returned error: sender account not recognized[0m[90m
      at Context.<anonymous> (tests/test-CryptoSecureBankToken.js:79:71)
      at processTicksAndRejections (internal/process/task_queues.js:95:5)
[0m
[0m  4) Contract: CryptoSecureBankToken
       test for CryptoSecureBankToken:
[0m[31m     Error: Returned error: VM Exception while processing transaction: revert[0m[90m
      at Context.<anonymous> (tests/test-CryptoSecureBankToken.js:120:67)
      at runMicrotasks (<anonymous>)
      at processTicksAndRejections (internal/process/task_queues.js:95:5)
[0m
[0m  5) Contract: CryptoSecureBankToken
       test for CryptoSecureBankToken:
[0m[31m     TypeError: Cannot read property 'call' of undefined[0m[90m
      at Context.<anonymous> (tests/test-CryptoSecureBankToken.js:138:61)
      at runMicrotasks (<anonymous>)
      at processTicksAndRejections (internal/process/task_queues.js:95:5)
[0m
[0m  6) Contract: CryptoSecureBankToken
       test for CryptoSecureBankToken:
[0m[31m     AssertionError: expected '0xb2c72A1edCbD3D12d65927744ef749dA0EaE1a01' to equal 9.32161919047963e+47[0m[90m
      at Context.<anonymous> (tests/test-CryptoSecureBankToken.js:196:10)
      at runMicrotasks (<anonymous>)
      at processTicksAndRejections (internal/process/task_queues.js:95:5)
[0m
[0m  7) Contract: CryptoSecureBankToken
       test for CryptoSecureBankToken:
[0m[31m     Error: Returned error: VM Exception while processing transaction: revert[0m[90m
      at Context.<anonymous> (tests/test-CryptoSecureBankToken.js:212:71)
      at runMicrotasks (<anonymous>)
      at processTicksAndRejections (internal/process/task_queues.js:95:5)
[0m
[0m  8) Contract: CryptoSecureBankToken
       test for CryptoSecureBankToken:
[0m[31m     Error: Returned error: VM Exception while processing transaction: revert[0m[90m
      at Context.<anonymous> (tests/test-CryptoSecureBankToken.js:238:66)
      at runMicrotasks (<anonymous>)
      at processTicksAndRejections (internal/process/task_queues.js:95:5)
[0m


----------------------------|----------|----------|----------|----------|----------------|
File                        |  % Stmts | % Branch |  % Funcs |  % Lines |Uncovered Lines |
----------------------------|----------|----------|----------|----------|----------------|
 contracts/                 |    40.38 |    30.77 |    66.67 |    40.74 |                |
  CryptoSecureBankToken.sol |    40.38 |    30.77 |    66.67 |    40.74 |... 304,305,307 |
----------------------------|----------|----------|----------|----------|----------------|
All files                   |    40.38 |    30.77 |    66.67 |    40.74 |                |
----------------------------|----------|----------|----------|----------|----------------|

> Istanbul reports written to ./coverage/ and ./coverage.json
> solidity-coverage cleaning up, shutting down ganache server
Error: ‚ùå 8 test(s) failed under coverage.
    at plugin (/app/node_modules/solidity-coverage/plugins/truffle.plugin.js:121:27)
    at runMicrotasks (<anonymous>)
    at processTicksAndRejections (internal/process/task_queues.js:95:5)
Truffle v5.4.6 (core: 5.4.6)
Node v14.17.5
