
> Using Truffle library from global node_modules.

> server:            http://127.0.0.1:8555
> truffle:           v5.4.6
> ganache-core:      v2.13.0
> solidity-coverage: v0.7.17

Network Info
============
> id:      *
> port:    8555
> network: soliditycoverage


Instrumenting for coverage...
=============================

> StakingDextoken_utils.sol
> StakingDextoken.sol

Compiling your contracts...
===========================
> Compiling ./.coverage_contracts/StakingDextoken.sol
> Compiling ./.coverage_contracts/StakingDextoken_utils.sol
> Compilation warnings encountered:

    project:/.coverage_contracts/StakingDextoken_utils.sol:3:1: Warning: Source file does not specify required compiler version! Consider adding "pragma solidity ^0.5.16;"
library Math {
^ (Relevant source part starts here and spans across multiple lines).

> Artifacts written to /app/.coverage_artifacts/contracts
> Compiled successfully using:
   - solc: 0.5.16+commit.9c3226ce.Emscripten.clang


Compiling your contracts...
===========================
> Everything is up to date, there is nothing to compile.


[0m[0m
[0m  Contract: StakingDextoken[0m
  [32m  ‚úì[0m[90m test for StakingDextoken[0m[31m (1160ms)[0m
  [31m  1) test for StakingDextoken[0m
    > No events were emitted
  [32m  ‚úì[0m[90m test for StakingDextoken[0m[31m (251ms)[0m
  [32m  ‚úì[0m[90m test for StakingDextoken[0m[31m (251ms)[0m
  [31m  2) test for StakingDextoken[0m
    > No events were emitted
  [31m  3) test for StakingDextoken[0m
    > No events were emitted
  [32m  ‚úì[0m[90m test for StakingDextoken[0m[31m (336ms)[0m
  [32m  ‚úì[0m[90m test for StakingDextoken[0m[31m (237ms)[0m
  [32m  ‚úì[0m[90m test for StakingDextoken[0m[31m (215ms)[0m
  [31m  4) test for StakingDextoken[0m
    > No events were emitted
  [32m  ‚úì[0m[90m test for StakingDextoken[0m[31m (282ms)[0m
  [32m  ‚úì[0m[90m test for StakingDextoken[0m[31m (257ms)[0m
  [32m  ‚úì[0m[90m test for StakingDextoken[0m[31m (290ms)[0m
  [32m  ‚úì[0m[90m test for StakingDextoken[0m[31m (214ms)[0m
  [31m  5) test for StakingDextoken[0m
    > No events were emitted
  [32m  ‚úì[0m[90m test for StakingDextoken[0m[31m (268ms)[0m
  [32m  ‚úì[0m[90m test for StakingDextoken[0m[31m (263ms)[0m
  [32m  ‚úì[0m[90m test for StakingDextoken[0m[31m (279ms)[0m
  [32m  ‚úì[0m[90m test for StakingDextoken[0m[31m (298ms)[0m


[92m [0m[32m 14 passing[0m[90m (6s)[0m
[31m  5 failing[0m

[0m  1) Contract: StakingDextoken
       test for StakingDextoken:
[0m[31m     AssertionError: expected promise to be rejected with 'Error' but it was fulfilled with {}[0m[90m
  
[0m
[0m  2) Contract: StakingDextoken
       test for StakingDextoken:
[0m[31m     TypeError: Cannot read property 'call' of undefined[0m[90m
      at Context.<anonymous> (tests/test-StakingDextoken.js:79:52)
      at runMicrotasks (<anonymous>)
      at processTicksAndRejections (internal/process/task_queues.js:95:5)
[0m
[0m  3) Contract: StakingDextoken
       test for StakingDextoken:
[0m[31m     Error: Returned error: sender account not recognized[0m[90m
      at Context.<anonymous> (tests/test-StakingDextoken.js:85:59)
      at runMicrotasks (<anonymous>)
      at processTicksAndRejections (internal/process/task_queues.js:95:5)
[0m
[0m  4) Contract: StakingDextoken
       test for StakingDextoken:
[0m[31m     AssertionError: expected promise to be rejected with 'Error' but it was fulfilled with {}[0m[90m
  
[0m
[0m  5) Contract: StakingDextoken
       test for StakingDextoken:
[0m[31m     TypeError: Cannot read property 'call' of undefined[0m[90m
      at Context.<anonymous> (tests/test-StakingDextoken.js:252:48)
      at runMicrotasks (<anonymous>)
      at processTicksAndRejections (internal/process/task_queues.js:95:5)
[0m


----------------------------|----------|----------|----------|----------|----------------|
File                        |  % Stmts | % Branch |  % Funcs |  % Lines |Uncovered Lines |
----------------------------|----------|----------|----------|----------|----------------|
 contracts/                 |     51.2 |    38.24 |    63.08 |     52.3 |                |
  StakingDextoken.sol       |    62.37 |    48.33 |    92.59 |    63.16 |... 268,269,270 |
  StakingDextoken_utils.sol |    36.99 |    23.81 |    42.11 |    39.24 |... 525,529,530 |
----------------------------|----------|----------|----------|----------|----------------|
All files                   |     51.2 |    38.24 |    63.08 |     52.3 |                |
----------------------------|----------|----------|----------|----------|----------------|

> Istanbul reports written to ./coverage/ and ./coverage.json
> solidity-coverage cleaning up, shutting down ganache server
Error: ‚ùå 5 test(s) failed under coverage.
    at plugin (/app/node_modules/solidity-coverage/plugins/truffle.plugin.js:121:27)
    at runMicrotasks (<anonymous>)
    at processTicksAndRejections (internal/process/task_queues.js:95:5)
Truffle v5.4.6 (core: 5.4.6)
Node v14.17.5
