
> Using Truffle library from global node_modules.

> server:            http://127.0.0.1:8555
> truffle:           v5.4.6
> ganache-core:      v2.13.0
> solidity-coverage: v0.7.17

Network Info
============
> id:      *
> port:    8555
> network: soliditycoverage


Instrumenting for coverage...
=============================

> CourtFarming_RoomLPStake_utils.sol
> CourtFarming_RoomLPStake.sol

Compiling your contracts...
===========================
> Compiling ./.coverage_contracts/CourtFarming_RoomLPStake.sol
> Compiling ./.coverage_contracts/CourtFarming_RoomLPStake_utils.sol
> Artifacts written to /app/.coverage_artifacts/contracts
> Compiled successfully using:
   - solc: 0.5.16+commit.9c3226ce.Emscripten.clang


Compiling your contracts...
===========================
> Everything is up to date, there is nothing to compile.


[0m[0m
[0m  Contract: CourtFarming_RoomLPStake[0m
  [31m  1) test for CourtFarming_RoomLPStake[0m
    > No events were emitted
  [32m  ‚úì[0m[90m test for CourtFarming_RoomLPStake[0m[31m (981ms)[0m
  [32m  ‚úì[0m[90m test for CourtFarming_RoomLPStake[0m[31m (350ms)[0m
  [31m  2) test for CourtFarming_RoomLPStake[0m
    > No events were emitted
  [32m  ‚úì[0m[90m test for CourtFarming_RoomLPStake[0m[31m (168ms)[0m
  [32m  ‚úì[0m[90m test for CourtFarming_RoomLPStake[0m[31m (237ms)[0m
  [31m  3) test for CourtFarming_RoomLPStake[0m
    > No events were emitted
  [32m  ‚úì[0m[90m test for CourtFarming_RoomLPStake[0m[31m (560ms)[0m
  [32m  ‚úì[0m[90m test for CourtFarming_RoomLPStake[0m[31m (377ms)[0m
  [31m  4) test for CourtFarming_RoomLPStake[0m
    > No events were emitted
  [31m  5) test for CourtFarming_RoomLPStake[0m
    > No events were emitted
  [32m  ‚úì[0m[90m test for CourtFarming_RoomLPStake[0m[31m (315ms)[0m
  [32m  ‚úì[0m[90m test for CourtFarming_RoomLPStake[0m[31m (239ms)[0m


[92m [0m[32m 8 passing[0m[90m (5s)[0m
[31m  5 failing[0m

[0m  1) Contract: CourtFarming_RoomLPStake
       test for CourtFarming_RoomLPStake:
[0m[31m     AssertionError: expected <BN: 6131ede7> to equal {}[0m[90m
      at Context.<anonymous> (tests/test-CourtFarming_RoomLPStake.js:17:10)
      at processTicksAndRejections (internal/process/task_queues.js:95:5)
[0m
[0m  2) Contract: CourtFarming_RoomLPStake
       test for CourtFarming_RoomLPStake:
[0m[31m     AssertionError: expected <BN: 6131ede9> to equal {}[0m[90m
      at Context.<anonymous> (tests/test-CourtFarming_RoomLPStake.js:54:10)
      at runMicrotasks (<anonymous>)
      at processTicksAndRejections (internal/process/task_queues.js:95:5)
[0m
[0m  3) Contract: CourtFarming_RoomLPStake
       test for CourtFarming_RoomLPStake:
[0m[31m     AssertionError: expected <BN: 7> to equal {}[0m[90m
      at Context.<anonymous> (tests/test-CourtFarming_RoomLPStake.js:92:10)
      at runMicrotasks (<anonymous>)
      at processTicksAndRejections (internal/process/task_queues.js:95:5)
[0m
[0m  4) Contract: CourtFarming_RoomLPStake
       test for CourtFarming_RoomLPStake:
[0m[31m     AssertionError: expected <BN: a> to equal {}[0m[90m
      at Context.<anonymous> (tests/test-CourtFarming_RoomLPStake.js:146:10)
      at runMicrotasks (<anonymous>)
      at processTicksAndRejections (internal/process/task_queues.js:95:5)
[0m
[0m  5) Contract: CourtFarming_RoomLPStake
       test for CourtFarming_RoomLPStake:
[0m[31m     Error: Returned error: sender account not recognized[0m[90m
      at Context.<anonymous> (tests/test-CourtFarming_RoomLPStake.js:152:76)
      at runMicrotasks (<anonymous>)
      at processTicksAndRejections (internal/process/task_queues.js:95:5)
[0m


-------------------------------------|----------|----------|----------|----------|----------------|
File                                 |  % Stmts | % Branch |  % Funcs |  % Lines |Uncovered Lines |
-------------------------------------|----------|----------|----------|----------|----------------|
 contracts/                          |    63.01 |    36.67 |    78.38 |    63.27 |                |
  CourtFarming_RoomLPStake.sol       |    66.36 |    41.18 |      100 |    66.36 |... 326,331,336 |
  CourtFarming_RoomLPStake_utils.sol |    53.85 |    30.77 |    52.94 |       55 |... 374,376,378 |
-------------------------------------|----------|----------|----------|----------|----------------|
All files                            |    63.01 |    36.67 |    78.38 |    63.27 |                |
-------------------------------------|----------|----------|----------|----------|----------------|

> Istanbul reports written to ./coverage/ and ./coverage.json
> solidity-coverage cleaning up, shutting down ganache server
Error: ‚ùå 5 test(s) failed under coverage.
    at plugin (/app/node_modules/solidity-coverage/plugins/truffle.plugin.js:121:27)
    at runMicrotasks (<anonymous>)
    at processTicksAndRejections (internal/process/task_queues.js:95:5)
Truffle v5.4.6 (core: 5.4.6)
Node v14.17.5
