
> Using Truffle library from global node_modules.

> server:            http://127.0.0.1:8555
> truffle:           v5.4.6
> ganache-core:      v2.13.0
> solidity-coverage: v0.7.17

Network Info
============
> id:      *
> port:    8555
> network: soliditycoverage


Instrumenting for coverage...
=============================

> Fomp.sol

Compiling your contracts...
===========================
> Compiling ./.coverage_contracts/Fomp.sol
> Compilation warnings encountered:

    project:/.coverage_contracts/Fomp.sol:6:1: Warning: Experimental features are turned on. Do not use experimental features on live deployments.
pragma experimental ABIEncoderV2;
^-------------------------------^
,project:/.coverage_contracts/Fomp.sol:533:40: Warning: Unused function parameter. Remove or comment out the variable name to silence this warning.
 ... function sub96(uint96 a, uint96 b, string memory errorMessage) internal pure returns (uint96) {c ...
                                        ^------------------------^

> Artifacts written to /app/.coverage_artifacts/contracts
> Compiled successfully using:
   - solc: 0.5.16+commit.9c3226ce.Emscripten.clang


Compiling your contracts...
===========================
> Everything is up to date, there is nothing to compile.


[0m[0m
[0m  Contract: Fomp[0m
  [31m  1) test for Fomp[0m

    Events emitted during test:
    ---------------------------

    Fomp.Transfer(
      from: <indexed> [33m0x0000000000000000000000000000000000000000[39m (type: address),
      to: <indexed> [33m0xcFC8F62723635bcCe11B0C587ed03c3DC302ef52[39m (type: address),
      amount: [33m1000000000000000000000000[39m (type: uint256)
    )


    ---------------------------
  [31m  2) test for Fomp[0m

    Events emitted during test:
    ---------------------------

    Fomp.Transfer(
      from: <indexed> [33m0x0000000000000000000000000000000000000000[39m (type: address),
      to: <indexed> [33m0x8b4161668401F4d5D1531827007138615e5C6aCa[39m (type: address),
      amount: [33m1000000000000000000000000[39m (type: uint256)
    )


    ---------------------------
  [32m  ‚úì[0m[90m test for Fomp[0m[31m (943ms)[0m
  [32m  ‚úì[0m[90m test for Fomp[0m[31m (301ms)[0m
  [32m  ‚úì[0m[90m test for Fomp[0m[31m (284ms)[0m
  [31m  3) test for Fomp[0m

    Events emitted during test:
    ---------------------------

    Fomp.Transfer(
      from: <indexed> [33m0x0000000000000000000000000000000000000000[39m (type: address),
      to: <indexed> [33m0x3B6427Ff236Df9C0b9B4C430d8a32D21B8597A5F[39m (type: address),
      amount: [33m1000000000000000000000000[39m (type: uint256)
    )


    ---------------------------
  [31m  4) test for Fomp[0m

    Events emitted during test:
    ---------------------------

    Fomp.Transfer(
      from: <indexed> [33m0x0000000000000000000000000000000000000000[39m (type: address),
      to: <indexed> [33m0x8b4161668401F4d5D1531827007138615e5C6aCa[39m (type: address),
      amount: [33m1000000000000000000000000[39m (type: uint256)
    )


    ---------------------------
  [31m  5) test for Fomp[0m
    > No events were emitted
  [31m  6) test for Fomp[0m

    Events emitted during test:
    ---------------------------

    Fomp.Transfer(
      from: <indexed> [33m0x0000000000000000000000000000000000000000[39m (type: address),
      to: <indexed> [33m0x8b4161668401F4d5D1531827007138615e5C6aCa[39m (type: address),
      amount: [33m1000000000000000000000000[39m (type: uint256)
    )


    ---------------------------
  [32m  ‚úì[0m[90m test for Fomp[0m[31m (213ms)[0m


[92m [0m[32m 4 passing[0m[90m (4s)[0m
[31m  6 failing[0m

[0m  1) Contract: Fomp
       test for Fomp:
[0m[31m     AssertionError: expected promise to be rejected with 'Error' but it was fulfilled with true[0m[90m
  
[0m
[0m  2) Contract: Fomp
       test for Fomp:
[0m[31m     AssertionError: expected promise to be rejected with 'Error' but it was fulfilled with true[0m[90m
  
[0m
[0m  3) Contract: Fomp
       test for Fomp:
[0m[31m     Error: Returned error: VM Exception while processing transaction: revert Comp::getPriorVotes: not yet determined[0m[90m
      at Context.<anonymous> (tests/test-Fomp.js:125:57)
      at runMicrotasks (<anonymous>)
      at processTicksAndRejections (internal/process/task_queues.js:95:5)
[0m
[0m  4) Contract: Fomp
       test for Fomp:
[0m[31m     Error: Returned error: VM Exception while processing transaction: revert Comp::getPriorVotes: not yet determined[0m[90m
      at Context.<anonymous> (tests/test-Fomp.js:147:56)
      at runMicrotasks (<anonymous>)
      at processTicksAndRejections (internal/process/task_queues.js:95:5)
[0m
[0m  5) Contract: Fomp
       test for Fomp:
[0m[31m     Error: Returned error: sender account not recognized[0m[90m
      at Context.<anonymous> (tests/test-Fomp.js:155:37)
      at runMicrotasks (<anonymous>)
      at processTicksAndRejections (internal/process/task_queues.js:95:5)
[0m
[0m  6) Contract: Fomp
       test for Fomp:
[0m[31m     Error: Returned error: VM Exception while processing transaction: revert Comp::getPriorVotes: not yet determined[0m[90m
      at Context.<anonymous> (tests/test-Fomp.js:180:56)
      at runMicrotasks (<anonymous>)
      at processTicksAndRejections (internal/process/task_queues.js:95:5)
[0m


------------|----------|----------|----------|----------|----------------|
File        |  % Stmts | % Branch |  % Funcs |  % Lines |Uncovered Lines |
------------|----------|----------|----------|----------|----------------|
 contracts/ |    71.43 |     42.5 |      100 |    71.74 |                |
  Fomp.sol  |    71.43 |     42.5 |      100 |    71.74 |... 256,257,273 |
------------|----------|----------|----------|----------|----------------|
All files   |    71.43 |     42.5 |      100 |    71.74 |                |
------------|----------|----------|----------|----------|----------------|

> Istanbul reports written to ./coverage/ and ./coverage.json
> solidity-coverage cleaning up, shutting down ganache server
Error: ‚ùå 6 test(s) failed under coverage.
    at plugin (/app/node_modules/solidity-coverage/plugins/truffle.plugin.js:121:27)
    at runMicrotasks (<anonymous>)
    at processTicksAndRejections (internal/process/task_queues.js:95:5)
Truffle v5.4.6 (core: 5.4.6)
Node v14.17.5
