
> Using Truffle library from global node_modules.

> server:            http://127.0.0.1:8555
> truffle:           v5.4.6
> ganache-core:      v2.13.0
> solidity-coverage: v0.7.17

Network Info
============
> id:      *
> port:    8555
> network: soliditycoverage


Instrumenting for coverage...
=============================

> AntiBaseProtocol.sol

Compiling your contracts...
===========================
> Compiling ./.coverage_contracts/AntiBaseProtocol.sol
> Artifacts written to /app/.coverage_artifacts/contracts
> Compiled successfully using:
   - solc: 0.5.16+commit.9c3226ce.Emscripten.clang


Compiling your contracts...
===========================
> Everything is up to date, there is nothing to compile.


[0m[0m
[0m  Contract: AntiBaseProtocol[0m
  [32m  ‚úì[0m[90m test for AntiBaseProtocol[0m[31m (1023ms)[0m
  [31m  1) test for AntiBaseProtocol[0m
    > No events were emitted
  [32m  ‚úì[0m[90m test for AntiBaseProtocol[0m[31m (215ms)[0m
  [32m  ‚úì[0m[90m test for AntiBaseProtocol[0m[31m (198ms)[0m
  [31m  2) test for AntiBaseProtocol[0m

    Events emitted during test:
    ---------------------------

    Ownable.OwnershipTransferred(
      previousOwner: <indexed> [33m0x0000000000000000000000000000000000000000[39m (type: address),
      newOwner: <indexed> [33m0xB2517C572f6c55C5810830Ce416a6a6994fdFE2c[39m (type: address)
    )

    IERC20.Transfer(
      from: <indexed> [33m0x0000000000000000000000000000000000000000[39m (type: address),
      to: <indexed> [33m0xB2517C572f6c55C5810830Ce416a6a6994fdFE2c[39m (type: address),
      value: [33m31250000000000000000[39m (type: uint256)
    )


    ---------------------------
  [32m  ‚úì[0m[90m test for AntiBaseProtocol[0m[31m (169ms)[0m
  [32m  ‚úì[0m[90m test for AntiBaseProtocol[0m[31m (193ms)[0m
  [31m  3) test for AntiBaseProtocol[0m

    Events emitted during test:
    ---------------------------

    Ownable.OwnershipTransferred(
      previousOwner: <indexed> [33m0x0000000000000000000000000000000000000000[39m (type: address),
      newOwner: <indexed> [33m0xB2517C572f6c55C5810830Ce416a6a6994fdFE2c[39m (type: address)
    )

    IERC20.Transfer(
      from: <indexed> [33m0x0000000000000000000000000000000000000000[39m (type: address),
      to: <indexed> [33m0xB2517C572f6c55C5810830Ce416a6a6994fdFE2c[39m (type: address),
      value: [33m31250000000000000000[39m (type: uint256)
    )


    ---------------------------
  [31m  4) test for AntiBaseProtocol[0m

    Events emitted during test:
    ---------------------------

    Ownable.OwnershipTransferred(
      previousOwner: <indexed> [33m0x0000000000000000000000000000000000000000[39m (type: address),
      newOwner: <indexed> [33m0xB2517C572f6c55C5810830Ce416a6a6994fdFE2c[39m (type: address)
    )

    IERC20.Transfer(
      from: <indexed> [33m0x0000000000000000000000000000000000000000[39m (type: address),
      to: <indexed> [33m0xB2517C572f6c55C5810830Ce416a6a6994fdFE2c[39m (type: address),
      value: [33m31250000000000000000[39m (type: uint256)
    )


    ---------------------------
  [32m  ‚úì[0m[90m test for AntiBaseProtocol[0m[31m (173ms)[0m
  [31m  5) test for AntiBaseProtocol[0m

    Events emitted during test:
    ---------------------------

    Ownable.OwnershipTransferred(
      previousOwner: <indexed> [33m0x0000000000000000000000000000000000000000[39m (type: address),
      newOwner: <indexed> [33m0x3CFB25154cCe9391fc8213EF0F748415507E9Ed2[39m (type: address)
    )

    IERC20.Transfer(
      from: <indexed> [33m0x0000000000000000000000000000000000000000[39m (type: address),
      to: <indexed> [33m0x3CFB25154cCe9391fc8213EF0F748415507E9Ed2[39m (type: address),
      value: [33m31250000000000000000[39m (type: uint256)
    )


    ---------------------------
  [32m  ‚úì[0m[90m test for AntiBaseProtocol[0m[31m (179ms)[0m
  [32m  ‚úì[0m[90m test for AntiBaseProtocol[0m[31m (237ms)[0m
  [31m  6) test for AntiBaseProtocol[0m

    Events emitted during test:
    ---------------------------

    Ownable.OwnershipTransferred(
      previousOwner: <indexed> [33m0x0000000000000000000000000000000000000000[39m (type: address),
      newOwner: <indexed> [33m0x3CFB25154cCe9391fc8213EF0F748415507E9Ed2[39m (type: address)
    )

    IERC20.Transfer(
      from: <indexed> [33m0x0000000000000000000000000000000000000000[39m (type: address),
      to: <indexed> [33m0x3CFB25154cCe9391fc8213EF0F748415507E9Ed2[39m (type: address),
      value: [33m31250000000000000000[39m (type: uint256)
    )


    ---------------------------
  [32m  ‚úì[0m[90m test for AntiBaseProtocol[0m[31m (232ms)[0m
  [31m  7) test for AntiBaseProtocol[0m

    Events emitted during test:
    ---------------------------

    Ownable.OwnershipTransferred(
      previousOwner: <indexed> [33m0x0000000000000000000000000000000000000000[39m (type: address),
      newOwner: <indexed> [33m0xC9990f30bC2FF7051906A6d841efd98d5765DCaF[39m (type: address)
    )

    IERC20.Transfer(
      from: <indexed> [33m0x0000000000000000000000000000000000000000[39m (type: address),
      to: <indexed> [33m0xC9990f30bC2FF7051906A6d841efd98d5765DCaF[39m (type: address),
      value: [33m31250000000000000000[39m (type: uint256)
    )


    ---------------------------
  [32m  ‚úì[0m[90m test for AntiBaseProtocol[0m[31m (130ms)[0m
  [31m  8) test for AntiBaseProtocol[0m
    > No events were emitted
  [31m  9) test for AntiBaseProtocol[0m

    Events emitted during test:
    ---------------------------

    Ownable.OwnershipTransferred(
      previousOwner: <indexed> [33m0x0000000000000000000000000000000000000000[39m (type: address),
      newOwner: <indexed> [33m0x3CFB25154cCe9391fc8213EF0F748415507E9Ed2[39m (type: address)
    )

    IERC20.Transfer(
      from: <indexed> [33m0x0000000000000000000000000000000000000000[39m (type: address),
      to: <indexed> [33m0x3CFB25154cCe9391fc8213EF0F748415507E9Ed2[39m (type: address),
      value: [33m31250000000000000000[39m (type: uint256)
    )


    ---------------------------
  [32m  ‚úì[0m[90m test for AntiBaseProtocol[0m[31m (191ms)[0m
  [32m  ‚úì[0m[90m test for AntiBaseProtocol[0m[31m (136ms)[0m
  [32m  ‚úì[0m[90m test for AntiBaseProtocol[0m[31m (226ms)[0m
  [32m  ‚úì[0m[90m test for AntiBaseProtocol[0m[31m (141ms)[0m
  [31m  10) test for AntiBaseProtocol[0m

    Events emitted during test:
    ---------------------------

    Ownable.OwnershipTransferred(
      previousOwner: <indexed> [33m0x0000000000000000000000000000000000000000[39m (type: address),
      newOwner: <indexed> [33m0x3CFB25154cCe9391fc8213EF0F748415507E9Ed2[39m (type: address)
    )

    IERC20.Transfer(
      from: <indexed> [33m0x0000000000000000000000000000000000000000[39m (type: address),
      to: <indexed> [33m0x3CFB25154cCe9391fc8213EF0F748415507E9Ed2[39m (type: address),
      value: [33m31250000000000000000[39m (type: uint256)
    )


    ---------------------------
  [32m  ‚úì[0m[90m test for AntiBaseProtocol[0m[31m (128ms)[0m


[92m [0m[32m 15 passing[0m[90m (6s)[0m
[31m  10 failing[0m

[0m  1) Contract: AntiBaseProtocol
       test for AntiBaseProtocol:
[0m[31m     Error: Invalid number of parameters for "undefined". Got 4 expected 0![0m[90m
      at Context.<anonymous> (tests/test-AntiBaseProtocol.js:34:61)
      at processTicksAndRejections (internal/process/task_queues.js:95:5)
[0m
[0m  2) Contract: AntiBaseProtocol
       test for AntiBaseProtocol:
[0m[31m     TypeError: Cannot read property 'call' of undefined[0m[90m
      at Context.<anonymous> (tests/test-AntiBaseProtocol.js:90:50)
      at processTicksAndRejections (internal/process/task_queues.js:95:5)
[0m
[0m  3) Contract: AntiBaseProtocol
       test for AntiBaseProtocol:
[0m[31m     TypeError: Cannot read property 'call' of undefined[0m[90m
      at Context.<anonymous> (tests/test-AntiBaseProtocol.js:153:51)
      at runMicrotasks (<anonymous>)
      at processTicksAndRejections (internal/process/task_queues.js:95:5)
[0m
[0m  4) Contract: AntiBaseProtocol
       test for AntiBaseProtocol:
[0m[31m     TypeError: Cannot read property 'call' of undefined[0m[90m
      at Context.<anonymous> (tests/test-AntiBaseProtocol.js:167:59)
      at runMicrotasks (<anonymous>)
      at processTicksAndRejections (internal/process/task_queues.js:95:5)
[0m
[0m  5) Contract: AntiBaseProtocol
       test for AntiBaseProtocol:
[0m[31m     TypeError: Cannot read property 'call' of undefined[0m[90m
      at Context.<anonymous> (tests/test-AntiBaseProtocol.js:194:49)
      at runMicrotasks (<anonymous>)
      at processTicksAndRejections (internal/process/task_queues.js:95:5)
[0m
[0m  6) Contract: AntiBaseProtocol
       test for AntiBaseProtocol:
[0m[31m     TypeError: Cannot read property 'call' of undefined[0m[90m
      at Context.<anonymous> (tests/test-AntiBaseProtocol.js:263:49)
      at runMicrotasks (<anonymous>)
      at processTicksAndRejections (internal/process/task_queues.js:95:5)
[0m
[0m  7) Contract: AntiBaseProtocol
       test for AntiBaseProtocol:
[0m[31m     TypeError: Cannot read property 'call' of undefined[0m[90m
      at Context.<anonymous> (tests/test-AntiBaseProtocol.js:305:58)
      at runMicrotasks (<anonymous>)
      at processTicksAndRejections (internal/process/task_queues.js:95:5)
[0m
[0m  8) Contract: AntiBaseProtocol
       test for AntiBaseProtocol:
[0m[31m     Error: Returned error: sender account not recognized[0m[90m
      at Context.<anonymous> (tests/test-AntiBaseProtocol.js:323:60)
      at runMicrotasks (<anonymous>)
      at processTicksAndRejections (internal/process/task_queues.js:95:5)
[0m
[0m  9) Contract: AntiBaseProtocol
       test for AntiBaseProtocol:
[0m[31m     AssertionError: expected '0x3CFB25154cCe9391fc8213EF0F748415507E9Ed2' to equal 1.437903418257991e+48[0m[90m
      at Context.<anonymous> (tests/test-AntiBaseProtocol.js:343:10)
      at runMicrotasks (<anonymous>)
      at processTicksAndRejections (internal/process/task_queues.js:95:5)
[0m
[0m  10) Contract: AntiBaseProtocol
       test for AntiBaseProtocol:
[0m[31m     AssertionError: expected promise to be rejected with 'Error' but it was fulfilled with {}[0m[90m
  
[0m


-----------------------|----------|----------|----------|----------|----------------|
File                   |  % Stmts | % Branch |  % Funcs |  % Lines |Uncovered Lines |
-----------------------|----------|----------|----------|----------|----------------|
 contracts/            |    75.51 |    56.25 |    92.86 |    74.51 |                |
  AntiBaseProtocol.sol |    75.51 |    56.25 |    92.86 |    74.51 |... 378,379,380 |
-----------------------|----------|----------|----------|----------|----------------|
All files              |    75.51 |    56.25 |    92.86 |    74.51 |                |
-----------------------|----------|----------|----------|----------|----------------|

> Istanbul reports written to ./coverage/ and ./coverage.json
> solidity-coverage cleaning up, shutting down ganache server
Error: ‚ùå 10 test(s) failed under coverage.
    at plugin (/app/node_modules/solidity-coverage/plugins/truffle.plugin.js:121:27)
    at runMicrotasks (<anonymous>)
    at processTicksAndRejections (internal/process/task_queues.js:95:5)
Truffle v5.4.6 (core: 5.4.6)
Node v14.17.5
