
> Using Truffle library from global node_modules.

> server:            http://127.0.0.1:8555
> truffle:           v5.4.6
> ganache-core:      v2.13.0
> solidity-coverage: v0.7.17

Network Info
============
> id:      *
> port:    8555
> network: soliditycoverage


Instrumenting for coverage...
=============================

> TPA.sol

Compiling your contracts...
===========================
> Compiling ./.coverage_contracts/TPA.sol
> Artifacts written to /app/.coverage_artifacts/contracts
> Compiled successfully using:
   - solc: 0.5.16+commit.9c3226ce.Emscripten.clang


Compiling your contracts...
===========================
> Everything is up to date, there is nothing to compile.


[0m[0m
[0m  Contract: TPA[0m
  [31m  1) test for TPA[0m
    > No events were emitted
  [32m  ‚úì[0m[90m test for TPA[0m[31m (1856ms)[0m
  [32m  ‚úì[0m[90m test for TPA[0m[31m (346ms)[0m
  [32m  ‚úì[0m[90m test for TPA[0m[31m (282ms)[0m
  [32m  ‚úì[0m[90m test for TPA[0m[31m (341ms)[0m
  [32m  ‚úì[0m[90m test for TPA[0m[31m (263ms)[0m
  [32m  ‚úì[0m[90m test for TPA[0m[31m (380ms)[0m
  [32m  ‚úì[0m[90m test for TPA[0m[31m (255ms)[0m
  [31m  2) test for TPA[0m

    Events emitted during test:
    ---------------------------

    AdminRole.AdminAdded(
      account: <indexed> [33m0x1d502b78931E79229Db4fB5C086db9A5A281ba71[39m (type: address)
    )

    IERC20.Transfer(
      from: <indexed> [33m0x0000000000000000000000000000000000000000[39m (type: address),
      to: <indexed> [33m0x1d502b78931E79229Db4fB5C086db9A5A281ba71[39m (type: address),
      value: [33m10000000000000000000000000000[39m (type: uint256)
    )


    ---------------------------
  [32m  ‚úì[0m[90m test for TPA[0m[31m (295ms)[0m
  [31m  3) test for TPA[0m
    > No events were emitted
  [32m  ‚úì[0m[90m test for TPA[0m[31m (367ms)[0m
  [32m  ‚úì[0m[90m test for TPA[0m[31m (222ms)[0m
  [32m  ‚úì[0m[90m test for TPA[0m[31m (261ms)[0m
  [32m  ‚úì[0m[90m test for TPA[0m[31m (187ms)[0m
  [32m  ‚úì[0m[90m test for TPA[0m[31m (311ms)[0m
  [31m  4) test for TPA[0m

    Events emitted during test:
    ---------------------------

    AdminRole.AdminAdded(
      account: <indexed> [33m0x1d502b78931E79229Db4fB5C086db9A5A281ba71[39m (type: address)
    )

    IERC20.Transfer(
      from: <indexed> [33m0x0000000000000000000000000000000000000000[39m (type: address),
      to: <indexed> [33m0x1d502b78931E79229Db4fB5C086db9A5A281ba71[39m (type: address),
      value: [33m10000000000000000000000000000[39m (type: uint256)
    )


    ---------------------------
  [32m  ‚úì[0m[90m test for TPA[0m[31m (253ms)[0m
  [32m  ‚úì[0m[90m test for TPA[0m[31m (341ms)[0m
  [32m  ‚úì[0m[90m test for TPA[0m[31m (227ms)[0m
  [32m  ‚úì[0m[90m test for TPA[0m[31m (206ms)[0m
  [31m  5) test for TPA[0m

    Events emitted during test:
    ---------------------------

    AdminRole.AdminAdded(
      account: <indexed> [33m0x1d502b78931E79229Db4fB5C086db9A5A281ba71[39m (type: address)
    )

    IERC20.Transfer(
      from: <indexed> [33m0x0000000000000000000000000000000000000000[39m (type: address),
      to: <indexed> [33m0x1d502b78931E79229Db4fB5C086db9A5A281ba71[39m (type: address),
      value: [33m10000000000000000000000000000[39m (type: uint256)
    )


    ---------------------------
  [31m  6) test for TPA[0m

    Events emitted during test:
    ---------------------------

    AdminRole.AdminAdded(
      account: <indexed> [33m0x1d502b78931E79229Db4fB5C086db9A5A281ba71[39m (type: address)
    )

    IERC20.Transfer(
      from: <indexed> [33m0x0000000000000000000000000000000000000000[39m (type: address),
      to: <indexed> [33m0x1d502b78931E79229Db4fB5C086db9A5A281ba71[39m (type: address),
      value: [33m10000000000000000000000000000[39m (type: uint256)
    )


    ---------------------------
  [32m  ‚úì[0m[90m test for TPA[0m[31m (220ms)[0m


[92m [0m[32m 18 passing[0m[90m (9s)[0m
[31m  6 failing[0m

[0m  1) Contract: TPA
       test for TPA:
[0m[31m     Error: Invalid number of parameters for "undefined". Got 4 expected 0![0m[90m
      at Context.<anonymous> (tests/test-TPA.js:11:35)
      at processTicksAndRejections (internal/process/task_queues.js:95:5)
[0m
[0m  2) Contract: TPA
       test for TPA:
[0m[31m     TypeError: Cannot read property 'call' of undefined[0m[90m
      at Context.<anonymous> (tests/test-TPA.js:160:41)
      at runMicrotasks (<anonymous>)
      at processTicksAndRejections (internal/process/task_queues.js:95:5)
[0m
[0m  3) Contract: TPA
       test for TPA:
[0m[31m     Error: Returned error: sender account not recognized[0m[90m
      at Context.<anonymous> (tests/test-TPA.js:179:35)
      at runMicrotasks (<anonymous>)
      at processTicksAndRejections (internal/process/task_queues.js:95:5)
[0m
[0m  4) Contract: TPA
       test for TPA:
[0m[31m     AssertionError: expected promise to be rejected with 'Error' but it was fulfilled with {}[0m[90m
  
[0m
[0m  5) Contract: TPA
       test for TPA:
[0m[31m     TypeError: Cannot read property 'call' of undefined[0m[90m
      at Context.<anonymous> (tests/test-TPA.js:353:38)
      at runMicrotasks (<anonymous>)
      at processTicksAndRejections (internal/process/task_queues.js:95:5)
[0m
[0m  6) Contract: TPA
       test for TPA:
[0m[31m     AssertionError: expected promise to be rejected with 'Error' but it was fulfilled with {}[0m[90m
  
[0m


------------|----------|----------|----------|----------|----------------|
File        |  % Stmts | % Branch |  % Funcs |  % Lines |Uncovered Lines |
------------|----------|----------|----------|----------|----------------|
 contracts/ |     65.1 |    39.71 |       80 |    64.74 |                |
  TPA.sol   |     65.1 |    39.71 |       80 |    64.74 |... 610,611,612 |
------------|----------|----------|----------|----------|----------------|
All files   |     65.1 |    39.71 |       80 |    64.74 |                |
------------|----------|----------|----------|----------|----------------|

> Istanbul reports written to ./coverage/ and ./coverage.json
> solidity-coverage cleaning up, shutting down ganache server
Error: ‚ùå 6 test(s) failed under coverage.
    at plugin (/app/node_modules/solidity-coverage/plugins/truffle.plugin.js:121:27)
    at runMicrotasks (<anonymous>)
    at processTicksAndRejections (internal/process/task_queues.js:95:5)
Truffle v5.4.6 (core: 5.4.6)
Node v14.17.5
