
> Using Truffle library from global node_modules.

> server:            http://127.0.0.1:8555
> truffle:           v5.4.6
> ganache-core:      v2.13.0
> solidity-coverage: v0.7.17

Network Info
============
> id:      *
> port:    8555
> network: soliditycoverage


Instrumenting for coverage...
=============================

> LIBERAPAY.sol

Compiling your contracts...
===========================
> Compiling ./.coverage_contracts/LIBERAPAY.sol
> Artifacts written to /app/.coverage_artifacts/contracts
> Compiled successfully using:
   - solc: 0.5.16+commit.9c3226ce.Emscripten.clang


Compiling your contracts...
===========================
> Everything is up to date, there is nothing to compile.


[0m[0m
[0m  Contract: LIBERAPAY[0m
  [32m  ‚úì[0m[90m test for LIBERAPAY[0m[31m (1431ms)[0m
  [32m  ‚úì[0m[90m test for LIBERAPAY[0m[31m (364ms)[0m
  [31m  1) test for LIBERAPAY[0m
    > No events were emitted
  [32m  ‚úì[0m[90m test for LIBERAPAY[0m[31m (333ms)[0m
  [31m  2) test for LIBERAPAY[0m

    Events emitted during test:
    ---------------------------

    ERC20.Transfer(
      from: <indexed> [33m0x0000000000000000000000000000000000000000[39m (type: address),
      to: <indexed> [33m0x40F24f0d2CfC86DCc5b59A59C3BB62717E90EB15[39m (type: address),
      value: [33m3000000000000000000000000000[39m (type: uint256)
    )


    ---------------------------
  [32m  ‚úì[0m[90m test for LIBERAPAY[0m[31m (195ms)[0m
  [32m  ‚úì[0m[90m test for LIBERAPAY[0m[31m (192ms)[0m
  [32m  ‚úì[0m[90m test for LIBERAPAY[0m[31m (312ms)[0m
  [31m  3) test for LIBERAPAY[0m

    Events emitted during test:
    ---------------------------

    ERC20.Transfer(
      from: <indexed> [33m0x0000000000000000000000000000000000000000[39m (type: address),
      to: <indexed> [33m0x40F24f0d2CfC86DCc5b59A59C3BB62717E90EB15[39m (type: address),
      value: [33m3000000000000000000000000000[39m (type: uint256)
    )


    ---------------------------
  [32m  ‚úì[0m[90m test for LIBERAPAY[0m[31m (215ms)[0m
  [31m  4) test for LIBERAPAY[0m

    Events emitted during test:
    ---------------------------

    ERC20.Transfer(
      from: <indexed> [33m0x0000000000000000000000000000000000000000[39m (type: address),
      to: <indexed> [33m0x40F24f0d2CfC86DCc5b59A59C3BB62717E90EB15[39m (type: address),
      value: [33m3000000000000000000000000000[39m (type: uint256)
    )


    ---------------------------
  [31m  5) test for LIBERAPAY[0m

    Events emitted during test:
    ---------------------------

    ERC20.Transfer(
      from: <indexed> [33m0x0000000000000000000000000000000000000000[39m (type: address),
      to: <indexed> [33m0x40F24f0d2CfC86DCc5b59A59C3BB62717E90EB15[39m (type: address),
      value: [33m3000000000000000000000000000[39m (type: uint256)
    )


    ---------------------------
  [31m  6) test for LIBERAPAY[0m

    Events emitted during test:
    ---------------------------

    ERC20.Transfer(
      from: <indexed> [33m0x0000000000000000000000000000000000000000[39m (type: address),
      to: <indexed> [33m0x3fFE0791928dB07451E81bbcf605FFfB27804619[39m (type: address),
      value: [33m3000000000000000000000000000[39m (type: uint256)
    )


    ---------------------------
  [31m  7) test for LIBERAPAY[0m

    Events emitted during test:
    ---------------------------

    ERC20.Transfer(
      from: <indexed> [33m0x0000000000000000000000000000000000000000[39m (type: address),
      to: <indexed> [33m0xB595fCAe7AA1fFD6CF002a6A8fE1B4B99E3bD539[39m (type: address),
      value: [33m3000000000000000000000000000[39m (type: uint256)
    )


    ---------------------------
  [32m  ‚úì[0m[90m test for LIBERAPAY[0m[31m (289ms)[0m
  [31m  8) test for LIBERAPAY[0m

    Events emitted during test:
    ---------------------------

    ERC20.Transfer(
      from: <indexed> [33m0x0000000000000000000000000000000000000000[39m (type: address),
      to: <indexed> [33m0x40F24f0d2CfC86DCc5b59A59C3BB62717E90EB15[39m (type: address),
      value: [33m3000000000000000000000000000[39m (type: uint256)
    )


    ---------------------------
  [31m  9) test for LIBERAPAY[0m

    Events emitted during test:
    ---------------------------

    ERC20.Transfer(
      from: <indexed> [33m0x0000000000000000000000000000000000000000[39m (type: address),
      to: <indexed> [33m0x40F24f0d2CfC86DCc5b59A59C3BB62717E90EB15[39m (type: address),
      value: [33m3000000000000000000000000000[39m (type: uint256)
    )


    ---------------------------
  [31m  10) test for LIBERAPAY[0m

    Events emitted during test:
    ---------------------------

    ERC20.Transfer(
      from: <indexed> [33m0x0000000000000000000000000000000000000000[39m (type: address),
      to: <indexed> [33m0x40F24f0d2CfC86DCc5b59A59C3BB62717E90EB15[39m (type: address),
      value: [33m3000000000000000000000000000[39m (type: uint256)
    )


    ---------------------------
  [32m  ‚úì[0m[90m test for LIBERAPAY[0m[31m (223ms)[0m
  [32m  ‚úì[0m[90m test for LIBERAPAY[0m[31m (203ms)[0m
  [32m  ‚úì[0m[90m test for LIBERAPAY[0m[31m (152ms)[0m
  [32m  ‚úì[0m[90m test for LIBERAPAY[0m[31m (201ms)[0m


[92m [0m[32m 12 passing[0m[90m (7s)[0m
[31m  10 failing[0m

[0m  1) Contract: LIBERAPAY
       test for LIBERAPAY:
[0m[31m     Error: Returned error: sender account not recognized[0m[90m
      at Context.<anonymous> (tests/test-LIBERAPAY.js:45:47)
      at processTicksAndRejections (internal/process/task_queues.js:95:5)
[0m
[0m  2) Contract: LIBERAPAY
       test for LIBERAPAY:
[0m[31m     AssertionError: expected <BN: 6131ee10> to equal {}[0m[90m
      at Context.<anonymous> (tests/test-LIBERAPAY.js:90:10)
      at runMicrotasks (<anonymous>)
      at processTicksAndRejections (internal/process/task_queues.js:95:5)
[0m
[0m  3) Contract: LIBERAPAY
       test for LIBERAPAY:
[0m[31m     AssertionError: expected promise to be rejected with 'Error' but it was fulfilled with { Object (0, 1, ...) }[0m[90m
  
[0m
[0m  4) Contract: LIBERAPAY
       test for LIBERAPAY:
[0m[31m     AssertionError: expected promise to be rejected with 'Error' but it was fulfilled with { Object (0, 1, ...) }[0m[90m
  
[0m
[0m  5) Contract: LIBERAPAY
       test for LIBERAPAY:
[0m[31m     AssertionError: expected promise to be rejected with 'Error' but it was fulfilled with { Object (0, 1, ...) }[0m[90m
  
[0m
[0m  6) Contract: LIBERAPAY
       test for LIBERAPAY:
[0m[31m     AssertionError: expected promise to be rejected with 'Error' but it was fulfilled with {}[0m[90m
  
[0m
[0m  7) Contract: LIBERAPAY
       test for LIBERAPAY:
[0m[31m     AssertionError: expected promise to be rejected with 'Error' but it was fulfilled with { Object (0, 1, ...) }[0m[90m
  
[0m
[0m  8) Contract: LIBERAPAY
       test for LIBERAPAY:
[0m[31m     AssertionError: expected promise to be rejected with 'Error' but it was fulfilled with { Object (0, 1, ...) }[0m[90m
  
[0m
[0m  9) Contract: LIBERAPAY
       test for LIBERAPAY:
[0m[31m     AssertionError: expected promise to be rejected with 'Error' but it was fulfilled with { Object (0, 1, ...) }[0m[90m
  
[0m
[0m  10) Contract: LIBERAPAY
       test for LIBERAPAY:
[0m[31m     AssertionError: expected promise to be rejected with 'Error' but it was fulfilled with { Object (0, 1, ...) }[0m[90m
  
[0m


----------------|----------|----------|----------|----------|----------------|
File            |  % Stmts | % Branch |  % Funcs |  % Lines |Uncovered Lines |
----------------|----------|----------|----------|----------|----------------|
 contracts/     |    47.14 |    31.43 |    74.36 |    46.94 |                |
  LIBERAPAY.sol |    47.14 |    31.43 |    74.36 |    46.94 |... 404,405,409 |
----------------|----------|----------|----------|----------|----------------|
All files       |    47.14 |    31.43 |    74.36 |    46.94 |                |
----------------|----------|----------|----------|----------|----------------|

> Istanbul reports written to ./coverage/ and ./coverage.json
> solidity-coverage cleaning up, shutting down ganache server
Error: ‚ùå 10 test(s) failed under coverage.
    at plugin (/app/node_modules/solidity-coverage/plugins/truffle.plugin.js:121:27)
    at runMicrotasks (<anonymous>)
    at processTicksAndRejections (internal/process/task_queues.js:95:5)
Truffle v5.4.6 (core: 5.4.6)
Node v14.17.5
