
> Using Truffle library from global node_modules.

> server:            http://127.0.0.1:8555
> truffle:           v5.4.6
> ganache-core:      v2.13.0
> solidity-coverage: v0.7.17

Network Info
============
> id:      *
> port:    8555
> network: soliditycoverage


Instrumenting for coverage...
=============================

> CourtFarming_RoomLPStake_utils.sol
> CourtFarming_RoomLPStake.sol

Compiling your contracts...
===========================
> Compiling ./.coverage_contracts/CourtFarming_RoomLPStake.sol
> Compiling ./.coverage_contracts/CourtFarming_RoomLPStake_utils.sol
> Artifacts written to /app/.coverage_artifacts/contracts
> Compiled successfully using:
   - solc: 0.5.16+commit.9c3226ce.Emscripten.clang


Compiling your contracts...
===========================
> Everything is up to date, there is nothing to compile.


[0m[0m
[0m  Contract: CourtFarming_RoomLPStake[0m
  [31m  1) test for CourtFarming_RoomLPStake[0m
    > No events were emitted
  [31m  2) test for CourtFarming_RoomLPStake[0m
    > No events were emitted
  [31m  3) test for CourtFarming_RoomLPStake[0m
    > No events were emitted
  [32m  ‚úì[0m[90m test for CourtFarming_RoomLPStake[0m[31m (884ms)[0m
  [31m  4) test for CourtFarming_RoomLPStake[0m
    > No events were emitted
  [31m  5) test for CourtFarming_RoomLPStake[0m
    > No events were emitted
  [32m  ‚úì[0m[90m test for CourtFarming_RoomLPStake[0m[31m (379ms)[0m
  [32m  ‚úì[0m[90m test for CourtFarming_RoomLPStake[0m[31m (419ms)[0m
  [32m  ‚úì[0m[90m test for CourtFarming_RoomLPStake[0m[31m (260ms)[0m
  [31m  6) test for CourtFarming_RoomLPStake[0m
    > No events were emitted
  [32m  ‚úì[0m[90m test for CourtFarming_RoomLPStake[0m[31m (298ms)[0m
  [32m  ‚úì[0m[90m test for CourtFarming_RoomLPStake[0m[31m (384ms)[0m
  [32m  ‚úì[0m[90m test for CourtFarming_RoomLPStake[0m[31m (258ms)[0m
  [31m  7) test for CourtFarming_RoomLPStake[0m
    > No events were emitted


[92m [0m[32m 7 passing[0m[90m (5s)[0m
[31m  7 failing[0m

[0m  1) Contract: CourtFarming_RoomLPStake
       test for CourtFarming_RoomLPStake:
[0m[31m     AssertionError: expected <BN: 1> to equal {}[0m[90m
      at Context.<anonymous> (tests/test-CourtFarming_RoomLPStake.js:15:10)
      at runMicrotasks (<anonymous>)
      at processTicksAndRejections (internal/process/task_queues.js:95:5)
[0m
[0m  2) Contract: CourtFarming_RoomLPStake
       test for CourtFarming_RoomLPStake:
[0m[31m     AssertionError: expected <BN: 6131ed1c> to equal {}[0m[90m
      at Context.<anonymous> (tests/test-CourtFarming_RoomLPStake.js:32:10)
      at runMicrotasks (<anonymous>)
      at processTicksAndRejections (internal/process/task_queues.js:95:5)
[0m
[0m  3) Contract: CourtFarming_RoomLPStake
       test for CourtFarming_RoomLPStake:
[0m[31m     AssertionError: expected <BN: 3> to equal {}[0m[90m
      at Context.<anonymous> (tests/test-CourtFarming_RoomLPStake.js:45:10)
      at runMicrotasks (<anonymous>)
      at processTicksAndRejections (internal/process/task_queues.js:95:5)
[0m
[0m  4) Contract: CourtFarming_RoomLPStake
       test for CourtFarming_RoomLPStake:
[0m[31m     Error: Returned error: sender account not recognized[0m[90m
      at Context.<anonymous> (tests/test-CourtFarming_RoomLPStake.js:63:77)
      at runMicrotasks (<anonymous>)
      at processTicksAndRejections (internal/process/task_queues.js:95:5)
[0m
[0m  5) Contract: CourtFarming_RoomLPStake
       test for CourtFarming_RoomLPStake:
[0m[31m     AssertionError: expected promise to be rejected with 'Error' but it was fulfilled with {}[0m[90m
  
[0m
[0m  6) Contract: CourtFarming_RoomLPStake
       test for CourtFarming_RoomLPStake:
[0m[31m     AssertionError: expected <BN: 9> to equal {}[0m[90m
      at Context.<anonymous> (tests/test-CourtFarming_RoomLPStake.js:148:10)
      at runMicrotasks (<anonymous>)
      at processTicksAndRejections (internal/process/task_queues.js:95:5)
[0m
[0m  7) Contract: CourtFarming_RoomLPStake
       test for CourtFarming_RoomLPStake:
[0m[31m     AssertionError: expected <BN: d> to equal {}[0m[90m
      at Context.<anonymous> (tests/test-CourtFarming_RoomLPStake.js:201:10)
      at runMicrotasks (<anonymous>)
      at processTicksAndRejections (internal/process/task_queues.js:95:5)
[0m


-------------------------------------|----------|----------|----------|----------|----------------|
File                                 |  % Stmts | % Branch |  % Funcs |  % Lines |Uncovered Lines |
-------------------------------------|----------|----------|----------|----------|----------------|
 contracts/                          |    64.63 |     37.1 |    78.38 |    64.86 |                |
  CourtFarming_RoomLPStake.sol       |    68.52 |    44.44 |      100 |    68.52 |... 326,331,336 |
  CourtFarming_RoomLPStake_utils.sol |    53.85 |    26.92 |    52.94 |       55 |... 374,376,378 |
-------------------------------------|----------|----------|----------|----------|----------------|
All files                            |    64.63 |     37.1 |    78.38 |    64.86 |                |
-------------------------------------|----------|----------|----------|----------|----------------|

> Istanbul reports written to ./coverage/ and ./coverage.json
> solidity-coverage cleaning up, shutting down ganache server
Error: ‚ùå 7 test(s) failed under coverage.
    at plugin (/app/node_modules/solidity-coverage/plugins/truffle.plugin.js:121:27)
    at runMicrotasks (<anonymous>)
    at processTicksAndRejections (internal/process/task_queues.js:95:5)
Truffle v5.4.6 (core: 5.4.6)
Node v14.17.5
