
> Using Truffle library from global node_modules.

> server:            http://127.0.0.1:8555
> truffle:           v5.4.6
> ganache-core:      v2.13.0
> solidity-coverage: v0.7.17

Network Info
============
> id:      *
> port:    8555
> network: soliditycoverage


Instrumenting for coverage...
=============================

> GUMARewards.sol

Compiling your contracts...
===========================
> Compiling ./.coverage_contracts/GUMARewards.sol
> Artifacts written to /app/.coverage_artifacts/contracts
> Compiled successfully using:
   - solc: 0.5.16+commit.9c3226ce.Emscripten.clang


Compiling your contracts...
===========================
> Everything is up to date, there is nothing to compile.


[0m[0m
[0m  Contract: GUMARewards[0m
  [31m  1) test for GUMARewards[0m

    Events emitted during test:
    ---------------------------

    Ownable.OwnershipTransferred(
      previousOwner: <indexed> [33m0x0000000000000000000000000000000000000000[39m (type: address),
      newOwner: <indexed> [33m0xD0E5AF9B764962097A5175058C82123e9521743a[39m (type: address)
    )


    ---------------------------
  [31m  2) test for GUMARewards[0m

    Events emitted during test:
    ---------------------------

    Ownable.OwnershipTransferred(
      previousOwner: <indexed> [33m0x0000000000000000000000000000000000000000[39m (type: address),
      newOwner: <indexed> [33m0x119631e8ECCf8f9D4d4A093F4Fcf800f7277A384[39m (type: address)
    )


    ---------------------------
  [32m  ‚úì[0m[90m test for GUMARewards[0m[31m (847ms)[0m
  [31m  3) test for GUMARewards[0m

    Events emitted during test:
    ---------------------------

    Ownable.OwnershipTransferred(
      previousOwner: <indexed> [33m0x0000000000000000000000000000000000000000[39m (type: address),
      newOwner: <indexed> [33m0x119631e8ECCf8f9D4d4A093F4Fcf800f7277A384[39m (type: address)
    )


    ---------------------------
  [31m  4) test for GUMARewards[0m

    Events emitted during test:
    ---------------------------

    Ownable.OwnershipTransferred(
      previousOwner: <indexed> [33m0x0000000000000000000000000000000000000000[39m (type: address),
      newOwner: <indexed> [33m0x119631e8ECCf8f9D4d4A093F4Fcf800f7277A384[39m (type: address)
    )


    ---------------------------
  [31m  5) test for GUMARewards[0m

    Events emitted during test:
    ---------------------------

    Ownable.OwnershipTransferred(
      previousOwner: <indexed> [33m0x0000000000000000000000000000000000000000[39m (type: address),
      newOwner: <indexed> [33m0xA71B0257857B73f608Ba12D3e71B059c746aa879[39m (type: address)
    )


    ---------------------------
  [31m  6) test for GUMARewards[0m
    > No events were emitted
  [31m  7) test for GUMARewards[0m

    Events emitted during test:
    ---------------------------

    Ownable.OwnershipTransferred(
      previousOwner: <indexed> [33m0x0000000000000000000000000000000000000000[39m (type: address),
      newOwner: <indexed> [33m0x119631e8ECCf8f9D4d4A093F4Fcf800f7277A384[39m (type: address)
    )


    ---------------------------
  [31m  8) test for GUMARewards[0m

    Events emitted during test:
    ---------------------------

    Ownable.OwnershipTransferred(
      previousOwner: <indexed> [33m0x0000000000000000000000000000000000000000[39m (type: address),
      newOwner: <indexed> [33m0x119631e8ECCf8f9D4d4A093F4Fcf800f7277A384[39m (type: address)
    )


    ---------------------------
  [31m  9) test for GUMARewards[0m

    Events emitted during test:
    ---------------------------

    Ownable.OwnershipTransferred(
      previousOwner: <indexed> [33m0x0000000000000000000000000000000000000000[39m (type: address),
      newOwner: <indexed> [33m0x119631e8ECCf8f9D4d4A093F4Fcf800f7277A384[39m (type: address)
    )


    ---------------------------


[92m [0m[32m 1 passing[0m[90m (3s)[0m
[31m  9 failing[0m

[0m  1) Contract: GUMARewards
       test for GUMARewards:
[0m[31m     TypeError: Cannot read property 'call' of undefined[0m[90m
      at Context.<anonymous> (tests/test-GUMARewards.js:13:45)
      at processTicksAndRejections (internal/process/task_queues.js:95:5)
[0m
[0m  2) Contract: GUMARewards
       test for GUMARewards:
[0m[31m     TypeError: Cannot read property 'call' of undefined[0m[90m
      at Context.<anonymous> (tests/test-GUMARewards.js:23:45)
      at processTicksAndRejections (internal/process/task_queues.js:95:5)
[0m
[0m  3) Contract: GUMARewards
       test for GUMARewards:
[0m[31m     AssertionError: expected promise to be rejected with 'Error' but it was fulfilled with {}[0m[90m
  
[0m
[0m  4) Contract: GUMARewards
       test for GUMARewards:
[0m[31m     AssertionError: expected promise to be rejected with 'Error' but it was fulfilled with {}[0m[90m
  
[0m
[0m  5) Contract: GUMARewards
       test for GUMARewards:
[0m[31m     AssertionError: expected promise to be rejected with 'Error' but it was fulfilled with {}[0m[90m
  
[0m
[0m  6) Contract: GUMARewards
       test for GUMARewards:
[0m[31m     Error: Returned error: sender account not recognized[0m[90m
      at Context.<anonymous> (tests/test-GUMARewards.js:87:51)
      at runMicrotasks (<anonymous>)
      at processTicksAndRejections (internal/process/task_queues.js:95:5)
[0m
[0m  7) Contract: GUMARewards
       test for GUMARewards:
[0m[31m     AssertionError: expected promise to be rejected with 'Error' but it was fulfilled with {}[0m[90m
  
[0m
[0m  8) Contract: GUMARewards
       test for GUMARewards:
[0m[31m     AssertionError: expected '0x119631e8ECCf8f9D4d4A093F4Fcf800f7277A384' to equal 4.7014096591656355e+47[0m[90m
      at Context.<anonymous> (tests/test-GUMARewards.js:125:10)
      at runMicrotasks (<anonymous>)
      at processTicksAndRejections (internal/process/task_queues.js:95:5)
[0m
[0m  9) Contract: GUMARewards
       test for GUMARewards:
[0m[31m     AssertionError: expected promise to be rejected with 'Error' but it was fulfilled with {}[0m[90m
  
[0m


------------------|----------|----------|----------|----------|----------------|
File              |  % Stmts | % Branch |  % Funcs |  % Lines |Uncovered Lines |
------------------|----------|----------|----------|----------|----------------|
 contracts/       |    53.85 |    26.19 |    65.91 |    55.21 |                |
  GUMARewards.sol |    53.85 |    26.19 |    65.91 |    55.21 |... 675,676,677 |
------------------|----------|----------|----------|----------|----------------|
All files         |    53.85 |    26.19 |    65.91 |    55.21 |                |
------------------|----------|----------|----------|----------|----------------|

> Istanbul reports written to ./coverage/ and ./coverage.json
> solidity-coverage cleaning up, shutting down ganache server
Error: ‚ùå 9 test(s) failed under coverage.
    at plugin (/app/node_modules/solidity-coverage/plugins/truffle.plugin.js:121:27)
    at runMicrotasks (<anonymous>)
    at processTicksAndRejections (internal/process/task_queues.js:95:5)
    at runNextTicks (internal/process/task_queues.js:64:3)
    at processImmediate (internal/timers.js:437:9)
Truffle v5.4.6 (core: 5.4.6)
Node v14.17.5
