
> Using Truffle library from global node_modules.

> server:            http://127.0.0.1:8555
> truffle:           v5.4.6
> ganache-core:      v2.13.0
> solidity-coverage: v0.7.17

Network Info
============
> id:      *
> port:    8555
> network: soliditycoverage


Instrumenting for coverage...
=============================

> KPLAY.sol

Compiling your contracts...
===========================
> Compiling ./.coverage_contracts/KPLAY.sol
> Artifacts written to /app/.coverage_artifacts/contracts
> Compiled successfully using:
   - solc: 0.5.16+commit.9c3226ce.Emscripten.clang


Compiling your contracts...
===========================
> Everything is up to date, there is nothing to compile.


[0m[0m
[0m  Contract: KPLAY[0m
  [32m  ‚úì[0m[90m test for KPLAY[0m[31m (1299ms)[0m
  [31m  1) test for KPLAY[0m

    Events emitted during test:
    ---------------------------

    IERC20.Transfer(
      from: <indexed> [33m0x0000000000000000000000000000000000000000[39m (type: address),
      to: <indexed> [33m0x6183D1535D039d1Fba8bdBD61D50595C43D68fa4[39m (type: address),
      value: [33m10000000000000000[39m (type: uint256)
    )


    ---------------------------
  [31m  2) test for KPLAY[0m
    > No events were emitted
  [31m  3) test for KPLAY[0m

    Events emitted during test:
    ---------------------------

    IERC20.Transfer(
      from: <indexed> [33m0x0000000000000000000000000000000000000000[39m (type: address),
      to: <indexed> [33m0x4A121525b57B8F549edefb0E800b0bA7D7778e1E[39m (type: address),
      value: [33m10000000000000000[39m (type: uint256)
    )


    ---------------------------
  [32m  ‚úì[0m[90m test for KPLAY[0m[31m (248ms)[0m
  [32m  ‚úì[0m[90m test for KPLAY[0m[31m (317ms)[0m
  [32m  ‚úì[0m[90m test for KPLAY[0m[31m (251ms)[0m
  [31m  4) test for KPLAY[0m

    Events emitted during test:
    ---------------------------

    IERC20.Transfer(
      from: <indexed> [33m0x0000000000000000000000000000000000000000[39m (type: address),
      to: <indexed> [33m0x6183D1535D039d1Fba8bdBD61D50595C43D68fa4[39m (type: address),
      value: [33m10000000000000000[39m (type: uint256)
    )


    ---------------------------
  [32m  ‚úì[0m[90m test for KPLAY[0m[31m (280ms)[0m
  [32m  ‚úì[0m[90m test for KPLAY[0m[31m (250ms)[0m
  [32m  ‚úì[0m[90m test for KPLAY[0m[31m (388ms)[0m
  [32m  ‚úì[0m[90m test for KPLAY[0m[31m (265ms)[0m
  [32m  ‚úì[0m[90m test for KPLAY[0m[31m (267ms)[0m
  [32m  ‚úì[0m[90m test for KPLAY[0m[31m (187ms)[0m
  [32m  ‚úì[0m[90m test for KPLAY[0m[31m (258ms)[0m
  [31m  5) test for KPLAY[0m

    Events emitted during test:
    ---------------------------

    IERC20.Transfer(
      from: <indexed> [33m0x0000000000000000000000000000000000000000[39m (type: address),
      to: <indexed> [33m0x6Ac1ec82B3c3e5b7170bf1177a2DDCb8ffF14DF7[39m (type: address),
      value: [33m10000000000000000[39m (type: uint256)
    )


    ---------------------------
  [32m  ‚úì[0m[90m test for KPLAY[0m[31m (264ms)[0m
  [31m  6) test for KPLAY[0m

    Events emitted during test:
    ---------------------------

    IERC20.Transfer(
      from: <indexed> [33m0x0000000000000000000000000000000000000000[39m (type: address),
      to: <indexed> [33m0x6Ac1ec82B3c3e5b7170bf1177a2DDCb8ffF14DF7[39m (type: address),
      value: [33m10000000000000000[39m (type: uint256)
    )


    ---------------------------
  [32m  ‚úì[0m[90m test for KPLAY[0m[31m (202ms)[0m
  [32m  ‚úì[0m[90m test for KPLAY[0m[31m (269ms)[0m
  [32m  ‚úì[0m[90m test for KPLAY[0m[31m (266ms)[0m
  [32m  ‚úì[0m[90m test for KPLAY[0m[31m (235ms)[0m
  [32m  ‚úì[0m[90m test for KPLAY[0m[31m (179ms)[0m
  [31m  7) test for KPLAY[0m

    Events emitted during test:
    ---------------------------

    IERC20.Transfer(
      from: <indexed> [33m0x0000000000000000000000000000000000000000[39m (type: address),
      to: <indexed> [33m0x48FB0804Ad83F13fD270d23f86354502B247d8Fd[39m (type: address),
      value: [33m10000000000000000[39m (type: uint256)
    )


    ---------------------------
  [32m  ‚úì[0m[90m test for KPLAY[0m[31m (251ms)[0m
  [32m  ‚úì[0m[90m test for KPLAY[0m[31m (211ms)[0m
  [32m  ‚úì[0m[90m test for KPLAY[0m[31m (201ms)[0m
  [32m  ‚úì[0m[90m test for KPLAY[0m[31m (216ms)[0m


[92m [0m[32m 21 passing[0m[90m (9s)[0m
[31m  7 failing[0m

[0m  1) Contract: KPLAY
       test for KPLAY:
[0m[31m     TypeError: Cannot read property 'call' of undefined[0m[90m
      at Context.<anonymous> (tests/test-KPLAY.js:30:39)
      at processTicksAndRejections (internal/process/task_queues.js:95:5)
[0m
[0m  2) Contract: KPLAY
       test for KPLAY:
[0m[31m     Error: Returned error: sender account not recognized[0m[90m
      at Context.<anonymous> (tests/test-KPLAY.js:34:39)
      at processTicksAndRejections (internal/process/task_queues.js:95:5)
[0m
[0m  3) Contract: KPLAY
       test for KPLAY:
[0m[31m     TypeError: Cannot read property 'call' of undefined[0m[90m
      at Context.<anonymous> (tests/test-KPLAY.js:60:43)
      at processTicksAndRejections (internal/process/task_queues.js:95:5)
[0m
[0m  4) Contract: KPLAY
       test for KPLAY:
[0m[31m     AssertionError: expected <BN: 6131ee10> to equal {}[0m[90m
      at Context.<anonymous> (tests/test-KPLAY.js:111:10)
      at runMicrotasks (<anonymous>)
      at processTicksAndRejections (internal/process/task_queues.js:95:5)
[0m
[0m  5) Contract: KPLAY
       test for KPLAY:
[0m[31m     AssertionError: expected promise to be rejected with 'Error' but it was fulfilled with {}[0m[90m
  
[0m
[0m  6) Contract: KPLAY
       test for KPLAY:
[0m[31m     AssertionError: expected <BN: 6131ef00> to equal {}[0m[90m
      at Context.<anonymous> (tests/test-KPLAY.js:327:10)
      at runMicrotasks (<anonymous>)
      at processTicksAndRejections (internal/process/task_queues.js:95:5)
[0m
[0m  7) Contract: KPLAY
       test for KPLAY:
[0m[31m     AssertionError: expected promise to be rejected with 'Error' but it was fulfilled with {}[0m[90m
  
[0m


------------|----------|----------|----------|----------|----------------|
File        |  % Stmts | % Branch |  % Funcs |  % Lines |Uncovered Lines |
------------|----------|----------|----------|----------|----------------|
 contracts/ |    65.04 |    41.07 |    86.96 |    63.85 |                |
  KPLAY.sol |    65.04 |    41.07 |    86.96 |    63.85 |... 657,658,660 |
------------|----------|----------|----------|----------|----------------|
All files   |    65.04 |    41.07 |    86.96 |    63.85 |                |
------------|----------|----------|----------|----------|----------------|

> Istanbul reports written to ./coverage/ and ./coverage.json
> solidity-coverage cleaning up, shutting down ganache server
Error: ‚ùå 7 test(s) failed under coverage.
    at plugin (/app/node_modules/solidity-coverage/plugins/truffle.plugin.js:121:27)
    at runMicrotasks (<anonymous>)
    at processTicksAndRejections (internal/process/task_queues.js:95:5)
Truffle v5.4.6 (core: 5.4.6)
Node v14.17.5
