
> Using Truffle library from global node_modules.

> server:            http://127.0.0.1:8555
> truffle:           v5.4.6
> ganache-core:      v2.13.0
> solidity-coverage: v0.7.17

Network Info
============
> id:      *
> port:    8555
> network: soliditycoverage


Instrumenting for coverage...
=============================

> XenoFelix.sol

Compiling your contracts...
===========================
> Compiling ./.coverage_contracts/XenoFelix.sol
> Artifacts written to /app/.coverage_artifacts/contracts
> Compiled successfully using:
   - solc: 0.5.16+commit.9c3226ce.Emscripten.clang


Compiling your contracts...
===========================
> Everything is up to date, there is nothing to compile.


[0m[0m
[0m  Contract: XenoFelix[0m
  [31m  1) test for XenoFelix[0m
    > No events were emitted
  [32m  ‚úì[0m[90m test for XenoFelix[0m[31m (911ms)[0m
  [31m  2) test for XenoFelix[0m
    > No events were emitted
  [31m  3) test for XenoFelix[0m
    > No events were emitted
  [32m  ‚úì[0m[90m test for XenoFelix[0m[31m (341ms)[0m
  [31m  4) test for XenoFelix[0m
    > No events were emitted
  [32m  ‚úì[0m[90m test for XenoFelix[0m[31m (302ms)[0m
  [31m  5) test for XenoFelix[0m

    Events emitted during test:
    ---------------------------

    PauserRole.PauserAdded(
      account: <indexed> [33m0x832FB0654250F5568EdA7a4D53DE9c6BF151e74c[39m (type: address)
    )

    IERC20.Transfer(
      from: <indexed> [33m0x0000000000000000000000000000000000000000[39m (type: address),
      to: <indexed> [33m0x832FB0654250F5568EdA7a4D53DE9c6BF151e74c[39m (type: address),
      value: [33m91873382801710838578413140667745633511723150946449774479665844695008175718400[39m (type: uint256)
    )


    ---------------------------
  [32m  ‚úì[0m[90m test for XenoFelix[0m[31m (218ms)[0m
  [32m  ‚úì[0m[90m test for XenoFelix[0m[31m (298ms)[0m
  [32m  ‚úì[0m[90m test for XenoFelix[0m[31m (300ms)[0m
  [32m  ‚úì[0m[90m test for XenoFelix[0m[31m (253ms)[0m
  [32m  ‚úì[0m[90m test for XenoFelix[0m[31m (345ms)[0m
  [32m  ‚úì[0m[90m test for XenoFelix[0m[31m (369ms)[0m
  [31m  6) test for XenoFelix[0m
    > No events were emitted
  [32m  ‚úì[0m[90m test for XenoFelix[0m[31m (302ms)[0m
  [31m  7) test for XenoFelix[0m
    > No events were emitted
  [32m  ‚úì[0m[90m test for XenoFelix[0m[31m (301ms)[0m
  [32m  ‚úì[0m[90m test for XenoFelix[0m[31m (329ms)[0m
  [32m  ‚úì[0m[90m test for XenoFelix[0m[31m (320ms)[0m
  [32m  ‚úì[0m[90m test for XenoFelix[0m[31m (309ms)[0m
  [31m  8) test for XenoFelix[0m
    > No events were emitted
  [32m  ‚úì[0m[90m test for XenoFelix[0m[31m (238ms)[0m
  [31m  9) test for XenoFelix[0m
    > No events were emitted
  [32m  ‚úì[0m[90m test for XenoFelix[0m[31m (233ms)[0m
  [31m  10) test for XenoFelix[0m

    Events emitted during test:
    ---------------------------

    PauserRole.PauserAdded(
      account: <indexed> [33m0xAA80e22B695c1225B546F27aEd7702cfF4a33eDf[39m (type: address)
    )

    IERC20.Transfer(
      from: <indexed> [33m0x0000000000000000000000000000000000000000[39m (type: address),
      to: <indexed> [33m0xAA80e22B695c1225B546F27aEd7702cfF4a33eDf[39m (type: address),
      value: [33m42874248513789126833653566207813623271534382240497363811470820015465820061696[39m (type: uint256)
    )


    ---------------------------
  [32m  ‚úì[0m[90m test for XenoFelix[0m[31m (201ms)[0m
  [31m  11) test for XenoFelix[0m

    Events emitted during test:
    ---------------------------

    PauserRole.PauserAdded(
      account: <indexed> [33m0xAA80e22B695c1225B546F27aEd7702cfF4a33eDf[39m (type: address)
    )

    IERC20.Transfer(
      from: <indexed> [33m0x0000000000000000000000000000000000000000[39m (type: address),
      to: <indexed> [33m0xAA80e22B695c1225B546F27aEd7702cfF4a33eDf[39m (type: address),
      value: [33m72370055773322622139731865630429942408293740416025352524660990004945706024960[39m (type: uint256)
    )


    ---------------------------
  [31m  12) test for XenoFelix[0m

    Events emitted during test:
    ---------------------------

    PauserRole.PauserAdded(
      account: <indexed> [33m0xAA80e22B695c1225B546F27aEd7702cfF4a33eDf[39m (type: address)
    )

    IERC20.Transfer(
      from: <indexed> [33m0x0000000000000000000000000000000000000000[39m (type: address),
      to: <indexed> [33m0xAA80e22B695c1225B546F27aEd7702cfF4a33eDf[39m (type: address),
      value: [33m42874248513789126833653566207813623271534382240497363811470820015465820061696[39m (type: uint256)
    )


    ---------------------------
  [31m  13) test for XenoFelix[0m
    > No events were emitted
  [32m  ‚úì[0m[90m test for XenoFelix[0m[31m (263ms)[0m
  [31m  14) test for XenoFelix[0m

    Events emitted during test:
    ---------------------------

    PauserRole.PauserAdded(
      account: <indexed> [33m0xAA80e22B695c1225B546F27aEd7702cfF4a33eDf[39m (type: address)
    )

    IERC20.Transfer(
      from: <indexed> [33m0x0000000000000000000000000000000000000000[39m (type: address),
      to: <indexed> [33m0xAA80e22B695c1225B546F27aEd7702cfF4a33eDf[39m (type: address),
      value: [33m72370055773322622139731865630429942408293740416025352524660990004945706024960[39m (type: uint256)
    )


    ---------------------------
  [32m  ‚úì[0m[90m test for XenoFelix[0m[31m (250ms)[0m
  [32m  ‚úì[0m[90m test for XenoFelix[0m[31m (274ms)[0m
  [31m  15) test for XenoFelix[0m

    Events emitted during test:
    ---------------------------

    PauserRole.PauserAdded(
      account: <indexed> [33m0xAA80e22B695c1225B546F27aEd7702cfF4a33eDf[39m (type: address)
    )

    IERC20.Transfer(
      from: <indexed> [33m0x0000000000000000000000000000000000000000[39m (type: address),
      to: <indexed> [33m0xAA80e22B695c1225B546F27aEd7702cfF4a33eDf[39m (type: address),
      value: [33m42874248513789126833653566207813623271534382240497363811470820015465820061696[39m (type: uint256)
    )


    ---------------------------


[92m [0m[32m 20 passing[0m[90m (10s)[0m
[31m  15 failing[0m

[0m  1) Contract: XenoFelix
       test for XenoFelix:
[0m[31m     Error: invalid BigNumber value (argument="value", value={"from":"0x2F534e3c5d8194c6BCf1374901B1bfe328aB98a1"}, code=INVALID_ARGUMENT, version=bignumber/5.0.8)[0m[90m
      at Context.<anonymous> (tests/test-XenoFelix.js:11:47)
      at processTicksAndRejections (internal/process/task_queues.js:95:5)
[0m
[0m  2) Contract: XenoFelix
       test for XenoFelix:
[0m[31m     Error: Invalid number of parameters for "undefined". Got 1 expected 4![0m[90m
      at Context.<anonymous> (tests/test-XenoFelix.js:42:47)
      at processTicksAndRejections (internal/process/task_queues.js:95:5)
[0m
[0m  3) Contract: XenoFelix
       test for XenoFelix:
[0m[31m     Error: invalid BigNumber value (argument="value", value={"from":"0x6eE43a3B1F85A05Faaf92928409f07E7A6bFD493"}, code=INVALID_ARGUMENT, version=bignumber/5.0.8)[0m[90m
      at Context.<anonymous> (tests/test-XenoFelix.js:55:47)
      at processTicksAndRejections (internal/process/task_queues.js:95:5)
[0m
[0m  4) Contract: XenoFelix
       test for XenoFelix:
[0m[31m     Error: invalid BigNumber value (argument="value", value={"from":"0x0000000000000000000000000000000000000001"}, code=INVALID_ARGUMENT, version=bignumber/5.0.8)[0m[90m
      at Context.<anonymous> (tests/test-XenoFelix.js:96:47)
      at processTicksAndRejections (internal/process/task_queues.js:95:5)
[0m
[0m  5) Contract: XenoFelix
       test for XenoFelix:
[0m[31m     TypeError: Cannot read property 'call' of undefined[0m[90m
      at Context.<anonymous> (tests/test-XenoFelix.js:159:47)
      at runMicrotasks (<anonymous>)
      at processTicksAndRejections (internal/process/task_queues.js:95:5)
[0m
[0m  6) Contract: XenoFelix
       test for XenoFelix:
[0m[31m     Error: invalid BigNumber value (argument="value", value={"from":"0xC018f4cFc26e7955C8Ce91Dde399Cf3d6b800E54"}, code=INVALID_ARGUMENT, version=bignumber/5.0.8)[0m[90m
      at Context.<anonymous> (tests/test-XenoFelix.js:308:47)
      at runMicrotasks (<anonymous>)
      at processTicksAndRejections (internal/process/task_queues.js:95:5)
[0m
[0m  7) Contract: XenoFelix
       test for XenoFelix:
[0m[31m     Error: invalid BigNumber value (argument="value", value={"from":"0xC67c9001Ca38f5654705032cDA84199C5B94C953"}, code=INVALID_ARGUMENT, version=bignumber/5.0.8)[0m[90m
      at Context.<anonymous> (tests/test-XenoFelix.js:338:47)
      at runMicrotasks (<anonymous>)
      at processTicksAndRejections (internal/process/task_queues.js:95:5)
[0m
[0m  8) Contract: XenoFelix
       test for XenoFelix:
[0m[31m     Error: invalid BigNumber value (argument="value", value={"from":"0xAA80e22B695c1225B546F27aEd7702cfF4a33eDf"}, code=INVALID_ARGUMENT, version=bignumber/5.0.8)[0m[90m
      at Context.<anonymous> (tests/test-XenoFelix.js:437:47)
      at runMicrotasks (<anonymous>)
      at processTicksAndRejections (internal/process/task_queues.js:95:5)
[0m
[0m  9) Contract: XenoFelix
       test for XenoFelix:
[0m[31m     Error: Returned error: sender account not recognized[0m[90m
      at Context.<anonymous> (tests/test-XenoFelix.js:485:46)
      at runMicrotasks (<anonymous>)
      at processTicksAndRejections (internal/process/task_queues.js:95:5)
[0m
[0m  10) Contract: XenoFelix
       test for XenoFelix:
[0m[31m     AssertionError: expected promise to be rejected with 'Error' but it was fulfilled with {}[0m[90m
  
[0m
[0m  11) Contract: XenoFelix
       test for XenoFelix:
[0m[31m     AssertionError: expected promise to be rejected with 'Error' but it was fulfilled with {}[0m[90m
  
[0m
[0m  12) Contract: XenoFelix
       test for XenoFelix:
[0m[31m     AssertionError: expected promise to be rejected with 'Error' but it was fulfilled with {}[0m[90m
  
[0m
[0m  13) Contract: XenoFelix
       test for XenoFelix:
[0m[31m     Error: invalid BigNumber value (argument="value", value={"from":"0x832FB0654250F5568EdA7a4D53DE9c6BF151e74c"}, code=INVALID_ARGUMENT, version=bignumber/5.0.8)[0m[90m
      at Context.<anonymous> (tests/test-XenoFelix.js:589:47)
      at runMicrotasks (<anonymous>)
      at processTicksAndRejections (internal/process/task_queues.js:95:5)
[0m
[0m  14) Contract: XenoFelix
       test for XenoFelix:
[0m[31m     TypeError: Cannot read property 'call' of undefined[0m[90m
      at Context.<anonymous> (tests/test-XenoFelix.js:641:57)
      at runMicrotasks (<anonymous>)
      at processTicksAndRejections (internal/process/task_queues.js:95:5)
[0m
[0m  15) Contract: XenoFelix
       test for XenoFelix:
[0m[31m     AssertionError: expected promise to be rejected with 'Error' but it was fulfilled with {}[0m[90m
  
[0m


----------------|----------|----------|----------|----------|----------------|
File            |  % Stmts | % Branch |  % Funcs |  % Lines |Uncovered Lines |
----------------|----------|----------|----------|----------|----------------|
 contracts/     |       66 |    41.67 |    76.19 |    65.19 |                |
  XenoFelix.sol |       66 |    41.67 |    76.19 |    65.19 |... 617,618,622 |
----------------|----------|----------|----------|----------|----------------|
All files       |       66 |    41.67 |    76.19 |    65.19 |                |
----------------|----------|----------|----------|----------|----------------|

> Istanbul reports written to ./coverage/ and ./coverage.json
> solidity-coverage cleaning up, shutting down ganache server
Error: ‚ùå 15 test(s) failed under coverage.
    at plugin (/app/node_modules/solidity-coverage/plugins/truffle.plugin.js:121:27)
    at runMicrotasks (<anonymous>)
    at processTicksAndRejections (internal/process/task_queues.js:95:5)
    at runNextTicks (internal/process/task_queues.js:64:3)
    at processImmediate (internal/timers.js:437:9)
Truffle v5.4.6 (core: 5.4.6)
Node v14.17.5
