
> Using Truffle library from global node_modules.

> server:            http://127.0.0.1:8555
> truffle:           v5.4.6
> ganache-core:      v2.13.0
> solidity-coverage: v0.7.17

Network Info
============
> id:      *
> port:    8555
> network: soliditycoverage


Instrumenting for coverage...
=============================

> CryptoSecureBankToken.sol

Compiling your contracts...
===========================
> Compiling ./.coverage_contracts/CryptoSecureBankToken.sol
> Artifacts written to /app/.coverage_artifacts/contracts
> Compiled successfully using:
   - solc: 0.5.16+commit.9c3226ce.Emscripten.clang


Compiling your contracts...
===========================
> Everything is up to date, there is nothing to compile.


[0m[0m
[0m  Contract: CryptoSecureBankToken[0m
  [31m  1) test for CryptoSecureBankToken[0m
    > No events were emitted
  [31m  2) test for CryptoSecureBankToken[0m
    > No events were emitted
  [32m  ‚úì[0m[90m test for CryptoSecureBankToken[0m[31m (848ms)[0m
  [32m  ‚úì[0m[90m test for CryptoSecureBankToken[0m[31m (256ms)[0m
  [31m  3) test for CryptoSecureBankToken[0m
    > No events were emitted
  [32m  ‚úì[0m[90m test for CryptoSecureBankToken[0m[31m (208ms)[0m
  [32m  ‚úì[0m[90m test for CryptoSecureBankToken[0m[31m (209ms)[0m
  [31m  4) test for CryptoSecureBankToken[0m
    > No events were emitted
  [32m  ‚úì[0m[90m test for CryptoSecureBankToken[0m[31m (207ms)[0m
  [32m  ‚úì[0m[90m test for CryptoSecureBankToken[0m[31m (183ms)[0m
  [32m  ‚úì[0m[90m test for CryptoSecureBankToken[0m[31m (232ms)[0m
  [31m  5) test for CryptoSecureBankToken[0m
    > No events were emitted
  [32m  ‚úì[0m[90m test for CryptoSecureBankToken[0m[31m (253ms)[0m
  [32m  ‚úì[0m[90m test for CryptoSecureBankToken[0m[31m (197ms)[0m
  [32m  ‚úì[0m[90m test for CryptoSecureBankToken[0m[31m (222ms)[0m
  [32m  ‚úì[0m[90m test for CryptoSecureBankToken[0m[31m (178ms)[0m
  [32m  ‚úì[0m[90m test for CryptoSecureBankToken[0m[31m (172ms)[0m
  [32m  ‚úì[0m[90m test for CryptoSecureBankToken[0m[31m (151ms)[0m
  [32m  ‚úì[0m[90m test for CryptoSecureBankToken[0m[31m (197ms)[0m
  [31m  6) test for CryptoSecureBankToken[0m
    > No events were emitted


[92m [0m[32m 14 passing[0m[90m (5s)[0m
[31m  6 failing[0m

[0m  1) Contract: CryptoSecureBankToken
       test for CryptoSecureBankToken:
[0m[31m     TypeError: Cannot read property 'call' of undefined[0m[90m
      at Context.<anonymous> (tests/test-CryptoSecureBankToken.js:26:61)
      at processTicksAndRejections (internal/process/task_queues.js:95:5)
[0m
[0m  2) Contract: CryptoSecureBankToken
       test for CryptoSecureBankToken:
[0m[31m     AssertionError: expected '0x3B704B816F3F6C2b8fd6B1CBEC59382D1584c69a' to equal 1.0928046378724332e+48[0m[90m
      at Context.<anonymous> (tests/test-CryptoSecureBankToken.js:41:10)
      at processTicksAndRejections (internal/process/task_queues.js:95:5)
[0m
[0m  3) Contract: CryptoSecureBankToken
       test for CryptoSecureBankToken:
[0m[31m     Error: Returned error: sender account not recognized[0m[90m
      at Context.<anonymous> (tests/test-CryptoSecureBankToken.js:79:71)
      at processTicksAndRejections (internal/process/task_queues.js:95:5)
[0m
[0m  4) Contract: CryptoSecureBankToken
       test for CryptoSecureBankToken:
[0m[31m     TypeError: Cannot read property 'call' of undefined[0m[90m
      at Context.<anonymous> (tests/test-CryptoSecureBankToken.js:138:61)
      at runMicrotasks (<anonymous>)
      at processTicksAndRejections (internal/process/task_queues.js:95:5)
[0m
[0m  5) Contract: CryptoSecureBankToken
       test for CryptoSecureBankToken:
[0m[31m     AssertionError: expected '0x00765d84454123034Bb07c86b7a834CC37236585' to equal 9.32161919047963e+47[0m[90m
      at Context.<anonymous> (tests/test-CryptoSecureBankToken.js:196:10)
      at runMicrotasks (<anonymous>)
      at processTicksAndRejections (internal/process/task_queues.js:95:5)
[0m
[0m  6) Contract: CryptoSecureBankToken
       test for CryptoSecureBankToken:
[0m[31m     AssertionError: expected promise to be rejected with 'Error' but it was fulfilled with {}[0m[90m
  
[0m


----------------------------|----------|----------|----------|----------|----------------|
File                        |  % Stmts | % Branch |  % Funcs |  % Lines |Uncovered Lines |
----------------------------|----------|----------|----------|----------|----------------|
 contracts/                 |    78.64 |       54 |    93.94 |     78.5 |                |
  CryptoSecureBankToken.sol |    78.64 |       54 |    93.94 |     78.5 |... 304,305,307 |
----------------------------|----------|----------|----------|----------|----------------|
All files                   |    78.64 |       54 |    93.94 |     78.5 |                |
----------------------------|----------|----------|----------|----------|----------------|

> Istanbul reports written to ./coverage/ and ./coverage.json
> solidity-coverage cleaning up, shutting down ganache server
Error: ‚ùå 6 test(s) failed under coverage.
    at plugin (/app/node_modules/solidity-coverage/plugins/truffle.plugin.js:121:27)
    at runMicrotasks (<anonymous>)
    at processTicksAndRejections (internal/process/task_queues.js:95:5)
Truffle v5.4.6 (core: 5.4.6)
Node v14.17.5
