
> Using Truffle library from global node_modules.

> server:            http://127.0.0.1:8555
> truffle:           v5.4.6
> ganache-core:      v2.13.0
> solidity-coverage: v0.7.17

Network Info
============
> id:      *
> port:    8555
> network: soliditycoverage


Instrumenting for coverage...
=============================

> DMONDETHRewards.sol

Compiling your contracts...
===========================
> Compiling ./.coverage_contracts/DMONDETHRewards.sol
> Artifacts written to /app/.coverage_artifacts/contracts
> Compiled successfully using:
   - solc: 0.5.16+commit.9c3226ce.Emscripten.clang


Compiling your contracts...
===========================
> Everything is up to date, there is nothing to compile.


[0m[0m
[0m  Contract: DMONDETHRewards[0m
  [31m  1) test for DMONDETHRewards[0m

    Events emitted during test:
    ---------------------------

    Ownable.OwnershipTransferred(
      previousOwner: <indexed> [33m0x0000000000000000000000000000000000000000[39m (type: address),
      newOwner: <indexed> [33m0x6D639a29dE8E914cDD3e9dd79d297be3481DcF6b[39m (type: address)
    )


    ---------------------------
  [31m  2) test for DMONDETHRewards[0m
    > No events were emitted
  [32m  ‚úì[0m[90m test for DMONDETHRewards[0m[31m (233ms)[0m
  [31m  3) test for DMONDETHRewards[0m

    Events emitted during test:
    ---------------------------

    Ownable.OwnershipTransferred(
      previousOwner: <indexed> [33m0x0000000000000000000000000000000000000000[39m (type: address),
      newOwner: <indexed> [33m0xf71F01E0B9082dD7C21604b1155299aa7A4D83D9[39m (type: address)
    )


    ---------------------------
  [32m  ‚úì[0m[90m test for DMONDETHRewards[0m[31m (168ms)[0m
  [31m  4) test for DMONDETHRewards[0m

    Events emitted during test:
    ---------------------------

    Ownable.OwnershipTransferred(
      previousOwner: <indexed> [33m0x0000000000000000000000000000000000000000[39m (type: address),
      newOwner: <indexed> [33m0x9c81f3E202E1CD12F9cff2E92B9fD4587ee67677[39m (type: address)
    )


    ---------------------------
  [32m  ‚úì[0m[90m test for DMONDETHRewards[0m[31m (150ms)[0m
  [32m  ‚úì[0m[90m test for DMONDETHRewards[0m[31m (162ms)[0m
  [32m  ‚úì[0m[90m test for DMONDETHRewards[0m[31m (149ms)[0m
  [32m  ‚úì[0m[90m test for DMONDETHRewards[0m[31m (159ms)[0m
  [32m  ‚úì[0m[90m test for DMONDETHRewards[0m[31m (135ms)[0m
  [32m  ‚úì[0m[90m test for DMONDETHRewards[0m[31m (181ms)[0m
  [32m  ‚úì[0m[90m test for DMONDETHRewards[0m[31m (156ms)[0m
  [32m  ‚úì[0m[90m test for DMONDETHRewards[0m[31m (209ms)[0m
  [32m  ‚úì[0m[90m test for DMONDETHRewards[0m[31m (208ms)[0m
  [31m  5) test for DMONDETHRewards[0m

    Events emitted during test:
    ---------------------------

    Ownable.OwnershipTransferred(
      previousOwner: <indexed> [33m0x0000000000000000000000000000000000000000[39m (type: address),
      newOwner: <indexed> [33m0xf71F01E0B9082dD7C21604b1155299aa7A4D83D9[39m (type: address)
    )


    ---------------------------


[92m [0m[32m 11 passing[0m[90m (4s)[0m
[31m  5 failing[0m

[0m  1) Contract: DMONDETHRewards
       test for DMONDETHRewards:
[0m[31m     Error: Returned error: VM Exception while processing transaction: revert SafeMath: subtraction overflow[0m[90m
      at Context.<anonymous> (tests/test-DMONDETHRewards.js:13:62)
      at processTicksAndRejections (internal/process/task_queues.js:95:5)
[0m
[0m  2) Contract: DMONDETHRewards
       test for DMONDETHRewards:
[0m[31m     Error: Returned error: sender account not recognized[0m[90m
      at Context.<anonymous> (tests/test-DMONDETHRewards.js:21:59)
      at processTicksAndRejections (internal/process/task_queues.js:95:5)
[0m
[0m  3) Contract: DMONDETHRewards
       test for DMONDETHRewards:
[0m[31m     TypeError: Cannot read property 'call' of undefined[0m[90m
      at Context.<anonymous> (tests/test-DMONDETHRewards.js:45:48)
      at processTicksAndRejections (internal/process/task_queues.js:95:5)
[0m
[0m  4) Contract: DMONDETHRewards
       test for DMONDETHRewards:
[0m[31m     AssertionError: expected '0x9c81f3E202E1CD12F9cff2E92B9fD4587ee67677' to equal 1.939935667998201e+46[0m[90m
      at Context.<anonymous> (tests/test-DMONDETHRewards.js:68:10)
      at runMicrotasks (<anonymous>)
      at processTicksAndRejections (internal/process/task_queues.js:95:5)
[0m
[0m  5) Contract: DMONDETHRewards
       test for DMONDETHRewards:
[0m[31m     AssertionError: expected promise to be rejected with 'Error' but it was fulfilled with {}[0m[90m
  
[0m


----------------------|----------|----------|----------|----------|----------------|
File                  |  % Stmts | % Branch |  % Funcs |  % Lines |Uncovered Lines |
----------------------|----------|----------|----------|----------|----------------|
 contracts/           |    39.05 |       25 |    51.06 |       40 |                |
  DMONDETHRewards.sol |    39.05 |       25 |    51.06 |       40 |... 367,368,369 |
----------------------|----------|----------|----------|----------|----------------|
All files             |    39.05 |       25 |    51.06 |       40 |                |
----------------------|----------|----------|----------|----------|----------------|

> Istanbul reports written to ./coverage/ and ./coverage.json
> solidity-coverage cleaning up, shutting down ganache server
Error: ‚ùå 5 test(s) failed under coverage.
    at plugin (/app/node_modules/solidity-coverage/plugins/truffle.plugin.js:121:27)
    at runMicrotasks (<anonymous>)
    at processTicksAndRejections (internal/process/task_queues.js:95:5)
Truffle v5.4.6 (core: 5.4.6)
Node v14.17.5
