
> Using Truffle library from global node_modules.

> server:            http://127.0.0.1:8555
> truffle:           v5.4.6
> ganache-core:      v2.13.0
> solidity-coverage: v0.7.17

Network Info
============
> id:      *
> port:    8555
> network: soliditycoverage


Instrumenting for coverage...
=============================

> AntiBaseProtocol.sol

Compiling your contracts...
===========================
> Compiling ./.coverage_contracts/AntiBaseProtocol.sol
> Artifacts written to /app/.coverage_artifacts/contracts
> Compiled successfully using:
   - solc: 0.5.16+commit.9c3226ce.Emscripten.clang


Compiling your contracts...
===========================
> Everything is up to date, there is nothing to compile.


[0m[0m
[0m  Contract: AntiBaseProtocol[0m
  [32m  ‚úì[0m[90m test for AntiBaseProtocol[0m[31m (1221ms)[0m
  [32m  ‚úì[0m[90m test for AntiBaseProtocol[0m[31m (480ms)[0m
  [32m  ‚úì[0m[90m test for AntiBaseProtocol[0m[31m (204ms)[0m
  [31m  1) test for AntiBaseProtocol[0m
    > No events were emitted
  [32m  ‚úì[0m[90m test for AntiBaseProtocol[0m[31m (189ms)[0m
  [32m  ‚úì[0m[90m test for AntiBaseProtocol[0m[31m (209ms)[0m
  [32m  ‚úì[0m[90m test for AntiBaseProtocol[0m[31m (282ms)[0m
  [31m  2) test for AntiBaseProtocol[0m

    Events emitted during test:
    ---------------------------

    Ownable.OwnershipTransferred(
      previousOwner: <indexed> [33m0x0000000000000000000000000000000000000000[39m (type: address),
      newOwner: <indexed> [33m0xB27Acf7Fc5BD3793D3b811114ED1F63ce2673071[39m (type: address)
    )

    IERC20.Transfer(
      from: <indexed> [33m0x0000000000000000000000000000000000000000[39m (type: address),
      to: <indexed> [33m0xB27Acf7Fc5BD3793D3b811114ED1F63ce2673071[39m (type: address),
      value: [33m31250000000000000000[39m (type: uint256)
    )


    ---------------------------
  [32m  ‚úì[0m[90m test for AntiBaseProtocol[0m[31m (206ms)[0m
  [32m  ‚úì[0m[90m test for AntiBaseProtocol[0m[31m (225ms)[0m
  [32m  ‚úì[0m[90m test for AntiBaseProtocol[0m[31m (229ms)[0m
  [32m  ‚úì[0m[90m test for AntiBaseProtocol[0m[31m (293ms)[0m
  [32m  ‚úì[0m[90m test for AntiBaseProtocol[0m[31m (164ms)[0m
  [32m  ‚úì[0m[90m test for AntiBaseProtocol[0m[31m (261ms)[0m
  [32m  ‚úì[0m[90m test for AntiBaseProtocol[0m[31m (208ms)[0m
  [31m  3) test for AntiBaseProtocol[0m

    Events emitted during test:
    ---------------------------

    Ownable.OwnershipTransferred(
      previousOwner: <indexed> [33m0x0000000000000000000000000000000000000000[39m (type: address),
      newOwner: <indexed> [33m0x49Ef01A70A4e1972224Cd7fd0Aad97a1AC5fbbdd[39m (type: address)
    )

    IERC20.Transfer(
      from: <indexed> [33m0x0000000000000000000000000000000000000000[39m (type: address),
      to: <indexed> [33m0x49Ef01A70A4e1972224Cd7fd0Aad97a1AC5fbbdd[39m (type: address),
      value: [33m31250000000000000000[39m (type: uint256)
    )


    ---------------------------
  [32m  ‚úì[0m[90m test for AntiBaseProtocol[0m[31m (156ms)[0m
  [31m  4) test for AntiBaseProtocol[0m

    Events emitted during test:
    ---------------------------

    Ownable.OwnershipTransferred(
      previousOwner: <indexed> [33m0x0000000000000000000000000000000000000000[39m (type: address),
      newOwner: <indexed> [33m0xB27Acf7Fc5BD3793D3b811114ED1F63ce2673071[39m (type: address)
    )

    IERC20.Transfer(
      from: <indexed> [33m0x0000000000000000000000000000000000000000[39m (type: address),
      to: <indexed> [33m0xB27Acf7Fc5BD3793D3b811114ED1F63ce2673071[39m (type: address),
      value: [33m31250000000000000000[39m (type: uint256)
    )


    ---------------------------
  [32m  ‚úì[0m[90m test for AntiBaseProtocol[0m[31m (148ms)[0m
  [31m  5) test for AntiBaseProtocol[0m
    > No events were emitted


[92m [0m[32m 15 passing[0m[90m (6s)[0m
[31m  5 failing[0m

[0m  1) Contract: AntiBaseProtocol
       test for AntiBaseProtocol:
[0m[31m     Error: Invalid number of parameters for "undefined". Got 4 expected 0![0m[90m
      at Context.<anonymous> (tests/test-AntiBaseProtocol.js:52:61)
      at processTicksAndRejections (internal/process/task_queues.js:95:5)
[0m
[0m  2) Contract: AntiBaseProtocol
       test for AntiBaseProtocol:
[0m[31m     TypeError: Cannot read property 'call' of undefined[0m[90m
      at Context.<anonymous> (tests/test-AntiBaseProtocol.js:130:51)
      at runMicrotasks (<anonymous>)
      at processTicksAndRejections (internal/process/task_queues.js:95:5)
[0m
[0m  3) Contract: AntiBaseProtocol
       test for AntiBaseProtocol:
[0m[31m     AssertionError: expected '0x49Ef01A70A4e1972224Cd7fd0Aad97a1AC5fbbdd' to equal 1.0274342916760359e+48[0m[90m
      at Context.<anonymous> (tests/test-AntiBaseProtocol.js:241:10)
      at runMicrotasks (<anonymous>)
      at processTicksAndRejections (internal/process/task_queues.js:95:5)
[0m
[0m  4) Contract: AntiBaseProtocol
       test for AntiBaseProtocol:
[0m[31m     AssertionError: expected promise to be rejected with 'Error' but it was fulfilled with {}[0m[90m
  
[0m
[0m  5) Contract: AntiBaseProtocol
       test for AntiBaseProtocol:
[0m[31m     Error: Returned error: sender account not recognized[0m[90m
      at Context.<anonymous> (tests/test-AntiBaseProtocol.js:277:61)
      at runMicrotasks (<anonymous>)
      at processTicksAndRejections (internal/process/task_queues.js:95:5)
[0m


-----------------------|----------|----------|----------|----------|----------------|
File                   |  % Stmts | % Branch |  % Funcs |  % Lines |Uncovered Lines |
-----------------------|----------|----------|----------|----------|----------------|
 contracts/            |    75.51 |    56.25 |    92.86 |    74.51 |                |
  AntiBaseProtocol.sol |    75.51 |    56.25 |    92.86 |    74.51 |... 378,379,380 |
-----------------------|----------|----------|----------|----------|----------------|
All files              |    75.51 |    56.25 |    92.86 |    74.51 |                |
-----------------------|----------|----------|----------|----------|----------------|

> Istanbul reports written to ./coverage/ and ./coverage.json
> solidity-coverage cleaning up, shutting down ganache server
Error: ‚ùå 5 test(s) failed under coverage.
    at plugin (/app/node_modules/solidity-coverage/plugins/truffle.plugin.js:121:27)
    at runMicrotasks (<anonymous>)
    at processTicksAndRejections (internal/process/task_queues.js:95:5)
Truffle v5.4.6 (core: 5.4.6)
Node v14.17.5
