
> Using Truffle library from global node_modules.

> server:            http://127.0.0.1:8555
> truffle:           v5.4.6
> ganache-core:      v2.13.0
> solidity-coverage: v0.7.17

Network Info
============
> id:      *
> port:    8555
> network: soliditycoverage


Instrumenting for coverage...
=============================

> NAL.sol

Compiling your contracts...
===========================
> Compiling ./.coverage_contracts/NAL.sol
> Artifacts written to /app/.coverage_artifacts/contracts
> Compiled successfully using:
   - solc: 0.5.16+commit.9c3226ce.Emscripten.clang


Compiling your contracts...
===========================
> Everything is up to date, there is nothing to compile.


[0m[0m
[0m  Contract: NAL[0m
  [31m  1) test for NAL[0m

    Events emitted during test:
    ---------------------------

    AdminRole.AdminAdded(
      account: <indexed> [33m0xc9792b01B9B7165d0932a1c1bDc91a9D5FDB9251[39m (type: address)
    )

    IERC20.Transfer(
      from: <indexed> [33m0x0000000000000000000000000000000000000000[39m (type: address),
      to: <indexed> [33m0xc9792b01B9B7165d0932a1c1bDc91a9D5FDB9251[39m (type: address),
      value: [33m2000000000000000000000000000[39m (type: uint256)
    )


    ---------------------------
  [31m  2) test for NAL[0m
    > No events were emitted
  [31m  3) test for NAL[0m
    > No events were emitted
  [32m  ‚úì[0m[90m test for NAL[0m[31m (248ms)[0m
  [32m  ‚úì[0m[90m test for NAL[0m[31m (229ms)[0m
  [32m  ‚úì[0m[90m test for NAL[0m[31m (197ms)[0m
  [32m  ‚úì[0m[90m test for NAL[0m[31m (186ms)[0m
  [32m  ‚úì[0m[90m test for NAL[0m[31m (195ms)[0m
  [32m  ‚úì[0m[90m test for NAL[0m[31m (229ms)[0m
  [32m  ‚úì[0m[90m test for NAL[0m[31m (1480ms)[0m
  [32m  ‚úì[0m[90m test for NAL[0m[31m (826ms)[0m
  [32m  ‚úì[0m[90m test for NAL[0m[31m (269ms)[0m
  [32m  ‚úì[0m[90m test for NAL[0m[31m (273ms)[0m
  [32m  ‚úì[0m[90m test for NAL[0m[31m (270ms)[0m
  [32m  ‚úì[0m[90m test for NAL[0m[31m (232ms)[0m
  [31m  4) test for NAL[0m

    Events emitted during test:
    ---------------------------

    AdminRole.AdminAdded(
      account: <indexed> [33m0xc9792b01B9B7165d0932a1c1bDc91a9D5FDB9251[39m (type: address)
    )

    IERC20.Transfer(
      from: <indexed> [33m0x0000000000000000000000000000000000000000[39m (type: address),
      to: <indexed> [33m0xc9792b01B9B7165d0932a1c1bDc91a9D5FDB9251[39m (type: address),
      value: [33m2000000000000000000000000000[39m (type: uint256)
    )


    ---------------------------
  [32m  ‚úì[0m[90m test for NAL[0m[31m (305ms)[0m
  [32m  ‚úì[0m[90m test for NAL[0m[31m (229ms)[0m
  [32m  ‚úì[0m[90m test for NAL[0m[31m (207ms)[0m
  [32m  ‚úì[0m[90m test for NAL[0m[31m (198ms)[0m
  [31m  5) test for NAL[0m

    Events emitted during test:
    ---------------------------

    AdminRole.AdminAdded(
      account: <indexed> [33m0xf111F3AA4FD2D730c4978CC617c805C6CBE57370[39m (type: address)
    )

    IERC20.Transfer(
      from: <indexed> [33m0x0000000000000000000000000000000000000000[39m (type: address),
      to: <indexed> [33m0xf111F3AA4FD2D730c4978CC617c805C6CBE57370[39m (type: address),
      value: [33m2000000000000000000000000000[39m (type: uint256)
    )


    ---------------------------
  [32m  ‚úì[0m[90m test for NAL[0m[31m (171ms)[0m
  [32m  ‚úì[0m[90m test for NAL[0m[31m (143ms)[0m
  [32m  ‚úì[0m[90m test for NAL[0m[31m (254ms)[0m


[92m [0m[32m 19 passing[0m[90m (9s)[0m
[31m  5 failing[0m

[0m  1) Contract: NAL
       test for NAL:
[0m[31m     TypeError: Cannot read property 'call' of undefined[0m[90m
      at Context.<anonymous> (tests/test-NAL.js:19:36)
      at processTicksAndRejections (internal/process/task_queues.js:95:5)
[0m
[0m  2) Contract: NAL
       test for NAL:
[0m[31m     Error: Returned error: sender account not recognized[0m[90m
      at Context.<anonymous> (tests/test-NAL.js:23:35)
      at processTicksAndRejections (internal/process/task_queues.js:95:5)
[0m
[0m  3) Contract: NAL
       test for NAL:
[0m[31m     Error: Invalid number of parameters for "undefined". Got 4 expected 0![0m[90m
      at Context.<anonymous> (tests/test-NAL.js:44:35)
      at processTicksAndRejections (internal/process/task_queues.js:95:5)
[0m
[0m  4) Contract: NAL
       test for NAL:
[0m[31m     AssertionError: expected promise to be rejected with 'Error' but it was fulfilled with {}[0m[90m
  
[0m
[0m  5) Contract: NAL
       test for NAL:
[0m[31m     AssertionError: expected promise to be rejected with 'Error' but it was fulfilled with {}[0m[90m
  
[0m


------------|----------|----------|----------|----------|----------------|
File        |  % Stmts | % Branch |  % Funcs |  % Lines |Uncovered Lines |
------------|----------|----------|----------|----------|----------------|
 contracts/ |    67.79 |    42.65 |    84.62 |    67.31 |                |
  NAL.sol   |    67.79 |    42.65 |    84.62 |    67.31 |... 610,611,612 |
------------|----------|----------|----------|----------|----------------|
All files   |    67.79 |    42.65 |    84.62 |    67.31 |                |
------------|----------|----------|----------|----------|----------------|

> Istanbul reports written to ./coverage/ and ./coverage.json
> solidity-coverage cleaning up, shutting down ganache server
Error: ‚ùå 5 test(s) failed under coverage.
    at plugin (/app/node_modules/solidity-coverage/plugins/truffle.plugin.js:121:27)
    at runMicrotasks (<anonymous>)
    at processTicksAndRejections (internal/process/task_queues.js:95:5)
Truffle v5.4.6 (core: 5.4.6)
Node v14.17.5
