
> Using Truffle library from global node_modules.

> server:            http://127.0.0.1:8555
> truffle:           v5.4.6
> ganache-core:      v2.13.0
> solidity-coverage: v0.7.17

Network Info
============
> id:      *
> port:    8555
> network: soliditycoverage


Instrumenting for coverage...
=============================

> Vat.sol

Compiling your contracts...
===========================
> Compiling ./.coverage_contracts/Vat.sol
> Compilation warnings encountered:

    project:/.coverage_contracts/Vat.sol:151:5: Warning: Variable is shadowed in inline assembly by an instruction of the same name
    function add(uint x, int y) interna ... 63aa5447da0355021); /* function */ 
    ^ (Relevant source part starts here and spans across multiple lines).
,project:/.coverage_contracts/Vat.sol:202:5: Warning: Variable is shadowed in inline assembly by an instruction of the same name
    function add(uint x, uint y) intern ... d7f1041096b37a8d6); /* function */ 
    ^ (Relevant source part starts here and spans across multiple lines).
,project:/.coverage_contracts/Vat.sol:185:5: Warning: Variable is shadowed in inline assembly by an instruction of the same name
    function mul(uint x, int y) interna ... 6215a86ba55ba916d); /* function */ 
    ^ (Relevant source part starts here and spans across multiple lines).
,project:/.coverage_contracts/Vat.sol:220:5: Warning: Variable is shadowed in inline assembly by an instruction of the same name
    function mul(uint x, uint y) intern ... 348424dcc4d7473ce); /* function */ 
    ^ (Relevant source part starts here and spans across multiple lines).
,project:/.coverage_contracts/Vat.sol:168:5: Warning: Variable is shadowed in inline assembly by an instruction of the same name
    function sub(uint x, int y) interna ... e152b5df93739d394); /* function */ 
    ^ (Relevant source part starts here and spans across multiple lines).
,project:/.coverage_contracts/Vat.sol:211:5: Warning: Variable is shadowed in inline assembly by an instruction of the same name
    function sub(uint x, uint y) intern ... 3015a1c5ae2ea2a06); /* function */ 
    ^ (Relevant source part starts here and spans across multiple lines).
,project:/.coverage_contracts/Vat.sol:151:5: Warning: Variable is shadowed in inline assembly by an instruction of the same name
    function add(uint x, int y) interna ... 63aa5447da0355021); /* function */ 
    ^ (Relevant source part starts here and spans across multiple lines).
,project:/.coverage_contracts/Vat.sol:202:5: Warning: Variable is shadowed in inline assembly by an instruction of the same name
    function add(uint x, uint y) intern ... d7f1041096b37a8d6); /* function */ 
    ^ (Relevant source part starts here and spans across multiple lines).
,project:/.coverage_contracts/Vat.sol:185:5: Warning: Variable is shadowed in inline assembly by an instruction of the same name
    function mul(uint x, int y) interna ... 6215a86ba55ba916d); /* function */ 
    ^ (Relevant source part starts here and spans across multiple lines).
,project:/.coverage_contracts/Vat.sol:220:5: Warning: Variable is shadowed in inline assembly by an instruction of the same name
    function mul(uint x, uint y) intern ... 348424dcc4d7473ce); /* function */ 
    ^ (Relevant source part starts here and spans across multiple lines).
,project:/.coverage_contracts/Vat.sol:168:5: Warning: Variable is shadowed in inline assembly by an instruction of the same name
    function sub(uint x, int y) interna ... e152b5df93739d394); /* function */ 
    ^ (Relevant source part starts here and spans across multiple lines).
,project:/.coverage_contracts/Vat.sol:211:5: Warning: Variable is shadowed in inline assembly by an instruction of the same name
    function sub(uint x, uint y) intern ... 3015a1c5ae2ea2a06); /* function */ 
    ^ (Relevant source part starts here and spans across multiple lines).
,project:/.coverage_contracts/Vat.sol:151:5: Warning: Variable is shadowed in inline assembly by an instruction of the same name
    function add(uint x, int y) interna ... 63aa5447da0355021); /* function */ 
    ^ (Relevant source part starts here and spans across multiple lines).
,project:/.coverage_contracts/Vat.sol:202:5: Warning: Variable is shadowed in inline assembly by an instruction of the same name
    function add(uint x, uint y) intern ... d7f1041096b37a8d6); /* function */ 
    ^ (Relevant source part starts here and spans across multiple lines).
,project:/.coverage_contracts/Vat.sol:185:5: Warning: Variable is shadowed in inline assembly by an instruction of the same name
    function mul(uint x, int y) interna ... 6215a86ba55ba916d); /* function */ 
    ^ (Relevant source part starts here and spans across multiple lines).
,project:/.coverage_contracts/Vat.sol:220:5: Warning: Variable is shadowed in inline assembly by an instruction of the same name
    function mul(uint x, uint y) intern ... 348424dcc4d7473ce); /* function */ 
    ^ (Relevant source part starts here and spans across multiple lines).
,project:/.coverage_contracts/Vat.sol:168:5: Warning: Variable is shadowed in inline assembly by an instruction of the same name
    function sub(uint x, int y) interna ... e152b5df93739d394); /* function */ 
    ^ (Relevant source part starts here and spans across multiple lines).
,project:/.coverage_contracts/Vat.sol:211:5: Warning: Variable is shadowed in inline assembly by an instruction of the same name
    function sub(uint x, uint y) intern ... 3015a1c5ae2ea2a06); /* function */ 
    ^ (Relevant source part starts here and spans across multiple lines).

> Artifacts written to /app/.coverage_artifacts/contracts
> Compiled successfully using:
   - solc: 0.5.16+commit.9c3226ce.Emscripten.clang


Compiling your contracts...
===========================
> Everything is up to date, there is nothing to compile.


[0m[0m
[0m  Contract: Vat[0m
  [32m  ‚úì[0m[90m test for Vat[0m[31m (1077ms)[0m
  [31m  1) test for Vat[0m
    > No events were emitted
  [32m  ‚úì[0m[90m test for Vat[0m[31m (227ms)[0m
  [32m  ‚úì[0m[90m test for Vat[0m[31m (145ms)[0m
  [31m  2) test for Vat[0m
    > No events were emitted
  [32m  ‚úì[0m[90m test for Vat[0m[31m (120ms)[0m
  [31m  3) test for Vat[0m
    > No events were emitted
  [32m  ‚úì[0m[90m test for Vat[0m[31m (166ms)[0m
  [32m  ‚úì[0m[90m test for Vat[0m[31m (176ms)[0m
  [32m  ‚úì[0m[90m test for Vat[0m[31m (170ms)[0m
  [31m  4) test for Vat[0m
    > No events were emitted
  [32m  ‚úì[0m[90m test for Vat[0m[31m (166ms)[0m
  [32m  ‚úì[0m[90m test for Vat[0m[31m (203ms)[0m
  [32m  ‚úì[0m[90m test for Vat[0m[31m (1044ms)[0m
  [32m  ‚úì[0m[90m test for Vat[0m[31m (602ms)[0m
  [32m  ‚úì[0m[90m test for Vat[0m[31m (1118ms)[0m
  [32m  ‚úì[0m[90m test for Vat[0m[31m (554ms)[0m
  [31m  5) test for Vat[0m
    > No events were emitted
  [32m  ‚úì[0m[90m test for Vat[0m[31m (915ms)[0m
  [32m  ‚úì[0m[90m test for Vat[0m[31m (425ms)[0m
  [32m  ‚úì[0m[90m test for Vat[0m[31m (167ms)[0m
  [32m  ‚úì[0m[90m test for Vat[0m[31m (162ms)[0m
  [32m  ‚úì[0m[90m test for Vat[0m[31m (124ms)[0m
  [32m  ‚úì[0m[90m test for Vat[0m[31m (128ms)[0m
  [32m  ‚úì[0m[90m test for Vat[0m[31m (135ms)[0m
  [31m  6) test for Vat[0m
    > No events were emitted
  [32m  ‚úì[0m[90m test for Vat[0m[31m (93ms)[0m
  [32m  ‚úì[0m[90m test for Vat[0m[31m (106ms)[0m
  [32m  ‚úì[0m[90m test for Vat[0m[31m (140ms)[0m


[92m [0m[32m 23 passing[0m[90m (10s)[0m
[31m  6 failing[0m

[0m  1) Contract: Vat
       test for Vat:
[0m[31m     TypeError: Cannot read property 'call' of undefined[0m[90m
      at Context.<anonymous> (tests/test-Vat.js:32:32)
      at processTicksAndRejections (internal/process/task_queues.js:95:5)
[0m
[0m  2) Contract: Vat
       test for Vat:
[0m[31m     AssertionError: expected promise to be rejected with 'Error' but it was fulfilled with {}[0m[90m
  
[0m
[0m  3) Contract: Vat
       test for Vat:
[0m[31m     Error: Returned error: sender account not recognized[0m[90m
      at Context.<anonymous> (tests/test-Vat.js:120:34)
      at runMicrotasks (<anonymous>)
      at processTicksAndRejections (internal/process/task_queues.js:95:5)
[0m
[0m  4) Contract: Vat
       test for Vat:
[0m[31m     AssertionError: expected promise to be rejected with 'Error' but it was fulfilled with {}[0m[90m
  
[0m
[0m  5) Contract: Vat
       test for Vat:
[0m[31m     Error: Returned error: VM Exception while processing transaction: revert[0m[90m
      at Context.<anonymous> (tests/test-Vat.js:351:48)
      at runMicrotasks (<anonymous>)
      at processTicksAndRejections (internal/process/task_queues.js:95:5)
[0m
[0m  6) Contract: Vat
       test for Vat:
[0m[31m     Error: Returned error: VM Exception while processing transaction: revert[0m[90m
      at Context.<anonymous> (tests/test-Vat.js:477:48)
      at runMicrotasks (<anonymous>)
      at processTicksAndRejections (internal/process/task_queues.js:95:5)
[0m


------------|----------|----------|----------|----------|----------------|
File        |  % Stmts | % Branch |  % Funcs |  % Lines |Uncovered Lines |
------------|----------|----------|----------|----------|----------------|
 contracts/ |    67.65 |    38.57 |    96.55 |    70.71 |                |
  Vat.sol   |    67.65 |    38.57 |    96.55 |    70.71 |... 288,289,306 |
------------|----------|----------|----------|----------|----------------|
All files   |    67.65 |    38.57 |    96.55 |    70.71 |                |
------------|----------|----------|----------|----------|----------------|

> Istanbul reports written to ./coverage/ and ./coverage.json
> solidity-coverage cleaning up, shutting down ganache server
Error: ‚ùå 6 test(s) failed under coverage.
    at plugin (/app/node_modules/solidity-coverage/plugins/truffle.plugin.js:121:27)
    at runMicrotasks (<anonymous>)
    at processTicksAndRejections (internal/process/task_queues.js:95:5)
Truffle v5.4.6 (core: 5.4.6)
Node v14.17.5
