
> Using Truffle library from global node_modules.

> server:            http://127.0.0.1:8555
> truffle:           v5.4.6
> ganache-core:      v2.13.0
> solidity-coverage: v0.7.17

Network Info
============
> id:      *
> port:    8555
> network: soliditycoverage


Instrumenting for coverage...
=============================

> Weedburn.sol

Compiling your contracts...
===========================
> Compiling ./.coverage_contracts/Weedburn.sol
> Artifacts written to /app/.coverage_artifacts/contracts
> Compiled successfully using:
   - solc: 0.5.16+commit.9c3226ce.Emscripten.clang


Compiling your contracts...
===========================
> Everything is up to date, there is nothing to compile.


[0m[0m
[0m  Contract: Weedburn[0m
  [32m  ‚úì[0m[90m test for Weedburn[0m[31m (1107ms)[0m
  [31m  1) test for Weedburn[0m
    > No events were emitted
  [31m  2) test for Weedburn[0m

    Events emitted during test:
    ---------------------------

    IERC20.Transfer(
      from: <indexed> [33m0x0000000000000000000000000000000000000000[39m (type: address),
      to: <indexed> [33m0xaE6a0E360cA38670C74f5b5cf2ba66B43F160120[39m (type: address),
      value: [33m100000000000000000000000[39m (type: uint256)
    )


    ---------------------------
  [32m  ‚úì[0m[90m test for Weedburn[0m[31m (169ms)[0m
  [32m  ‚úì[0m[90m test for Weedburn[0m[31m (153ms)[0m
  [31m  3) test for Weedburn[0m

    Events emitted during test:
    ---------------------------

    IERC20.Transfer(
      from: <indexed> [33m0x0000000000000000000000000000000000000000[39m (type: address),
      to: <indexed> [33m0xD3700e744935F50C08D702B9f521c0f653148098[39m (type: address),
      value: [33m100000000000000000000000[39m (type: uint256)
    )


    ---------------------------
  [32m  ‚úì[0m[90m test for Weedburn[0m[31m (150ms)[0m
  [32m  ‚úì[0m[90m test for Weedburn[0m[31m (138ms)[0m
  [32m  ‚úì[0m[90m test for Weedburn[0m[31m (153ms)[0m
  [32m  ‚úì[0m[90m test for Weedburn[0m[31m (167ms)[0m
  [32m  ‚úì[0m[90m test for Weedburn[0m[31m (146ms)[0m
  [32m  ‚úì[0m[90m test for Weedburn[0m[31m (157ms)[0m
  [31m  4) test for Weedburn[0m

    Events emitted during test:
    ---------------------------

    IERC20.Transfer(
      from: <indexed> [33m0x0000000000000000000000000000000000000000[39m (type: address),
      to: <indexed> [33m0x1031aDD652eDd7db807aFe45970D3B98716f142C[39m (type: address),
      value: [33m100000000000000000000000[39m (type: uint256)
    )


    ---------------------------
  [32m  ‚úì[0m[90m test for Weedburn[0m[31m (142ms)[0m
  [31m  5) test for Weedburn[0m

    Events emitted during test:
    ---------------------------

    IERC20.Transfer(
      from: <indexed> [33m0x0000000000000000000000000000000000000000[39m (type: address),
      to: <indexed> [33m0x1031aDD652eDd7db807aFe45970D3B98716f142C[39m (type: address),
      value: [33m100000000000000000000000[39m (type: uint256)
    )


    ---------------------------
  [31m  6) test for Weedburn[0m

    Events emitted during test:
    ---------------------------

    IERC20.Transfer(
      from: <indexed> [33m0x0000000000000000000000000000000000000000[39m (type: address),
      to: <indexed> [33m0xaE6a0E360cA38670C74f5b5cf2ba66B43F160120[39m (type: address),
      value: [33m100000000000000000000000[39m (type: uint256)
    )


    ---------------------------
  [32m  ‚úì[0m[90m test for Weedburn[0m[31m (171ms)[0m
  [31m  7) test for Weedburn[0m
    > No events were emitted
  [32m  ‚úì[0m[90m test for Weedburn[0m[31m (153ms)[0m


[92m [0m[32m 12 passing[0m[90m (4s)[0m
[31m  7 failing[0m

[0m  1) Contract: Weedburn
       test for Weedburn:
[0m[31m     Error: Invalid number of parameters for "undefined". Got 4 expected 0![0m[90m
      at Context.<anonymous> (tests/test-Weedburn.js:27:45)
      at processTicksAndRejections (internal/process/task_queues.js:95:5)
[0m
[0m  2) Contract: Weedburn
       test for Weedburn:
[0m[31m     AssertionError: expected promise to be rejected with 'Error' but it was fulfilled with {}[0m[90m
  
[0m
[0m  3) Contract: Weedburn
       test for Weedburn:
[0m[31m     AssertionError: expected promise to be rejected with 'Error' but it was fulfilled with {}[0m[90m
  
[0m
[0m  4) Contract: Weedburn
       test for Weedburn:
[0m[31m     AssertionError: expected promise to be rejected with 'Error' but it was fulfilled with {}[0m[90m
  
[0m
[0m  5) Contract: Weedburn
       test for Weedburn:
[0m[31m     AssertionError: expected promise to be rejected with 'Error' but it was fulfilled with {}[0m[90m
  
[0m
[0m  6) Contract: Weedburn
       test for Weedburn:
[0m[31m     AssertionError: expected promise to be rejected with 'Error' but it was fulfilled with {}[0m[90m
  
[0m
[0m  7) Contract: Weedburn
       test for Weedburn:
[0m[31m     Error: Returned error: sender account not recognized[0m[90m
      at Context.<anonymous> (tests/test-Weedburn.js:267:45)
      at runMicrotasks (<anonymous>)
      at processTicksAndRejections (internal/process/task_queues.js:95:5)
[0m


---------------|----------|----------|----------|----------|----------------|
File           |  % Stmts | % Branch |  % Funcs |  % Lines |Uncovered Lines |
---------------|----------|----------|----------|----------|----------------|
 contracts/    |    64.37 |    41.67 |    88.46 |    64.37 |                |
  Weedburn.sol |    64.37 |    41.67 |    88.46 |    64.37 |... 245,250,260 |
---------------|----------|----------|----------|----------|----------------|
All files      |    64.37 |    41.67 |    88.46 |    64.37 |                |
---------------|----------|----------|----------|----------|----------------|

> Istanbul reports written to ./coverage/ and ./coverage.json
> solidity-coverage cleaning up, shutting down ganache server
Error: ‚ùå 7 test(s) failed under coverage.
    at plugin (/app/node_modules/solidity-coverage/plugins/truffle.plugin.js:121:27)
    at runMicrotasks (<anonymous>)
    at processTicksAndRejections (internal/process/task_queues.js:95:5)
Truffle v5.4.6 (core: 5.4.6)
Node v14.17.5
