
> Using Truffle library from global node_modules.

> server:            http://127.0.0.1:8555
> truffle:           v5.4.6
> ganache-core:      v2.13.0
> solidity-coverage: v0.7.17

Network Info
============
> id:      *
> port:    8555
> network: soliditycoverage


Instrumenting for coverage...
=============================

> KPLAY.sol

Compiling your contracts...
===========================
> Compiling ./.coverage_contracts/KPLAY.sol
> Artifacts written to /app/.coverage_artifacts/contracts
> Compiled successfully using:
   - solc: 0.5.16+commit.9c3226ce.Emscripten.clang


Compiling your contracts...
===========================
> Everything is up to date, there is nothing to compile.


[0m[0m
[0m  Contract: KPLAY[0m
  [31m  1) test for KPLAY[0m

    Events emitted during test:
    ---------------------------

    IERC20.Transfer(
      from: <indexed> [33m0x0000000000000000000000000000000000000000[39m (type: address),
      to: <indexed> [33m0xFDFF32c9F62C35E649dbD372B252F9f27b746159[39m (type: address),
      value: [33m10000000000000000[39m (type: uint256)
    )


    ---------------------------
  [32m  ‚úì[0m[90m test for KPLAY[0m[31m (880ms)[0m
  [32m  ‚úì[0m[90m test for KPLAY[0m[31m (225ms)[0m
  [31m  2) test for KPLAY[0m

    Events emitted during test:
    ---------------------------

    IERC20.Transfer(
      from: <indexed> [33m0x0000000000000000000000000000000000000000[39m (type: address),
      to: <indexed> [33m0x67A36c1Ac0E7Ed530164b2C7839f0fdb32271808[39m (type: address),
      value: [33m10000000000000000[39m (type: uint256)
    )


    ---------------------------
  [31m  3) test for KPLAY[0m
    > No events were emitted
  [32m  ‚úì[0m[90m test for KPLAY[0m[31m (201ms)[0m
  [32m  ‚úì[0m[90m test for KPLAY[0m[31m (149ms)[0m
  [32m  ‚úì[0m[90m test for KPLAY[0m[31m (271ms)[0m
  [32m  ‚úì[0m[90m test for KPLAY[0m[31m (216ms)[0m
  [32m  ‚úì[0m[90m test for KPLAY[0m[31m (183ms)[0m
  [31m  4) test for KPLAY[0m

    Events emitted during test:
    ---------------------------

    IERC20.Transfer(
      from: <indexed> [33m0x0000000000000000000000000000000000000000[39m (type: address),
      to: <indexed> [33m0x67A36c1Ac0E7Ed530164b2C7839f0fdb32271808[39m (type: address),
      value: [33m10000000000000000[39m (type: uint256)
    )


    ---------------------------
  [32m  ‚úì[0m[90m test for KPLAY[0m[31m (139ms)[0m
  [32m  ‚úì[0m[90m test for KPLAY[0m[31m (218ms)[0m
  [32m  ‚úì[0m[90m test for KPLAY[0m[31m (175ms)[0m
  [32m  ‚úì[0m[90m test for KPLAY[0m[31m (184ms)[0m
  [31m  5) test for KPLAY[0m

    Events emitted during test:
    ---------------------------

    IERC20.Transfer(
      from: <indexed> [33m0x0000000000000000000000000000000000000000[39m (type: address),
      to: <indexed> [33m0xFDFF32c9F62C35E649dbD372B252F9f27b746159[39m (type: address),
      value: [33m10000000000000000[39m (type: uint256)
    )


    ---------------------------
  [32m  ‚úì[0m[90m test for KPLAY[0m[31m (147ms)[0m
  [32m  ‚úì[0m[90m test for KPLAY[0m[31m (218ms)[0m
  [32m  ‚úì[0m[90m test for KPLAY[0m[31m (176ms)[0m
  [32m  ‚úì[0m[90m test for KPLAY[0m[31m (185ms)[0m
  [31m  6) test for KPLAY[0m

    Events emitted during test:
    ---------------------------

    IERC20.Transfer(
      from: <indexed> [33m0x0000000000000000000000000000000000000000[39m (type: address),
      to: <indexed> [33m0x67A36c1Ac0E7Ed530164b2C7839f0fdb32271808[39m (type: address),
      value: [33m10000000000000000[39m (type: uint256)
    )


    ---------------------------
  [32m  ‚úì[0m[90m test for KPLAY[0m[31m (150ms)[0m
  [31m  7) test for KPLAY[0m

    Events emitted during test:
    ---------------------------

    IERC20.Transfer(
      from: <indexed> [33m0x0000000000000000000000000000000000000000[39m (type: address),
      to: <indexed> [33m0xFDFF32c9F62C35E649dbD372B252F9f27b746159[39m (type: address),
      value: [33m10000000000000000[39m (type: uint256)
    )


    ---------------------------
  [31m  8) test for KPLAY[0m

    Events emitted during test:
    ---------------------------

    IERC20.Transfer(
      from: <indexed> [33m0x0000000000000000000000000000000000000000[39m (type: address),
      to: <indexed> [33m0x450410cb812acdEc8CcE05b8BC6Cab3130C82552[39m (type: address),
      value: [33m10000000000000000[39m (type: uint256)
    )


    ---------------------------
  [32m  ‚úì[0m[90m test for KPLAY[0m[31m (183ms)[0m
  [31m  9) test for KPLAY[0m

    Events emitted during test:
    ---------------------------

    IERC20.Transfer(
      from: <indexed> [33m0x0000000000000000000000000000000000000000[39m (type: address),
      to: <indexed> [33m0xFDFF32c9F62C35E649dbD372B252F9f27b746159[39m (type: address),
      value: [33m10000000000000000[39m (type: uint256)
    )


    ---------------------------


[92m [0m[32m 17 passing[0m[90m (6s)[0m
[31m  9 failing[0m

[0m  1) Contract: KPLAY
       test for KPLAY:
[0m[31m     AssertionError: expected <BN: 6131f626> to equal {}[0m[90m
      at Context.<anonymous> (tests/test-KPLAY.js:26:10)
      at processTicksAndRejections (internal/process/task_queues.js:95:5)
[0m
[0m  2) Contract: KPLAY
       test for KPLAY:
[0m[31m     TypeError: Cannot read property 'call' of undefined[0m[90m
      at Context.<anonymous> (tests/test-KPLAY.js:67:43)
      at processTicksAndRejections (internal/process/task_queues.js:95:5)
[0m
[0m  3) Contract: KPLAY
       test for KPLAY:
[0m[31m     Error: Returned error: sender account not recognized[0m[90m
      at Context.<anonymous> (tests/test-KPLAY.js:71:39)
      at processTicksAndRejections (internal/process/task_queues.js:95:5)
[0m
[0m  4) Contract: KPLAY
       test for KPLAY:
[0m[31m     AssertionError: expected <BN: 6131ef23> to equal {}[0m[90m
      at Context.<anonymous> (tests/test-KPLAY.js:181:10)
      at runMicrotasks (<anonymous>)
      at processTicksAndRejections (internal/process/task_queues.js:95:5)
[0m
[0m  5) Contract: KPLAY
       test for KPLAY:
[0m[31m     AssertionError: expected promise to be rejected with 'Error' but it was fulfilled with {}[0m[90m
  
[0m
[0m  6) Contract: KPLAY
       test for KPLAY:
[0m[31m     TypeError: Cannot read property 'call' of undefined[0m[90m
      at Context.<anonymous> (tests/test-KPLAY.js:339:40)
      at runMicrotasks (<anonymous>)
      at processTicksAndRejections (internal/process/task_queues.js:95:5)
[0m
[0m  7) Contract: KPLAY
       test for KPLAY:
[0m[31m     AssertionError: expected promise to be rejected with 'Error' but it was fulfilled with {}[0m[90m
  
[0m
[0m  8) Contract: KPLAY
       test for KPLAY:
[0m[31m     TypeError: Cannot read property 'call' of undefined[0m[90m
      at Context.<anonymous> (tests/test-KPLAY.js:380:40)
      at runMicrotasks (<anonymous>)
      at processTicksAndRejections (internal/process/task_queues.js:95:5)
[0m
[0m  9) Contract: KPLAY
       test for KPLAY:
[0m[31m     AssertionError: expected promise to be rejected with 'Error' but it was fulfilled with {}[0m[90m
  
[0m


------------|----------|----------|----------|----------|----------------|
File        |  % Stmts | % Branch |  % Funcs |  % Lines |Uncovered Lines |
------------|----------|----------|----------|----------|----------------|
 contracts/ |    65.04 |    41.07 |    84.78 |    63.85 |                |
  KPLAY.sol |    65.04 |    41.07 |    84.78 |    63.85 |... 657,658,660 |
------------|----------|----------|----------|----------|----------------|
All files   |    65.04 |    41.07 |    84.78 |    63.85 |                |
------------|----------|----------|----------|----------|----------------|

> Istanbul reports written to ./coverage/ and ./coverage.json
> solidity-coverage cleaning up, shutting down ganache server
Error: ‚ùå 9 test(s) failed under coverage.
    at plugin (/app/node_modules/solidity-coverage/plugins/truffle.plugin.js:121:27)
    at runMicrotasks (<anonymous>)
    at processTicksAndRejections (internal/process/task_queues.js:95:5)
Truffle v5.4.6 (core: 5.4.6)
Node v14.17.5
