
> Using Truffle library from global node_modules.

> server:            http://127.0.0.1:8555
> truffle:           v5.4.6
> ganache-core:      v2.13.0
> solidity-coverage: v0.7.17

Network Info
============
> id:      *
> port:    8555
> network: soliditycoverage


Instrumenting for coverage...
=============================

> Cryptoz_utils.sol
> Cryptoz.sol

Compiling your contracts...
===========================
> Compiling ./.coverage_contracts/Cryptoz.sol
> Compiling ./.coverage_contracts/Cryptoz_utils.sol
> Compilation warnings encountered:

    project:/.coverage_contracts/Cryptoz_utils.sol:1292:5: Warning: This declaration shadows a builtin symbol.
    function log2(uint x) internal returns (uint y){c_0x88cfe5a6(0x9821bd69fe52b2028cf1d4535998dc7d21c8b0e77608cc713eafdbbd03d4ad7c); /* function */ 
    ^ (Relevant source part starts here and spans across multiple lines).
,project:/.coverage_contracts/Cryptoz_utils.sol:1292:5: Warning: Variable is shadowed in inline assembly by an instruction of the same name
    function log2(uint x) internal returns (uint y){c_0x88cfe5a6(0x9821bd69fe52b2028cf1d4535998dc7d21c8b0e77608cc713eafdbbd03d4ad7c); /* function */ 
    ^ (Relevant source part starts here and spans across multiple lines).
,project:/.coverage_contracts/Cryptoz_utils.sol:1292:5: Warning: Function state mutability can be restricted to pure
    function log2(uint x) internal returns (uint y){c_0x88cfe5a6(0x9821bd69fe52b2028cf1d4535998dc7d21c8b0e77608cc713eafdbbd03d4ad7c); /* function */ 
    ^ (Relevant source part starts here and spans across multiple lines).
,project:/.coverage_contracts/Cryptoz.sol:468:5: Warning: Function state mutability can be restricted to pure
    function f() external {c_0x772115a1(0x400044a2c39d979f22926ba7a73cac9cf205b474f8585dad5003e68084ce56cc); /* function */ 
    ^ (Relevant source part starts here and spans across multiple lines).

> Artifacts written to /app/.coverage_artifacts/contracts
> Compiled successfully using:
   - solc: 0.5.16+commit.9c3226ce.Emscripten.clang


Compiling your contracts...
===========================
> Everything is up to date, there is nothing to compile.


[0m[0m
[0m  Contract: Cryptoz[0m
  [31m  1) test for Cryptoz[0m
    > No events were emitted
  [31m  2) test for Cryptoz[0m

    Events emitted during test:
    ---------------------------

    Ownable.OwnershipTransferred(
      previousOwner: <indexed> [33m0x0000000000000000000000000000000000000000[39m (type: address),
      newOwner: <indexed> [33m0xbBd88c1bdeAcF32BA4a0AE580A468080Cae2509F[39m (type: address)
    )


    ---------------------------
  [31m  3) test for Cryptoz[0m

    Events emitted during test:
    ---------------------------

    Ownable.OwnershipTransferred(
      previousOwner: <indexed> [33m0x0000000000000000000000000000000000000000[39m (type: address),
      newOwner: <indexed> [33m0x127e0548DAf36D69016A2580A7F3E4C2A7d05603[39m (type: address)
    )


    ---------------------------
  [32m  ‚úì[0m[90m test for Cryptoz[0m[31m (294ms)[0m
  [32m  ‚úì[0m[90m test for Cryptoz[0m[31m (270ms)[0m
  [32m  ‚úì[0m[90m test for Cryptoz[0m[31m (258ms)[0m
  [32m  ‚úì[0m[90m test for Cryptoz[0m[31m (257ms)[0m
  [32m  ‚úì[0m[90m test for Cryptoz[0m[31m (273ms)[0m
  [32m  ‚úì[0m[90m test for Cryptoz[0m[31m (256ms)[0m
  [32m  ‚úì[0m[90m test for Cryptoz[0m[31m (265ms)[0m
  [32m  ‚úì[0m[90m test for Cryptoz[0m[31m (281ms)[0m
  [31m  4) test for Cryptoz[0m

    Events emitted during test:
    ---------------------------

    Ownable.OwnershipTransferred(
      previousOwner: <indexed> [33m0x0000000000000000000000000000000000000000[39m (type: address),
      newOwner: <indexed> [33m0x1f062971201fDD2A57373e4f4320322017A281FB[39m (type: address)
    )


    ---------------------------
  [32m  ‚úì[0m[90m test for Cryptoz[0m[31m (270ms)[0m
  [31m  5) test for Cryptoz[0m

    Events emitted during test:
    ---------------------------

    Ownable.OwnershipTransferred(
      previousOwner: <indexed> [33m0x0000000000000000000000000000000000000000[39m (type: address),
      newOwner: <indexed> [33m0x4620F75e21E78085CFDDA31A904514B35Af929E5[39m (type: address)
    )


    ---------------------------
  [32m  ‚úì[0m[90m test for Cryptoz[0m[31m (312ms)[0m
  [32m  ‚úì[0m[90m test for Cryptoz[0m[31m (306ms)[0m
  [31m  6) test for Cryptoz[0m

    Events emitted during test:
    ---------------------------

    Ownable.OwnershipTransferred(
      previousOwner: <indexed> [33m0x0000000000000000000000000000000000000000[39m (type: address),
      newOwner: <indexed> [33m0x4620F75e21E78085CFDDA31A904514B35Af929E5[39m (type: address)
    )


    ---------------------------
  [32m  ‚úì[0m[90m test for Cryptoz[0m[31m (225ms)[0m
  [32m  ‚úì[0m[90m test for Cryptoz[0m[31m (317ms)[0m


[92m [0m[32m 13 passing[0m[90m (8s)[0m
[31m  6 failing[0m

[0m  1) Contract: Cryptoz
       test for Cryptoz:
[0m[31m     Error: Returned error: sender account not recognized[0m[90m
      at Context.<anonymous> (tests/test-Cryptoz.js:8:43)
      at processTicksAndRejections (internal/process/task_queues.js:95:5)
[0m
[0m  2) Contract: Cryptoz
       test for Cryptoz:
[0m[31m     AssertionError: expected <BN: 6131ef1e> to equal {}[0m[90m
      at Context.<anonymous> (tests/test-Cryptoz.js:48:10)
      at processTicksAndRejections (internal/process/task_queues.js:95:5)
[0m
[0m  3) Contract: Cryptoz
       test for Cryptoz:
[0m[31m     TypeError: Cannot read property 'call' of undefined[0m[90m
      at Context.<anonymous> (tests/test-Cryptoz.js:64:43)
      at processTicksAndRejections (internal/process/task_queues.js:95:5)
[0m
[0m  4) Contract: Cryptoz
       test for Cryptoz:
[0m[31m     AssertionError: expected <BN: 6131ef21> to equal {}[0m[90m
      at Context.<anonymous> (tests/test-Cryptoz.js:203:10)
      at runMicrotasks (<anonymous>)
      at processTicksAndRejections (internal/process/task_queues.js:95:5)
[0m
[0m  5) Contract: Cryptoz
       test for Cryptoz:
[0m[31m     AssertionError: expected promise to be rejected with 'Error' but it was fulfilled with { Object (0, 1, ...) }[0m[90m
  
[0m
[0m  6) Contract: Cryptoz
       test for Cryptoz:
[0m[31m     AssertionError: expected <BN: 6131ef22> to equal {}[0m[90m
      at Context.<anonymous> (tests/test-Cryptoz.js:279:10)
      at runMicrotasks (<anonymous>)
      at processTicksAndRejections (internal/process/task_queues.js:95:5)
[0m


--------------------|----------|----------|----------|----------|----------------|
File                |  % Stmts | % Branch |  % Funcs |  % Lines |Uncovered Lines |
--------------------|----------|----------|----------|----------|----------------|
 contracts/         |    20.38 |    10.78 |    32.58 |    19.86 |                |
  Cryptoz.sol       |    16.77 |    11.11 |    55.88 |    16.35 |... 684,696,706 |
  Cryptoz_utils.sol |    22.52 |    10.53 |    24.49 |    21.93 |... 9,1843,1852 |
--------------------|----------|----------|----------|----------|----------------|
All files           |    20.38 |    10.78 |    32.58 |    19.86 |                |
--------------------|----------|----------|----------|----------|----------------|

> Istanbul reports written to ./coverage/ and ./coverage.json
> solidity-coverage cleaning up, shutting down ganache server
Error: ‚ùå 6 test(s) failed under coverage.
    at plugin (/app/node_modules/solidity-coverage/plugins/truffle.plugin.js:121:27)
    at runMicrotasks (<anonymous>)
    at processTicksAndRejections (internal/process/task_queues.js:95:5)
Truffle v5.4.6 (core: 5.4.6)
Node v14.17.5
