
> Using Truffle library from global node_modules.

> server:            http://127.0.0.1:8555
> truffle:           v5.4.6
> ganache-core:      v2.13.0
> solidity-coverage: v0.7.17

Network Info
============
> id:      *
> port:    8555
> network: soliditycoverage


Instrumenting for coverage...
=============================

> BlueICE.sol

Compiling your contracts...
===========================
> Compiling ./.coverage_contracts/BlueICE.sol
> Artifacts written to /app/.coverage_artifacts/contracts
> Compiled successfully using:
   - solc: 0.5.16+commit.9c3226ce.Emscripten.clang


Compiling your contracts...
===========================
> Everything is up to date, there is nothing to compile.


[0m[0m
[0m  Contract: BlueICE[0m
  [32m  ‚úì[0m[90m test for BlueICE[0m[31m (1023ms)[0m
  [32m  ‚úì[0m[90m test for BlueICE[0m[31m (178ms)[0m
  [32m  ‚úì[0m[90m test for BlueICE[0m[31m (231ms)[0m
  [32m  ‚úì[0m[90m test for BlueICE[0m[31m (244ms)[0m
  [32m  ‚úì[0m[90m test for BlueICE[0m[31m (190ms)[0m
  [31m  1) test for BlueICE[0m

    Events emitted during test:
    ---------------------------

    Ownable.OwnershipTransferred(
      previousOwner: <indexed> [33m0x0000000000000000000000000000000000000000[39m (type: address),
      newOwner: <indexed> [33m0xC8DA232eD9068a9a432c26b3AFBa31571ceA9fF0[39m (type: address)
    )


    ---------------------------
  [31m  2) test for BlueICE[0m

    Events emitted during test:
    ---------------------------

    Ownable.OwnershipTransferred(
      previousOwner: <indexed> [33m0x0000000000000000000000000000000000000000[39m (type: address),
      newOwner: <indexed> [33m0xE4bBd549d8FE1fC37A875BC157bB717F3eFB1b1A[39m (type: address)
    )


    ---------------------------
  [32m  ‚úì[0m[90m test for BlueICE[0m[31m (171ms)[0m
  [31m  3) test for BlueICE[0m

    Events emitted during test:
    ---------------------------

    Ownable.OwnershipTransferred(
      previousOwner: <indexed> [33m0x0000000000000000000000000000000000000000[39m (type: address),
      newOwner: <indexed> [33m0xb4898E01e7Bd820344bea74dcE8d8D311C09BE70[39m (type: address)
    )


    ---------------------------
  [31m  4) test for BlueICE[0m

    Events emitted during test:
    ---------------------------

    Ownable.OwnershipTransferred(
      previousOwner: <indexed> [33m0x0000000000000000000000000000000000000000[39m (type: address),
      newOwner: <indexed> [33m0xb4898E01e7Bd820344bea74dcE8d8D311C09BE70[39m (type: address)
    )


    ---------------------------
  [31m  5) test for BlueICE[0m

    Events emitted during test:
    ---------------------------

    Ownable.OwnershipTransferred(
      previousOwner: <indexed> [33m0x0000000000000000000000000000000000000000[39m (type: address),
      newOwner: <indexed> [33m0xb4898E01e7Bd820344bea74dcE8d8D311C09BE70[39m (type: address)
    )


    ---------------------------
  [31m  6) test for BlueICE[0m
    > No events were emitted


[92m [0m[32m 6 passing[0m[90m (3s)[0m
[31m  6 failing[0m

[0m  1) Contract: BlueICE
       test for BlueICE:
[0m[31m     TypeError: Cannot read property 'call' of undefined[0m[90m
      at Context.<anonymous> (tests/test-BlueICE.js:80:44)
      at runMicrotasks (<anonymous>)
      at processTicksAndRejections (internal/process/task_queues.js:95:5)
[0m
[0m  2) Contract: BlueICE
       test for BlueICE:
[0m[31m     Error: Returned error: VM Exception while processing transaction: revert Stake/Unstake Token Amount should be greater than 0[0m[90m
      at Context.<anonymous> (tests/test-BlueICE.js:91:28)
      at runMicrotasks (<anonymous>)
      at processTicksAndRejections (internal/process/task_queues.js:95:5)
[0m
[0m  3) Contract: BlueICE
       test for BlueICE:
[0m[31m     AssertionError: expected promise to be rejected with 'Error' but it was fulfilled with {}[0m[90m
  
[0m
[0m  4) Contract: BlueICE
       test for BlueICE:
[0m[31m     AssertionError: expected '0xb4898E01e7Bd820344bea74dcE8d8D311C09BE70' to equal 1.1931209064865833e+48[0m[90m
      at Context.<anonymous> (tests/test-BlueICE.js:128:10)
      at runMicrotasks (<anonymous>)
      at processTicksAndRejections (internal/process/task_queues.js:95:5)
[0m
[0m  5) Contract: BlueICE
       test for BlueICE:
[0m[31m     AssertionError: expected promise to be rejected with 'Error' but it was fulfilled with {}[0m[90m
  
[0m
[0m  6) Contract: BlueICE
       test for BlueICE:
[0m[31m     Error: Returned error: sender account not recognized[0m[90m
      at Context.<anonymous> (tests/test-BlueICE.js:148:43)
      at runMicrotasks (<anonymous>)
      at processTicksAndRejections (internal/process/task_queues.js:95:5)
[0m


--------------|----------|----------|----------|----------|----------------|
File          |  % Stmts | % Branch |  % Funcs |  % Lines |Uncovered Lines |
--------------|----------|----------|----------|----------|----------------|
 contracts/   |     54.7 |    38.46 |    69.77 |    55.74 |                |
  BlueICE.sol |     54.7 |    38.46 |    69.77 |    55.74 |... 673,674,675 |
--------------|----------|----------|----------|----------|----------------|
All files     |     54.7 |    38.46 |    69.77 |    55.74 |                |
--------------|----------|----------|----------|----------|----------------|

> Istanbul reports written to ./coverage/ and ./coverage.json
> solidity-coverage cleaning up, shutting down ganache server
Error: ‚ùå 6 test(s) failed under coverage.
    at plugin (/app/node_modules/solidity-coverage/plugins/truffle.plugin.js:121:27)
    at runMicrotasks (<anonymous>)
    at processTicksAndRejections (internal/process/task_queues.js:95:5)
Truffle v5.4.6 (core: 5.4.6)
Node v14.17.5
