
> Using Truffle library from global node_modules.

> server:            http://127.0.0.1:8555
> truffle:           v5.4.6
> ganache-core:      v2.13.0
> solidity-coverage: v0.7.17

Network Info
============
> id:      *
> port:    8555
> network: soliditycoverage


Instrumenting for coverage...
=============================

> Ledgis.sol

Compiling your contracts...
===========================
> Compiling ./.coverage_contracts/Ledgis.sol
> Artifacts written to /app/.coverage_artifacts/contracts
> Compiled successfully using:
   - solc: 0.5.16+commit.9c3226ce.Emscripten.clang


Compiling your contracts...
===========================
> Everything is up to date, there is nothing to compile.


[0m[0m
[0m  Contract: Ledgis[0m
  [32m  ‚úì[0m[90m test for Ledgis[0m[31m (1092ms)[0m
  [31m  1) test for Ledgis[0m
    > No events were emitted
  [32m  ‚úì[0m[90m test for Ledgis[0m[31m (225ms)[0m
  [31m  2) test for Ledgis[0m

    Events emitted during test:
    ---------------------------

    IERC20.Transfer(
      from: <indexed> [33m0x0000000000000000000000000000000000000000[39m (type: address),
      to: <indexed> [33m0x8CBd08f653539d24aAc7974C759Eb94bE9BE57f2[39m (type: address),
      value: [33m10000000000000[39m (type: uint256)
    )


    ---------------------------
  [32m  ‚úì[0m[90m test for Ledgis[0m[31m (202ms)[0m
  [32m  ‚úì[0m[90m test for Ledgis[0m[31m (232ms)[0m
  [32m  ‚úì[0m[90m test for Ledgis[0m[31m (229ms)[0m
  [32m  ‚úì[0m[90m test for Ledgis[0m[31m (253ms)[0m
  [32m  ‚úì[0m[90m test for Ledgis[0m[31m (988ms)[0m
  [32m  ‚úì[0m[90m test for Ledgis[0m[31m (680ms)[0m
  [32m  ‚úì[0m[90m test for Ledgis[0m[31m (1080ms)[0m
  [32m  ‚úì[0m[90m test for Ledgis[0m[31m (833ms)[0m
  [31m  3) test for Ledgis[0m

    Events emitted during test:
    ---------------------------

    IERC20.Transfer(
      from: <indexed> [33m0x0000000000000000000000000000000000000000[39m (type: address),
      to: <indexed> [33m0xD5E0Ace8C09c305fA38eab0C076eE58997362EcE[39m (type: address),
      value: [33m10000000000000[39m (type: uint256)
    )


    ---------------------------
  [32m  ‚úì[0m[90m test for Ledgis[0m[31m (202ms)[0m
  [31m  4) test for Ledgis[0m

    Events emitted during test:
    ---------------------------

    IERC20.Transfer(
      from: <indexed> [33m0x0000000000000000000000000000000000000000[39m (type: address),
      to: <indexed> [33m0x69A1EDA9671822BBB0Eb36FB3766AC36eda4D43f[39m (type: address),
      value: [33m10000000000000[39m (type: uint256)
    )


    ---------------------------
  [32m  ‚úì[0m[90m test for Ledgis[0m[31m (172ms)[0m
  [32m  ‚úì[0m[90m test for Ledgis[0m[31m (330ms)[0m
  [31m  5) test for Ledgis[0m

    Events emitted during test:
    ---------------------------

    IERC20.Transfer(
      from: <indexed> [33m0x0000000000000000000000000000000000000000[39m (type: address),
      to: <indexed> [33m0xD5E0Ace8C09c305fA38eab0C076eE58997362EcE[39m (type: address),
      value: [33m10000000000000[39m (type: uint256)
    )


    ---------------------------
  [32m  ‚úì[0m[90m test for Ledgis[0m[31m (331ms)[0m
  [32m  ‚úì[0m[90m test for Ledgis[0m[31m (227ms)[0m
  [32m  ‚úì[0m[90m test for Ledgis[0m[31m (174ms)[0m
  [32m  ‚úì[0m[90m test for Ledgis[0m[31m (158ms)[0m
  [32m  ‚úì[0m[90m test for Ledgis[0m[31m (206ms)[0m
  [32m  ‚úì[0m[90m test for Ledgis[0m[31m (253ms)[0m
  [32m  ‚úì[0m[90m test for Ledgis[0m[31m (328ms)[0m
  [31m  6) test for Ledgis[0m

    Events emitted during test:
    ---------------------------

    IERC20.Transfer(
      from: <indexed> [33m0x0000000000000000000000000000000000000000[39m (type: address),
      to: <indexed> [33m0x30397b32361b337469947FE32B313981d584b183[39m (type: address),
      value: [33m10000000000000[39m (type: uint256)
    )


    ---------------------------


[92m [0m[32m 20 passing[0m[90m (10s)[0m
[31m  6 failing[0m

[0m  1) Contract: Ledgis
       test for Ledgis:
[0m[31m     Error: Returned error: sender account not recognized[0m[90m
      at Context.<anonymous> (tests/test-Ledgis.js:24:41)
      at processTicksAndRejections (internal/process/task_queues.js:95:5)
[0m
[0m  2) Contract: Ledgis
       test for Ledgis:
[0m[31m     TypeError: Cannot read property 'call' of undefined[0m[90m
      at Context.<anonymous> (tests/test-Ledgis.js:53:34)
      at processTicksAndRejections (internal/process/task_queues.js:95:5)
[0m
[0m  3) Contract: Ledgis
       test for Ledgis:
[0m[31m     AssertionError: expected <BN: 6131edaf> to equal {}[0m[90m
      at Context.<anonymous> (tests/test-Ledgis.js:232:10)
      at runMicrotasks (<anonymous>)
      at processTicksAndRejections (internal/process/task_queues.js:95:5)
[0m
[0m  4) Contract: Ledgis
       test for Ledgis:
[0m[31m     AssertionError: expected <BN: 6131ef2f> to equal {}[0m[90m
      at Context.<anonymous> (tests/test-Ledgis.js:260:10)
      at runMicrotasks (<anonymous>)
      at processTicksAndRejections (internal/process/task_queues.js:95:5)
[0m
[0m  5) Contract: Ledgis
       test for Ledgis:
[0m[31m     AssertionError: expected promise to be rejected with 'Error' but it was fulfilled with {}[0m[90m
  
[0m
[0m  6) Contract: Ledgis
       test for Ledgis:
[0m[31m     TypeError: Cannot read property 'call' of undefined[0m[90m
      at Context.<anonymous> (tests/test-Ledgis.js:483:44)
      at runMicrotasks (<anonymous>)
      at processTicksAndRejections (internal/process/task_queues.js:95:5)
[0m


-------------|----------|----------|----------|----------|----------------|
File         |  % Stmts | % Branch |  % Funcs |  % Lines |Uncovered Lines |
-------------|----------|----------|----------|----------|----------------|
 contracts/  |    65.87 |    39.29 |    84.44 |    64.66 |                |
  Ledgis.sol |    65.87 |    39.29 |    84.44 |    64.66 |... 521,522,524 |
-------------|----------|----------|----------|----------|----------------|
All files    |    65.87 |    39.29 |    84.44 |    64.66 |                |
-------------|----------|----------|----------|----------|----------------|

> Istanbul reports written to ./coverage/ and ./coverage.json
> solidity-coverage cleaning up, shutting down ganache server
Error: ‚ùå 6 test(s) failed under coverage.
    at plugin (/app/node_modules/solidity-coverage/plugins/truffle.plugin.js:121:27)
    at runMicrotasks (<anonymous>)
    at processTicksAndRejections (internal/process/task_queues.js:95:5)
Truffle v5.4.6 (core: 5.4.6)
Node v14.17.5
